<?xml version="1.0" encoding="UTF-8"?>
<con:soapui-project id="87279636-0d52-4c50-beae-32d22dba4dce" activeEnvironment="Default" name="SalesOrderProject" resourceRoot="" soapui-version="5.6.0" abortOnError="false" runType="SEQUENTIAL" xmlns:con="http://eviware.com/soapui/config"><con:settings/><con:interface xsi:type="con:WsdlInterface" id="939e4583-a2e4-46cf-bd22-29275d42c3d2" wsaVersion="NONE" name="salesOrderManagementV1Binding" type="wsdl" bindingName="{http://soap.upskills.in/soap/default?services=salesOrderManagementV1}salesOrderManagementV1Binding" soapVersion="1_2" anonymous="optional" definition="file:/Users/arunpsajapuram/Desktop/Data/Manipal%20Pro%20Learn/API%20Project/SOAP%20API%20WSDL%20EndPoints/salesOrderManagementV1.xml" xmlns:xsi="http://www.w3.org/2001/XMLSchema-instance"><con:settings/><con:definitionCache type="TEXT" rootPart="file:/Users/arunpsajapuram/Desktop/Data/Manipal%20Pro%20Learn/API%20Project/SOAP%20API%20WSDL%20EndPoints/salesOrderManagementV1.xml"><con:part><con:url>file:/Users/arunpsajapuram/Desktop/Data/Manipal%20Pro%20Learn/API%20Project/SOAP%20API%20WSDL%20EndPoints/salesOrderManagementV1.xml</con:url><con:content><![CDATA[<definitions name="MagentoWSDL" targetNamespace="http://soap.upskills.in/soap/default?services=salesOrderManagementV1" xmlns="http://schemas.xmlsoap.org/wsdl/" xmlns:wsdl="http://schemas.xmlsoap.org/wsdl/" xmlns:tns="http://soap.upskills.in/soap/default?services=salesOrderManagementV1" xmlns:soap="http://schemas.xmlsoap.org/wsdl/soap/" xmlns:xsd="http://www.w3.org/2001/XMLSchema" xmlns:soap-enc="http://schemas.xmlsoap.org/soap/encoding/" xmlns:soap12="http://schemas.xmlsoap.org/wsdl/soap12/">
  <types>
    <xsd:schema targetNamespace="http://soap.upskills.in/soap/default?services=salesOrderManagementV1">
      <xsd:element name="GenericFault" type="tns:GenericFault"/>
      <xsd:complexType name="GenericFaultParameter">
        <xsd:sequence>
          <xsd:element name="key" minOccurs="1" maxOccurs="1" type="xsd:string">
            <xsd:annotation>
              <xsd:documentation/>
              <xsd:appinfo xmlns:inf="http://soap.upskills.in/soap/default?services=salesOrderManagementV1">
                <inf:maxLength/>
              </xsd:appinfo>
            </xsd:annotation>
          </xsd:element>
          <xsd:element name="value" minOccurs="1" maxOccurs="1" type="xsd:string">
            <xsd:annotation>
              <xsd:documentation/>
              <xsd:appinfo xmlns:inf="http://soap.upskills.in/soap/default?services=salesOrderManagementV1">
                <inf:maxLength/>
              </xsd:appinfo>
            </xsd:annotation>
          </xsd:element>
        </xsd:sequence>
      </xsd:complexType>
      <xsd:complexType name="ArrayOfGenericFaultParameter">
        <xsd:annotation>
          <xsd:documentation>An array of GenericFaultParameter items.</xsd:documentation>
          <xsd:appinfo xmlns:inf="http://soap.upskills.in/soap/default?services=salesOrderManagementV1"/>
        </xsd:annotation>
        <xsd:sequence>
          <xsd:element name="item" minOccurs="0" maxOccurs="unbounded" type="tns:GenericFaultParameter">
            <xsd:annotation>
              <xsd:documentation>An item of ArrayOfGenericFaultParameter.</xsd:documentation>
              <xsd:appinfo xmlns:inf="http://soap.upskills.in/soap/default?services=salesOrderManagementV1"/>
            </xsd:annotation>
          </xsd:element>
        </xsd:sequence>
      </xsd:complexType>
      <xsd:complexType name="WrappedError">
        <xsd:sequence>
          <xsd:element name="message" minOccurs="1" maxOccurs="1" type="xsd:string">
            <xsd:annotation>
              <xsd:documentation/>
              <xsd:appinfo xmlns:inf="http://soap.upskills.in/soap/default?services=salesOrderManagementV1">
                <inf:maxLength/>
              </xsd:appinfo>
            </xsd:annotation>
          </xsd:element>
          <xsd:element name="parameters" type="tns:ArrayOfGenericFaultParameter" minOccurs="0">
            <xsd:annotation>
              <xsd:documentation>Message parameters.</xsd:documentation>
              <xsd:appinfo xmlns:inf="http://soap.upskills.in/soap/default?services=salesOrderManagementV1">
                <inf:natureOfType>array</inf:natureOfType>
              </xsd:appinfo>
            </xsd:annotation>
          </xsd:element>
        </xsd:sequence>
      </xsd:complexType>
      <xsd:complexType name="ArrayOfWrappedError">
        <xsd:annotation>
          <xsd:documentation>An array of WrappedError items.</xsd:documentation>
          <xsd:appinfo xmlns:inf="http://soap.upskills.in/soap/default?services=salesOrderManagementV1"/>
        </xsd:annotation>
        <xsd:sequence>
          <xsd:element name="item" minOccurs="0" maxOccurs="unbounded" type="tns:WrappedError">
            <xsd:annotation>
              <xsd:documentation>An item of ArrayOfWrappedError.</xsd:documentation>
              <xsd:appinfo xmlns:inf="http://soap.upskills.in/soap/default?services=salesOrderManagementV1"/>
            </xsd:annotation>
          </xsd:element>
        </xsd:sequence>
      </xsd:complexType>
      <xsd:complexType name="GenericFault">
        <xsd:sequence>
          <xsd:element name="Trace" minOccurs="0" maxOccurs="1" type="xsd:string">
            <xsd:annotation>
              <xsd:documentation>Exception calls stack trace.</xsd:documentation>
              <xsd:appinfo xmlns:inf="http://soap.upskills.in/soap/default?services=salesOrderManagementV1">
                <inf:maxLength/>
              </xsd:appinfo>
            </xsd:annotation>
          </xsd:element>
          <xsd:element name="Parameters" type="tns:ArrayOfGenericFaultParameter" minOccurs="0">
            <xsd:annotation>
              <xsd:documentation>Additional exception parameters.</xsd:documentation>
              <xsd:appinfo xmlns:inf="http://soap.upskills.in/soap/default?services=salesOrderManagementV1">
                <inf:natureOfType>array</inf:natureOfType>
              </xsd:appinfo>
            </xsd:annotation>
          </xsd:element>
          <xsd:element name="WrappedErrors" type="tns:ArrayOfWrappedError" minOccurs="0">
            <xsd:annotation>
              <xsd:documentation>Additional wrapped errors.</xsd:documentation>
              <xsd:appinfo xmlns:inf="http://soap.upskills.in/soap/default?services=salesOrderManagementV1">
                <inf:natureOfType>array</inf:natureOfType>
              </xsd:appinfo>
            </xsd:annotation>
          </xsd:element>
        </xsd:sequence>
      </xsd:complexType>
      <xsd:complexType name="FrameworkDataImageContentInterface">
        <xsd:annotation>
          <xsd:documentation>Image Content data interface</xsd:documentation>
          <xsd:appinfo xmlns:inf="http://soap.upskills.in/soap/default?services=salesOrderManagementV1"/>
        </xsd:annotation>
        <xsd:sequence>
          <xsd:element name="base64EncodedData" minOccurs="1" maxOccurs="1" type="xsd:string">
            <xsd:annotation>
              <xsd:documentation>Media data (base64 encoded content)</xsd:documentation>
              <xsd:appinfo xmlns:inf="http://soap.upskills.in/soap/default?services=salesOrderManagementV1">
                <inf:maxLength/>
              </xsd:appinfo>
            </xsd:annotation>
          </xsd:element>
          <xsd:element name="type" minOccurs="1" maxOccurs="1" type="xsd:string">
            <xsd:annotation>
              <xsd:documentation>MIME type</xsd:documentation>
              <xsd:appinfo xmlns:inf="http://soap.upskills.in/soap/default?services=salesOrderManagementV1">
                <inf:maxLength/>
              </xsd:appinfo>
            </xsd:annotation>
          </xsd:element>
          <xsd:element name="name" minOccurs="1" maxOccurs="1" type="xsd:string">
            <xsd:annotation>
              <xsd:documentation>Image name</xsd:documentation>
              <xsd:appinfo xmlns:inf="http://soap.upskills.in/soap/default?services=salesOrderManagementV1">
                <inf:maxLength/>
              </xsd:appinfo>
            </xsd:annotation>
          </xsd:element>
        </xsd:sequence>
      </xsd:complexType>
      <xsd:complexType name="CustomerDataRegionExtensionInterface">
        <xsd:annotation>
          <xsd:documentation>ExtensionInterface class for @see \Magento\Customer\Api\Data\RegionInterface</xsd:documentation>
          <xsd:appinfo xmlns:inf="http://soap.upskills.in/soap/default?services=salesOrderManagementV1"/>
        </xsd:annotation>
      </xsd:complexType>
      <xsd:complexType name="CustomerDataRegionInterface">
        <xsd:annotation>
          <xsd:documentation>Customer address region interface.</xsd:documentation>
          <xsd:appinfo xmlns:inf="http://soap.upskills.in/soap/default?services=salesOrderManagementV1"/>
        </xsd:annotation>
        <xsd:sequence>
          <xsd:element name="regionCode" minOccurs="1" maxOccurs="1" type="xsd:string">
            <xsd:annotation>
              <xsd:documentation>Region code</xsd:documentation>
              <xsd:appinfo xmlns:inf="http://soap.upskills.in/soap/default?services=salesOrderManagementV1">
                <inf:maxLength/>
              </xsd:appinfo>
            </xsd:annotation>
          </xsd:element>
          <xsd:element name="region" minOccurs="1" maxOccurs="1" type="xsd:string">
            <xsd:annotation>
              <xsd:documentation>Region</xsd:documentation>
              <xsd:appinfo xmlns:inf="http://soap.upskills.in/soap/default?services=salesOrderManagementV1">
                <inf:maxLength/>
              </xsd:appinfo>
            </xsd:annotation>
          </xsd:element>
          <xsd:element name="regionId" minOccurs="1" maxOccurs="1" type="xsd:int">
            <xsd:annotation>
              <xsd:documentation>Region id</xsd:documentation>
              <xsd:appinfo xmlns:inf="http://soap.upskills.in/soap/default?services=salesOrderManagementV1">
                <inf:min/>
                <inf:max/>
              </xsd:appinfo>
            </xsd:annotation>
          </xsd:element>
          <xsd:element name="extensionAttributes" minOccurs="0" maxOccurs="1" type="tns:CustomerDataRegionExtensionInterface">
            <xsd:annotation>
              <xsd:documentation>Existing extension attributes object or create a new one.</xsd:documentation>
              <xsd:appinfo xmlns:inf="http://soap.upskills.in/soap/default?services=salesOrderManagementV1"/>
            </xsd:annotation>
          </xsd:element>
        </xsd:sequence>
      </xsd:complexType>
      <xsd:complexType name="ArrayOfString">
        <xsd:annotation>
          <xsd:documentation>An array of string items.</xsd:documentation>
          <xsd:appinfo xmlns:inf="http://soap.upskills.in/soap/default?services=salesOrderManagementV1"/>
        </xsd:annotation>
        <xsd:sequence>
          <xsd:element name="item" minOccurs="0" maxOccurs="unbounded" type="xsd:string">
            <xsd:annotation>
              <xsd:documentation>An item of ArrayOfString.</xsd:documentation>
              <xsd:appinfo xmlns:inf="http://soap.upskills.in/soap/default?services=salesOrderManagementV1">
                <inf:maxLength/>
              </xsd:appinfo>
            </xsd:annotation>
          </xsd:element>
        </xsd:sequence>
      </xsd:complexType>
      <xsd:complexType name="CustomerDataAddressExtensionInterface">
        <xsd:annotation>
          <xsd:documentation>ExtensionInterface class for @see \Magento\Customer\Api\Data\AddressInterface</xsd:documentation>
          <xsd:appinfo xmlns:inf="http://soap.upskills.in/soap/default?services=salesOrderManagementV1"/>
        </xsd:annotation>
      </xsd:complexType>
      <xsd:complexType name="FrameworkAttributeInterface">
        <xsd:annotation>
          <xsd:documentation>Interface for custom attribute value.</xsd:documentation>
          <xsd:appinfo xmlns:inf="http://soap.upskills.in/soap/default?services=salesOrderManagementV1"/>
        </xsd:annotation>
        <xsd:sequence>
          <xsd:element name="attributeCode" minOccurs="1" maxOccurs="1" type="xsd:string">
            <xsd:annotation>
              <xsd:documentation>Attribute code</xsd:documentation>
              <xsd:appinfo xmlns:inf="http://soap.upskills.in/soap/default?services=salesOrderManagementV1">
                <inf:maxLength/>
              </xsd:appinfo>
            </xsd:annotation>
          </xsd:element>
          <xsd:element name="value" minOccurs="1" maxOccurs="1" type="xsd:anyType">
            <xsd:annotation>
              <xsd:documentation>Attribute value</xsd:documentation>
              <xsd:appinfo xmlns:inf="http://soap.upskills.in/soap/default?services=salesOrderManagementV1"/>
            </xsd:annotation>
          </xsd:element>
        </xsd:sequence>
      </xsd:complexType>
      <xsd:complexType name="ArrayOfFrameworkAttributeInterface">
        <xsd:annotation>
          <xsd:documentation>An array of FrameworkAttributeInterface items.</xsd:documentation>
          <xsd:appinfo xmlns:inf="http://soap.upskills.in/soap/default?services=salesOrderManagementV1"/>
        </xsd:annotation>
        <xsd:sequence>
          <xsd:element name="item" minOccurs="0" maxOccurs="unbounded" type="tns:FrameworkAttributeInterface">
            <xsd:annotation>
              <xsd:documentation>An item of ArrayOfFrameworkAttributeInterface.</xsd:documentation>
              <xsd:appinfo xmlns:inf="http://soap.upskills.in/soap/default?services=salesOrderManagementV1"/>
            </xsd:annotation>
          </xsd:element>
        </xsd:sequence>
      </xsd:complexType>
      <xsd:complexType name="CustomerDataAddressInterface">
        <xsd:annotation>
          <xsd:documentation>Customer address interface.</xsd:documentation>
          <xsd:appinfo xmlns:inf="http://soap.upskills.in/soap/default?services=salesOrderManagementV1"/>
        </xsd:annotation>
        <xsd:sequence>
          <xsd:element name="id" minOccurs="0" maxOccurs="1" type="xsd:int">
            <xsd:annotation>
              <xsd:documentation>ID</xsd:documentation>
              <xsd:appinfo xmlns:inf="http://soap.upskills.in/soap/default?services=salesOrderManagementV1">
                <inf:min/>
                <inf:max/>
              </xsd:appinfo>
            </xsd:annotation>
          </xsd:element>
          <xsd:element name="customerId" minOccurs="0" maxOccurs="1" type="xsd:int">
            <xsd:annotation>
              <xsd:documentation>Customer ID</xsd:documentation>
              <xsd:appinfo xmlns:inf="http://soap.upskills.in/soap/default?services=salesOrderManagementV1">
                <inf:min/>
                <inf:max/>
              </xsd:appinfo>
            </xsd:annotation>
          </xsd:element>
          <xsd:element name="region" minOccurs="0" maxOccurs="1" type="tns:CustomerDataRegionInterface">
            <xsd:annotation>
              <xsd:documentation>Region</xsd:documentation>
              <xsd:appinfo xmlns:inf="http://soap.upskills.in/soap/default?services=salesOrderManagementV1"/>
            </xsd:annotation>
          </xsd:element>
          <xsd:element name="regionId" minOccurs="0" maxOccurs="1" type="xsd:int">
            <xsd:annotation>
              <xsd:documentation>Region ID</xsd:documentation>
              <xsd:appinfo xmlns:inf="http://soap.upskills.in/soap/default?services=salesOrderManagementV1">
                <inf:min/>
                <inf:max/>
              </xsd:appinfo>
            </xsd:annotation>
          </xsd:element>
          <xsd:element name="countryId" minOccurs="0" maxOccurs="1" type="xsd:string">
            <xsd:annotation>
              <xsd:documentation>Country code in ISO_3166-2 format</xsd:documentation>
              <xsd:appinfo xmlns:inf="http://soap.upskills.in/soap/default?services=salesOrderManagementV1">
                <inf:maxLength/>
              </xsd:appinfo>
            </xsd:annotation>
          </xsd:element>
          <xsd:element name="street" type="tns:ArrayOfString" minOccurs="0">
            <xsd:annotation>
              <xsd:documentation>Street</xsd:documentation>
              <xsd:appinfo xmlns:inf="http://soap.upskills.in/soap/default?services=salesOrderManagementV1">
                <inf:natureOfType>array</inf:natureOfType>
              </xsd:appinfo>
            </xsd:annotation>
          </xsd:element>
          <xsd:element name="company" minOccurs="0" maxOccurs="1" type="xsd:string">
            <xsd:annotation>
              <xsd:documentation>Company</xsd:documentation>
              <xsd:appinfo xmlns:inf="http://soap.upskills.in/soap/default?services=salesOrderManagementV1">
                <inf:maxLength/>
              </xsd:appinfo>
            </xsd:annotation>
          </xsd:element>
          <xsd:element name="telephone" minOccurs="0" maxOccurs="1" type="xsd:string">
            <xsd:annotation>
              <xsd:documentation>Telephone number</xsd:documentation>
              <xsd:appinfo xmlns:inf="http://soap.upskills.in/soap/default?services=salesOrderManagementV1">
                <inf:maxLength/>
              </xsd:appinfo>
            </xsd:annotation>
          </xsd:element>
          <xsd:element name="fax" minOccurs="0" maxOccurs="1" type="xsd:string">
            <xsd:annotation>
              <xsd:documentation>Fax number</xsd:documentation>
              <xsd:appinfo xmlns:inf="http://soap.upskills.in/soap/default?services=salesOrderManagementV1">
                <inf:maxLength/>
              </xsd:appinfo>
            </xsd:annotation>
          </xsd:element>
          <xsd:element name="postcode" minOccurs="0" maxOccurs="1" type="xsd:string">
            <xsd:annotation>
              <xsd:documentation>Postcode</xsd:documentation>
              <xsd:appinfo xmlns:inf="http://soap.upskills.in/soap/default?services=salesOrderManagementV1">
                <inf:maxLength/>
              </xsd:appinfo>
            </xsd:annotation>
          </xsd:element>
          <xsd:element name="city" minOccurs="0" maxOccurs="1" type="xsd:string">
            <xsd:annotation>
              <xsd:documentation>City name</xsd:documentation>
              <xsd:appinfo xmlns:inf="http://soap.upskills.in/soap/default?services=salesOrderManagementV1">
                <inf:maxLength/>
              </xsd:appinfo>
            </xsd:annotation>
          </xsd:element>
          <xsd:element name="firstname" minOccurs="0" maxOccurs="1" type="xsd:string">
            <xsd:annotation>
              <xsd:documentation>First name</xsd:documentation>
              <xsd:appinfo xmlns:inf="http://soap.upskills.in/soap/default?services=salesOrderManagementV1">
                <inf:maxLength/>
              </xsd:appinfo>
            </xsd:annotation>
          </xsd:element>
          <xsd:element name="lastname" minOccurs="0" maxOccurs="1" type="xsd:string">
            <xsd:annotation>
              <xsd:documentation>Last name</xsd:documentation>
              <xsd:appinfo xmlns:inf="http://soap.upskills.in/soap/default?services=salesOrderManagementV1">
                <inf:maxLength/>
              </xsd:appinfo>
            </xsd:annotation>
          </xsd:element>
          <xsd:element name="middlename" minOccurs="0" maxOccurs="1" type="xsd:string">
            <xsd:annotation>
              <xsd:documentation>Middle name</xsd:documentation>
              <xsd:appinfo xmlns:inf="http://soap.upskills.in/soap/default?services=salesOrderManagementV1">
                <inf:maxLength/>
              </xsd:appinfo>
            </xsd:annotation>
          </xsd:element>
          <xsd:element name="prefix" minOccurs="0" maxOccurs="1" type="xsd:string">
            <xsd:annotation>
              <xsd:documentation>Prefix</xsd:documentation>
              <xsd:appinfo xmlns:inf="http://soap.upskills.in/soap/default?services=salesOrderManagementV1">
                <inf:maxLength/>
              </xsd:appinfo>
            </xsd:annotation>
          </xsd:element>
          <xsd:element name="suffix" minOccurs="0" maxOccurs="1" type="xsd:string">
            <xsd:annotation>
              <xsd:documentation>Suffix</xsd:documentation>
              <xsd:appinfo xmlns:inf="http://soap.upskills.in/soap/default?services=salesOrderManagementV1">
                <inf:maxLength/>
              </xsd:appinfo>
            </xsd:annotation>
          </xsd:element>
          <xsd:element name="vatId" minOccurs="0" maxOccurs="1" type="xsd:string">
            <xsd:annotation>
              <xsd:documentation>Vat id</xsd:documentation>
              <xsd:appinfo xmlns:inf="http://soap.upskills.in/soap/default?services=salesOrderManagementV1">
                <inf:maxLength/>
              </xsd:appinfo>
            </xsd:annotation>
          </xsd:element>
          <xsd:element name="defaultShipping" minOccurs="0" maxOccurs="1" type="xsd:boolean">
            <xsd:annotation>
              <xsd:documentation>If this address is default shipping address.</xsd:documentation>
              <xsd:appinfo xmlns:inf="http://soap.upskills.in/soap/default?services=salesOrderManagementV1">
                <inf:default>false</inf:default>
              </xsd:appinfo>
            </xsd:annotation>
          </xsd:element>
          <xsd:element name="defaultBilling" minOccurs="0" maxOccurs="1" type="xsd:boolean">
            <xsd:annotation>
              <xsd:documentation>If this address is default billing address</xsd:documentation>
              <xsd:appinfo xmlns:inf="http://soap.upskills.in/soap/default?services=salesOrderManagementV1">
                <inf:default>false</inf:default>
              </xsd:appinfo>
            </xsd:annotation>
          </xsd:element>
          <xsd:element name="extensionAttributes" minOccurs="0" maxOccurs="1" type="tns:CustomerDataAddressExtensionInterface">
            <xsd:annotation>
              <xsd:documentation>Existing extension attributes object or create a new one.</xsd:documentation>
              <xsd:appinfo xmlns:inf="http://soap.upskills.in/soap/default?services=salesOrderManagementV1"/>
            </xsd:annotation>
          </xsd:element>
          <xsd:element name="customAttributes" type="tns:ArrayOfFrameworkAttributeInterface" minOccurs="0">
            <xsd:annotation>
              <xsd:documentation>Custom attributes values.</xsd:documentation>
              <xsd:appinfo xmlns:inf="http://soap.upskills.in/soap/default?services=salesOrderManagementV1">
                <inf:natureOfType>array</inf:natureOfType>
              </xsd:appinfo>
            </xsd:annotation>
          </xsd:element>
        </xsd:sequence>
      </xsd:complexType>
      <xsd:element name="salesOrderManagementV1GetStatusRequest" type="tns:SalesOrderManagementV1GetStatusRequest"/>
      <xsd:complexType name="SalesOrderManagementV1GetStatusRequest">
        <xsd:annotation>
          <xsd:documentation>Gets the status for a specified order.</xsd:documentation>
          <xsd:appinfo xmlns:inf="http://soap.upskills.in/soap/default?services=salesOrderManagementV1"/>
        </xsd:annotation>
        <xsd:sequence>
          <xsd:element name="id" minOccurs="1" maxOccurs="1" type="xsd:int">
            <xsd:annotation>
              <xsd:documentation>The order ID.</xsd:documentation>
              <xsd:appinfo xmlns:inf="http://soap.upskills.in/soap/default?services=salesOrderManagementV1">
                <inf:min/>
                <inf:max/>
                <inf:callInfo>
                  <inf:callName>salesOrderManagementV1GetStatus</inf:callName>
                  <inf:requiredInput>Yes</inf:requiredInput>
                </inf:callInfo>
              </xsd:appinfo>
            </xsd:annotation>
          </xsd:element>
        </xsd:sequence>
      </xsd:complexType>
      <xsd:element name="salesOrderManagementV1GetStatusResponse" type="tns:SalesOrderManagementV1GetStatusResponse"/>
      <xsd:complexType name="SalesOrderManagementV1GetStatusResponse">
        <xsd:annotation>
          <xsd:documentation>Response container for the salesOrderManagementV1GetStatus call.</xsd:documentation>
          <xsd:appinfo xmlns:inf="http://soap.upskills.in/soap/default?services=salesOrderManagementV1"/>
        </xsd:annotation>
        <xsd:sequence>
          <xsd:element name="result" minOccurs="1" maxOccurs="1" type="xsd:string">
            <xsd:annotation>
              <xsd:documentation>Order status.</xsd:documentation>
              <xsd:appinfo xmlns:inf="http://soap.upskills.in/soap/default?services=salesOrderManagementV1">
                <inf:maxLength/>
                <inf:callInfo>
                  <inf:callName>salesOrderManagementV1GetStatus</inf:callName>
                  <inf:returned>Always</inf:returned>
                </inf:callInfo>
              </xsd:appinfo>
            </xsd:annotation>
          </xsd:element>
        </xsd:sequence>
      </xsd:complexType>
      <xsd:element name="salesOrderManagementV1CancelRequest" type="tns:SalesOrderManagementV1CancelRequest"/>
      <xsd:complexType name="SalesOrderManagementV1CancelRequest">
        <xsd:annotation>
          <xsd:documentation>Cancels a specified order.</xsd:documentation>
          <xsd:appinfo xmlns:inf="http://soap.upskills.in/soap/default?services=salesOrderManagementV1"/>
        </xsd:annotation>
        <xsd:sequence>
          <xsd:element name="id" minOccurs="1" maxOccurs="1" type="xsd:int">
            <xsd:annotation>
              <xsd:documentation>The order ID.</xsd:documentation>
              <xsd:appinfo xmlns:inf="http://soap.upskills.in/soap/default?services=salesOrderManagementV1">
                <inf:min/>
                <inf:max/>
                <inf:callInfo>
                  <inf:callName>salesOrderManagementV1Cancel</inf:callName>
                  <inf:requiredInput>Yes</inf:requiredInput>
                </inf:callInfo>
              </xsd:appinfo>
            </xsd:annotation>
          </xsd:element>
        </xsd:sequence>
      </xsd:complexType>
      <xsd:element name="salesOrderManagementV1CancelResponse" type="tns:SalesOrderManagementV1CancelResponse"/>
      <xsd:complexType name="SalesOrderManagementV1CancelResponse">
        <xsd:annotation>
          <xsd:documentation>Response container for the salesOrderManagementV1Cancel call.</xsd:documentation>
          <xsd:appinfo xmlns:inf="http://soap.upskills.in/soap/default?services=salesOrderManagementV1"/>
        </xsd:annotation>
        <xsd:sequence>
          <xsd:element name="result" minOccurs="1" maxOccurs="1" type="xsd:boolean">
            <xsd:annotation>
              <xsd:documentation/>
              <xsd:appinfo xmlns:inf="http://soap.upskills.in/soap/default?services=salesOrderManagementV1">
                <inf:default>false</inf:default>
                <inf:callInfo>
                  <inf:callName>salesOrderManagementV1Cancel</inf:callName>
                  <inf:returned>Always</inf:returned>
                </inf:callInfo>
              </xsd:appinfo>
            </xsd:annotation>
          </xsd:element>
        </xsd:sequence>
      </xsd:complexType>
      <xsd:element name="salesOrderManagementV1NotifyRequest" type="tns:SalesOrderManagementV1NotifyRequest"/>
      <xsd:complexType name="SalesOrderManagementV1NotifyRequest">
        <xsd:annotation>
          <xsd:documentation>Emails a user a specified order.</xsd:documentation>
          <xsd:appinfo xmlns:inf="http://soap.upskills.in/soap/default?services=salesOrderManagementV1"/>
        </xsd:annotation>
        <xsd:sequence>
          <xsd:element name="id" minOccurs="1" maxOccurs="1" type="xsd:int">
            <xsd:annotation>
              <xsd:documentation>The order ID.</xsd:documentation>
              <xsd:appinfo xmlns:inf="http://soap.upskills.in/soap/default?services=salesOrderManagementV1">
                <inf:min/>
                <inf:max/>
                <inf:callInfo>
                  <inf:callName>salesOrderManagementV1Notify</inf:callName>
                  <inf:requiredInput>Yes</inf:requiredInput>
                </inf:callInfo>
              </xsd:appinfo>
            </xsd:annotation>
          </xsd:element>
        </xsd:sequence>
      </xsd:complexType>
      <xsd:element name="salesOrderManagementV1NotifyResponse" type="tns:SalesOrderManagementV1NotifyResponse"/>
      <xsd:complexType name="SalesOrderManagementV1NotifyResponse">
        <xsd:annotation>
          <xsd:documentation>Response container for the salesOrderManagementV1Notify call.</xsd:documentation>
          <xsd:appinfo xmlns:inf="http://soap.upskills.in/soap/default?services=salesOrderManagementV1"/>
        </xsd:annotation>
        <xsd:sequence>
          <xsd:element name="result" minOccurs="1" maxOccurs="1" type="xsd:boolean">
            <xsd:annotation>
              <xsd:documentation/>
              <xsd:appinfo xmlns:inf="http://soap.upskills.in/soap/default?services=salesOrderManagementV1">
                <inf:default>false</inf:default>
                <inf:callInfo>
                  <inf:callName>salesOrderManagementV1Notify</inf:callName>
                  <inf:returned>Always</inf:returned>
                </inf:callInfo>
              </xsd:appinfo>
            </xsd:annotation>
          </xsd:element>
        </xsd:sequence>
      </xsd:complexType>
      <xsd:element name="salesOrderManagementV1HoldRequest" type="tns:SalesOrderManagementV1HoldRequest"/>
      <xsd:complexType name="SalesOrderManagementV1HoldRequest">
        <xsd:annotation>
          <xsd:documentation>Holds a specified order.</xsd:documentation>
          <xsd:appinfo xmlns:inf="http://soap.upskills.in/soap/default?services=salesOrderManagementV1"/>
        </xsd:annotation>
        <xsd:sequence>
          <xsd:element name="id" minOccurs="1" maxOccurs="1" type="xsd:int">
            <xsd:annotation>
              <xsd:documentation>The order ID.</xsd:documentation>
              <xsd:appinfo xmlns:inf="http://soap.upskills.in/soap/default?services=salesOrderManagementV1">
                <inf:min/>
                <inf:max/>
                <inf:callInfo>
                  <inf:callName>salesOrderManagementV1Hold</inf:callName>
                  <inf:requiredInput>Yes</inf:requiredInput>
                </inf:callInfo>
              </xsd:appinfo>
            </xsd:annotation>
          </xsd:element>
        </xsd:sequence>
      </xsd:complexType>
      <xsd:element name="salesOrderManagementV1HoldResponse" type="tns:SalesOrderManagementV1HoldResponse"/>
      <xsd:complexType name="SalesOrderManagementV1HoldResponse">
        <xsd:annotation>
          <xsd:documentation>Response container for the salesOrderManagementV1Hold call.</xsd:documentation>
          <xsd:appinfo xmlns:inf="http://soap.upskills.in/soap/default?services=salesOrderManagementV1"/>
        </xsd:annotation>
        <xsd:sequence>
          <xsd:element name="result" minOccurs="1" maxOccurs="1" type="xsd:boolean">
            <xsd:annotation>
              <xsd:documentation/>
              <xsd:appinfo xmlns:inf="http://soap.upskills.in/soap/default?services=salesOrderManagementV1">
                <inf:default>false</inf:default>
                <inf:callInfo>
                  <inf:callName>salesOrderManagementV1Hold</inf:callName>
                  <inf:returned>Always</inf:returned>
                </inf:callInfo>
              </xsd:appinfo>
            </xsd:annotation>
          </xsd:element>
        </xsd:sequence>
      </xsd:complexType>
      <xsd:element name="salesOrderManagementV1UnHoldRequest" type="tns:SalesOrderManagementV1UnHoldRequest"/>
      <xsd:complexType name="SalesOrderManagementV1UnHoldRequest">
        <xsd:annotation>
          <xsd:documentation>Releases a specified order from hold status.</xsd:documentation>
          <xsd:appinfo xmlns:inf="http://soap.upskills.in/soap/default?services=salesOrderManagementV1"/>
        </xsd:annotation>
        <xsd:sequence>
          <xsd:element name="id" minOccurs="1" maxOccurs="1" type="xsd:int">
            <xsd:annotation>
              <xsd:documentation>The order ID.</xsd:documentation>
              <xsd:appinfo xmlns:inf="http://soap.upskills.in/soap/default?services=salesOrderManagementV1">
                <inf:min/>
                <inf:max/>
                <inf:callInfo>
                  <inf:callName>salesOrderManagementV1UnHold</inf:callName>
                  <inf:requiredInput>Yes</inf:requiredInput>
                </inf:callInfo>
              </xsd:appinfo>
            </xsd:annotation>
          </xsd:element>
        </xsd:sequence>
      </xsd:complexType>
      <xsd:element name="salesOrderManagementV1UnHoldResponse" type="tns:SalesOrderManagementV1UnHoldResponse"/>
      <xsd:complexType name="SalesOrderManagementV1UnHoldResponse">
        <xsd:annotation>
          <xsd:documentation>Response container for the salesOrderManagementV1UnHold call.</xsd:documentation>
          <xsd:appinfo xmlns:inf="http://soap.upskills.in/soap/default?services=salesOrderManagementV1"/>
        </xsd:annotation>
        <xsd:sequence>
          <xsd:element name="result" minOccurs="1" maxOccurs="1" type="xsd:boolean">
            <xsd:annotation>
              <xsd:documentation/>
              <xsd:appinfo xmlns:inf="http://soap.upskills.in/soap/default?services=salesOrderManagementV1">
                <inf:default>false</inf:default>
                <inf:callInfo>
                  <inf:callName>salesOrderManagementV1UnHold</inf:callName>
                  <inf:returned>Always</inf:returned>
                </inf:callInfo>
              </xsd:appinfo>
            </xsd:annotation>
          </xsd:element>
        </xsd:sequence>
      </xsd:complexType>
      <xsd:element name="salesOrderManagementV1AddCommentRequest" type="tns:SalesOrderManagementV1AddCommentRequest"/>
      <xsd:complexType name="SalesDataOrderStatusHistoryExtensionInterface">
        <xsd:annotation>
          <xsd:documentation>ExtensionInterface class for @see \Magento\Sales\Api\Data\OrderStatusHistoryInterface</xsd:documentation>
          <xsd:appinfo xmlns:inf="http://soap.upskills.in/soap/default?services=salesOrderManagementV1"/>
        </xsd:annotation>
      </xsd:complexType>
      <xsd:complexType name="SalesDataOrderStatusHistoryInterface">
        <xsd:annotation>
          <xsd:documentation>Order status history interface. An order is a document that a web store issues to a customer. Magento generates a sales order that lists the product items, billing and shipping addresses, and shipping and payment methods. A corresponding external document, known as a purchase order, is emailed to the customer.</xsd:documentation>
          <xsd:appinfo xmlns:inf="http://soap.upskills.in/soap/default?services=salesOrderManagementV1"/>
        </xsd:annotation>
        <xsd:sequence>
          <xsd:element name="comment" minOccurs="1" maxOccurs="1" type="xsd:string">
            <xsd:annotation>
              <xsd:documentation>Comment.</xsd:documentation>
              <xsd:appinfo xmlns:inf="http://soap.upskills.in/soap/default?services=salesOrderManagementV1">
                <inf:maxLength/>
                <inf:callInfo>
                  <inf:callName>salesOrderManagementV1AddComment</inf:callName>
                  <inf:requiredInput>Yes</inf:requiredInput>
                </inf:callInfo>
              </xsd:appinfo>
            </xsd:annotation>
          </xsd:element>
          <xsd:element name="createdAt" minOccurs="0" maxOccurs="1" type="xsd:string">
            <xsd:annotation>
              <xsd:documentation>Created-at timestamp.</xsd:documentation>
              <xsd:appinfo xmlns:inf="http://soap.upskills.in/soap/default?services=salesOrderManagementV1">
                <inf:maxLength/>
                <inf:callInfo>
                  <inf:callName>salesOrderManagementV1AddComment</inf:callName>
                  <inf:requiredInput>No</inf:requiredInput>
                </inf:callInfo>
              </xsd:appinfo>
            </xsd:annotation>
          </xsd:element>
          <xsd:element name="entityId" minOccurs="0" maxOccurs="1" type="xsd:int">
            <xsd:annotation>
              <xsd:documentation>Order status history ID.</xsd:documentation>
              <xsd:appinfo xmlns:inf="http://soap.upskills.in/soap/default?services=salesOrderManagementV1">
                <inf:min/>
                <inf:max/>
                <inf:callInfo>
                  <inf:callName>salesOrderManagementV1AddComment</inf:callName>
                  <inf:requiredInput>No</inf:requiredInput>
                </inf:callInfo>
              </xsd:appinfo>
            </xsd:annotation>
          </xsd:element>
          <xsd:element name="entityName" minOccurs="0" maxOccurs="1" type="xsd:string">
            <xsd:annotation>
              <xsd:documentation>Entity name.</xsd:documentation>
              <xsd:appinfo xmlns:inf="http://soap.upskills.in/soap/default?services=salesOrderManagementV1">
                <inf:maxLength/>
                <inf:callInfo>
                  <inf:callName>salesOrderManagementV1AddComment</inf:callName>
                  <inf:requiredInput>No</inf:requiredInput>
                </inf:callInfo>
              </xsd:appinfo>
            </xsd:annotation>
          </xsd:element>
          <xsd:element name="isCustomerNotified" minOccurs="1" maxOccurs="1" type="xsd:int">
            <xsd:annotation>
              <xsd:documentation>Is-customer-notified flag value.</xsd:documentation>
              <xsd:appinfo xmlns:inf="http://soap.upskills.in/soap/default?services=salesOrderManagementV1">
                <inf:min/>
                <inf:max/>
                <inf:callInfo>
                  <inf:callName>salesOrderManagementV1AddComment</inf:callName>
                  <inf:requiredInput>No</inf:requiredInput>
                </inf:callInfo>
              </xsd:appinfo>
            </xsd:annotation>
          </xsd:element>
          <xsd:element name="isVisibleOnFront" minOccurs="1" maxOccurs="1" type="xsd:int">
            <xsd:annotation>
              <xsd:documentation>Is-visible-on-storefront flag value.</xsd:documentation>
              <xsd:appinfo xmlns:inf="http://soap.upskills.in/soap/default?services=salesOrderManagementV1">
                <inf:min/>
                <inf:max/>
                <inf:callInfo>
                  <inf:callName>salesOrderManagementV1AddComment</inf:callName>
                  <inf:requiredInput>No</inf:requiredInput>
                </inf:callInfo>
              </xsd:appinfo>
            </xsd:annotation>
          </xsd:element>
          <xsd:element name="parentId" minOccurs="1" maxOccurs="1" type="xsd:int">
            <xsd:annotation>
              <xsd:documentation>Parent ID.</xsd:documentation>
              <xsd:appinfo xmlns:inf="http://soap.upskills.in/soap/default?services=salesOrderManagementV1">
                <inf:min/>
                <inf:max/>
                <inf:callInfo>
                  <inf:callName>salesOrderManagementV1AddComment</inf:callName>
                  <inf:requiredInput>No</inf:requiredInput>
                </inf:callInfo>
              </xsd:appinfo>
            </xsd:annotation>
          </xsd:element>
          <xsd:element name="status" minOccurs="0" maxOccurs="1" type="xsd:string">
            <xsd:annotation>
              <xsd:documentation>Status.</xsd:documentation>
              <xsd:appinfo xmlns:inf="http://soap.upskills.in/soap/default?services=salesOrderManagementV1">
                <inf:maxLength/>
                <inf:callInfo>
                  <inf:callName>salesOrderManagementV1AddComment</inf:callName>
                  <inf:requiredInput>No</inf:requiredInput>
                </inf:callInfo>
              </xsd:appinfo>
            </xsd:annotation>
          </xsd:element>
          <xsd:element name="extensionAttributes" minOccurs="0" maxOccurs="1" type="tns:SalesDataOrderStatusHistoryExtensionInterface">
            <xsd:annotation>
              <xsd:documentation>Existing extension attributes object or create a new one.</xsd:documentation>
              <xsd:appinfo xmlns:inf="http://soap.upskills.in/soap/default?services=salesOrderManagementV1">
                <inf:callInfo>
                  <inf:callName>salesOrderManagementV1AddComment</inf:callName>
                  <inf:requiredInput>No</inf:requiredInput>
                </inf:callInfo>
              </xsd:appinfo>
            </xsd:annotation>
          </xsd:element>
        </xsd:sequence>
      </xsd:complexType>
      <xsd:complexType name="SalesOrderManagementV1AddCommentRequest">
        <xsd:annotation>
          <xsd:documentation>Adds a comment to a specified order.</xsd:documentation>
          <xsd:appinfo xmlns:inf="http://soap.upskills.in/soap/default?services=salesOrderManagementV1"/>
        </xsd:annotation>
        <xsd:sequence>
          <xsd:element name="id" minOccurs="1" maxOccurs="1" type="xsd:int">
            <xsd:annotation>
              <xsd:documentation>The order ID.</xsd:documentation>
              <xsd:appinfo xmlns:inf="http://soap.upskills.in/soap/default?services=salesOrderManagementV1">
                <inf:min/>
                <inf:max/>
                <inf:callInfo>
                  <inf:callName>salesOrderManagementV1AddComment</inf:callName>
                  <inf:requiredInput>Yes</inf:requiredInput>
                </inf:callInfo>
              </xsd:appinfo>
            </xsd:annotation>
          </xsd:element>
          <xsd:element name="statusHistory" minOccurs="1" maxOccurs="1" type="tns:SalesDataOrderStatusHistoryInterface">
            <xsd:annotation>
              <xsd:documentation>Status history comment.</xsd:documentation>
              <xsd:appinfo xmlns:inf="http://soap.upskills.in/soap/default?services=salesOrderManagementV1">
                <inf:callInfo>
                  <inf:callName>salesOrderManagementV1AddComment</inf:callName>
                  <inf:requiredInput>Yes</inf:requiredInput>
                </inf:callInfo>
              </xsd:appinfo>
            </xsd:annotation>
          </xsd:element>
        </xsd:sequence>
      </xsd:complexType>
      <xsd:element name="salesOrderManagementV1AddCommentResponse" type="tns:SalesOrderManagementV1AddCommentResponse"/>
      <xsd:complexType name="SalesOrderManagementV1AddCommentResponse">
        <xsd:annotation>
          <xsd:documentation>Response container for the salesOrderManagementV1AddComment call.</xsd:documentation>
          <xsd:appinfo xmlns:inf="http://soap.upskills.in/soap/default?services=salesOrderManagementV1"/>
        </xsd:annotation>
        <xsd:sequence>
          <xsd:element name="result" minOccurs="1" maxOccurs="1" type="xsd:boolean">
            <xsd:annotation>
              <xsd:documentation/>
              <xsd:appinfo xmlns:inf="http://soap.upskills.in/soap/default?services=salesOrderManagementV1">
                <inf:default>false</inf:default>
                <inf:callInfo>
                  <inf:callName>salesOrderManagementV1AddComment</inf:callName>
                  <inf:returned>Always</inf:returned>
                </inf:callInfo>
              </xsd:appinfo>
            </xsd:annotation>
          </xsd:element>
        </xsd:sequence>
      </xsd:complexType>
      <xsd:element name="salesOrderManagementV1GetCommentsListRequest" type="tns:SalesOrderManagementV1GetCommentsListRequest"/>
      <xsd:complexType name="SalesOrderManagementV1GetCommentsListRequest">
        <xsd:annotation>
          <xsd:documentation>Lists comments for a specified order.</xsd:documentation>
          <xsd:appinfo xmlns:inf="http://soap.upskills.in/soap/default?services=salesOrderManagementV1"/>
        </xsd:annotation>
        <xsd:sequence>
          <xsd:element name="id" minOccurs="1" maxOccurs="1" type="xsd:int">
            <xsd:annotation>
              <xsd:documentation>The order ID.</xsd:documentation>
              <xsd:appinfo xmlns:inf="http://soap.upskills.in/soap/default?services=salesOrderManagementV1">
                <inf:min/>
                <inf:max/>
                <inf:callInfo>
                  <inf:callName>salesOrderManagementV1GetCommentsList</inf:callName>
                  <inf:requiredInput>Yes</inf:requiredInput>
                </inf:callInfo>
              </xsd:appinfo>
            </xsd:annotation>
          </xsd:element>
        </xsd:sequence>
      </xsd:complexType>
      <xsd:element name="salesOrderManagementV1GetCommentsListResponse" type="tns:SalesOrderManagementV1GetCommentsListResponse"/>
      <xsd:complexType name="ArrayOfSalesDataOrderStatusHistoryInterface">
        <xsd:annotation>
          <xsd:documentation>An array of SalesDataOrderStatusHistoryInterface items.</xsd:documentation>
          <xsd:appinfo xmlns:inf="http://soap.upskills.in/soap/default?services=salesOrderManagementV1"/>
        </xsd:annotation>
        <xsd:sequence>
          <xsd:element name="item" minOccurs="0" maxOccurs="unbounded" type="tns:SalesDataOrderStatusHistoryInterface">
            <xsd:annotation>
              <xsd:documentation>An item of ArrayOfSalesDataOrderStatusHistoryInterface.</xsd:documentation>
              <xsd:appinfo xmlns:inf="http://soap.upskills.in/soap/default?services=salesOrderManagementV1">
                <inf:callInfo>
                  <inf:callName>salesOrderManagementV1GetCommentsList</inf:callName>
                  <inf:returned>Conditionally</inf:returned>
                </inf:callInfo>
              </xsd:appinfo>
            </xsd:annotation>
          </xsd:element>
        </xsd:sequence>
      </xsd:complexType>
      <xsd:complexType name="FrameworkFilter">
        <xsd:annotation>
          <xsd:documentation>Filter which can be used by any methods from service layer.</xsd:documentation>
          <xsd:appinfo xmlns:inf="http://soap.upskills.in/soap/default?services=salesOrderManagementV1"/>
        </xsd:annotation>
        <xsd:sequence>
          <xsd:element name="field" minOccurs="1" maxOccurs="1" type="xsd:string">
            <xsd:annotation>
              <xsd:documentation>Field</xsd:documentation>
              <xsd:appinfo xmlns:inf="http://soap.upskills.in/soap/default?services=salesOrderManagementV1">
                <inf:maxLength/>
                <inf:callInfo>
                  <inf:callName>salesOrderManagementV1GetCommentsList</inf:callName>
                  <inf:returned>Conditionally</inf:returned>
                </inf:callInfo>
              </xsd:appinfo>
            </xsd:annotation>
          </xsd:element>
          <xsd:element name="value" minOccurs="1" maxOccurs="1" type="xsd:string">
            <xsd:annotation>
              <xsd:documentation>Value</xsd:documentation>
              <xsd:appinfo xmlns:inf="http://soap.upskills.in/soap/default?services=salesOrderManagementV1">
                <inf:maxLength/>
                <inf:callInfo>
                  <inf:callName>salesOrderManagementV1GetCommentsList</inf:callName>
                  <inf:returned>Conditionally</inf:returned>
                </inf:callInfo>
              </xsd:appinfo>
            </xsd:annotation>
          </xsd:element>
          <xsd:element name="conditionType" minOccurs="0" maxOccurs="1" type="xsd:string">
            <xsd:annotation>
              <xsd:documentation>Condition type</xsd:documentation>
              <xsd:appinfo xmlns:inf="http://soap.upskills.in/soap/default?services=salesOrderManagementV1">
                <inf:maxLength/>
                <inf:callInfo>
                  <inf:callName>salesOrderManagementV1GetCommentsList</inf:callName>
                  <inf:returned>Conditionally</inf:returned>
                </inf:callInfo>
              </xsd:appinfo>
            </xsd:annotation>
          </xsd:element>
        </xsd:sequence>
      </xsd:complexType>
      <xsd:complexType name="ArrayOfFrameworkFilter">
        <xsd:annotation>
          <xsd:documentation>An array of FrameworkFilter items.</xsd:documentation>
          <xsd:appinfo xmlns:inf="http://soap.upskills.in/soap/default?services=salesOrderManagementV1"/>
        </xsd:annotation>
        <xsd:sequence>
          <xsd:element name="item" minOccurs="0" maxOccurs="unbounded" type="tns:FrameworkFilter">
            <xsd:annotation>
              <xsd:documentation>An item of ArrayOfFrameworkFilter.</xsd:documentation>
              <xsd:appinfo xmlns:inf="http://soap.upskills.in/soap/default?services=salesOrderManagementV1">
                <inf:callInfo>
                  <inf:callName>salesOrderManagementV1GetCommentsList</inf:callName>
                  <inf:returned>Conditionally</inf:returned>
                </inf:callInfo>
              </xsd:appinfo>
            </xsd:annotation>
          </xsd:element>
        </xsd:sequence>
      </xsd:complexType>
      <xsd:complexType name="FrameworkSearchFilterGroup">
        <xsd:annotation>
          <xsd:documentation>Groups two or more filters together using a logical OR</xsd:documentation>
          <xsd:appinfo xmlns:inf="http://soap.upskills.in/soap/default?services=salesOrderManagementV1"/>
        </xsd:annotation>
        <xsd:sequence>
          <xsd:element name="filters" type="tns:ArrayOfFrameworkFilter" minOccurs="0">
            <xsd:annotation>
              <xsd:documentation>A list of filters in this group</xsd:documentation>
              <xsd:appinfo xmlns:inf="http://soap.upskills.in/soap/default?services=salesOrderManagementV1">
                <inf:natureOfType>array</inf:natureOfType>
                <inf:callInfo>
                  <inf:callName>salesOrderManagementV1GetCommentsList</inf:callName>
                  <inf:returned>Conditionally</inf:returned>
                </inf:callInfo>
              </xsd:appinfo>
            </xsd:annotation>
          </xsd:element>
        </xsd:sequence>
      </xsd:complexType>
      <xsd:complexType name="ArrayOfFrameworkSearchFilterGroup">
        <xsd:annotation>
          <xsd:documentation>An array of FrameworkSearchFilterGroup items.</xsd:documentation>
          <xsd:appinfo xmlns:inf="http://soap.upskills.in/soap/default?services=salesOrderManagementV1"/>
        </xsd:annotation>
        <xsd:sequence>
          <xsd:element name="item" minOccurs="0" maxOccurs="unbounded" type="tns:FrameworkSearchFilterGroup">
            <xsd:annotation>
              <xsd:documentation>An item of ArrayOfFrameworkSearchFilterGroup.</xsd:documentation>
              <xsd:appinfo xmlns:inf="http://soap.upskills.in/soap/default?services=salesOrderManagementV1">
                <inf:callInfo>
                  <inf:callName>salesOrderManagementV1GetCommentsList</inf:callName>
                  <inf:returned>Conditionally</inf:returned>
                </inf:callInfo>
              </xsd:appinfo>
            </xsd:annotation>
          </xsd:element>
        </xsd:sequence>
      </xsd:complexType>
      <xsd:complexType name="FrameworkSortOrder">
        <xsd:annotation>
          <xsd:documentation>Data object for sort order.</xsd:documentation>
          <xsd:appinfo xmlns:inf="http://soap.upskills.in/soap/default?services=salesOrderManagementV1"/>
        </xsd:annotation>
        <xsd:sequence>
          <xsd:element name="field" minOccurs="1" maxOccurs="1" type="xsd:string">
            <xsd:annotation>
              <xsd:documentation>Sorting field.</xsd:documentation>
              <xsd:appinfo xmlns:inf="http://soap.upskills.in/soap/default?services=salesOrderManagementV1">
                <inf:maxLength/>
                <inf:callInfo>
                  <inf:callName>salesOrderManagementV1GetCommentsList</inf:callName>
                  <inf:returned>Conditionally</inf:returned>
                </inf:callInfo>
              </xsd:appinfo>
            </xsd:annotation>
          </xsd:element>
          <xsd:element name="direction" minOccurs="1" maxOccurs="1" type="xsd:string">
            <xsd:annotation>
              <xsd:documentation>Sorting direction.</xsd:documentation>
              <xsd:appinfo xmlns:inf="http://soap.upskills.in/soap/default?services=salesOrderManagementV1">
                <inf:maxLength/>
                <inf:callInfo>
                  <inf:callName>salesOrderManagementV1GetCommentsList</inf:callName>
                  <inf:returned>Conditionally</inf:returned>
                </inf:callInfo>
              </xsd:appinfo>
            </xsd:annotation>
          </xsd:element>
        </xsd:sequence>
      </xsd:complexType>
      <xsd:complexType name="ArrayOfFrameworkSortOrder">
        <xsd:annotation>
          <xsd:documentation>An array of FrameworkSortOrder items.</xsd:documentation>
          <xsd:appinfo xmlns:inf="http://soap.upskills.in/soap/default?services=salesOrderManagementV1"/>
        </xsd:annotation>
        <xsd:sequence>
          <xsd:element name="item" minOccurs="0" maxOccurs="unbounded" type="tns:FrameworkSortOrder">
            <xsd:annotation>
              <xsd:documentation>An item of ArrayOfFrameworkSortOrder.</xsd:documentation>
              <xsd:appinfo xmlns:inf="http://soap.upskills.in/soap/default?services=salesOrderManagementV1">
                <inf:callInfo>
                  <inf:callName>salesOrderManagementV1GetCommentsList</inf:callName>
                  <inf:returned>Conditionally</inf:returned>
                </inf:callInfo>
              </xsd:appinfo>
            </xsd:annotation>
          </xsd:element>
        </xsd:sequence>
      </xsd:complexType>
      <xsd:complexType name="FrameworkSearchCriteriaInterface">
        <xsd:annotation>
          <xsd:documentation>Search criteria interface.</xsd:documentation>
          <xsd:appinfo xmlns:inf="http://soap.upskills.in/soap/default?services=salesOrderManagementV1"/>
        </xsd:annotation>
        <xsd:sequence>
          <xsd:element name="filterGroups" type="tns:ArrayOfFrameworkSearchFilterGroup">
            <xsd:annotation>
              <xsd:documentation>A list of filter groups.</xsd:documentation>
              <xsd:appinfo xmlns:inf="http://soap.upskills.in/soap/default?services=salesOrderManagementV1">
                <inf:natureOfType>array</inf:natureOfType>
                <inf:callInfo>
                  <inf:callName>salesOrderManagementV1GetCommentsList</inf:callName>
                  <inf:returned>Always</inf:returned>
                </inf:callInfo>
              </xsd:appinfo>
            </xsd:annotation>
          </xsd:element>
          <xsd:element name="sortOrders" type="tns:ArrayOfFrameworkSortOrder" minOccurs="0">
            <xsd:annotation>
              <xsd:documentation>Sort order.</xsd:documentation>
              <xsd:appinfo xmlns:inf="http://soap.upskills.in/soap/default?services=salesOrderManagementV1">
                <inf:natureOfType>array</inf:natureOfType>
                <inf:callInfo>
                  <inf:callName>salesOrderManagementV1GetCommentsList</inf:callName>
                  <inf:returned>Conditionally</inf:returned>
                </inf:callInfo>
              </xsd:appinfo>
            </xsd:annotation>
          </xsd:element>
          <xsd:element name="pageSize" minOccurs="0" maxOccurs="1" type="xsd:int">
            <xsd:annotation>
              <xsd:documentation>Page size.</xsd:documentation>
              <xsd:appinfo xmlns:inf="http://soap.upskills.in/soap/default?services=salesOrderManagementV1">
                <inf:min/>
                <inf:max/>
                <inf:callInfo>
                  <inf:callName>salesOrderManagementV1GetCommentsList</inf:callName>
                  <inf:returned>Conditionally</inf:returned>
                </inf:callInfo>
              </xsd:appinfo>
            </xsd:annotation>
          </xsd:element>
          <xsd:element name="currentPage" minOccurs="0" maxOccurs="1" type="xsd:int">
            <xsd:annotation>
              <xsd:documentation>Current page.</xsd:documentation>
              <xsd:appinfo xmlns:inf="http://soap.upskills.in/soap/default?services=salesOrderManagementV1">
                <inf:min/>
                <inf:max/>
                <inf:callInfo>
                  <inf:callName>salesOrderManagementV1GetCommentsList</inf:callName>
                  <inf:returned>Conditionally</inf:returned>
                </inf:callInfo>
              </xsd:appinfo>
            </xsd:annotation>
          </xsd:element>
        </xsd:sequence>
      </xsd:complexType>
      <xsd:complexType name="SalesDataOrderStatusHistorySearchResultInterface">
        <xsd:annotation>
          <xsd:documentation>Order status history search result interface. An order is a document that a web store issues to a customer. Magento generates a sales order that lists the product items, billing and shipping addresses, and shipping and payment methods. A corresponding external document, known as a purchase order, is emailed to the customer.</xsd:documentation>
          <xsd:appinfo xmlns:inf="http://soap.upskills.in/soap/default?services=salesOrderManagementV1"/>
        </xsd:annotation>
        <xsd:sequence>
          <xsd:element name="items" type="tns:ArrayOfSalesDataOrderStatusHistoryInterface">
            <xsd:annotation>
              <xsd:documentation>Array of collection items.</xsd:documentation>
              <xsd:appinfo xmlns:inf="http://soap.upskills.in/soap/default?services=salesOrderManagementV1">
                <inf:natureOfType>array</inf:natureOfType>
                <inf:callInfo>
                  <inf:callName>salesOrderManagementV1GetCommentsList</inf:callName>
                  <inf:returned>Always</inf:returned>
                </inf:callInfo>
              </xsd:appinfo>
            </xsd:annotation>
          </xsd:element>
          <xsd:element name="searchCriteria" minOccurs="1" maxOccurs="1" type="tns:FrameworkSearchCriteriaInterface">
            <xsd:annotation>
              <xsd:documentation>Search criteria.</xsd:documentation>
              <xsd:appinfo xmlns:inf="http://soap.upskills.in/soap/default?services=salesOrderManagementV1">
                <inf:callInfo>
                  <inf:callName>salesOrderManagementV1GetCommentsList</inf:callName>
                  <inf:returned>Always</inf:returned>
                </inf:callInfo>
              </xsd:appinfo>
            </xsd:annotation>
          </xsd:element>
          <xsd:element name="totalCount" minOccurs="1" maxOccurs="1" type="xsd:int">
            <xsd:annotation>
              <xsd:documentation>Total count.</xsd:documentation>
              <xsd:appinfo xmlns:inf="http://soap.upskills.in/soap/default?services=salesOrderManagementV1">
                <inf:min/>
                <inf:max/>
                <inf:callInfo>
                  <inf:callName>salesOrderManagementV1GetCommentsList</inf:callName>
                  <inf:returned>Always</inf:returned>
                </inf:callInfo>
              </xsd:appinfo>
            </xsd:annotation>
          </xsd:element>
        </xsd:sequence>
      </xsd:complexType>
      <xsd:complexType name="SalesOrderManagementV1GetCommentsListResponse">
        <xsd:annotation>
          <xsd:documentation>Response container for the salesOrderManagementV1GetCommentsList call.</xsd:documentation>
          <xsd:appinfo xmlns:inf="http://soap.upskills.in/soap/default?services=salesOrderManagementV1"/>
        </xsd:annotation>
        <xsd:sequence>
          <xsd:element name="result" minOccurs="1" maxOccurs="1" type="tns:SalesDataOrderStatusHistorySearchResultInterface">
            <xsd:annotation>
              <xsd:documentation>Order status history search results interface.</xsd:documentation>
              <xsd:appinfo xmlns:inf="http://soap.upskills.in/soap/default?services=salesOrderManagementV1">
                <inf:callInfo>
                  <inf:callName>salesOrderManagementV1GetCommentsList</inf:callName>
                  <inf:returned>Always</inf:returned>
                </inf:callInfo>
              </xsd:appinfo>
            </xsd:annotation>
          </xsd:element>
        </xsd:sequence>
      </xsd:complexType>
    </xsd:schema>
  </types>
  <message name="GenericFault">
    <part name="messageParameters" element="tns:GenericFault"/>
  </message>
  <portType name="salesOrderManagementV1PortType">
    <operation name="salesOrderManagementV1GetStatus">
      <input message="tns:salesOrderManagementV1GetStatusRequest"/>
      <output message="tns:salesOrderManagementV1GetStatusResponse"/>
      <fault name="GenericFault" message="tns:GenericFault"/>
    </operation>
    <operation name="salesOrderManagementV1Cancel">
      <input message="tns:salesOrderManagementV1CancelRequest"/>
      <output message="tns:salesOrderManagementV1CancelResponse"/>
      <fault name="GenericFault" message="tns:GenericFault"/>
    </operation>
    <operation name="salesOrderManagementV1Notify">
      <input message="tns:salesOrderManagementV1NotifyRequest"/>
      <output message="tns:salesOrderManagementV1NotifyResponse"/>
      <fault name="GenericFault" message="tns:GenericFault"/>
    </operation>
    <operation name="salesOrderManagementV1Hold">
      <input message="tns:salesOrderManagementV1HoldRequest"/>
      <output message="tns:salesOrderManagementV1HoldResponse"/>
      <fault name="GenericFault" message="tns:GenericFault"/>
    </operation>
    <operation name="salesOrderManagementV1UnHold">
      <input message="tns:salesOrderManagementV1UnHoldRequest"/>
      <output message="tns:salesOrderManagementV1UnHoldResponse"/>
      <fault name="GenericFault" message="tns:GenericFault"/>
    </operation>
    <operation name="salesOrderManagementV1AddComment">
      <input message="tns:salesOrderManagementV1AddCommentRequest"/>
      <output message="tns:salesOrderManagementV1AddCommentResponse"/>
      <fault name="GenericFault" message="tns:GenericFault"/>
    </operation>
    <operation name="salesOrderManagementV1GetCommentsList">
      <input message="tns:salesOrderManagementV1GetCommentsListRequest"/>
      <output message="tns:salesOrderManagementV1GetCommentsListResponse"/>
      <fault name="GenericFault" message="tns:GenericFault"/>
    </operation>
  </portType>
  <binding name="salesOrderManagementV1Binding" type="tns:salesOrderManagementV1PortType">
    <soap12:binding style="document" transport="http://schemas.xmlsoap.org/soap/http"/>
    <operation name="salesOrderManagementV1GetStatus">
      <soap12:operation soapAction="salesOrderManagementV1GetStatus"/>
      <input>
        <soap12:body use="literal"/>
      </input>
      <output>
        <soap12:body use="literal"/>
      </output>
      <fault name="GenericFault"/>
    </operation>
    <operation name="salesOrderManagementV1Cancel">
      <soap12:operation soapAction="salesOrderManagementV1Cancel"/>
      <input>
        <soap12:body use="literal"/>
      </input>
      <output>
        <soap12:body use="literal"/>
      </output>
      <fault name="GenericFault"/>
    </operation>
    <operation name="salesOrderManagementV1Notify">
      <soap12:operation soapAction="salesOrderManagementV1Notify"/>
      <input>
        <soap12:body use="literal"/>
      </input>
      <output>
        <soap12:body use="literal"/>
      </output>
      <fault name="GenericFault"/>
    </operation>
    <operation name="salesOrderManagementV1Hold">
      <soap12:operation soapAction="salesOrderManagementV1Hold"/>
      <input>
        <soap12:body use="literal"/>
      </input>
      <output>
        <soap12:body use="literal"/>
      </output>
      <fault name="GenericFault"/>
    </operation>
    <operation name="salesOrderManagementV1UnHold">
      <soap12:operation soapAction="salesOrderManagementV1UnHold"/>
      <input>
        <soap12:body use="literal"/>
      </input>
      <output>
        <soap12:body use="literal"/>
      </output>
      <fault name="GenericFault"/>
    </operation>
    <operation name="salesOrderManagementV1AddComment">
      <soap12:operation soapAction="salesOrderManagementV1AddComment"/>
      <input>
        <soap12:body use="literal"/>
      </input>
      <output>
        <soap12:body use="literal"/>
      </output>
      <fault name="GenericFault"/>
    </operation>
    <operation name="salesOrderManagementV1GetCommentsList">
      <soap12:operation soapAction="salesOrderManagementV1GetCommentsList"/>
      <input>
        <soap12:body use="literal"/>
      </input>
      <output>
        <soap12:body use="literal"/>
      </output>
      <fault name="GenericFault"/>
    </operation>
  </binding>
  <service name="salesOrderManagementV1Service">
    <port name="salesOrderManagementV1Port" binding="tns:salesOrderManagementV1Binding">
      <soap12:address location="http://soap.upskills.in/soap/default?services=salesOrderManagementV1"/>
    </port>
  </service>
  <message name="salesOrderManagementV1GetStatusRequest">
    <part name="messageParameters" element="tns:salesOrderManagementV1GetStatusRequest"/>
  </message>
  <message name="salesOrderManagementV1GetStatusResponse">
    <part name="messageParameters" element="tns:salesOrderManagementV1GetStatusResponse"/>
  </message>
  <message name="salesOrderManagementV1CancelRequest">
    <part name="messageParameters" element="tns:salesOrderManagementV1CancelRequest"/>
  </message>
  <message name="salesOrderManagementV1CancelResponse">
    <part name="messageParameters" element="tns:salesOrderManagementV1CancelResponse"/>
  </message>
  <message name="salesOrderManagementV1NotifyRequest">
    <part name="messageParameters" element="tns:salesOrderManagementV1NotifyRequest"/>
  </message>
  <message name="salesOrderManagementV1NotifyResponse">
    <part name="messageParameters" element="tns:salesOrderManagementV1NotifyResponse"/>
  </message>
  <message name="salesOrderManagementV1HoldRequest">
    <part name="messageParameters" element="tns:salesOrderManagementV1HoldRequest"/>
  </message>
  <message name="salesOrderManagementV1HoldResponse">
    <part name="messageParameters" element="tns:salesOrderManagementV1HoldResponse"/>
  </message>
  <message name="salesOrderManagementV1UnHoldRequest">
    <part name="messageParameters" element="tns:salesOrderManagementV1UnHoldRequest"/>
  </message>
  <message name="salesOrderManagementV1UnHoldResponse">
    <part name="messageParameters" element="tns:salesOrderManagementV1UnHoldResponse"/>
  </message>
  <message name="salesOrderManagementV1AddCommentRequest">
    <part name="messageParameters" element="tns:salesOrderManagementV1AddCommentRequest"/>
  </message>
  <message name="salesOrderManagementV1AddCommentResponse">
    <part name="messageParameters" element="tns:salesOrderManagementV1AddCommentResponse"/>
  </message>
  <message name="salesOrderManagementV1GetCommentsListRequest">
    <part name="messageParameters" element="tns:salesOrderManagementV1GetCommentsListRequest"/>
  </message>
  <message name="salesOrderManagementV1GetCommentsListResponse">
    <part name="messageParameters" element="tns:salesOrderManagementV1GetCommentsListResponse"/>
  </message>
</definitions>]]></con:content><con:type>http://schemas.xmlsoap.org/wsdl/</con:type></con:part></con:definitionCache><con:endpoints><con:endpoint>http://soap.upskills.in/soap/default?services=salesOrderManagementV1</con:endpoint></con:endpoints><con:operation id="44260a49-fb8c-47f2-b2e4-18db9cf83183" isOneWay="false" action="salesOrderManagementV1AddComment" name="salesOrderManagementV1AddComment" bindingOperationName="salesOrderManagementV1AddComment" type="Request-Response" inputName="" receivesAttachments="false" sendsAttachments="false" anonymous="optional"><con:settings/><con:call id="8dfc38bc-56b2-4059-bc99-7481aa0340bc" name="Request 1"><con:settings/><con:encoding>UTF-8</con:encoding><con:endpoint>http://soap.upskills.in/soap/default?services=salesOrderManagementV1</con:endpoint><con:request><![CDATA[<soap:Envelope xmlns:soap="http://www.w3.org/2003/05/soap-envelope" xmlns:def="http://soap.upskills.in/soap/default?services=salesOrderManagementV1">
   <soap:Header/>
   <soap:Body>
      <def:salesOrderManagementV1AddCommentRequest>
         <id>?</id>
         <statusHistory>
            <comment>?</comment>
            <!--Optional:-->
            <createdAt>?</createdAt>
            <!--Optional:-->
            <entityId>?</entityId>
            <!--Optional:-->
            <entityName>?</entityName>
            <isCustomerNotified>?</isCustomerNotified>
            <isVisibleOnFront>?</isVisibleOnFront>
            <parentId>?</parentId>
            <!--Optional:-->
            <status>?</status>
            <!--Optional:-->
            <extensionAttributes/>
         </statusHistory>
      </def:salesOrderManagementV1AddCommentRequest>
   </soap:Body>
</soap:Envelope>]]></con:request><con:credentials><con:authType>No Authorization</con:authType></con:credentials><con:jmsConfig JMSDeliveryMode="PERSISTENT"/><con:jmsPropertyConfig/><con:wsaConfig mustUnderstand="NONE" version="200508" action="http://soap.upskills.in/soap/default?services=salesOrderManagementV1/salesOrderManagementV1PortType/salesOrderManagementV1AddCommentRequest"/><con:wsrmConfig version="1.2"/></con:call></con:operation><con:operation id="4eeeacd0-bfc5-46da-86d5-42af7fdb2595" isOneWay="false" action="salesOrderManagementV1Cancel" name="salesOrderManagementV1Cancel" bindingOperationName="salesOrderManagementV1Cancel" type="Request-Response" inputName="" receivesAttachments="false" sendsAttachments="false" anonymous="optional"><con:settings/><con:call id="e41d93a4-0271-4eee-9276-c9d047c1bf28" name="Request 1"><con:settings/><con:encoding>UTF-8</con:encoding><con:endpoint>http://soap.upskills.in/soap/default?services=salesOrderManagementV1</con:endpoint><con:request><![CDATA[<soap:Envelope xmlns:soap="http://www.w3.org/2003/05/soap-envelope" xmlns:def="http://soap.upskills.in/soap/default?services=salesOrderManagementV1">
   <soap:Header/>
   <soap:Body>
      <def:salesOrderManagementV1CancelRequest>
         <id>?</id>
      </def:salesOrderManagementV1CancelRequest>
   </soap:Body>
</soap:Envelope>]]></con:request><con:wsaConfig mustUnderstand="NONE" version="200508" action="http://soap.upskills.in/soap/default?services=salesOrderManagementV1/salesOrderManagementV1PortType/salesOrderManagementV1CancelRequest"/></con:call></con:operation><con:operation id="0a06650c-e428-4c99-ac71-ee46c633511a" isOneWay="false" action="salesOrderManagementV1GetCommentsList" name="salesOrderManagementV1GetCommentsList" bindingOperationName="salesOrderManagementV1GetCommentsList" type="Request-Response" inputName="" receivesAttachments="false" sendsAttachments="false" anonymous="optional"><con:settings/><con:call id="0bf067c4-2b38-48b9-9c6a-7562f84ebe9f" name="Request 1"><con:settings/><con:encoding>UTF-8</con:encoding><con:endpoint>http://soap.upskills.in/soap/default?services=salesOrderManagementV1</con:endpoint><con:request><![CDATA[<soap:Envelope xmlns:soap="http://www.w3.org/2003/05/soap-envelope" xmlns:def="http://soap.upskills.in/soap/default?services=salesOrderManagementV1">
   <soap:Header/>
   <soap:Body>
      <def:salesOrderManagementV1GetCommentsListRequest>
         <id>?</id>
      </def:salesOrderManagementV1GetCommentsListRequest>
   </soap:Body>
</soap:Envelope>]]></con:request><con:wsaConfig mustUnderstand="NONE" version="200508" action="http://soap.upskills.in/soap/default?services=salesOrderManagementV1/salesOrderManagementV1PortType/salesOrderManagementV1GetCommentsListRequest"/></con:call></con:operation><con:operation id="eb842a01-75ff-4f21-a3fc-b4c041e962cd" isOneWay="false" action="salesOrderManagementV1GetStatus" name="salesOrderManagementV1GetStatus" bindingOperationName="salesOrderManagementV1GetStatus" type="Request-Response" inputName="" receivesAttachments="false" sendsAttachments="false" anonymous="optional"><con:settings/><con:call id="df3f59ca-817b-4272-bf75-6caeebbe5a20" name="Request 1"><con:settings><con:setting id="com.eviware.soapui.impl.wsdl.WsdlRequest@request-headers">&lt;entry key="Authorization" value="bearer f0rf13pxtxp7mftwc23rq6e52yvmi5um" xmlns="http://eviware.com/soapui/config"/></con:setting></con:settings><con:encoding>UTF-8</con:encoding><con:endpoint>http://soap.upskills.in/soap/default?services=salesOrderManagementV1</con:endpoint><con:request><![CDATA[<soap:Envelope xmlns:soap="http://www.w3.org/2003/05/soap-envelope" xmlns:def="http://soap.upskills.in/soap/default?services=salesOrderManagementV1">
   <soap:Header/>
   <soap:Body>
      <def:salesOrderManagementV1GetStatusRequest>
         <id>3</id>
      </def:salesOrderManagementV1GetStatusRequest>
   </soap:Body>
</soap:Envelope>]]></con:request><con:credentials><con:authType>No Authorization</con:authType></con:credentials><con:jmsConfig JMSDeliveryMode="PERSISTENT"/><con:jmsPropertyConfig/><con:wsaConfig mustUnderstand="NONE" version="200508" action="http://soap.upskills.in/soap/default?services=salesOrderManagementV1/salesOrderManagementV1PortType/salesOrderManagementV1GetStatusRequest"/><con:wsrmConfig version="1.2"/></con:call></con:operation><con:operation id="477868b1-fc39-471b-b5a7-a19ddcba81f3" isOneWay="false" action="salesOrderManagementV1Hold" name="salesOrderManagementV1Hold" bindingOperationName="salesOrderManagementV1Hold" type="Request-Response" inputName="" receivesAttachments="false" sendsAttachments="false" anonymous="optional"><con:settings/><con:call id="333c797c-5d64-4f33-999b-2b485dcfae26" name="Request 1"><con:settings/><con:encoding>UTF-8</con:encoding><con:endpoint>http://soap.upskills.in/soap/default?services=salesOrderManagementV1</con:endpoint><con:request><![CDATA[<soap:Envelope xmlns:soap="http://www.w3.org/2003/05/soap-envelope" xmlns:def="http://soap.upskills.in/soap/default?services=salesOrderManagementV1">
   <soap:Header/>
   <soap:Body>
      <def:salesOrderManagementV1HoldRequest>
         <id>?</id>
      </def:salesOrderManagementV1HoldRequest>
   </soap:Body>
</soap:Envelope>]]></con:request><con:wsaConfig mustUnderstand="NONE" version="200508" action="http://soap.upskills.in/soap/default?services=salesOrderManagementV1/salesOrderManagementV1PortType/salesOrderManagementV1HoldRequest"/></con:call></con:operation><con:operation id="1681c5dd-641f-4605-a31d-5e228804a910" isOneWay="false" action="salesOrderManagementV1Notify" name="salesOrderManagementV1Notify" bindingOperationName="salesOrderManagementV1Notify" type="Request-Response" inputName="" receivesAttachments="false" sendsAttachments="false" anonymous="optional"><con:settings/><con:call id="2b3fd639-d638-47d6-ac13-5046b3268404" name="Request 1"><con:settings/><con:encoding>UTF-8</con:encoding><con:endpoint>http://soap.upskills.in/soap/default?services=salesOrderManagementV1</con:endpoint><con:request><![CDATA[<soap:Envelope xmlns:soap="http://www.w3.org/2003/05/soap-envelope" xmlns:def="http://soap.upskills.in/soap/default?services=salesOrderManagementV1">
   <soap:Header/>
   <soap:Body>
      <def:salesOrderManagementV1NotifyRequest>
         <id>?</id>
      </def:salesOrderManagementV1NotifyRequest>
   </soap:Body>
</soap:Envelope>]]></con:request><con:wsaConfig mustUnderstand="NONE" version="200508" action="http://soap.upskills.in/soap/default?services=salesOrderManagementV1/salesOrderManagementV1PortType/salesOrderManagementV1NotifyRequest"/></con:call></con:operation><con:operation id="8f527d5f-b569-4b89-a2c2-5711f7125fed" isOneWay="false" action="salesOrderManagementV1UnHold" name="salesOrderManagementV1UnHold" bindingOperationName="salesOrderManagementV1UnHold" type="Request-Response" inputName="" receivesAttachments="false" sendsAttachments="false" anonymous="optional"><con:settings/><con:call id="1b68b263-0087-4805-876d-5052296aaa2a" name="Request 1"><con:settings/><con:encoding>UTF-8</con:encoding><con:endpoint>http://soap.upskills.in/soap/default?services=salesOrderManagementV1</con:endpoint><con:request><![CDATA[<soap:Envelope xmlns:soap="http://www.w3.org/2003/05/soap-envelope" xmlns:def="http://soap.upskills.in/soap/default?services=salesOrderManagementV1">
   <soap:Header/>
   <soap:Body>
      <def:salesOrderManagementV1UnHoldRequest>
         <id>?</id>
      </def:salesOrderManagementV1UnHoldRequest>
   </soap:Body>
</soap:Envelope>]]></con:request><con:wsaConfig mustUnderstand="NONE" version="200508" action="http://soap.upskills.in/soap/default?services=salesOrderManagementV1/salesOrderManagementV1PortType/salesOrderManagementV1UnHoldRequest"/></con:call></con:operation></con:interface><con:interface xsi:type="con:WsdlInterface" id="94781b40-50df-4c1d-8342-88a6ea6092ce" wsaVersion="NONE" name="salesOrderRepositoryV1Binding" type="wsdl" bindingName="{http://soap.upskills.in/soap/default?services=salesOrderRepositoryV1}salesOrderRepositoryV1Binding" soapVersion="1_2" anonymous="optional" definition="file:/Users/arunpsajapuram/Desktop/Data/Manipal%20Pro%20Learn/API%20Project/SOAP%20API%20WSDL%20EndPoints/salesOrderRepositoryV1.xml" xmlns:xsi="http://www.w3.org/2001/XMLSchema-instance"><con:settings/><con:definitionCache type="TEXT" rootPart="file:/Users/arunpsajapuram/Desktop/Data/Manipal%20Pro%20Learn/API%20Project/SOAP%20API%20WSDL%20EndPoints/salesOrderRepositoryV1.xml"><con:part><con:url>file:/Users/arunpsajapuram/Desktop/Data/Manipal%20Pro%20Learn/API%20Project/SOAP%20API%20WSDL%20EndPoints/salesOrderRepositoryV1.xml</con:url><con:content><![CDATA[<definitions name="MagentoWSDL" targetNamespace="http://soap.upskills.in/soap/default?services=salesOrderRepositoryV1" xmlns="http://schemas.xmlsoap.org/wsdl/" xmlns:wsdl="http://schemas.xmlsoap.org/wsdl/" xmlns:tns="http://soap.upskills.in/soap/default?services=salesOrderRepositoryV1" xmlns:soap="http://schemas.xmlsoap.org/wsdl/soap/" xmlns:xsd="http://www.w3.org/2001/XMLSchema" xmlns:soap-enc="http://schemas.xmlsoap.org/soap/encoding/" xmlns:soap12="http://schemas.xmlsoap.org/wsdl/soap12/">
  <types>
    <xsd:schema targetNamespace="http://soap.upskills.in/soap/default?services=salesOrderRepositoryV1">
      <xsd:element name="GenericFault" type="tns:GenericFault"/>
      <xsd:complexType name="GenericFaultParameter">
        <xsd:sequence>
          <xsd:element name="key" minOccurs="1" maxOccurs="1" type="xsd:string">
            <xsd:annotation>
              <xsd:documentation/>
              <xsd:appinfo xmlns:inf="http://soap.upskills.in/soap/default?services=salesOrderRepositoryV1">
                <inf:maxLength/>
              </xsd:appinfo>
            </xsd:annotation>
          </xsd:element>
          <xsd:element name="value" minOccurs="1" maxOccurs="1" type="xsd:string">
            <xsd:annotation>
              <xsd:documentation/>
              <xsd:appinfo xmlns:inf="http://soap.upskills.in/soap/default?services=salesOrderRepositoryV1">
                <inf:maxLength/>
              </xsd:appinfo>
            </xsd:annotation>
          </xsd:element>
        </xsd:sequence>
      </xsd:complexType>
      <xsd:complexType name="ArrayOfGenericFaultParameter">
        <xsd:annotation>
          <xsd:documentation>An array of GenericFaultParameter items.</xsd:documentation>
          <xsd:appinfo xmlns:inf="http://soap.upskills.in/soap/default?services=salesOrderRepositoryV1"/>
        </xsd:annotation>
        <xsd:sequence>
          <xsd:element name="item" minOccurs="0" maxOccurs="unbounded" type="tns:GenericFaultParameter">
            <xsd:annotation>
              <xsd:documentation>An item of ArrayOfGenericFaultParameter.</xsd:documentation>
              <xsd:appinfo xmlns:inf="http://soap.upskills.in/soap/default?services=salesOrderRepositoryV1"/>
            </xsd:annotation>
          </xsd:element>
        </xsd:sequence>
      </xsd:complexType>
      <xsd:complexType name="WrappedError">
        <xsd:sequence>
          <xsd:element name="message" minOccurs="1" maxOccurs="1" type="xsd:string">
            <xsd:annotation>
              <xsd:documentation/>
              <xsd:appinfo xmlns:inf="http://soap.upskills.in/soap/default?services=salesOrderRepositoryV1">
                <inf:maxLength/>
              </xsd:appinfo>
            </xsd:annotation>
          </xsd:element>
          <xsd:element name="parameters" type="tns:ArrayOfGenericFaultParameter" minOccurs="0">
            <xsd:annotation>
              <xsd:documentation>Message parameters.</xsd:documentation>
              <xsd:appinfo xmlns:inf="http://soap.upskills.in/soap/default?services=salesOrderRepositoryV1">
                <inf:natureOfType>array</inf:natureOfType>
              </xsd:appinfo>
            </xsd:annotation>
          </xsd:element>
        </xsd:sequence>
      </xsd:complexType>
      <xsd:complexType name="ArrayOfWrappedError">
        <xsd:annotation>
          <xsd:documentation>An array of WrappedError items.</xsd:documentation>
          <xsd:appinfo xmlns:inf="http://soap.upskills.in/soap/default?services=salesOrderRepositoryV1"/>
        </xsd:annotation>
        <xsd:sequence>
          <xsd:element name="item" minOccurs="0" maxOccurs="unbounded" type="tns:WrappedError">
            <xsd:annotation>
              <xsd:documentation>An item of ArrayOfWrappedError.</xsd:documentation>
              <xsd:appinfo xmlns:inf="http://soap.upskills.in/soap/default?services=salesOrderRepositoryV1"/>
            </xsd:annotation>
          </xsd:element>
        </xsd:sequence>
      </xsd:complexType>
      <xsd:complexType name="GenericFault">
        <xsd:sequence>
          <xsd:element name="Trace" minOccurs="0" maxOccurs="1" type="xsd:string">
            <xsd:annotation>
              <xsd:documentation>Exception calls stack trace.</xsd:documentation>
              <xsd:appinfo xmlns:inf="http://soap.upskills.in/soap/default?services=salesOrderRepositoryV1">
                <inf:maxLength/>
              </xsd:appinfo>
            </xsd:annotation>
          </xsd:element>
          <xsd:element name="Parameters" type="tns:ArrayOfGenericFaultParameter" minOccurs="0">
            <xsd:annotation>
              <xsd:documentation>Additional exception parameters.</xsd:documentation>
              <xsd:appinfo xmlns:inf="http://soap.upskills.in/soap/default?services=salesOrderRepositoryV1">
                <inf:natureOfType>array</inf:natureOfType>
              </xsd:appinfo>
            </xsd:annotation>
          </xsd:element>
          <xsd:element name="WrappedErrors" type="tns:ArrayOfWrappedError" minOccurs="0">
            <xsd:annotation>
              <xsd:documentation>Additional wrapped errors.</xsd:documentation>
              <xsd:appinfo xmlns:inf="http://soap.upskills.in/soap/default?services=salesOrderRepositoryV1">
                <inf:natureOfType>array</inf:natureOfType>
              </xsd:appinfo>
            </xsd:annotation>
          </xsd:element>
        </xsd:sequence>
      </xsd:complexType>
      <xsd:complexType name="FrameworkDataImageContentInterface">
        <xsd:annotation>
          <xsd:documentation>Image Content data interface</xsd:documentation>
          <xsd:appinfo xmlns:inf="http://soap.upskills.in/soap/default?services=salesOrderRepositoryV1"/>
        </xsd:annotation>
        <xsd:sequence>
          <xsd:element name="base64EncodedData" minOccurs="1" maxOccurs="1" type="xsd:string">
            <xsd:annotation>
              <xsd:documentation>Media data (base64 encoded content)</xsd:documentation>
              <xsd:appinfo xmlns:inf="http://soap.upskills.in/soap/default?services=salesOrderRepositoryV1">
                <inf:maxLength/>
              </xsd:appinfo>
            </xsd:annotation>
          </xsd:element>
          <xsd:element name="type" minOccurs="1" maxOccurs="1" type="xsd:string">
            <xsd:annotation>
              <xsd:documentation>MIME type</xsd:documentation>
              <xsd:appinfo xmlns:inf="http://soap.upskills.in/soap/default?services=salesOrderRepositoryV1">
                <inf:maxLength/>
              </xsd:appinfo>
            </xsd:annotation>
          </xsd:element>
          <xsd:element name="name" minOccurs="1" maxOccurs="1" type="xsd:string">
            <xsd:annotation>
              <xsd:documentation>Image name</xsd:documentation>
              <xsd:appinfo xmlns:inf="http://soap.upskills.in/soap/default?services=salesOrderRepositoryV1">
                <inf:maxLength/>
              </xsd:appinfo>
            </xsd:annotation>
          </xsd:element>
        </xsd:sequence>
      </xsd:complexType>
      <xsd:complexType name="CustomerDataRegionExtensionInterface">
        <xsd:annotation>
          <xsd:documentation>ExtensionInterface class for @see \Magento\Customer\Api\Data\RegionInterface</xsd:documentation>
          <xsd:appinfo xmlns:inf="http://soap.upskills.in/soap/default?services=salesOrderRepositoryV1"/>
        </xsd:annotation>
      </xsd:complexType>
      <xsd:complexType name="CustomerDataRegionInterface">
        <xsd:annotation>
          <xsd:documentation>Customer address region interface.</xsd:documentation>
          <xsd:appinfo xmlns:inf="http://soap.upskills.in/soap/default?services=salesOrderRepositoryV1"/>
        </xsd:annotation>
        <xsd:sequence>
          <xsd:element name="regionCode" minOccurs="1" maxOccurs="1" type="xsd:string">
            <xsd:annotation>
              <xsd:documentation>Region code</xsd:documentation>
              <xsd:appinfo xmlns:inf="http://soap.upskills.in/soap/default?services=salesOrderRepositoryV1">
                <inf:maxLength/>
              </xsd:appinfo>
            </xsd:annotation>
          </xsd:element>
          <xsd:element name="region" minOccurs="1" maxOccurs="1" type="xsd:string">
            <xsd:annotation>
              <xsd:documentation>Region</xsd:documentation>
              <xsd:appinfo xmlns:inf="http://soap.upskills.in/soap/default?services=salesOrderRepositoryV1">
                <inf:maxLength/>
              </xsd:appinfo>
            </xsd:annotation>
          </xsd:element>
          <xsd:element name="regionId" minOccurs="1" maxOccurs="1" type="xsd:int">
            <xsd:annotation>
              <xsd:documentation>Region id</xsd:documentation>
              <xsd:appinfo xmlns:inf="http://soap.upskills.in/soap/default?services=salesOrderRepositoryV1">
                <inf:min/>
                <inf:max/>
              </xsd:appinfo>
            </xsd:annotation>
          </xsd:element>
          <xsd:element name="extensionAttributes" minOccurs="0" maxOccurs="1" type="tns:CustomerDataRegionExtensionInterface">
            <xsd:annotation>
              <xsd:documentation>Existing extension attributes object or create a new one.</xsd:documentation>
              <xsd:appinfo xmlns:inf="http://soap.upskills.in/soap/default?services=salesOrderRepositoryV1"/>
            </xsd:annotation>
          </xsd:element>
        </xsd:sequence>
      </xsd:complexType>
      <xsd:complexType name="ArrayOfString">
        <xsd:annotation>
          <xsd:documentation>An array of string items.</xsd:documentation>
          <xsd:appinfo xmlns:inf="http://soap.upskills.in/soap/default?services=salesOrderRepositoryV1"/>
        </xsd:annotation>
        <xsd:sequence>
          <xsd:element name="item" minOccurs="0" maxOccurs="unbounded" type="xsd:string">
            <xsd:annotation>
              <xsd:documentation>An item of ArrayOfString.</xsd:documentation>
              <xsd:appinfo xmlns:inf="http://soap.upskills.in/soap/default?services=salesOrderRepositoryV1">
                <inf:maxLength/>
              </xsd:appinfo>
            </xsd:annotation>
          </xsd:element>
        </xsd:sequence>
      </xsd:complexType>
      <xsd:complexType name="CustomerDataAddressExtensionInterface">
        <xsd:annotation>
          <xsd:documentation>ExtensionInterface class for @see \Magento\Customer\Api\Data\AddressInterface</xsd:documentation>
          <xsd:appinfo xmlns:inf="http://soap.upskills.in/soap/default?services=salesOrderRepositoryV1"/>
        </xsd:annotation>
      </xsd:complexType>
      <xsd:complexType name="FrameworkAttributeInterface">
        <xsd:annotation>
          <xsd:documentation>Interface for custom attribute value.</xsd:documentation>
          <xsd:appinfo xmlns:inf="http://soap.upskills.in/soap/default?services=salesOrderRepositoryV1"/>
        </xsd:annotation>
        <xsd:sequence>
          <xsd:element name="attributeCode" minOccurs="1" maxOccurs="1" type="xsd:string">
            <xsd:annotation>
              <xsd:documentation>Attribute code</xsd:documentation>
              <xsd:appinfo xmlns:inf="http://soap.upskills.in/soap/default?services=salesOrderRepositoryV1">
                <inf:maxLength/>
              </xsd:appinfo>
            </xsd:annotation>
          </xsd:element>
          <xsd:element name="value" minOccurs="1" maxOccurs="1" type="xsd:anyType">
            <xsd:annotation>
              <xsd:documentation>Attribute value</xsd:documentation>
              <xsd:appinfo xmlns:inf="http://soap.upskills.in/soap/default?services=salesOrderRepositoryV1"/>
            </xsd:annotation>
          </xsd:element>
        </xsd:sequence>
      </xsd:complexType>
      <xsd:complexType name="ArrayOfFrameworkAttributeInterface">
        <xsd:annotation>
          <xsd:documentation>An array of FrameworkAttributeInterface items.</xsd:documentation>
          <xsd:appinfo xmlns:inf="http://soap.upskills.in/soap/default?services=salesOrderRepositoryV1"/>
        </xsd:annotation>
        <xsd:sequence>
          <xsd:element name="item" minOccurs="0" maxOccurs="unbounded" type="tns:FrameworkAttributeInterface">
            <xsd:annotation>
              <xsd:documentation>An item of ArrayOfFrameworkAttributeInterface.</xsd:documentation>
              <xsd:appinfo xmlns:inf="http://soap.upskills.in/soap/default?services=salesOrderRepositoryV1"/>
            </xsd:annotation>
          </xsd:element>
        </xsd:sequence>
      </xsd:complexType>
      <xsd:complexType name="CustomerDataAddressInterface">
        <xsd:annotation>
          <xsd:documentation>Customer address interface.</xsd:documentation>
          <xsd:appinfo xmlns:inf="http://soap.upskills.in/soap/default?services=salesOrderRepositoryV1"/>
        </xsd:annotation>
        <xsd:sequence>
          <xsd:element name="id" minOccurs="0" maxOccurs="1" type="xsd:int">
            <xsd:annotation>
              <xsd:documentation>ID</xsd:documentation>
              <xsd:appinfo xmlns:inf="http://soap.upskills.in/soap/default?services=salesOrderRepositoryV1">
                <inf:min/>
                <inf:max/>
              </xsd:appinfo>
            </xsd:annotation>
          </xsd:element>
          <xsd:element name="customerId" minOccurs="0" maxOccurs="1" type="xsd:int">
            <xsd:annotation>
              <xsd:documentation>Customer ID</xsd:documentation>
              <xsd:appinfo xmlns:inf="http://soap.upskills.in/soap/default?services=salesOrderRepositoryV1">
                <inf:min/>
                <inf:max/>
              </xsd:appinfo>
            </xsd:annotation>
          </xsd:element>
          <xsd:element name="region" minOccurs="0" maxOccurs="1" type="tns:CustomerDataRegionInterface">
            <xsd:annotation>
              <xsd:documentation>Region</xsd:documentation>
              <xsd:appinfo xmlns:inf="http://soap.upskills.in/soap/default?services=salesOrderRepositoryV1"/>
            </xsd:annotation>
          </xsd:element>
          <xsd:element name="regionId" minOccurs="0" maxOccurs="1" type="xsd:int">
            <xsd:annotation>
              <xsd:documentation>Region ID</xsd:documentation>
              <xsd:appinfo xmlns:inf="http://soap.upskills.in/soap/default?services=salesOrderRepositoryV1">
                <inf:min/>
                <inf:max/>
              </xsd:appinfo>
            </xsd:annotation>
          </xsd:element>
          <xsd:element name="countryId" minOccurs="0" maxOccurs="1" type="xsd:string">
            <xsd:annotation>
              <xsd:documentation>Country code in ISO_3166-2 format</xsd:documentation>
              <xsd:appinfo xmlns:inf="http://soap.upskills.in/soap/default?services=salesOrderRepositoryV1">
                <inf:maxLength/>
              </xsd:appinfo>
            </xsd:annotation>
          </xsd:element>
          <xsd:element name="street" type="tns:ArrayOfString" minOccurs="0">
            <xsd:annotation>
              <xsd:documentation>Street</xsd:documentation>
              <xsd:appinfo xmlns:inf="http://soap.upskills.in/soap/default?services=salesOrderRepositoryV1">
                <inf:natureOfType>array</inf:natureOfType>
              </xsd:appinfo>
            </xsd:annotation>
          </xsd:element>
          <xsd:element name="company" minOccurs="0" maxOccurs="1" type="xsd:string">
            <xsd:annotation>
              <xsd:documentation>Company</xsd:documentation>
              <xsd:appinfo xmlns:inf="http://soap.upskills.in/soap/default?services=salesOrderRepositoryV1">
                <inf:maxLength/>
              </xsd:appinfo>
            </xsd:annotation>
          </xsd:element>
          <xsd:element name="telephone" minOccurs="0" maxOccurs="1" type="xsd:string">
            <xsd:annotation>
              <xsd:documentation>Telephone number</xsd:documentation>
              <xsd:appinfo xmlns:inf="http://soap.upskills.in/soap/default?services=salesOrderRepositoryV1">
                <inf:maxLength/>
              </xsd:appinfo>
            </xsd:annotation>
          </xsd:element>
          <xsd:element name="fax" minOccurs="0" maxOccurs="1" type="xsd:string">
            <xsd:annotation>
              <xsd:documentation>Fax number</xsd:documentation>
              <xsd:appinfo xmlns:inf="http://soap.upskills.in/soap/default?services=salesOrderRepositoryV1">
                <inf:maxLength/>
              </xsd:appinfo>
            </xsd:annotation>
          </xsd:element>
          <xsd:element name="postcode" minOccurs="0" maxOccurs="1" type="xsd:string">
            <xsd:annotation>
              <xsd:documentation>Postcode</xsd:documentation>
              <xsd:appinfo xmlns:inf="http://soap.upskills.in/soap/default?services=salesOrderRepositoryV1">
                <inf:maxLength/>
              </xsd:appinfo>
            </xsd:annotation>
          </xsd:element>
          <xsd:element name="city" minOccurs="0" maxOccurs="1" type="xsd:string">
            <xsd:annotation>
              <xsd:documentation>City name</xsd:documentation>
              <xsd:appinfo xmlns:inf="http://soap.upskills.in/soap/default?services=salesOrderRepositoryV1">
                <inf:maxLength/>
              </xsd:appinfo>
            </xsd:annotation>
          </xsd:element>
          <xsd:element name="firstname" minOccurs="0" maxOccurs="1" type="xsd:string">
            <xsd:annotation>
              <xsd:documentation>First name</xsd:documentation>
              <xsd:appinfo xmlns:inf="http://soap.upskills.in/soap/default?services=salesOrderRepositoryV1">
                <inf:maxLength/>
              </xsd:appinfo>
            </xsd:annotation>
          </xsd:element>
          <xsd:element name="lastname" minOccurs="0" maxOccurs="1" type="xsd:string">
            <xsd:annotation>
              <xsd:documentation>Last name</xsd:documentation>
              <xsd:appinfo xmlns:inf="http://soap.upskills.in/soap/default?services=salesOrderRepositoryV1">
                <inf:maxLength/>
              </xsd:appinfo>
            </xsd:annotation>
          </xsd:element>
          <xsd:element name="middlename" minOccurs="0" maxOccurs="1" type="xsd:string">
            <xsd:annotation>
              <xsd:documentation>Middle name</xsd:documentation>
              <xsd:appinfo xmlns:inf="http://soap.upskills.in/soap/default?services=salesOrderRepositoryV1">
                <inf:maxLength/>
              </xsd:appinfo>
            </xsd:annotation>
          </xsd:element>
          <xsd:element name="prefix" minOccurs="0" maxOccurs="1" type="xsd:string">
            <xsd:annotation>
              <xsd:documentation>Prefix</xsd:documentation>
              <xsd:appinfo xmlns:inf="http://soap.upskills.in/soap/default?services=salesOrderRepositoryV1">
                <inf:maxLength/>
              </xsd:appinfo>
            </xsd:annotation>
          </xsd:element>
          <xsd:element name="suffix" minOccurs="0" maxOccurs="1" type="xsd:string">
            <xsd:annotation>
              <xsd:documentation>Suffix</xsd:documentation>
              <xsd:appinfo xmlns:inf="http://soap.upskills.in/soap/default?services=salesOrderRepositoryV1">
                <inf:maxLength/>
              </xsd:appinfo>
            </xsd:annotation>
          </xsd:element>
          <xsd:element name="vatId" minOccurs="0" maxOccurs="1" type="xsd:string">
            <xsd:annotation>
              <xsd:documentation>Vat id</xsd:documentation>
              <xsd:appinfo xmlns:inf="http://soap.upskills.in/soap/default?services=salesOrderRepositoryV1">
                <inf:maxLength/>
              </xsd:appinfo>
            </xsd:annotation>
          </xsd:element>
          <xsd:element name="defaultShipping" minOccurs="0" maxOccurs="1" type="xsd:boolean">
            <xsd:annotation>
              <xsd:documentation>If this address is default shipping address.</xsd:documentation>
              <xsd:appinfo xmlns:inf="http://soap.upskills.in/soap/default?services=salesOrderRepositoryV1">
                <inf:default>false</inf:default>
              </xsd:appinfo>
            </xsd:annotation>
          </xsd:element>
          <xsd:element name="defaultBilling" minOccurs="0" maxOccurs="1" type="xsd:boolean">
            <xsd:annotation>
              <xsd:documentation>If this address is default billing address</xsd:documentation>
              <xsd:appinfo xmlns:inf="http://soap.upskills.in/soap/default?services=salesOrderRepositoryV1">
                <inf:default>false</inf:default>
              </xsd:appinfo>
            </xsd:annotation>
          </xsd:element>
          <xsd:element name="extensionAttributes" minOccurs="0" maxOccurs="1" type="tns:CustomerDataAddressExtensionInterface">
            <xsd:annotation>
              <xsd:documentation>Existing extension attributes object or create a new one.</xsd:documentation>
              <xsd:appinfo xmlns:inf="http://soap.upskills.in/soap/default?services=salesOrderRepositoryV1"/>
            </xsd:annotation>
          </xsd:element>
          <xsd:element name="customAttributes" type="tns:ArrayOfFrameworkAttributeInterface" minOccurs="0">
            <xsd:annotation>
              <xsd:documentation>Custom attributes values.</xsd:documentation>
              <xsd:appinfo xmlns:inf="http://soap.upskills.in/soap/default?services=salesOrderRepositoryV1">
                <inf:natureOfType>array</inf:natureOfType>
              </xsd:appinfo>
            </xsd:annotation>
          </xsd:element>
        </xsd:sequence>
      </xsd:complexType>
      <xsd:element name="salesOrderRepositoryV1GetRequest" type="tns:SalesOrderRepositoryV1GetRequest"/>
      <xsd:complexType name="SalesOrderRepositoryV1GetRequest">
        <xsd:annotation>
          <xsd:documentation>Loads a specified order.</xsd:documentation>
          <xsd:appinfo xmlns:inf="http://soap.upskills.in/soap/default?services=salesOrderRepositoryV1"/>
        </xsd:annotation>
        <xsd:sequence>
          <xsd:element name="id" minOccurs="1" maxOccurs="1" type="xsd:int">
            <xsd:annotation>
              <xsd:documentation>The order ID.</xsd:documentation>
              <xsd:appinfo xmlns:inf="http://soap.upskills.in/soap/default?services=salesOrderRepositoryV1">
                <inf:min/>
                <inf:max/>
                <inf:callInfo>
                  <inf:callName>salesOrderRepositoryV1Get</inf:callName>
                  <inf:requiredInput>Yes</inf:requiredInput>
                </inf:callInfo>
              </xsd:appinfo>
            </xsd:annotation>
          </xsd:element>
        </xsd:sequence>
      </xsd:complexType>
      <xsd:element name="salesOrderRepositoryV1GetResponse" type="tns:SalesOrderRepositoryV1GetResponse"/>
      <xsd:complexType name="CatalogDataCustomOptionExtensionInterface">
        <xsd:annotation>
          <xsd:documentation>ExtensionInterface class for @see \Magento\Catalog\Api\Data\CustomOptionInterface</xsd:documentation>
          <xsd:appinfo xmlns:inf="http://soap.upskills.in/soap/default?services=salesOrderRepositoryV1"/>
        </xsd:annotation>
        <xsd:sequence>
          <xsd:element name="fileInfo" minOccurs="0" maxOccurs="1" type="tns:FrameworkDataImageContentInterface">
            <xsd:annotation>
              <xsd:documentation/>
              <xsd:appinfo xmlns:inf="http://soap.upskills.in/soap/default?services=salesOrderRepositoryV1">
                <inf:callInfo>
                  <inf:callName>salesOrderRepositoryV1Get</inf:callName>
                  <inf:callName>salesOrderRepositoryV1Save</inf:callName>
                  <inf:returned>Conditionally</inf:returned>
                </inf:callInfo>
                <inf:callInfo>
                  <inf:callName>salesOrderRepositoryV1Save</inf:callName>
                  <inf:requiredInput>No</inf:requiredInput>
                </inf:callInfo>
              </xsd:appinfo>
            </xsd:annotation>
          </xsd:element>
        </xsd:sequence>
      </xsd:complexType>
      <xsd:complexType name="CatalogDataCustomOptionInterface">
        <xsd:annotation>
          <xsd:documentation>Interface CustomOptionInterface</xsd:documentation>
          <xsd:appinfo xmlns:inf="http://soap.upskills.in/soap/default?services=salesOrderRepositoryV1"/>
        </xsd:annotation>
        <xsd:sequence>
          <xsd:element name="optionId" minOccurs="1" maxOccurs="1" type="xsd:string">
            <xsd:annotation>
              <xsd:documentation>Option id</xsd:documentation>
              <xsd:appinfo xmlns:inf="http://soap.upskills.in/soap/default?services=salesOrderRepositoryV1">
                <inf:maxLength/>
                <inf:callInfo>
                  <inf:callName>salesOrderRepositoryV1Get</inf:callName>
                  <inf:callName>salesOrderRepositoryV1Save</inf:callName>
                  <inf:returned>Conditionally</inf:returned>
                </inf:callInfo>
                <inf:callInfo>
                  <inf:callName>salesOrderRepositoryV1Save</inf:callName>
                  <inf:requiredInput>No</inf:requiredInput>
                </inf:callInfo>
              </xsd:appinfo>
            </xsd:annotation>
          </xsd:element>
          <xsd:element name="optionValue" minOccurs="1" maxOccurs="1" type="xsd:string">
            <xsd:annotation>
              <xsd:documentation>Option value</xsd:documentation>
              <xsd:appinfo xmlns:inf="http://soap.upskills.in/soap/default?services=salesOrderRepositoryV1">
                <inf:maxLength/>
                <inf:callInfo>
                  <inf:callName>salesOrderRepositoryV1Get</inf:callName>
                  <inf:callName>salesOrderRepositoryV1Save</inf:callName>
                  <inf:returned>Conditionally</inf:returned>
                </inf:callInfo>
                <inf:callInfo>
                  <inf:callName>salesOrderRepositoryV1Save</inf:callName>
                  <inf:requiredInput>No</inf:requiredInput>
                </inf:callInfo>
              </xsd:appinfo>
            </xsd:annotation>
          </xsd:element>
          <xsd:element name="extensionAttributes" minOccurs="0" maxOccurs="1" type="tns:CatalogDataCustomOptionExtensionInterface">
            <xsd:annotation>
              <xsd:documentation>Existing extension attributes object or create a new one.</xsd:documentation>
              <xsd:appinfo xmlns:inf="http://soap.upskills.in/soap/default?services=salesOrderRepositoryV1">
                <inf:callInfo>
                  <inf:callName>salesOrderRepositoryV1Get</inf:callName>
                  <inf:callName>salesOrderRepositoryV1Save</inf:callName>
                  <inf:returned>Conditionally</inf:returned>
                </inf:callInfo>
                <inf:callInfo>
                  <inf:callName>salesOrderRepositoryV1Save</inf:callName>
                  <inf:requiredInput>No</inf:requiredInput>
                </inf:callInfo>
              </xsd:appinfo>
            </xsd:annotation>
          </xsd:element>
        </xsd:sequence>
      </xsd:complexType>
      <xsd:complexType name="ArrayOfCatalogDataCustomOptionInterface">
        <xsd:annotation>
          <xsd:documentation>An array of CatalogDataCustomOptionInterface items.</xsd:documentation>
          <xsd:appinfo xmlns:inf="http://soap.upskills.in/soap/default?services=salesOrderRepositoryV1"/>
        </xsd:annotation>
        <xsd:sequence>
          <xsd:element name="item" minOccurs="0" maxOccurs="unbounded" type="tns:CatalogDataCustomOptionInterface">
            <xsd:annotation>
              <xsd:documentation>An item of ArrayOfCatalogDataCustomOptionInterface.</xsd:documentation>
              <xsd:appinfo xmlns:inf="http://soap.upskills.in/soap/default?services=salesOrderRepositoryV1">
                <inf:callInfo>
                  <inf:callName>salesOrderRepositoryV1Get</inf:callName>
                  <inf:callName>salesOrderRepositoryV1Save</inf:callName>
                  <inf:returned>Conditionally</inf:returned>
                </inf:callInfo>
                <inf:callInfo>
                  <inf:callName>salesOrderRepositoryV1Save</inf:callName>
                  <inf:requiredInput>No</inf:requiredInput>
                </inf:callInfo>
              </xsd:appinfo>
            </xsd:annotation>
          </xsd:element>
        </xsd:sequence>
      </xsd:complexType>
      <xsd:complexType name="ConfigurableProductDataConfigurableItemOptionValueExtensionInterface">
        <xsd:annotation>
          <xsd:documentation>ExtensionInterface class for @see \Magento\ConfigurableProduct\Api\Data\ConfigurableItemOptionValueInterface</xsd:documentation>
          <xsd:appinfo xmlns:inf="http://soap.upskills.in/soap/default?services=salesOrderRepositoryV1"/>
        </xsd:annotation>
      </xsd:complexType>
      <xsd:complexType name="ConfigurableProductDataConfigurableItemOptionValueInterface">
        <xsd:annotation>
          <xsd:documentation>Interface ConfigurableItemOptionValueInterface</xsd:documentation>
          <xsd:appinfo xmlns:inf="http://soap.upskills.in/soap/default?services=salesOrderRepositoryV1"/>
        </xsd:annotation>
        <xsd:sequence>
          <xsd:element name="optionId" minOccurs="1" maxOccurs="1" type="xsd:string">
            <xsd:annotation>
              <xsd:documentation>Option SKU</xsd:documentation>
              <xsd:appinfo xmlns:inf="http://soap.upskills.in/soap/default?services=salesOrderRepositoryV1">
                <inf:maxLength/>
                <inf:callInfo>
                  <inf:callName>salesOrderRepositoryV1Get</inf:callName>
                  <inf:callName>salesOrderRepositoryV1Save</inf:callName>
                  <inf:returned>Conditionally</inf:returned>
                </inf:callInfo>
                <inf:callInfo>
                  <inf:callName>salesOrderRepositoryV1Save</inf:callName>
                  <inf:requiredInput>No</inf:requiredInput>
                </inf:callInfo>
              </xsd:appinfo>
            </xsd:annotation>
          </xsd:element>
          <xsd:element name="optionValue" minOccurs="0" maxOccurs="1" type="xsd:int">
            <xsd:annotation>
              <xsd:documentation>Item id</xsd:documentation>
              <xsd:appinfo xmlns:inf="http://soap.upskills.in/soap/default?services=salesOrderRepositoryV1">
                <inf:min/>
                <inf:max/>
                <inf:callInfo>
                  <inf:callName>salesOrderRepositoryV1Get</inf:callName>
                  <inf:callName>salesOrderRepositoryV1Save</inf:callName>
                  <inf:returned>Conditionally</inf:returned>
                </inf:callInfo>
                <inf:callInfo>
                  <inf:callName>salesOrderRepositoryV1Save</inf:callName>
                  <inf:requiredInput>No</inf:requiredInput>
                </inf:callInfo>
              </xsd:appinfo>
            </xsd:annotation>
          </xsd:element>
          <xsd:element name="extensionAttributes" minOccurs="0" maxOccurs="1" type="tns:ConfigurableProductDataConfigurableItemOptionValueExtensionInterface">
            <xsd:annotation>
              <xsd:documentation>Existing extension attributes object or create a new one.</xsd:documentation>
              <xsd:appinfo xmlns:inf="http://soap.upskills.in/soap/default?services=salesOrderRepositoryV1">
                <inf:callInfo>
                  <inf:callName>salesOrderRepositoryV1Get</inf:callName>
                  <inf:callName>salesOrderRepositoryV1Save</inf:callName>
                  <inf:returned>Conditionally</inf:returned>
                </inf:callInfo>
                <inf:callInfo>
                  <inf:callName>salesOrderRepositoryV1Save</inf:callName>
                  <inf:requiredInput>No</inf:requiredInput>
                </inf:callInfo>
              </xsd:appinfo>
            </xsd:annotation>
          </xsd:element>
        </xsd:sequence>
      </xsd:complexType>
      <xsd:complexType name="ArrayOfConfigurableProductDataConfigurableItemOptionValueInterface">
        <xsd:annotation>
          <xsd:documentation>An array of ConfigurableProductDataConfigurableItemOptionValueInterface items.</xsd:documentation>
          <xsd:appinfo xmlns:inf="http://soap.upskills.in/soap/default?services=salesOrderRepositoryV1"/>
        </xsd:annotation>
        <xsd:sequence>
          <xsd:element name="item" minOccurs="0" maxOccurs="unbounded" type="tns:ConfigurableProductDataConfigurableItemOptionValueInterface">
            <xsd:annotation>
              <xsd:documentation>An item of ArrayOfConfigurableProductDataConfigurableItemOptionValueInterface.</xsd:documentation>
              <xsd:appinfo xmlns:inf="http://soap.upskills.in/soap/default?services=salesOrderRepositoryV1">
                <inf:callInfo>
                  <inf:callName>salesOrderRepositoryV1Get</inf:callName>
                  <inf:callName>salesOrderRepositoryV1Save</inf:callName>
                  <inf:returned>Conditionally</inf:returned>
                </inf:callInfo>
                <inf:callInfo>
                  <inf:callName>salesOrderRepositoryV1Save</inf:callName>
                  <inf:requiredInput>No</inf:requiredInput>
                </inf:callInfo>
              </xsd:appinfo>
            </xsd:annotation>
          </xsd:element>
        </xsd:sequence>
      </xsd:complexType>
      <xsd:complexType name="ArrayOfInt">
        <xsd:annotation>
          <xsd:documentation>An array of int items.</xsd:documentation>
          <xsd:appinfo xmlns:inf="http://soap.upskills.in/soap/default?services=salesOrderRepositoryV1"/>
        </xsd:annotation>
        <xsd:sequence>
          <xsd:element name="item" minOccurs="0" maxOccurs="unbounded" type="xsd:int">
            <xsd:annotation>
              <xsd:documentation>An item of ArrayOfInt.</xsd:documentation>
              <xsd:appinfo xmlns:inf="http://soap.upskills.in/soap/default?services=salesOrderRepositoryV1">
                <inf:min/>
                <inf:max/>
                <inf:callInfo>
                  <inf:callName>salesOrderRepositoryV1Get</inf:callName>
                  <inf:callName>salesOrderRepositoryV1Save</inf:callName>
                  <inf:returned>Conditionally</inf:returned>
                </inf:callInfo>
                <inf:callInfo>
                  <inf:callName>salesOrderRepositoryV1Save</inf:callName>
                  <inf:requiredInput>No</inf:requiredInput>
                </inf:callInfo>
              </xsd:appinfo>
            </xsd:annotation>
          </xsd:element>
        </xsd:sequence>
      </xsd:complexType>
      <xsd:complexType name="DownloadableDataDownloadableOptionInterface">
        <xsd:annotation>
          <xsd:documentation>Downloadable Option</xsd:documentation>
          <xsd:appinfo xmlns:inf="http://soap.upskills.in/soap/default?services=salesOrderRepositoryV1"/>
        </xsd:annotation>
        <xsd:sequence>
          <xsd:element name="downloadableLinks" type="tns:ArrayOfInt">
            <xsd:annotation>
              <xsd:documentation>The list of downloadable links</xsd:documentation>
              <xsd:appinfo xmlns:inf="http://soap.upskills.in/soap/default?services=salesOrderRepositoryV1">
                <inf:natureOfType>array</inf:natureOfType>
                <inf:callInfo>
                  <inf:callName>salesOrderRepositoryV1Get</inf:callName>
                  <inf:callName>salesOrderRepositoryV1Save</inf:callName>
                  <inf:returned>Conditionally</inf:returned>
                </inf:callInfo>
                <inf:callInfo>
                  <inf:callName>salesOrderRepositoryV1Save</inf:callName>
                  <inf:requiredInput>No</inf:requiredInput>
                </inf:callInfo>
              </xsd:appinfo>
            </xsd:annotation>
          </xsd:element>
        </xsd:sequence>
      </xsd:complexType>
      <xsd:complexType name="BundleDataBundleOptionExtensionInterface">
        <xsd:annotation>
          <xsd:documentation>ExtensionInterface class for @see \Magento\Bundle\Api\Data\BundleOptionInterface</xsd:documentation>
          <xsd:appinfo xmlns:inf="http://soap.upskills.in/soap/default?services=salesOrderRepositoryV1"/>
        </xsd:annotation>
      </xsd:complexType>
      <xsd:complexType name="BundleDataBundleOptionInterface">
        <xsd:annotation>
          <xsd:documentation>Interface BundleOptionInterface</xsd:documentation>
          <xsd:appinfo xmlns:inf="http://soap.upskills.in/soap/default?services=salesOrderRepositoryV1"/>
        </xsd:annotation>
        <xsd:sequence>
          <xsd:element name="optionId" minOccurs="1" maxOccurs="1" type="xsd:int">
            <xsd:annotation>
              <xsd:documentation>Bundle option id.</xsd:documentation>
              <xsd:appinfo xmlns:inf="http://soap.upskills.in/soap/default?services=salesOrderRepositoryV1">
                <inf:min/>
                <inf:max/>
                <inf:callInfo>
                  <inf:callName>salesOrderRepositoryV1Get</inf:callName>
                  <inf:callName>salesOrderRepositoryV1Save</inf:callName>
                  <inf:returned>Conditionally</inf:returned>
                </inf:callInfo>
                <inf:callInfo>
                  <inf:callName>salesOrderRepositoryV1Save</inf:callName>
                  <inf:requiredInput>No</inf:requiredInput>
                </inf:callInfo>
              </xsd:appinfo>
            </xsd:annotation>
          </xsd:element>
          <xsd:element name="optionQty" minOccurs="1" maxOccurs="1" type="xsd:int">
            <xsd:annotation>
              <xsd:documentation>Bundle option quantity.</xsd:documentation>
              <xsd:appinfo xmlns:inf="http://soap.upskills.in/soap/default?services=salesOrderRepositoryV1">
                <inf:min/>
                <inf:max/>
                <inf:callInfo>
                  <inf:callName>salesOrderRepositoryV1Get</inf:callName>
                  <inf:callName>salesOrderRepositoryV1Save</inf:callName>
                  <inf:returned>Conditionally</inf:returned>
                </inf:callInfo>
                <inf:callInfo>
                  <inf:callName>salesOrderRepositoryV1Save</inf:callName>
                  <inf:requiredInput>No</inf:requiredInput>
                </inf:callInfo>
              </xsd:appinfo>
            </xsd:annotation>
          </xsd:element>
          <xsd:element name="optionSelections" type="tns:ArrayOfInt">
            <xsd:annotation>
              <xsd:documentation>Bundle option selection ids.</xsd:documentation>
              <xsd:appinfo xmlns:inf="http://soap.upskills.in/soap/default?services=salesOrderRepositoryV1">
                <inf:natureOfType>array</inf:natureOfType>
                <inf:callInfo>
                  <inf:callName>salesOrderRepositoryV1Get</inf:callName>
                  <inf:callName>salesOrderRepositoryV1Save</inf:callName>
                  <inf:returned>Conditionally</inf:returned>
                </inf:callInfo>
                <inf:callInfo>
                  <inf:callName>salesOrderRepositoryV1Save</inf:callName>
                  <inf:requiredInput>No</inf:requiredInput>
                </inf:callInfo>
              </xsd:appinfo>
            </xsd:annotation>
          </xsd:element>
          <xsd:element name="extensionAttributes" minOccurs="0" maxOccurs="1" type="tns:BundleDataBundleOptionExtensionInterface">
            <xsd:annotation>
              <xsd:documentation>Existing extension attributes object or create a new one.</xsd:documentation>
              <xsd:appinfo xmlns:inf="http://soap.upskills.in/soap/default?services=salesOrderRepositoryV1">
                <inf:callInfo>
                  <inf:callName>salesOrderRepositoryV1Get</inf:callName>
                  <inf:callName>salesOrderRepositoryV1Save</inf:callName>
                  <inf:returned>Conditionally</inf:returned>
                </inf:callInfo>
                <inf:callInfo>
                  <inf:callName>salesOrderRepositoryV1Save</inf:callName>
                  <inf:requiredInput>No</inf:requiredInput>
                </inf:callInfo>
              </xsd:appinfo>
            </xsd:annotation>
          </xsd:element>
        </xsd:sequence>
      </xsd:complexType>
      <xsd:complexType name="ArrayOfBundleDataBundleOptionInterface">
        <xsd:annotation>
          <xsd:documentation>An array of BundleDataBundleOptionInterface items.</xsd:documentation>
          <xsd:appinfo xmlns:inf="http://soap.upskills.in/soap/default?services=salesOrderRepositoryV1"/>
        </xsd:annotation>
        <xsd:sequence>
          <xsd:element name="item" minOccurs="0" maxOccurs="unbounded" type="tns:BundleDataBundleOptionInterface">
            <xsd:annotation>
              <xsd:documentation>An item of ArrayOfBundleDataBundleOptionInterface.</xsd:documentation>
              <xsd:appinfo xmlns:inf="http://soap.upskills.in/soap/default?services=salesOrderRepositoryV1">
                <inf:callInfo>
                  <inf:callName>salesOrderRepositoryV1Get</inf:callName>
                  <inf:callName>salesOrderRepositoryV1Save</inf:callName>
                  <inf:returned>Conditionally</inf:returned>
                </inf:callInfo>
                <inf:callInfo>
                  <inf:callName>salesOrderRepositoryV1Save</inf:callName>
                  <inf:requiredInput>No</inf:requiredInput>
                </inf:callInfo>
              </xsd:appinfo>
            </xsd:annotation>
          </xsd:element>
        </xsd:sequence>
      </xsd:complexType>
      <xsd:complexType name="CatalogDataProductOptionExtensionInterface">
        <xsd:annotation>
          <xsd:documentation>ExtensionInterface class for @see \Magento\Catalog\Api\Data\ProductOptionInterface</xsd:documentation>
          <xsd:appinfo xmlns:inf="http://soap.upskills.in/soap/default?services=salesOrderRepositoryV1"/>
        </xsd:annotation>
        <xsd:sequence>
          <xsd:element name="customOptions" type="tns:ArrayOfCatalogDataCustomOptionInterface" minOccurs="0">
            <xsd:annotation>
              <xsd:documentation/>
              <xsd:appinfo xmlns:inf="http://soap.upskills.in/soap/default?services=salesOrderRepositoryV1">
                <inf:natureOfType>array</inf:natureOfType>
                <inf:callInfo>
                  <inf:callName>salesOrderRepositoryV1Get</inf:callName>
                  <inf:callName>salesOrderRepositoryV1Save</inf:callName>
                  <inf:returned>Conditionally</inf:returned>
                </inf:callInfo>
                <inf:callInfo>
                  <inf:callName>salesOrderRepositoryV1Save</inf:callName>
                  <inf:requiredInput>No</inf:requiredInput>
                </inf:callInfo>
              </xsd:appinfo>
            </xsd:annotation>
          </xsd:element>
          <xsd:element name="configurableItemOptions" type="tns:ArrayOfConfigurableProductDataConfigurableItemOptionValueInterface" minOccurs="0">
            <xsd:annotation>
              <xsd:documentation/>
              <xsd:appinfo xmlns:inf="http://soap.upskills.in/soap/default?services=salesOrderRepositoryV1">
                <inf:natureOfType>array</inf:natureOfType>
                <inf:callInfo>
                  <inf:callName>salesOrderRepositoryV1Get</inf:callName>
                  <inf:callName>salesOrderRepositoryV1Save</inf:callName>
                  <inf:returned>Conditionally</inf:returned>
                </inf:callInfo>
                <inf:callInfo>
                  <inf:callName>salesOrderRepositoryV1Save</inf:callName>
                  <inf:requiredInput>No</inf:requiredInput>
                </inf:callInfo>
              </xsd:appinfo>
            </xsd:annotation>
          </xsd:element>
          <xsd:element name="downloadableOption" minOccurs="0" maxOccurs="1" type="tns:DownloadableDataDownloadableOptionInterface">
            <xsd:annotation>
              <xsd:documentation/>
              <xsd:appinfo xmlns:inf="http://soap.upskills.in/soap/default?services=salesOrderRepositoryV1">
                <inf:callInfo>
                  <inf:callName>salesOrderRepositoryV1Get</inf:callName>
                  <inf:callName>salesOrderRepositoryV1Save</inf:callName>
                  <inf:returned>Conditionally</inf:returned>
                </inf:callInfo>
                <inf:callInfo>
                  <inf:callName>salesOrderRepositoryV1Save</inf:callName>
                  <inf:requiredInput>No</inf:requiredInput>
                </inf:callInfo>
              </xsd:appinfo>
            </xsd:annotation>
          </xsd:element>
          <xsd:element name="bundleOptions" type="tns:ArrayOfBundleDataBundleOptionInterface" minOccurs="0">
            <xsd:annotation>
              <xsd:documentation/>
              <xsd:appinfo xmlns:inf="http://soap.upskills.in/soap/default?services=salesOrderRepositoryV1">
                <inf:natureOfType>array</inf:natureOfType>
                <inf:callInfo>
                  <inf:callName>salesOrderRepositoryV1Get</inf:callName>
                  <inf:callName>salesOrderRepositoryV1Save</inf:callName>
                  <inf:returned>Conditionally</inf:returned>
                </inf:callInfo>
                <inf:callInfo>
                  <inf:callName>salesOrderRepositoryV1Save</inf:callName>
                  <inf:requiredInput>No</inf:requiredInput>
                </inf:callInfo>
              </xsd:appinfo>
            </xsd:annotation>
          </xsd:element>
        </xsd:sequence>
      </xsd:complexType>
      <xsd:complexType name="CatalogDataProductOptionInterface">
        <xsd:annotation>
          <xsd:documentation>Product option interface</xsd:documentation>
          <xsd:appinfo xmlns:inf="http://soap.upskills.in/soap/default?services=salesOrderRepositoryV1"/>
        </xsd:annotation>
        <xsd:sequence>
          <xsd:element name="extensionAttributes" minOccurs="0" maxOccurs="1" type="tns:CatalogDataProductOptionExtensionInterface">
            <xsd:annotation>
              <xsd:documentation>Existing extension attributes object or create a new one.</xsd:documentation>
              <xsd:appinfo xmlns:inf="http://soap.upskills.in/soap/default?services=salesOrderRepositoryV1">
                <inf:callInfo>
                  <inf:callName>salesOrderRepositoryV1Get</inf:callName>
                  <inf:callName>salesOrderRepositoryV1Save</inf:callName>
                  <inf:returned>Conditionally</inf:returned>
                </inf:callInfo>
                <inf:callInfo>
                  <inf:callName>salesOrderRepositoryV1Save</inf:callName>
                  <inf:requiredInput>No</inf:requiredInput>
                </inf:callInfo>
              </xsd:appinfo>
            </xsd:annotation>
          </xsd:element>
        </xsd:sequence>
      </xsd:complexType>
      <xsd:complexType name="GiftMessageDataMessageExtensionInterface">
        <xsd:annotation>
          <xsd:documentation>ExtensionInterface class for @see \Magento\GiftMessage\Api\Data\MessageInterface</xsd:documentation>
          <xsd:appinfo xmlns:inf="http://soap.upskills.in/soap/default?services=salesOrderRepositoryV1"/>
        </xsd:annotation>
        <xsd:sequence>
          <xsd:element name="entityId" minOccurs="0" maxOccurs="1" type="xsd:string">
            <xsd:annotation>
              <xsd:documentation/>
              <xsd:appinfo xmlns:inf="http://soap.upskills.in/soap/default?services=salesOrderRepositoryV1">
                <inf:maxLength/>
                <inf:callInfo>
                  <inf:callName>salesOrderRepositoryV1Get</inf:callName>
                  <inf:callName>salesOrderRepositoryV1Save</inf:callName>
                  <inf:returned>Conditionally</inf:returned>
                </inf:callInfo>
                <inf:callInfo>
                  <inf:callName>salesOrderRepositoryV1Save</inf:callName>
                  <inf:requiredInput>No</inf:requiredInput>
                </inf:callInfo>
              </xsd:appinfo>
            </xsd:annotation>
          </xsd:element>
          <xsd:element name="entityType" minOccurs="0" maxOccurs="1" type="xsd:string">
            <xsd:annotation>
              <xsd:documentation/>
              <xsd:appinfo xmlns:inf="http://soap.upskills.in/soap/default?services=salesOrderRepositoryV1">
                <inf:maxLength/>
                <inf:callInfo>
                  <inf:callName>salesOrderRepositoryV1Get</inf:callName>
                  <inf:callName>salesOrderRepositoryV1Save</inf:callName>
                  <inf:returned>Conditionally</inf:returned>
                </inf:callInfo>
                <inf:callInfo>
                  <inf:callName>salesOrderRepositoryV1Save</inf:callName>
                  <inf:requiredInput>No</inf:requiredInput>
                </inf:callInfo>
              </xsd:appinfo>
            </xsd:annotation>
          </xsd:element>
        </xsd:sequence>
      </xsd:complexType>
      <xsd:complexType name="GiftMessageDataMessageInterface">
        <xsd:annotation>
          <xsd:documentation>Interface MessageInterface</xsd:documentation>
          <xsd:appinfo xmlns:inf="http://soap.upskills.in/soap/default?services=salesOrderRepositoryV1"/>
        </xsd:annotation>
        <xsd:sequence>
          <xsd:element name="giftMessageId" minOccurs="0" maxOccurs="1" type="xsd:int">
            <xsd:annotation>
              <xsd:documentation>Gift message ID. Otherwise, null.</xsd:documentation>
              <xsd:appinfo xmlns:inf="http://soap.upskills.in/soap/default?services=salesOrderRepositoryV1">
                <inf:min/>
                <inf:max/>
                <inf:callInfo>
                  <inf:callName>salesOrderRepositoryV1Get</inf:callName>
                  <inf:callName>salesOrderRepositoryV1Save</inf:callName>
                  <inf:returned>Conditionally</inf:returned>
                </inf:callInfo>
                <inf:callInfo>
                  <inf:callName>salesOrderRepositoryV1Save</inf:callName>
                  <inf:requiredInput>No</inf:requiredInput>
                </inf:callInfo>
              </xsd:appinfo>
            </xsd:annotation>
          </xsd:element>
          <xsd:element name="customerId" minOccurs="0" maxOccurs="1" type="xsd:int">
            <xsd:annotation>
              <xsd:documentation>Customer ID. Otherwise, null.</xsd:documentation>
              <xsd:appinfo xmlns:inf="http://soap.upskills.in/soap/default?services=salesOrderRepositoryV1">
                <inf:min/>
                <inf:max/>
                <inf:callInfo>
                  <inf:callName>salesOrderRepositoryV1Get</inf:callName>
                  <inf:callName>salesOrderRepositoryV1Save</inf:callName>
                  <inf:returned>Conditionally</inf:returned>
                </inf:callInfo>
                <inf:callInfo>
                  <inf:callName>salesOrderRepositoryV1Save</inf:callName>
                  <inf:requiredInput>No</inf:requiredInput>
                </inf:callInfo>
              </xsd:appinfo>
            </xsd:annotation>
          </xsd:element>
          <xsd:element name="sender" minOccurs="1" maxOccurs="1" type="xsd:string">
            <xsd:annotation>
              <xsd:documentation>Sender name.</xsd:documentation>
              <xsd:appinfo xmlns:inf="http://soap.upskills.in/soap/default?services=salesOrderRepositoryV1">
                <inf:maxLength/>
                <inf:callInfo>
                  <inf:callName>salesOrderRepositoryV1Get</inf:callName>
                  <inf:callName>salesOrderRepositoryV1Save</inf:callName>
                  <inf:returned>Conditionally</inf:returned>
                </inf:callInfo>
                <inf:callInfo>
                  <inf:callName>salesOrderRepositoryV1Save</inf:callName>
                  <inf:requiredInput>No</inf:requiredInput>
                </inf:callInfo>
              </xsd:appinfo>
            </xsd:annotation>
          </xsd:element>
          <xsd:element name="recipient" minOccurs="1" maxOccurs="1" type="xsd:string">
            <xsd:annotation>
              <xsd:documentation>Recipient name.</xsd:documentation>
              <xsd:appinfo xmlns:inf="http://soap.upskills.in/soap/default?services=salesOrderRepositoryV1">
                <inf:maxLength/>
                <inf:callInfo>
                  <inf:callName>salesOrderRepositoryV1Get</inf:callName>
                  <inf:callName>salesOrderRepositoryV1Save</inf:callName>
                  <inf:returned>Conditionally</inf:returned>
                </inf:callInfo>
                <inf:callInfo>
                  <inf:callName>salesOrderRepositoryV1Save</inf:callName>
                  <inf:requiredInput>No</inf:requiredInput>
                </inf:callInfo>
              </xsd:appinfo>
            </xsd:annotation>
          </xsd:element>
          <xsd:element name="message" minOccurs="1" maxOccurs="1" type="xsd:string">
            <xsd:annotation>
              <xsd:documentation>Message text.</xsd:documentation>
              <xsd:appinfo xmlns:inf="http://soap.upskills.in/soap/default?services=salesOrderRepositoryV1">
                <inf:maxLength/>
                <inf:callInfo>
                  <inf:callName>salesOrderRepositoryV1Get</inf:callName>
                  <inf:callName>salesOrderRepositoryV1Save</inf:callName>
                  <inf:returned>Conditionally</inf:returned>
                </inf:callInfo>
                <inf:callInfo>
                  <inf:callName>salesOrderRepositoryV1Save</inf:callName>
                  <inf:requiredInput>No</inf:requiredInput>
                </inf:callInfo>
              </xsd:appinfo>
            </xsd:annotation>
          </xsd:element>
          <xsd:element name="extensionAttributes" minOccurs="0" maxOccurs="1" type="tns:GiftMessageDataMessageExtensionInterface">
            <xsd:annotation>
              <xsd:documentation>Existing extension attributes object or create a new one.</xsd:documentation>
              <xsd:appinfo xmlns:inf="http://soap.upskills.in/soap/default?services=salesOrderRepositoryV1">
                <inf:callInfo>
                  <inf:callName>salesOrderRepositoryV1Get</inf:callName>
                  <inf:callName>salesOrderRepositoryV1Save</inf:callName>
                  <inf:returned>Conditionally</inf:returned>
                </inf:callInfo>
                <inf:callInfo>
                  <inf:callName>salesOrderRepositoryV1Save</inf:callName>
                  <inf:requiredInput>No</inf:requiredInput>
                </inf:callInfo>
              </xsd:appinfo>
            </xsd:annotation>
          </xsd:element>
        </xsd:sequence>
      </xsd:complexType>
      <xsd:complexType name="SalesDataOrderItemExtensionInterface">
        <xsd:annotation>
          <xsd:documentation>ExtensionInterface class for @see \Magento\Sales\Api\Data\OrderItemInterface</xsd:documentation>
          <xsd:appinfo xmlns:inf="http://soap.upskills.in/soap/default?services=salesOrderRepositoryV1"/>
        </xsd:annotation>
        <xsd:sequence>
          <xsd:element name="giftMessage" minOccurs="0" maxOccurs="1" type="tns:GiftMessageDataMessageInterface">
            <xsd:annotation>
              <xsd:documentation/>
              <xsd:appinfo xmlns:inf="http://soap.upskills.in/soap/default?services=salesOrderRepositoryV1">
                <inf:callInfo>
                  <inf:callName>salesOrderRepositoryV1Get</inf:callName>
                  <inf:callName>salesOrderRepositoryV1Save</inf:callName>
                  <inf:returned>Conditionally</inf:returned>
                </inf:callInfo>
                <inf:callInfo>
                  <inf:callName>salesOrderRepositoryV1Save</inf:callName>
                  <inf:requiredInput>No</inf:requiredInput>
                </inf:callInfo>
              </xsd:appinfo>
            </xsd:annotation>
          </xsd:element>
          <xsd:element name="vertexTaxCodes" type="tns:ArrayOfString" minOccurs="0">
            <xsd:annotation>
              <xsd:documentation/>
              <xsd:appinfo xmlns:inf="http://soap.upskills.in/soap/default?services=salesOrderRepositoryV1">
                <inf:natureOfType>array</inf:natureOfType>
                <inf:callInfo>
                  <inf:callName>salesOrderRepositoryV1Get</inf:callName>
                  <inf:callName>salesOrderRepositoryV1Save</inf:callName>
                  <inf:returned>Conditionally</inf:returned>
                </inf:callInfo>
                <inf:callInfo>
                  <inf:callName>salesOrderRepositoryV1Save</inf:callName>
                  <inf:requiredInput>No</inf:requiredInput>
                </inf:callInfo>
              </xsd:appinfo>
            </xsd:annotation>
          </xsd:element>
          <xsd:element name="invoiceTextCodes" type="tns:ArrayOfString" minOccurs="0">
            <xsd:annotation>
              <xsd:documentation/>
              <xsd:appinfo xmlns:inf="http://soap.upskills.in/soap/default?services=salesOrderRepositoryV1">
                <inf:natureOfType>array</inf:natureOfType>
                <inf:callInfo>
                  <inf:callName>salesOrderRepositoryV1Get</inf:callName>
                  <inf:callName>salesOrderRepositoryV1Save</inf:callName>
                  <inf:returned>Conditionally</inf:returned>
                </inf:callInfo>
                <inf:callInfo>
                  <inf:callName>salesOrderRepositoryV1Save</inf:callName>
                  <inf:requiredInput>No</inf:requiredInput>
                </inf:callInfo>
              </xsd:appinfo>
            </xsd:annotation>
          </xsd:element>
          <xsd:element name="taxCodes" type="tns:ArrayOfString" minOccurs="0">
            <xsd:annotation>
              <xsd:documentation/>
              <xsd:appinfo xmlns:inf="http://soap.upskills.in/soap/default?services=salesOrderRepositoryV1">
                <inf:natureOfType>array</inf:natureOfType>
                <inf:callInfo>
                  <inf:callName>salesOrderRepositoryV1Get</inf:callName>
                  <inf:callName>salesOrderRepositoryV1Save</inf:callName>
                  <inf:returned>Conditionally</inf:returned>
                </inf:callInfo>
                <inf:callInfo>
                  <inf:callName>salesOrderRepositoryV1Save</inf:callName>
                  <inf:requiredInput>No</inf:requiredInput>
                </inf:callInfo>
              </xsd:appinfo>
            </xsd:annotation>
          </xsd:element>
        </xsd:sequence>
      </xsd:complexType>
      <xsd:complexType name="SalesDataOrderItemInterface">
        <xsd:annotation>
          <xsd:documentation>Order item interface. An order is a document that a web store issues to a customer. Magento generates a sales order that lists the product items, billing and shipping addresses, and shipping and payment methods. A corresponding external document, known as a purchase order, is emailed to the customer.</xsd:documentation>
          <xsd:appinfo xmlns:inf="http://soap.upskills.in/soap/default?services=salesOrderRepositoryV1"/>
        </xsd:annotation>
        <xsd:sequence>
          <xsd:element name="additionalData" minOccurs="0" maxOccurs="1" type="xsd:string">
            <xsd:annotation>
              <xsd:documentation>Additional data.</xsd:documentation>
              <xsd:appinfo xmlns:inf="http://soap.upskills.in/soap/default?services=salesOrderRepositoryV1">
                <inf:maxLength/>
                <inf:callInfo>
                  <inf:callName>salesOrderRepositoryV1Get</inf:callName>
                  <inf:callName>salesOrderRepositoryV1Save</inf:callName>
                  <inf:returned>Conditionally</inf:returned>
                </inf:callInfo>
                <inf:callInfo>
                  <inf:callName>salesOrderRepositoryV1Save</inf:callName>
                  <inf:requiredInput>No</inf:requiredInput>
                </inf:callInfo>
              </xsd:appinfo>
            </xsd:annotation>
          </xsd:element>
          <xsd:element name="amountRefunded" minOccurs="0" maxOccurs="1" type="xsd:float">
            <xsd:annotation>
              <xsd:documentation>Amount refunded.</xsd:documentation>
              <xsd:appinfo xmlns:inf="http://soap.upskills.in/soap/default?services=salesOrderRepositoryV1">
                <inf:callInfo>
                  <inf:callName>salesOrderRepositoryV1Get</inf:callName>
                  <inf:callName>salesOrderRepositoryV1Save</inf:callName>
                  <inf:returned>Conditionally</inf:returned>
                </inf:callInfo>
                <inf:callInfo>
                  <inf:callName>salesOrderRepositoryV1Save</inf:callName>
                  <inf:requiredInput>No</inf:requiredInput>
                </inf:callInfo>
              </xsd:appinfo>
            </xsd:annotation>
          </xsd:element>
          <xsd:element name="appliedRuleIds" minOccurs="0" maxOccurs="1" type="xsd:string">
            <xsd:annotation>
              <xsd:documentation>Applied rule IDs.</xsd:documentation>
              <xsd:appinfo xmlns:inf="http://soap.upskills.in/soap/default?services=salesOrderRepositoryV1">
                <inf:maxLength/>
                <inf:callInfo>
                  <inf:callName>salesOrderRepositoryV1Get</inf:callName>
                  <inf:callName>salesOrderRepositoryV1Save</inf:callName>
                  <inf:returned>Conditionally</inf:returned>
                </inf:callInfo>
                <inf:callInfo>
                  <inf:callName>salesOrderRepositoryV1Save</inf:callName>
                  <inf:requiredInput>No</inf:requiredInput>
                </inf:callInfo>
              </xsd:appinfo>
            </xsd:annotation>
          </xsd:element>
          <xsd:element name="baseAmountRefunded" minOccurs="0" maxOccurs="1" type="xsd:float">
            <xsd:annotation>
              <xsd:documentation>Base amount refunded.</xsd:documentation>
              <xsd:appinfo xmlns:inf="http://soap.upskills.in/soap/default?services=salesOrderRepositoryV1">
                <inf:callInfo>
                  <inf:callName>salesOrderRepositoryV1Get</inf:callName>
                  <inf:callName>salesOrderRepositoryV1Save</inf:callName>
                  <inf:returned>Conditionally</inf:returned>
                </inf:callInfo>
                <inf:callInfo>
                  <inf:callName>salesOrderRepositoryV1Save</inf:callName>
                  <inf:requiredInput>No</inf:requiredInput>
                </inf:callInfo>
              </xsd:appinfo>
            </xsd:annotation>
          </xsd:element>
          <xsd:element name="baseCost" minOccurs="0" maxOccurs="1" type="xsd:float">
            <xsd:annotation>
              <xsd:documentation>Base cost.</xsd:documentation>
              <xsd:appinfo xmlns:inf="http://soap.upskills.in/soap/default?services=salesOrderRepositoryV1">
                <inf:callInfo>
                  <inf:callName>salesOrderRepositoryV1Get</inf:callName>
                  <inf:callName>salesOrderRepositoryV1Save</inf:callName>
                  <inf:returned>Conditionally</inf:returned>
                </inf:callInfo>
                <inf:callInfo>
                  <inf:callName>salesOrderRepositoryV1Save</inf:callName>
                  <inf:requiredInput>No</inf:requiredInput>
                </inf:callInfo>
              </xsd:appinfo>
            </xsd:annotation>
          </xsd:element>
          <xsd:element name="baseDiscountAmount" minOccurs="0" maxOccurs="1" type="xsd:float">
            <xsd:annotation>
              <xsd:documentation>Base discount amount.</xsd:documentation>
              <xsd:appinfo xmlns:inf="http://soap.upskills.in/soap/default?services=salesOrderRepositoryV1">
                <inf:callInfo>
                  <inf:callName>salesOrderRepositoryV1Get</inf:callName>
                  <inf:callName>salesOrderRepositoryV1Save</inf:callName>
                  <inf:returned>Conditionally</inf:returned>
                </inf:callInfo>
                <inf:callInfo>
                  <inf:callName>salesOrderRepositoryV1Save</inf:callName>
                  <inf:requiredInput>No</inf:requiredInput>
                </inf:callInfo>
              </xsd:appinfo>
            </xsd:annotation>
          </xsd:element>
          <xsd:element name="baseDiscountInvoiced" minOccurs="0" maxOccurs="1" type="xsd:float">
            <xsd:annotation>
              <xsd:documentation>Base discount invoiced.</xsd:documentation>
              <xsd:appinfo xmlns:inf="http://soap.upskills.in/soap/default?services=salesOrderRepositoryV1">
                <inf:callInfo>
                  <inf:callName>salesOrderRepositoryV1Get</inf:callName>
                  <inf:callName>salesOrderRepositoryV1Save</inf:callName>
                  <inf:returned>Conditionally</inf:returned>
                </inf:callInfo>
                <inf:callInfo>
                  <inf:callName>salesOrderRepositoryV1Save</inf:callName>
                  <inf:requiredInput>No</inf:requiredInput>
                </inf:callInfo>
              </xsd:appinfo>
            </xsd:annotation>
          </xsd:element>
          <xsd:element name="baseDiscountRefunded" minOccurs="0" maxOccurs="1" type="xsd:float">
            <xsd:annotation>
              <xsd:documentation>Base discount refunded.</xsd:documentation>
              <xsd:appinfo xmlns:inf="http://soap.upskills.in/soap/default?services=salesOrderRepositoryV1">
                <inf:callInfo>
                  <inf:callName>salesOrderRepositoryV1Get</inf:callName>
                  <inf:callName>salesOrderRepositoryV1Save</inf:callName>
                  <inf:returned>Conditionally</inf:returned>
                </inf:callInfo>
                <inf:callInfo>
                  <inf:callName>salesOrderRepositoryV1Save</inf:callName>
                  <inf:requiredInput>No</inf:requiredInput>
                </inf:callInfo>
              </xsd:appinfo>
            </xsd:annotation>
          </xsd:element>
          <xsd:element name="baseDiscountTaxCompensationAmount" minOccurs="0" maxOccurs="1" type="xsd:float">
            <xsd:annotation>
              <xsd:documentation>Base discount tax compensation amount.</xsd:documentation>
              <xsd:appinfo xmlns:inf="http://soap.upskills.in/soap/default?services=salesOrderRepositoryV1">
                <inf:callInfo>
                  <inf:callName>salesOrderRepositoryV1Get</inf:callName>
                  <inf:callName>salesOrderRepositoryV1Save</inf:callName>
                  <inf:returned>Conditionally</inf:returned>
                </inf:callInfo>
                <inf:callInfo>
                  <inf:callName>salesOrderRepositoryV1Save</inf:callName>
                  <inf:requiredInput>No</inf:requiredInput>
                </inf:callInfo>
              </xsd:appinfo>
            </xsd:annotation>
          </xsd:element>
          <xsd:element name="baseDiscountTaxCompensationInvoiced" minOccurs="0" maxOccurs="1" type="xsd:float">
            <xsd:annotation>
              <xsd:documentation>Base discount tax compensation invoiced.</xsd:documentation>
              <xsd:appinfo xmlns:inf="http://soap.upskills.in/soap/default?services=salesOrderRepositoryV1">
                <inf:callInfo>
                  <inf:callName>salesOrderRepositoryV1Get</inf:callName>
                  <inf:callName>salesOrderRepositoryV1Save</inf:callName>
                  <inf:returned>Conditionally</inf:returned>
                </inf:callInfo>
                <inf:callInfo>
                  <inf:callName>salesOrderRepositoryV1Save</inf:callName>
                  <inf:requiredInput>No</inf:requiredInput>
                </inf:callInfo>
              </xsd:appinfo>
            </xsd:annotation>
          </xsd:element>
          <xsd:element name="baseDiscountTaxCompensationRefunded" minOccurs="0" maxOccurs="1" type="xsd:float">
            <xsd:annotation>
              <xsd:documentation>Base discount tax compensation refunded.</xsd:documentation>
              <xsd:appinfo xmlns:inf="http://soap.upskills.in/soap/default?services=salesOrderRepositoryV1">
                <inf:callInfo>
                  <inf:callName>salesOrderRepositoryV1Get</inf:callName>
                  <inf:callName>salesOrderRepositoryV1Save</inf:callName>
                  <inf:returned>Conditionally</inf:returned>
                </inf:callInfo>
                <inf:callInfo>
                  <inf:callName>salesOrderRepositoryV1Save</inf:callName>
                  <inf:requiredInput>No</inf:requiredInput>
                </inf:callInfo>
              </xsd:appinfo>
            </xsd:annotation>
          </xsd:element>
          <xsd:element name="baseOriginalPrice" minOccurs="0" maxOccurs="1" type="xsd:float">
            <xsd:annotation>
              <xsd:documentation>Base original price.</xsd:documentation>
              <xsd:appinfo xmlns:inf="http://soap.upskills.in/soap/default?services=salesOrderRepositoryV1">
                <inf:callInfo>
                  <inf:callName>salesOrderRepositoryV1Get</inf:callName>
                  <inf:callName>salesOrderRepositoryV1Save</inf:callName>
                  <inf:returned>Conditionally</inf:returned>
                </inf:callInfo>
                <inf:callInfo>
                  <inf:callName>salesOrderRepositoryV1Save</inf:callName>
                  <inf:requiredInput>No</inf:requiredInput>
                </inf:callInfo>
              </xsd:appinfo>
            </xsd:annotation>
          </xsd:element>
          <xsd:element name="basePrice" minOccurs="0" maxOccurs="1" type="xsd:float">
            <xsd:annotation>
              <xsd:documentation>Base price.</xsd:documentation>
              <xsd:appinfo xmlns:inf="http://soap.upskills.in/soap/default?services=salesOrderRepositoryV1">
                <inf:callInfo>
                  <inf:callName>salesOrderRepositoryV1Get</inf:callName>
                  <inf:callName>salesOrderRepositoryV1Save</inf:callName>
                  <inf:returned>Conditionally</inf:returned>
                </inf:callInfo>
                <inf:callInfo>
                  <inf:callName>salesOrderRepositoryV1Save</inf:callName>
                  <inf:requiredInput>No</inf:requiredInput>
                </inf:callInfo>
              </xsd:appinfo>
            </xsd:annotation>
          </xsd:element>
          <xsd:element name="basePriceInclTax" minOccurs="0" maxOccurs="1" type="xsd:float">
            <xsd:annotation>
              <xsd:documentation>Base price including tax.</xsd:documentation>
              <xsd:appinfo xmlns:inf="http://soap.upskills.in/soap/default?services=salesOrderRepositoryV1">
                <inf:callInfo>
                  <inf:callName>salesOrderRepositoryV1Get</inf:callName>
                  <inf:callName>salesOrderRepositoryV1Save</inf:callName>
                  <inf:returned>Conditionally</inf:returned>
                </inf:callInfo>
                <inf:callInfo>
                  <inf:callName>salesOrderRepositoryV1Save</inf:callName>
                  <inf:requiredInput>No</inf:requiredInput>
                </inf:callInfo>
              </xsd:appinfo>
            </xsd:annotation>
          </xsd:element>
          <xsd:element name="baseRowInvoiced" minOccurs="0" maxOccurs="1" type="xsd:float">
            <xsd:annotation>
              <xsd:documentation>Base row invoiced.</xsd:documentation>
              <xsd:appinfo xmlns:inf="http://soap.upskills.in/soap/default?services=salesOrderRepositoryV1">
                <inf:callInfo>
                  <inf:callName>salesOrderRepositoryV1Get</inf:callName>
                  <inf:callName>salesOrderRepositoryV1Save</inf:callName>
                  <inf:returned>Conditionally</inf:returned>
                </inf:callInfo>
                <inf:callInfo>
                  <inf:callName>salesOrderRepositoryV1Save</inf:callName>
                  <inf:requiredInput>No</inf:requiredInput>
                </inf:callInfo>
              </xsd:appinfo>
            </xsd:annotation>
          </xsd:element>
          <xsd:element name="baseRowTotal" minOccurs="0" maxOccurs="1" type="xsd:float">
            <xsd:annotation>
              <xsd:documentation>Base row total.</xsd:documentation>
              <xsd:appinfo xmlns:inf="http://soap.upskills.in/soap/default?services=salesOrderRepositoryV1">
                <inf:callInfo>
                  <inf:callName>salesOrderRepositoryV1Get</inf:callName>
                  <inf:callName>salesOrderRepositoryV1Save</inf:callName>
                  <inf:returned>Conditionally</inf:returned>
                </inf:callInfo>
                <inf:callInfo>
                  <inf:callName>salesOrderRepositoryV1Save</inf:callName>
                  <inf:requiredInput>No</inf:requiredInput>
                </inf:callInfo>
              </xsd:appinfo>
            </xsd:annotation>
          </xsd:element>
          <xsd:element name="baseRowTotalInclTax" minOccurs="0" maxOccurs="1" type="xsd:float">
            <xsd:annotation>
              <xsd:documentation>Base row total including tax.</xsd:documentation>
              <xsd:appinfo xmlns:inf="http://soap.upskills.in/soap/default?services=salesOrderRepositoryV1">
                <inf:callInfo>
                  <inf:callName>salesOrderRepositoryV1Get</inf:callName>
                  <inf:callName>salesOrderRepositoryV1Save</inf:callName>
                  <inf:returned>Conditionally</inf:returned>
                </inf:callInfo>
                <inf:callInfo>
                  <inf:callName>salesOrderRepositoryV1Save</inf:callName>
                  <inf:requiredInput>No</inf:requiredInput>
                </inf:callInfo>
              </xsd:appinfo>
            </xsd:annotation>
          </xsd:element>
          <xsd:element name="baseTaxAmount" minOccurs="0" maxOccurs="1" type="xsd:float">
            <xsd:annotation>
              <xsd:documentation>Base tax amount.</xsd:documentation>
              <xsd:appinfo xmlns:inf="http://soap.upskills.in/soap/default?services=salesOrderRepositoryV1">
                <inf:callInfo>
                  <inf:callName>salesOrderRepositoryV1Get</inf:callName>
                  <inf:callName>salesOrderRepositoryV1Save</inf:callName>
                  <inf:returned>Conditionally</inf:returned>
                </inf:callInfo>
                <inf:callInfo>
                  <inf:callName>salesOrderRepositoryV1Save</inf:callName>
                  <inf:requiredInput>No</inf:requiredInput>
                </inf:callInfo>
              </xsd:appinfo>
            </xsd:annotation>
          </xsd:element>
          <xsd:element name="baseTaxBeforeDiscount" minOccurs="0" maxOccurs="1" type="xsd:float">
            <xsd:annotation>
              <xsd:documentation>Base tax before discount.</xsd:documentation>
              <xsd:appinfo xmlns:inf="http://soap.upskills.in/soap/default?services=salesOrderRepositoryV1">
                <inf:callInfo>
                  <inf:callName>salesOrderRepositoryV1Get</inf:callName>
                  <inf:callName>salesOrderRepositoryV1Save</inf:callName>
                  <inf:returned>Conditionally</inf:returned>
                </inf:callInfo>
                <inf:callInfo>
                  <inf:callName>salesOrderRepositoryV1Save</inf:callName>
                  <inf:requiredInput>No</inf:requiredInput>
                </inf:callInfo>
              </xsd:appinfo>
            </xsd:annotation>
          </xsd:element>
          <xsd:element name="baseTaxInvoiced" minOccurs="0" maxOccurs="1" type="xsd:float">
            <xsd:annotation>
              <xsd:documentation>Base tax invoiced.</xsd:documentation>
              <xsd:appinfo xmlns:inf="http://soap.upskills.in/soap/default?services=salesOrderRepositoryV1">
                <inf:callInfo>
                  <inf:callName>salesOrderRepositoryV1Get</inf:callName>
                  <inf:callName>salesOrderRepositoryV1Save</inf:callName>
                  <inf:returned>Conditionally</inf:returned>
                </inf:callInfo>
                <inf:callInfo>
                  <inf:callName>salesOrderRepositoryV1Save</inf:callName>
                  <inf:requiredInput>No</inf:requiredInput>
                </inf:callInfo>
              </xsd:appinfo>
            </xsd:annotation>
          </xsd:element>
          <xsd:element name="baseTaxRefunded" minOccurs="0" maxOccurs="1" type="xsd:float">
            <xsd:annotation>
              <xsd:documentation>Base tax refunded.</xsd:documentation>
              <xsd:appinfo xmlns:inf="http://soap.upskills.in/soap/default?services=salesOrderRepositoryV1">
                <inf:callInfo>
                  <inf:callName>salesOrderRepositoryV1Get</inf:callName>
                  <inf:callName>salesOrderRepositoryV1Save</inf:callName>
                  <inf:returned>Conditionally</inf:returned>
                </inf:callInfo>
                <inf:callInfo>
                  <inf:callName>salesOrderRepositoryV1Save</inf:callName>
                  <inf:requiredInput>No</inf:requiredInput>
                </inf:callInfo>
              </xsd:appinfo>
            </xsd:annotation>
          </xsd:element>
          <xsd:element name="baseWeeeTaxAppliedAmount" minOccurs="0" maxOccurs="1" type="xsd:float">
            <xsd:annotation>
              <xsd:documentation>Base WEEE tax applied amount.</xsd:documentation>
              <xsd:appinfo xmlns:inf="http://soap.upskills.in/soap/default?services=salesOrderRepositoryV1">
                <inf:callInfo>
                  <inf:callName>salesOrderRepositoryV1Get</inf:callName>
                  <inf:callName>salesOrderRepositoryV1Save</inf:callName>
                  <inf:returned>Conditionally</inf:returned>
                </inf:callInfo>
                <inf:callInfo>
                  <inf:callName>salesOrderRepositoryV1Save</inf:callName>
                  <inf:requiredInput>No</inf:requiredInput>
                </inf:callInfo>
              </xsd:appinfo>
            </xsd:annotation>
          </xsd:element>
          <xsd:element name="baseWeeeTaxAppliedRowAmnt" minOccurs="0" maxOccurs="1" type="xsd:float">
            <xsd:annotation>
              <xsd:documentation>Base WEEE tax applied row amount.</xsd:documentation>
              <xsd:appinfo xmlns:inf="http://soap.upskills.in/soap/default?services=salesOrderRepositoryV1">
                <inf:callInfo>
                  <inf:callName>salesOrderRepositoryV1Get</inf:callName>
                  <inf:callName>salesOrderRepositoryV1Save</inf:callName>
                  <inf:returned>Conditionally</inf:returned>
                </inf:callInfo>
                <inf:callInfo>
                  <inf:callName>salesOrderRepositoryV1Save</inf:callName>
                  <inf:requiredInput>No</inf:requiredInput>
                </inf:callInfo>
              </xsd:appinfo>
            </xsd:annotation>
          </xsd:element>
          <xsd:element name="baseWeeeTaxDisposition" minOccurs="0" maxOccurs="1" type="xsd:float">
            <xsd:annotation>
              <xsd:documentation>Base WEEE tax disposition.</xsd:documentation>
              <xsd:appinfo xmlns:inf="http://soap.upskills.in/soap/default?services=salesOrderRepositoryV1">
                <inf:callInfo>
                  <inf:callName>salesOrderRepositoryV1Get</inf:callName>
                  <inf:callName>salesOrderRepositoryV1Save</inf:callName>
                  <inf:returned>Conditionally</inf:returned>
                </inf:callInfo>
                <inf:callInfo>
                  <inf:callName>salesOrderRepositoryV1Save</inf:callName>
                  <inf:requiredInput>No</inf:requiredInput>
                </inf:callInfo>
              </xsd:appinfo>
            </xsd:annotation>
          </xsd:element>
          <xsd:element name="baseWeeeTaxRowDisposition" minOccurs="0" maxOccurs="1" type="xsd:float">
            <xsd:annotation>
              <xsd:documentation>Base WEEE tax row disposition.</xsd:documentation>
              <xsd:appinfo xmlns:inf="http://soap.upskills.in/soap/default?services=salesOrderRepositoryV1">
                <inf:callInfo>
                  <inf:callName>salesOrderRepositoryV1Get</inf:callName>
                  <inf:callName>salesOrderRepositoryV1Save</inf:callName>
                  <inf:returned>Conditionally</inf:returned>
                </inf:callInfo>
                <inf:callInfo>
                  <inf:callName>salesOrderRepositoryV1Save</inf:callName>
                  <inf:requiredInput>No</inf:requiredInput>
                </inf:callInfo>
              </xsd:appinfo>
            </xsd:annotation>
          </xsd:element>
          <xsd:element name="createdAt" minOccurs="0" maxOccurs="1" type="xsd:string">
            <xsd:annotation>
              <xsd:documentation>Created-at timestamp.</xsd:documentation>
              <xsd:appinfo xmlns:inf="http://soap.upskills.in/soap/default?services=salesOrderRepositoryV1">
                <inf:maxLength/>
                <inf:callInfo>
                  <inf:callName>salesOrderRepositoryV1Get</inf:callName>
                  <inf:callName>salesOrderRepositoryV1Save</inf:callName>
                  <inf:returned>Conditionally</inf:returned>
                </inf:callInfo>
                <inf:callInfo>
                  <inf:callName>salesOrderRepositoryV1Save</inf:callName>
                  <inf:requiredInput>No</inf:requiredInput>
                </inf:callInfo>
              </xsd:appinfo>
            </xsd:annotation>
          </xsd:element>
          <xsd:element name="description" minOccurs="0" maxOccurs="1" type="xsd:string">
            <xsd:annotation>
              <xsd:documentation>Description.</xsd:documentation>
              <xsd:appinfo xmlns:inf="http://soap.upskills.in/soap/default?services=salesOrderRepositoryV1">
                <inf:maxLength/>
                <inf:callInfo>
                  <inf:callName>salesOrderRepositoryV1Get</inf:callName>
                  <inf:callName>salesOrderRepositoryV1Save</inf:callName>
                  <inf:returned>Conditionally</inf:returned>
                </inf:callInfo>
                <inf:callInfo>
                  <inf:callName>salesOrderRepositoryV1Save</inf:callName>
                  <inf:requiredInput>No</inf:requiredInput>
                </inf:callInfo>
              </xsd:appinfo>
            </xsd:annotation>
          </xsd:element>
          <xsd:element name="discountAmount" minOccurs="0" maxOccurs="1" type="xsd:float">
            <xsd:annotation>
              <xsd:documentation>Discount amount.</xsd:documentation>
              <xsd:appinfo xmlns:inf="http://soap.upskills.in/soap/default?services=salesOrderRepositoryV1">
                <inf:callInfo>
                  <inf:callName>salesOrderRepositoryV1Get</inf:callName>
                  <inf:callName>salesOrderRepositoryV1Save</inf:callName>
                  <inf:returned>Conditionally</inf:returned>
                </inf:callInfo>
                <inf:callInfo>
                  <inf:callName>salesOrderRepositoryV1Save</inf:callName>
                  <inf:requiredInput>No</inf:requiredInput>
                </inf:callInfo>
              </xsd:appinfo>
            </xsd:annotation>
          </xsd:element>
          <xsd:element name="discountInvoiced" minOccurs="0" maxOccurs="1" type="xsd:float">
            <xsd:annotation>
              <xsd:documentation>Discount invoiced.</xsd:documentation>
              <xsd:appinfo xmlns:inf="http://soap.upskills.in/soap/default?services=salesOrderRepositoryV1">
                <inf:callInfo>
                  <inf:callName>salesOrderRepositoryV1Get</inf:callName>
                  <inf:callName>salesOrderRepositoryV1Save</inf:callName>
                  <inf:returned>Conditionally</inf:returned>
                </inf:callInfo>
                <inf:callInfo>
                  <inf:callName>salesOrderRepositoryV1Save</inf:callName>
                  <inf:requiredInput>No</inf:requiredInput>
                </inf:callInfo>
              </xsd:appinfo>
            </xsd:annotation>
          </xsd:element>
          <xsd:element name="discountPercent" minOccurs="0" maxOccurs="1" type="xsd:float">
            <xsd:annotation>
              <xsd:documentation>Discount percent.</xsd:documentation>
              <xsd:appinfo xmlns:inf="http://soap.upskills.in/soap/default?services=salesOrderRepositoryV1">
                <inf:callInfo>
                  <inf:callName>salesOrderRepositoryV1Get</inf:callName>
                  <inf:callName>salesOrderRepositoryV1Save</inf:callName>
                  <inf:returned>Conditionally</inf:returned>
                </inf:callInfo>
                <inf:callInfo>
                  <inf:callName>salesOrderRepositoryV1Save</inf:callName>
                  <inf:requiredInput>No</inf:requiredInput>
                </inf:callInfo>
              </xsd:appinfo>
            </xsd:annotation>
          </xsd:element>
          <xsd:element name="discountRefunded" minOccurs="0" maxOccurs="1" type="xsd:float">
            <xsd:annotation>
              <xsd:documentation>Discount refunded.</xsd:documentation>
              <xsd:appinfo xmlns:inf="http://soap.upskills.in/soap/default?services=salesOrderRepositoryV1">
                <inf:callInfo>
                  <inf:callName>salesOrderRepositoryV1Get</inf:callName>
                  <inf:callName>salesOrderRepositoryV1Save</inf:callName>
                  <inf:returned>Conditionally</inf:returned>
                </inf:callInfo>
                <inf:callInfo>
                  <inf:callName>salesOrderRepositoryV1Save</inf:callName>
                  <inf:requiredInput>No</inf:requiredInput>
                </inf:callInfo>
              </xsd:appinfo>
            </xsd:annotation>
          </xsd:element>
          <xsd:element name="eventId" minOccurs="0" maxOccurs="1" type="xsd:int">
            <xsd:annotation>
              <xsd:documentation>Event ID.</xsd:documentation>
              <xsd:appinfo xmlns:inf="http://soap.upskills.in/soap/default?services=salesOrderRepositoryV1">
                <inf:min/>
                <inf:max/>
                <inf:callInfo>
                  <inf:callName>salesOrderRepositoryV1Get</inf:callName>
                  <inf:callName>salesOrderRepositoryV1Save</inf:callName>
                  <inf:returned>Conditionally</inf:returned>
                </inf:callInfo>
                <inf:callInfo>
                  <inf:callName>salesOrderRepositoryV1Save</inf:callName>
                  <inf:requiredInput>No</inf:requiredInput>
                </inf:callInfo>
              </xsd:appinfo>
            </xsd:annotation>
          </xsd:element>
          <xsd:element name="extOrderItemId" minOccurs="0" maxOccurs="1" type="xsd:string">
            <xsd:annotation>
              <xsd:documentation>External order item ID.</xsd:documentation>
              <xsd:appinfo xmlns:inf="http://soap.upskills.in/soap/default?services=salesOrderRepositoryV1">
                <inf:maxLength/>
                <inf:callInfo>
                  <inf:callName>salesOrderRepositoryV1Get</inf:callName>
                  <inf:callName>salesOrderRepositoryV1Save</inf:callName>
                  <inf:returned>Conditionally</inf:returned>
                </inf:callInfo>
                <inf:callInfo>
                  <inf:callName>salesOrderRepositoryV1Save</inf:callName>
                  <inf:requiredInput>No</inf:requiredInput>
                </inf:callInfo>
              </xsd:appinfo>
            </xsd:annotation>
          </xsd:element>
          <xsd:element name="freeShipping" minOccurs="0" maxOccurs="1" type="xsd:int">
            <xsd:annotation>
              <xsd:documentation>Free-shipping flag value.</xsd:documentation>
              <xsd:appinfo xmlns:inf="http://soap.upskills.in/soap/default?services=salesOrderRepositoryV1">
                <inf:min/>
                <inf:max/>
                <inf:callInfo>
                  <inf:callName>salesOrderRepositoryV1Get</inf:callName>
                  <inf:callName>salesOrderRepositoryV1Save</inf:callName>
                  <inf:returned>Conditionally</inf:returned>
                </inf:callInfo>
                <inf:callInfo>
                  <inf:callName>salesOrderRepositoryV1Save</inf:callName>
                  <inf:requiredInput>No</inf:requiredInput>
                </inf:callInfo>
              </xsd:appinfo>
            </xsd:annotation>
          </xsd:element>
          <xsd:element name="gwBasePrice" minOccurs="0" maxOccurs="1" type="xsd:float">
            <xsd:annotation>
              <xsd:documentation>GW base price.</xsd:documentation>
              <xsd:appinfo xmlns:inf="http://soap.upskills.in/soap/default?services=salesOrderRepositoryV1">
                <inf:callInfo>
                  <inf:callName>salesOrderRepositoryV1Get</inf:callName>
                  <inf:callName>salesOrderRepositoryV1Save</inf:callName>
                  <inf:returned>Conditionally</inf:returned>
                </inf:callInfo>
                <inf:callInfo>
                  <inf:callName>salesOrderRepositoryV1Save</inf:callName>
                  <inf:requiredInput>No</inf:requiredInput>
                </inf:callInfo>
              </xsd:appinfo>
            </xsd:annotation>
          </xsd:element>
          <xsd:element name="gwBasePriceInvoiced" minOccurs="0" maxOccurs="1" type="xsd:float">
            <xsd:annotation>
              <xsd:documentation>GW base price invoiced.</xsd:documentation>
              <xsd:appinfo xmlns:inf="http://soap.upskills.in/soap/default?services=salesOrderRepositoryV1">
                <inf:callInfo>
                  <inf:callName>salesOrderRepositoryV1Get</inf:callName>
                  <inf:callName>salesOrderRepositoryV1Save</inf:callName>
                  <inf:returned>Conditionally</inf:returned>
                </inf:callInfo>
                <inf:callInfo>
                  <inf:callName>salesOrderRepositoryV1Save</inf:callName>
                  <inf:requiredInput>No</inf:requiredInput>
                </inf:callInfo>
              </xsd:appinfo>
            </xsd:annotation>
          </xsd:element>
          <xsd:element name="gwBasePriceRefunded" minOccurs="0" maxOccurs="1" type="xsd:float">
            <xsd:annotation>
              <xsd:documentation>GW base price refunded.</xsd:documentation>
              <xsd:appinfo xmlns:inf="http://soap.upskills.in/soap/default?services=salesOrderRepositoryV1">
                <inf:callInfo>
                  <inf:callName>salesOrderRepositoryV1Get</inf:callName>
                  <inf:callName>salesOrderRepositoryV1Save</inf:callName>
                  <inf:returned>Conditionally</inf:returned>
                </inf:callInfo>
                <inf:callInfo>
                  <inf:callName>salesOrderRepositoryV1Save</inf:callName>
                  <inf:requiredInput>No</inf:requiredInput>
                </inf:callInfo>
              </xsd:appinfo>
            </xsd:annotation>
          </xsd:element>
          <xsd:element name="gwBaseTaxAmount" minOccurs="0" maxOccurs="1" type="xsd:float">
            <xsd:annotation>
              <xsd:documentation>GW base tax amount.</xsd:documentation>
              <xsd:appinfo xmlns:inf="http://soap.upskills.in/soap/default?services=salesOrderRepositoryV1">
                <inf:callInfo>
                  <inf:callName>salesOrderRepositoryV1Get</inf:callName>
                  <inf:callName>salesOrderRepositoryV1Save</inf:callName>
                  <inf:returned>Conditionally</inf:returned>
                </inf:callInfo>
                <inf:callInfo>
                  <inf:callName>salesOrderRepositoryV1Save</inf:callName>
                  <inf:requiredInput>No</inf:requiredInput>
                </inf:callInfo>
              </xsd:appinfo>
            </xsd:annotation>
          </xsd:element>
          <xsd:element name="gwBaseTaxAmountInvoiced" minOccurs="0" maxOccurs="1" type="xsd:float">
            <xsd:annotation>
              <xsd:documentation>GW base tax amount invoiced.</xsd:documentation>
              <xsd:appinfo xmlns:inf="http://soap.upskills.in/soap/default?services=salesOrderRepositoryV1">
                <inf:callInfo>
                  <inf:callName>salesOrderRepositoryV1Get</inf:callName>
                  <inf:callName>salesOrderRepositoryV1Save</inf:callName>
                  <inf:returned>Conditionally</inf:returned>
                </inf:callInfo>
                <inf:callInfo>
                  <inf:callName>salesOrderRepositoryV1Save</inf:callName>
                  <inf:requiredInput>No</inf:requiredInput>
                </inf:callInfo>
              </xsd:appinfo>
            </xsd:annotation>
          </xsd:element>
          <xsd:element name="gwBaseTaxAmountRefunded" minOccurs="0" maxOccurs="1" type="xsd:float">
            <xsd:annotation>
              <xsd:documentation>GW base tax amount refunded.</xsd:documentation>
              <xsd:appinfo xmlns:inf="http://soap.upskills.in/soap/default?services=salesOrderRepositoryV1">
                <inf:callInfo>
                  <inf:callName>salesOrderRepositoryV1Get</inf:callName>
                  <inf:callName>salesOrderRepositoryV1Save</inf:callName>
                  <inf:returned>Conditionally</inf:returned>
                </inf:callInfo>
                <inf:callInfo>
                  <inf:callName>salesOrderRepositoryV1Save</inf:callName>
                  <inf:requiredInput>No</inf:requiredInput>
                </inf:callInfo>
              </xsd:appinfo>
            </xsd:annotation>
          </xsd:element>
          <xsd:element name="gwId" minOccurs="0" maxOccurs="1" type="xsd:int">
            <xsd:annotation>
              <xsd:documentation>GW ID.</xsd:documentation>
              <xsd:appinfo xmlns:inf="http://soap.upskills.in/soap/default?services=salesOrderRepositoryV1">
                <inf:min/>
                <inf:max/>
                <inf:callInfo>
                  <inf:callName>salesOrderRepositoryV1Get</inf:callName>
                  <inf:callName>salesOrderRepositoryV1Save</inf:callName>
                  <inf:returned>Conditionally</inf:returned>
                </inf:callInfo>
                <inf:callInfo>
                  <inf:callName>salesOrderRepositoryV1Save</inf:callName>
                  <inf:requiredInput>No</inf:requiredInput>
                </inf:callInfo>
              </xsd:appinfo>
            </xsd:annotation>
          </xsd:element>
          <xsd:element name="gwPrice" minOccurs="0" maxOccurs="1" type="xsd:float">
            <xsd:annotation>
              <xsd:documentation>GW price.</xsd:documentation>
              <xsd:appinfo xmlns:inf="http://soap.upskills.in/soap/default?services=salesOrderRepositoryV1">
                <inf:callInfo>
                  <inf:callName>salesOrderRepositoryV1Get</inf:callName>
                  <inf:callName>salesOrderRepositoryV1Save</inf:callName>
                  <inf:returned>Conditionally</inf:returned>
                </inf:callInfo>
                <inf:callInfo>
                  <inf:callName>salesOrderRepositoryV1Save</inf:callName>
                  <inf:requiredInput>No</inf:requiredInput>
                </inf:callInfo>
              </xsd:appinfo>
            </xsd:annotation>
          </xsd:element>
          <xsd:element name="gwPriceInvoiced" minOccurs="0" maxOccurs="1" type="xsd:float">
            <xsd:annotation>
              <xsd:documentation>GW price invoiced.</xsd:documentation>
              <xsd:appinfo xmlns:inf="http://soap.upskills.in/soap/default?services=salesOrderRepositoryV1">
                <inf:callInfo>
                  <inf:callName>salesOrderRepositoryV1Get</inf:callName>
                  <inf:callName>salesOrderRepositoryV1Save</inf:callName>
                  <inf:returned>Conditionally</inf:returned>
                </inf:callInfo>
                <inf:callInfo>
                  <inf:callName>salesOrderRepositoryV1Save</inf:callName>
                  <inf:requiredInput>No</inf:requiredInput>
                </inf:callInfo>
              </xsd:appinfo>
            </xsd:annotation>
          </xsd:element>
          <xsd:element name="gwPriceRefunded" minOccurs="0" maxOccurs="1" type="xsd:float">
            <xsd:annotation>
              <xsd:documentation>GW price refunded.</xsd:documentation>
              <xsd:appinfo xmlns:inf="http://soap.upskills.in/soap/default?services=salesOrderRepositoryV1">
                <inf:callInfo>
                  <inf:callName>salesOrderRepositoryV1Get</inf:callName>
                  <inf:callName>salesOrderRepositoryV1Save</inf:callName>
                  <inf:returned>Conditionally</inf:returned>
                </inf:callInfo>
                <inf:callInfo>
                  <inf:callName>salesOrderRepositoryV1Save</inf:callName>
                  <inf:requiredInput>No</inf:requiredInput>
                </inf:callInfo>
              </xsd:appinfo>
            </xsd:annotation>
          </xsd:element>
          <xsd:element name="gwTaxAmount" minOccurs="0" maxOccurs="1" type="xsd:float">
            <xsd:annotation>
              <xsd:documentation>GW tax amount.</xsd:documentation>
              <xsd:appinfo xmlns:inf="http://soap.upskills.in/soap/default?services=salesOrderRepositoryV1">
                <inf:callInfo>
                  <inf:callName>salesOrderRepositoryV1Get</inf:callName>
                  <inf:callName>salesOrderRepositoryV1Save</inf:callName>
                  <inf:returned>Conditionally</inf:returned>
                </inf:callInfo>
                <inf:callInfo>
                  <inf:callName>salesOrderRepositoryV1Save</inf:callName>
                  <inf:requiredInput>No</inf:requiredInput>
                </inf:callInfo>
              </xsd:appinfo>
            </xsd:annotation>
          </xsd:element>
          <xsd:element name="gwTaxAmountInvoiced" minOccurs="0" maxOccurs="1" type="xsd:float">
            <xsd:annotation>
              <xsd:documentation>GW tax amount invoiced.</xsd:documentation>
              <xsd:appinfo xmlns:inf="http://soap.upskills.in/soap/default?services=salesOrderRepositoryV1">
                <inf:callInfo>
                  <inf:callName>salesOrderRepositoryV1Get</inf:callName>
                  <inf:callName>salesOrderRepositoryV1Save</inf:callName>
                  <inf:returned>Conditionally</inf:returned>
                </inf:callInfo>
                <inf:callInfo>
                  <inf:callName>salesOrderRepositoryV1Save</inf:callName>
                  <inf:requiredInput>No</inf:requiredInput>
                </inf:callInfo>
              </xsd:appinfo>
            </xsd:annotation>
          </xsd:element>
          <xsd:element name="gwTaxAmountRefunded" minOccurs="0" maxOccurs="1" type="xsd:float">
            <xsd:annotation>
              <xsd:documentation>GW tax amount refunded.</xsd:documentation>
              <xsd:appinfo xmlns:inf="http://soap.upskills.in/soap/default?services=salesOrderRepositoryV1">
                <inf:callInfo>
                  <inf:callName>salesOrderRepositoryV1Get</inf:callName>
                  <inf:callName>salesOrderRepositoryV1Save</inf:callName>
                  <inf:returned>Conditionally</inf:returned>
                </inf:callInfo>
                <inf:callInfo>
                  <inf:callName>salesOrderRepositoryV1Save</inf:callName>
                  <inf:requiredInput>No</inf:requiredInput>
                </inf:callInfo>
              </xsd:appinfo>
            </xsd:annotation>
          </xsd:element>
          <xsd:element name="discountTaxCompensationAmount" minOccurs="0" maxOccurs="1" type="xsd:float">
            <xsd:annotation>
              <xsd:documentation>Discount tax compensation amount.</xsd:documentation>
              <xsd:appinfo xmlns:inf="http://soap.upskills.in/soap/default?services=salesOrderRepositoryV1">
                <inf:callInfo>
                  <inf:callName>salesOrderRepositoryV1Get</inf:callName>
                  <inf:callName>salesOrderRepositoryV1Save</inf:callName>
                  <inf:returned>Conditionally</inf:returned>
                </inf:callInfo>
                <inf:callInfo>
                  <inf:callName>salesOrderRepositoryV1Save</inf:callName>
                  <inf:requiredInput>No</inf:requiredInput>
                </inf:callInfo>
              </xsd:appinfo>
            </xsd:annotation>
          </xsd:element>
          <xsd:element name="discountTaxCompensationCanceled" minOccurs="0" maxOccurs="1" type="xsd:float">
            <xsd:annotation>
              <xsd:documentation>Discount tax compensation canceled.</xsd:documentation>
              <xsd:appinfo xmlns:inf="http://soap.upskills.in/soap/default?services=salesOrderRepositoryV1">
                <inf:callInfo>
                  <inf:callName>salesOrderRepositoryV1Get</inf:callName>
                  <inf:callName>salesOrderRepositoryV1Save</inf:callName>
                  <inf:returned>Conditionally</inf:returned>
                </inf:callInfo>
                <inf:callInfo>
                  <inf:callName>salesOrderRepositoryV1Save</inf:callName>
                  <inf:requiredInput>No</inf:requiredInput>
                </inf:callInfo>
              </xsd:appinfo>
            </xsd:annotation>
          </xsd:element>
          <xsd:element name="discountTaxCompensationInvoiced" minOccurs="0" maxOccurs="1" type="xsd:float">
            <xsd:annotation>
              <xsd:documentation>Discount tax compensation invoiced.</xsd:documentation>
              <xsd:appinfo xmlns:inf="http://soap.upskills.in/soap/default?services=salesOrderRepositoryV1">
                <inf:callInfo>
                  <inf:callName>salesOrderRepositoryV1Get</inf:callName>
                  <inf:callName>salesOrderRepositoryV1Save</inf:callName>
                  <inf:returned>Conditionally</inf:returned>
                </inf:callInfo>
                <inf:callInfo>
                  <inf:callName>salesOrderRepositoryV1Save</inf:callName>
                  <inf:requiredInput>No</inf:requiredInput>
                </inf:callInfo>
              </xsd:appinfo>
            </xsd:annotation>
          </xsd:element>
          <xsd:element name="discountTaxCompensationRefunded" minOccurs="0" maxOccurs="1" type="xsd:float">
            <xsd:annotation>
              <xsd:documentation>Discount tax compensation refunded.</xsd:documentation>
              <xsd:appinfo xmlns:inf="http://soap.upskills.in/soap/default?services=salesOrderRepositoryV1">
                <inf:callInfo>
                  <inf:callName>salesOrderRepositoryV1Get</inf:callName>
                  <inf:callName>salesOrderRepositoryV1Save</inf:callName>
                  <inf:returned>Conditionally</inf:returned>
                </inf:callInfo>
                <inf:callInfo>
                  <inf:callName>salesOrderRepositoryV1Save</inf:callName>
                  <inf:requiredInput>No</inf:requiredInput>
                </inf:callInfo>
              </xsd:appinfo>
            </xsd:annotation>
          </xsd:element>
          <xsd:element name="isQtyDecimal" minOccurs="0" maxOccurs="1" type="xsd:int">
            <xsd:annotation>
              <xsd:documentation>Is-quantity-decimal flag value.</xsd:documentation>
              <xsd:appinfo xmlns:inf="http://soap.upskills.in/soap/default?services=salesOrderRepositoryV1">
                <inf:min/>
                <inf:max/>
                <inf:callInfo>
                  <inf:callName>salesOrderRepositoryV1Get</inf:callName>
                  <inf:callName>salesOrderRepositoryV1Save</inf:callName>
                  <inf:returned>Conditionally</inf:returned>
                </inf:callInfo>
                <inf:callInfo>
                  <inf:callName>salesOrderRepositoryV1Save</inf:callName>
                  <inf:requiredInput>No</inf:requiredInput>
                </inf:callInfo>
              </xsd:appinfo>
            </xsd:annotation>
          </xsd:element>
          <xsd:element name="isVirtual" minOccurs="0" maxOccurs="1" type="xsd:int">
            <xsd:annotation>
              <xsd:documentation>Is-virtual flag value.</xsd:documentation>
              <xsd:appinfo xmlns:inf="http://soap.upskills.in/soap/default?services=salesOrderRepositoryV1">
                <inf:min/>
                <inf:max/>
                <inf:callInfo>
                  <inf:callName>salesOrderRepositoryV1Get</inf:callName>
                  <inf:callName>salesOrderRepositoryV1Save</inf:callName>
                  <inf:returned>Conditionally</inf:returned>
                </inf:callInfo>
                <inf:callInfo>
                  <inf:callName>salesOrderRepositoryV1Save</inf:callName>
                  <inf:requiredInput>No</inf:requiredInput>
                </inf:callInfo>
              </xsd:appinfo>
            </xsd:annotation>
          </xsd:element>
          <xsd:element name="itemId" minOccurs="0" maxOccurs="1" type="xsd:int">
            <xsd:annotation>
              <xsd:documentation>Item ID.</xsd:documentation>
              <xsd:appinfo xmlns:inf="http://soap.upskills.in/soap/default?services=salesOrderRepositoryV1">
                <inf:min/>
                <inf:max/>
                <inf:callInfo>
                  <inf:callName>salesOrderRepositoryV1Get</inf:callName>
                  <inf:callName>salesOrderRepositoryV1Save</inf:callName>
                  <inf:returned>Conditionally</inf:returned>
                </inf:callInfo>
                <inf:callInfo>
                  <inf:callName>salesOrderRepositoryV1Save</inf:callName>
                  <inf:requiredInput>No</inf:requiredInput>
                </inf:callInfo>
              </xsd:appinfo>
            </xsd:annotation>
          </xsd:element>
          <xsd:element name="lockedDoInvoice" minOccurs="0" maxOccurs="1" type="xsd:int">
            <xsd:annotation>
              <xsd:documentation>Locked DO invoice flag value.</xsd:documentation>
              <xsd:appinfo xmlns:inf="http://soap.upskills.in/soap/default?services=salesOrderRepositoryV1">
                <inf:min/>
                <inf:max/>
                <inf:callInfo>
                  <inf:callName>salesOrderRepositoryV1Get</inf:callName>
                  <inf:callName>salesOrderRepositoryV1Save</inf:callName>
                  <inf:returned>Conditionally</inf:returned>
                </inf:callInfo>
                <inf:callInfo>
                  <inf:callName>salesOrderRepositoryV1Save</inf:callName>
                  <inf:requiredInput>No</inf:requiredInput>
                </inf:callInfo>
              </xsd:appinfo>
            </xsd:annotation>
          </xsd:element>
          <xsd:element name="lockedDoShip" minOccurs="0" maxOccurs="1" type="xsd:int">
            <xsd:annotation>
              <xsd:documentation>Locked DO ship flag value.</xsd:documentation>
              <xsd:appinfo xmlns:inf="http://soap.upskills.in/soap/default?services=salesOrderRepositoryV1">
                <inf:min/>
                <inf:max/>
                <inf:callInfo>
                  <inf:callName>salesOrderRepositoryV1Get</inf:callName>
                  <inf:callName>salesOrderRepositoryV1Save</inf:callName>
                  <inf:returned>Conditionally</inf:returned>
                </inf:callInfo>
                <inf:callInfo>
                  <inf:callName>salesOrderRepositoryV1Save</inf:callName>
                  <inf:requiredInput>No</inf:requiredInput>
                </inf:callInfo>
              </xsd:appinfo>
            </xsd:annotation>
          </xsd:element>
          <xsd:element name="name" minOccurs="0" maxOccurs="1" type="xsd:string">
            <xsd:annotation>
              <xsd:documentation>Name.</xsd:documentation>
              <xsd:appinfo xmlns:inf="http://soap.upskills.in/soap/default?services=salesOrderRepositoryV1">
                <inf:maxLength/>
                <inf:callInfo>
                  <inf:callName>salesOrderRepositoryV1Get</inf:callName>
                  <inf:callName>salesOrderRepositoryV1Save</inf:callName>
                  <inf:returned>Conditionally</inf:returned>
                </inf:callInfo>
                <inf:callInfo>
                  <inf:callName>salesOrderRepositoryV1Save</inf:callName>
                  <inf:requiredInput>No</inf:requiredInput>
                </inf:callInfo>
              </xsd:appinfo>
            </xsd:annotation>
          </xsd:element>
          <xsd:element name="noDiscount" minOccurs="0" maxOccurs="1" type="xsd:int">
            <xsd:annotation>
              <xsd:documentation>No-discount flag value.</xsd:documentation>
              <xsd:appinfo xmlns:inf="http://soap.upskills.in/soap/default?services=salesOrderRepositoryV1">
                <inf:min/>
                <inf:max/>
                <inf:callInfo>
                  <inf:callName>salesOrderRepositoryV1Get</inf:callName>
                  <inf:callName>salesOrderRepositoryV1Save</inf:callName>
                  <inf:returned>Conditionally</inf:returned>
                </inf:callInfo>
                <inf:callInfo>
                  <inf:callName>salesOrderRepositoryV1Save</inf:callName>
                  <inf:requiredInput>No</inf:requiredInput>
                </inf:callInfo>
              </xsd:appinfo>
            </xsd:annotation>
          </xsd:element>
          <xsd:element name="orderId" minOccurs="0" maxOccurs="1" type="xsd:int">
            <xsd:annotation>
              <xsd:documentation>Order ID.</xsd:documentation>
              <xsd:appinfo xmlns:inf="http://soap.upskills.in/soap/default?services=salesOrderRepositoryV1">
                <inf:min/>
                <inf:max/>
                <inf:callInfo>
                  <inf:callName>salesOrderRepositoryV1Get</inf:callName>
                  <inf:callName>salesOrderRepositoryV1Save</inf:callName>
                  <inf:returned>Conditionally</inf:returned>
                </inf:callInfo>
                <inf:callInfo>
                  <inf:callName>salesOrderRepositoryV1Save</inf:callName>
                  <inf:requiredInput>No</inf:requiredInput>
                </inf:callInfo>
              </xsd:appinfo>
            </xsd:annotation>
          </xsd:element>
          <xsd:element name="originalPrice" minOccurs="0" maxOccurs="1" type="xsd:float">
            <xsd:annotation>
              <xsd:documentation>Original price.</xsd:documentation>
              <xsd:appinfo xmlns:inf="http://soap.upskills.in/soap/default?services=salesOrderRepositoryV1">
                <inf:callInfo>
                  <inf:callName>salesOrderRepositoryV1Get</inf:callName>
                  <inf:callName>salesOrderRepositoryV1Save</inf:callName>
                  <inf:returned>Conditionally</inf:returned>
                </inf:callInfo>
                <inf:callInfo>
                  <inf:callName>salesOrderRepositoryV1Save</inf:callName>
                  <inf:requiredInput>No</inf:requiredInput>
                </inf:callInfo>
              </xsd:appinfo>
            </xsd:annotation>
          </xsd:element>
          <xsd:element name="parentItemId" minOccurs="0" maxOccurs="1" type="xsd:int">
            <xsd:annotation>
              <xsd:documentation>Parent item ID.</xsd:documentation>
              <xsd:appinfo xmlns:inf="http://soap.upskills.in/soap/default?services=salesOrderRepositoryV1">
                <inf:min/>
                <inf:max/>
                <inf:callInfo>
                  <inf:callName>salesOrderRepositoryV1Get</inf:callName>
                  <inf:callName>salesOrderRepositoryV1Save</inf:callName>
                  <inf:returned>Conditionally</inf:returned>
                </inf:callInfo>
                <inf:callInfo>
                  <inf:callName>salesOrderRepositoryV1Save</inf:callName>
                  <inf:requiredInput>No</inf:requiredInput>
                </inf:callInfo>
              </xsd:appinfo>
            </xsd:annotation>
          </xsd:element>
          <xsd:element name="price" minOccurs="0" maxOccurs="1" type="xsd:float">
            <xsd:annotation>
              <xsd:documentation>Price.</xsd:documentation>
              <xsd:appinfo xmlns:inf="http://soap.upskills.in/soap/default?services=salesOrderRepositoryV1">
                <inf:callInfo>
                  <inf:callName>salesOrderRepositoryV1Get</inf:callName>
                  <inf:callName>salesOrderRepositoryV1Save</inf:callName>
                  <inf:returned>Conditionally</inf:returned>
                </inf:callInfo>
                <inf:callInfo>
                  <inf:callName>salesOrderRepositoryV1Save</inf:callName>
                  <inf:requiredInput>No</inf:requiredInput>
                </inf:callInfo>
              </xsd:appinfo>
            </xsd:annotation>
          </xsd:element>
          <xsd:element name="priceInclTax" minOccurs="0" maxOccurs="1" type="xsd:float">
            <xsd:annotation>
              <xsd:documentation>Price including tax.</xsd:documentation>
              <xsd:appinfo xmlns:inf="http://soap.upskills.in/soap/default?services=salesOrderRepositoryV1">
                <inf:callInfo>
                  <inf:callName>salesOrderRepositoryV1Get</inf:callName>
                  <inf:callName>salesOrderRepositoryV1Save</inf:callName>
                  <inf:returned>Conditionally</inf:returned>
                </inf:callInfo>
                <inf:callInfo>
                  <inf:callName>salesOrderRepositoryV1Save</inf:callName>
                  <inf:requiredInput>No</inf:requiredInput>
                </inf:callInfo>
              </xsd:appinfo>
            </xsd:annotation>
          </xsd:element>
          <xsd:element name="productId" minOccurs="0" maxOccurs="1" type="xsd:int">
            <xsd:annotation>
              <xsd:documentation>Product ID.</xsd:documentation>
              <xsd:appinfo xmlns:inf="http://soap.upskills.in/soap/default?services=salesOrderRepositoryV1">
                <inf:min/>
                <inf:max/>
                <inf:callInfo>
                  <inf:callName>salesOrderRepositoryV1Get</inf:callName>
                  <inf:callName>salesOrderRepositoryV1Save</inf:callName>
                  <inf:returned>Conditionally</inf:returned>
                </inf:callInfo>
                <inf:callInfo>
                  <inf:callName>salesOrderRepositoryV1Save</inf:callName>
                  <inf:requiredInput>No</inf:requiredInput>
                </inf:callInfo>
              </xsd:appinfo>
            </xsd:annotation>
          </xsd:element>
          <xsd:element name="productType" minOccurs="0" maxOccurs="1" type="xsd:string">
            <xsd:annotation>
              <xsd:documentation>Product type.</xsd:documentation>
              <xsd:appinfo xmlns:inf="http://soap.upskills.in/soap/default?services=salesOrderRepositoryV1">
                <inf:maxLength/>
                <inf:callInfo>
                  <inf:callName>salesOrderRepositoryV1Get</inf:callName>
                  <inf:callName>salesOrderRepositoryV1Save</inf:callName>
                  <inf:returned>Conditionally</inf:returned>
                </inf:callInfo>
                <inf:callInfo>
                  <inf:callName>salesOrderRepositoryV1Save</inf:callName>
                  <inf:requiredInput>No</inf:requiredInput>
                </inf:callInfo>
              </xsd:appinfo>
            </xsd:annotation>
          </xsd:element>
          <xsd:element name="qtyBackordered" minOccurs="0" maxOccurs="1" type="xsd:float">
            <xsd:annotation>
              <xsd:documentation>Quantity backordered.</xsd:documentation>
              <xsd:appinfo xmlns:inf="http://soap.upskills.in/soap/default?services=salesOrderRepositoryV1">
                <inf:callInfo>
                  <inf:callName>salesOrderRepositoryV1Get</inf:callName>
                  <inf:callName>salesOrderRepositoryV1Save</inf:callName>
                  <inf:returned>Conditionally</inf:returned>
                </inf:callInfo>
                <inf:callInfo>
                  <inf:callName>salesOrderRepositoryV1Save</inf:callName>
                  <inf:requiredInput>No</inf:requiredInput>
                </inf:callInfo>
              </xsd:appinfo>
            </xsd:annotation>
          </xsd:element>
          <xsd:element name="qtyCanceled" minOccurs="0" maxOccurs="1" type="xsd:float">
            <xsd:annotation>
              <xsd:documentation>Quantity canceled.</xsd:documentation>
              <xsd:appinfo xmlns:inf="http://soap.upskills.in/soap/default?services=salesOrderRepositoryV1">
                <inf:callInfo>
                  <inf:callName>salesOrderRepositoryV1Get</inf:callName>
                  <inf:callName>salesOrderRepositoryV1Save</inf:callName>
                  <inf:returned>Conditionally</inf:returned>
                </inf:callInfo>
                <inf:callInfo>
                  <inf:callName>salesOrderRepositoryV1Save</inf:callName>
                  <inf:requiredInput>No</inf:requiredInput>
                </inf:callInfo>
              </xsd:appinfo>
            </xsd:annotation>
          </xsd:element>
          <xsd:element name="qtyInvoiced" minOccurs="0" maxOccurs="1" type="xsd:float">
            <xsd:annotation>
              <xsd:documentation>Quantity invoiced.</xsd:documentation>
              <xsd:appinfo xmlns:inf="http://soap.upskills.in/soap/default?services=salesOrderRepositoryV1">
                <inf:callInfo>
                  <inf:callName>salesOrderRepositoryV1Get</inf:callName>
                  <inf:callName>salesOrderRepositoryV1Save</inf:callName>
                  <inf:returned>Conditionally</inf:returned>
                </inf:callInfo>
                <inf:callInfo>
                  <inf:callName>salesOrderRepositoryV1Save</inf:callName>
                  <inf:requiredInput>No</inf:requiredInput>
                </inf:callInfo>
              </xsd:appinfo>
            </xsd:annotation>
          </xsd:element>
          <xsd:element name="qtyOrdered" minOccurs="0" maxOccurs="1" type="xsd:float">
            <xsd:annotation>
              <xsd:documentation>Quantity ordered.</xsd:documentation>
              <xsd:appinfo xmlns:inf="http://soap.upskills.in/soap/default?services=salesOrderRepositoryV1">
                <inf:callInfo>
                  <inf:callName>salesOrderRepositoryV1Get</inf:callName>
                  <inf:callName>salesOrderRepositoryV1Save</inf:callName>
                  <inf:returned>Conditionally</inf:returned>
                </inf:callInfo>
                <inf:callInfo>
                  <inf:callName>salesOrderRepositoryV1Save</inf:callName>
                  <inf:requiredInput>No</inf:requiredInput>
                </inf:callInfo>
              </xsd:appinfo>
            </xsd:annotation>
          </xsd:element>
          <xsd:element name="qtyRefunded" minOccurs="0" maxOccurs="1" type="xsd:float">
            <xsd:annotation>
              <xsd:documentation>Quantity refunded.</xsd:documentation>
              <xsd:appinfo xmlns:inf="http://soap.upskills.in/soap/default?services=salesOrderRepositoryV1">
                <inf:callInfo>
                  <inf:callName>salesOrderRepositoryV1Get</inf:callName>
                  <inf:callName>salesOrderRepositoryV1Save</inf:callName>
                  <inf:returned>Conditionally</inf:returned>
                </inf:callInfo>
                <inf:callInfo>
                  <inf:callName>salesOrderRepositoryV1Save</inf:callName>
                  <inf:requiredInput>No</inf:requiredInput>
                </inf:callInfo>
              </xsd:appinfo>
            </xsd:annotation>
          </xsd:element>
          <xsd:element name="qtyReturned" minOccurs="0" maxOccurs="1" type="xsd:float">
            <xsd:annotation>
              <xsd:documentation>Quantity returned.</xsd:documentation>
              <xsd:appinfo xmlns:inf="http://soap.upskills.in/soap/default?services=salesOrderRepositoryV1">
                <inf:callInfo>
                  <inf:callName>salesOrderRepositoryV1Get</inf:callName>
                  <inf:callName>salesOrderRepositoryV1Save</inf:callName>
                  <inf:returned>Conditionally</inf:returned>
                </inf:callInfo>
                <inf:callInfo>
                  <inf:callName>salesOrderRepositoryV1Save</inf:callName>
                  <inf:requiredInput>No</inf:requiredInput>
                </inf:callInfo>
              </xsd:appinfo>
            </xsd:annotation>
          </xsd:element>
          <xsd:element name="qtyShipped" minOccurs="0" maxOccurs="1" type="xsd:float">
            <xsd:annotation>
              <xsd:documentation>Quantity shipped.</xsd:documentation>
              <xsd:appinfo xmlns:inf="http://soap.upskills.in/soap/default?services=salesOrderRepositoryV1">
                <inf:callInfo>
                  <inf:callName>salesOrderRepositoryV1Get</inf:callName>
                  <inf:callName>salesOrderRepositoryV1Save</inf:callName>
                  <inf:returned>Conditionally</inf:returned>
                </inf:callInfo>
                <inf:callInfo>
                  <inf:callName>salesOrderRepositoryV1Save</inf:callName>
                  <inf:requiredInput>No</inf:requiredInput>
                </inf:callInfo>
              </xsd:appinfo>
            </xsd:annotation>
          </xsd:element>
          <xsd:element name="quoteItemId" minOccurs="0" maxOccurs="1" type="xsd:int">
            <xsd:annotation>
              <xsd:documentation>Quote item ID.</xsd:documentation>
              <xsd:appinfo xmlns:inf="http://soap.upskills.in/soap/default?services=salesOrderRepositoryV1">
                <inf:min/>
                <inf:max/>
                <inf:callInfo>
                  <inf:callName>salesOrderRepositoryV1Get</inf:callName>
                  <inf:callName>salesOrderRepositoryV1Save</inf:callName>
                  <inf:returned>Conditionally</inf:returned>
                </inf:callInfo>
                <inf:callInfo>
                  <inf:callName>salesOrderRepositoryV1Save</inf:callName>
                  <inf:requiredInput>No</inf:requiredInput>
                </inf:callInfo>
              </xsd:appinfo>
            </xsd:annotation>
          </xsd:element>
          <xsd:element name="rowInvoiced" minOccurs="0" maxOccurs="1" type="xsd:float">
            <xsd:annotation>
              <xsd:documentation>Row invoiced.</xsd:documentation>
              <xsd:appinfo xmlns:inf="http://soap.upskills.in/soap/default?services=salesOrderRepositoryV1">
                <inf:callInfo>
                  <inf:callName>salesOrderRepositoryV1Get</inf:callName>
                  <inf:callName>salesOrderRepositoryV1Save</inf:callName>
                  <inf:returned>Conditionally</inf:returned>
                </inf:callInfo>
                <inf:callInfo>
                  <inf:callName>salesOrderRepositoryV1Save</inf:callName>
                  <inf:requiredInput>No</inf:requiredInput>
                </inf:callInfo>
              </xsd:appinfo>
            </xsd:annotation>
          </xsd:element>
          <xsd:element name="rowTotal" minOccurs="0" maxOccurs="1" type="xsd:float">
            <xsd:annotation>
              <xsd:documentation>Row total.</xsd:documentation>
              <xsd:appinfo xmlns:inf="http://soap.upskills.in/soap/default?services=salesOrderRepositoryV1">
                <inf:callInfo>
                  <inf:callName>salesOrderRepositoryV1Get</inf:callName>
                  <inf:callName>salesOrderRepositoryV1Save</inf:callName>
                  <inf:returned>Conditionally</inf:returned>
                </inf:callInfo>
                <inf:callInfo>
                  <inf:callName>salesOrderRepositoryV1Save</inf:callName>
                  <inf:requiredInput>No</inf:requiredInput>
                </inf:callInfo>
              </xsd:appinfo>
            </xsd:annotation>
          </xsd:element>
          <xsd:element name="rowTotalInclTax" minOccurs="0" maxOccurs="1" type="xsd:float">
            <xsd:annotation>
              <xsd:documentation>Row total including tax.</xsd:documentation>
              <xsd:appinfo xmlns:inf="http://soap.upskills.in/soap/default?services=salesOrderRepositoryV1">
                <inf:callInfo>
                  <inf:callName>salesOrderRepositoryV1Get</inf:callName>
                  <inf:callName>salesOrderRepositoryV1Save</inf:callName>
                  <inf:returned>Conditionally</inf:returned>
                </inf:callInfo>
                <inf:callInfo>
                  <inf:callName>salesOrderRepositoryV1Save</inf:callName>
                  <inf:requiredInput>No</inf:requiredInput>
                </inf:callInfo>
              </xsd:appinfo>
            </xsd:annotation>
          </xsd:element>
          <xsd:element name="rowWeight" minOccurs="0" maxOccurs="1" type="xsd:float">
            <xsd:annotation>
              <xsd:documentation>Row weight.</xsd:documentation>
              <xsd:appinfo xmlns:inf="http://soap.upskills.in/soap/default?services=salesOrderRepositoryV1">
                <inf:callInfo>
                  <inf:callName>salesOrderRepositoryV1Get</inf:callName>
                  <inf:callName>salesOrderRepositoryV1Save</inf:callName>
                  <inf:returned>Conditionally</inf:returned>
                </inf:callInfo>
                <inf:callInfo>
                  <inf:callName>salesOrderRepositoryV1Save</inf:callName>
                  <inf:requiredInput>No</inf:requiredInput>
                </inf:callInfo>
              </xsd:appinfo>
            </xsd:annotation>
          </xsd:element>
          <xsd:element name="sku" minOccurs="1" maxOccurs="1" type="xsd:string">
            <xsd:annotation>
              <xsd:documentation>SKU.</xsd:documentation>
              <xsd:appinfo xmlns:inf="http://soap.upskills.in/soap/default?services=salesOrderRepositoryV1">
                <inf:maxLength/>
                <inf:callInfo>
                  <inf:callName>salesOrderRepositoryV1Get</inf:callName>
                  <inf:callName>salesOrderRepositoryV1Save</inf:callName>
                  <inf:returned>Conditionally</inf:returned>
                </inf:callInfo>
                <inf:callInfo>
                  <inf:callName>salesOrderRepositoryV1Save</inf:callName>
                  <inf:requiredInput>No</inf:requiredInput>
                </inf:callInfo>
              </xsd:appinfo>
            </xsd:annotation>
          </xsd:element>
          <xsd:element name="storeId" minOccurs="0" maxOccurs="1" type="xsd:int">
            <xsd:annotation>
              <xsd:documentation>Store ID.</xsd:documentation>
              <xsd:appinfo xmlns:inf="http://soap.upskills.in/soap/default?services=salesOrderRepositoryV1">
                <inf:min/>
                <inf:max/>
                <inf:callInfo>
                  <inf:callName>salesOrderRepositoryV1Get</inf:callName>
                  <inf:callName>salesOrderRepositoryV1Save</inf:callName>
                  <inf:returned>Conditionally</inf:returned>
                </inf:callInfo>
                <inf:callInfo>
                  <inf:callName>salesOrderRepositoryV1Save</inf:callName>
                  <inf:requiredInput>No</inf:requiredInput>
                </inf:callInfo>
              </xsd:appinfo>
            </xsd:annotation>
          </xsd:element>
          <xsd:element name="taxAmount" minOccurs="0" maxOccurs="1" type="xsd:float">
            <xsd:annotation>
              <xsd:documentation>Tax amount.</xsd:documentation>
              <xsd:appinfo xmlns:inf="http://soap.upskills.in/soap/default?services=salesOrderRepositoryV1">
                <inf:callInfo>
                  <inf:callName>salesOrderRepositoryV1Get</inf:callName>
                  <inf:callName>salesOrderRepositoryV1Save</inf:callName>
                  <inf:returned>Conditionally</inf:returned>
                </inf:callInfo>
                <inf:callInfo>
                  <inf:callName>salesOrderRepositoryV1Save</inf:callName>
                  <inf:requiredInput>No</inf:requiredInput>
                </inf:callInfo>
              </xsd:appinfo>
            </xsd:annotation>
          </xsd:element>
          <xsd:element name="taxBeforeDiscount" minOccurs="0" maxOccurs="1" type="xsd:float">
            <xsd:annotation>
              <xsd:documentation>Tax before discount.</xsd:documentation>
              <xsd:appinfo xmlns:inf="http://soap.upskills.in/soap/default?services=salesOrderRepositoryV1">
                <inf:callInfo>
                  <inf:callName>salesOrderRepositoryV1Get</inf:callName>
                  <inf:callName>salesOrderRepositoryV1Save</inf:callName>
                  <inf:returned>Conditionally</inf:returned>
                </inf:callInfo>
                <inf:callInfo>
                  <inf:callName>salesOrderRepositoryV1Save</inf:callName>
                  <inf:requiredInput>No</inf:requiredInput>
                </inf:callInfo>
              </xsd:appinfo>
            </xsd:annotation>
          </xsd:element>
          <xsd:element name="taxCanceled" minOccurs="0" maxOccurs="1" type="xsd:float">
            <xsd:annotation>
              <xsd:documentation>Tax canceled.</xsd:documentation>
              <xsd:appinfo xmlns:inf="http://soap.upskills.in/soap/default?services=salesOrderRepositoryV1">
                <inf:callInfo>
                  <inf:callName>salesOrderRepositoryV1Get</inf:callName>
                  <inf:callName>salesOrderRepositoryV1Save</inf:callName>
                  <inf:returned>Conditionally</inf:returned>
                </inf:callInfo>
                <inf:callInfo>
                  <inf:callName>salesOrderRepositoryV1Save</inf:callName>
                  <inf:requiredInput>No</inf:requiredInput>
                </inf:callInfo>
              </xsd:appinfo>
            </xsd:annotation>
          </xsd:element>
          <xsd:element name="taxInvoiced" minOccurs="0" maxOccurs="1" type="xsd:float">
            <xsd:annotation>
              <xsd:documentation>Tax invoiced.</xsd:documentation>
              <xsd:appinfo xmlns:inf="http://soap.upskills.in/soap/default?services=salesOrderRepositoryV1">
                <inf:callInfo>
                  <inf:callName>salesOrderRepositoryV1Get</inf:callName>
                  <inf:callName>salesOrderRepositoryV1Save</inf:callName>
                  <inf:returned>Conditionally</inf:returned>
                </inf:callInfo>
                <inf:callInfo>
                  <inf:callName>salesOrderRepositoryV1Save</inf:callName>
                  <inf:requiredInput>No</inf:requiredInput>
                </inf:callInfo>
              </xsd:appinfo>
            </xsd:annotation>
          </xsd:element>
          <xsd:element name="taxPercent" minOccurs="0" maxOccurs="1" type="xsd:float">
            <xsd:annotation>
              <xsd:documentation>Tax percent.</xsd:documentation>
              <xsd:appinfo xmlns:inf="http://soap.upskills.in/soap/default?services=salesOrderRepositoryV1">
                <inf:callInfo>
                  <inf:callName>salesOrderRepositoryV1Get</inf:callName>
                  <inf:callName>salesOrderRepositoryV1Save</inf:callName>
                  <inf:returned>Conditionally</inf:returned>
                </inf:callInfo>
                <inf:callInfo>
                  <inf:callName>salesOrderRepositoryV1Save</inf:callName>
                  <inf:requiredInput>No</inf:requiredInput>
                </inf:callInfo>
              </xsd:appinfo>
            </xsd:annotation>
          </xsd:element>
          <xsd:element name="taxRefunded" minOccurs="0" maxOccurs="1" type="xsd:float">
            <xsd:annotation>
              <xsd:documentation>Tax refunded.</xsd:documentation>
              <xsd:appinfo xmlns:inf="http://soap.upskills.in/soap/default?services=salesOrderRepositoryV1">
                <inf:callInfo>
                  <inf:callName>salesOrderRepositoryV1Get</inf:callName>
                  <inf:callName>salesOrderRepositoryV1Save</inf:callName>
                  <inf:returned>Conditionally</inf:returned>
                </inf:callInfo>
                <inf:callInfo>
                  <inf:callName>salesOrderRepositoryV1Save</inf:callName>
                  <inf:requiredInput>No</inf:requiredInput>
                </inf:callInfo>
              </xsd:appinfo>
            </xsd:annotation>
          </xsd:element>
          <xsd:element name="updatedAt" minOccurs="0" maxOccurs="1" type="xsd:string">
            <xsd:annotation>
              <xsd:documentation>Updated-at timestamp.</xsd:documentation>
              <xsd:appinfo xmlns:inf="http://soap.upskills.in/soap/default?services=salesOrderRepositoryV1">
                <inf:maxLength/>
                <inf:callInfo>
                  <inf:callName>salesOrderRepositoryV1Get</inf:callName>
                  <inf:callName>salesOrderRepositoryV1Save</inf:callName>
                  <inf:returned>Conditionally</inf:returned>
                </inf:callInfo>
                <inf:callInfo>
                  <inf:callName>salesOrderRepositoryV1Save</inf:callName>
                  <inf:requiredInput>No</inf:requiredInput>
                </inf:callInfo>
              </xsd:appinfo>
            </xsd:annotation>
          </xsd:element>
          <xsd:element name="weeeTaxApplied" minOccurs="0" maxOccurs="1" type="xsd:string">
            <xsd:annotation>
              <xsd:documentation>WEEE tax applied.</xsd:documentation>
              <xsd:appinfo xmlns:inf="http://soap.upskills.in/soap/default?services=salesOrderRepositoryV1">
                <inf:maxLength/>
                <inf:callInfo>
                  <inf:callName>salesOrderRepositoryV1Get</inf:callName>
                  <inf:callName>salesOrderRepositoryV1Save</inf:callName>
                  <inf:returned>Conditionally</inf:returned>
                </inf:callInfo>
                <inf:callInfo>
                  <inf:callName>salesOrderRepositoryV1Save</inf:callName>
                  <inf:requiredInput>No</inf:requiredInput>
                </inf:callInfo>
              </xsd:appinfo>
            </xsd:annotation>
          </xsd:element>
          <xsd:element name="weeeTaxAppliedAmount" minOccurs="0" maxOccurs="1" type="xsd:float">
            <xsd:annotation>
              <xsd:documentation>WEEE tax applied amount.</xsd:documentation>
              <xsd:appinfo xmlns:inf="http://soap.upskills.in/soap/default?services=salesOrderRepositoryV1">
                <inf:callInfo>
                  <inf:callName>salesOrderRepositoryV1Get</inf:callName>
                  <inf:callName>salesOrderRepositoryV1Save</inf:callName>
                  <inf:returned>Conditionally</inf:returned>
                </inf:callInfo>
                <inf:callInfo>
                  <inf:callName>salesOrderRepositoryV1Save</inf:callName>
                  <inf:requiredInput>No</inf:requiredInput>
                </inf:callInfo>
              </xsd:appinfo>
            </xsd:annotation>
          </xsd:element>
          <xsd:element name="weeeTaxAppliedRowAmount" minOccurs="0" maxOccurs="1" type="xsd:float">
            <xsd:annotation>
              <xsd:documentation>WEEE tax applied row amount.</xsd:documentation>
              <xsd:appinfo xmlns:inf="http://soap.upskills.in/soap/default?services=salesOrderRepositoryV1">
                <inf:callInfo>
                  <inf:callName>salesOrderRepositoryV1Get</inf:callName>
                  <inf:callName>salesOrderRepositoryV1Save</inf:callName>
                  <inf:returned>Conditionally</inf:returned>
                </inf:callInfo>
                <inf:callInfo>
                  <inf:callName>salesOrderRepositoryV1Save</inf:callName>
                  <inf:requiredInput>No</inf:requiredInput>
                </inf:callInfo>
              </xsd:appinfo>
            </xsd:annotation>
          </xsd:element>
          <xsd:element name="weeeTaxDisposition" minOccurs="0" maxOccurs="1" type="xsd:float">
            <xsd:annotation>
              <xsd:documentation>WEEE tax disposition.</xsd:documentation>
              <xsd:appinfo xmlns:inf="http://soap.upskills.in/soap/default?services=salesOrderRepositoryV1">
                <inf:callInfo>
                  <inf:callName>salesOrderRepositoryV1Get</inf:callName>
                  <inf:callName>salesOrderRepositoryV1Save</inf:callName>
                  <inf:returned>Conditionally</inf:returned>
                </inf:callInfo>
                <inf:callInfo>
                  <inf:callName>salesOrderRepositoryV1Save</inf:callName>
                  <inf:requiredInput>No</inf:requiredInput>
                </inf:callInfo>
              </xsd:appinfo>
            </xsd:annotation>
          </xsd:element>
          <xsd:element name="weeeTaxRowDisposition" minOccurs="0" maxOccurs="1" type="xsd:float">
            <xsd:annotation>
              <xsd:documentation>WEEE tax row disposition.</xsd:documentation>
              <xsd:appinfo xmlns:inf="http://soap.upskills.in/soap/default?services=salesOrderRepositoryV1">
                <inf:callInfo>
                  <inf:callName>salesOrderRepositoryV1Get</inf:callName>
                  <inf:callName>salesOrderRepositoryV1Save</inf:callName>
                  <inf:returned>Conditionally</inf:returned>
                </inf:callInfo>
                <inf:callInfo>
                  <inf:callName>salesOrderRepositoryV1Save</inf:callName>
                  <inf:requiredInput>No</inf:requiredInput>
                </inf:callInfo>
              </xsd:appinfo>
            </xsd:annotation>
          </xsd:element>
          <xsd:element name="weight" minOccurs="0" maxOccurs="1" type="xsd:float">
            <xsd:annotation>
              <xsd:documentation>Weight.</xsd:documentation>
              <xsd:appinfo xmlns:inf="http://soap.upskills.in/soap/default?services=salesOrderRepositoryV1">
                <inf:callInfo>
                  <inf:callName>salesOrderRepositoryV1Get</inf:callName>
                  <inf:callName>salesOrderRepositoryV1Save</inf:callName>
                  <inf:returned>Conditionally</inf:returned>
                </inf:callInfo>
                <inf:callInfo>
                  <inf:callName>salesOrderRepositoryV1Save</inf:callName>
                  <inf:requiredInput>No</inf:requiredInput>
                </inf:callInfo>
              </xsd:appinfo>
            </xsd:annotation>
          </xsd:element>
          <xsd:element name="parentItem" minOccurs="0" maxOccurs="1" type="tns:SalesDataOrderItemInterface">
            <xsd:annotation>
              <xsd:documentation>Parent item</xsd:documentation>
              <xsd:appinfo xmlns:inf="http://soap.upskills.in/soap/default?services=salesOrderRepositoryV1">
                <inf:callInfo>
                  <inf:callName>salesOrderRepositoryV1Get</inf:callName>
                  <inf:callName>salesOrderRepositoryV1Save</inf:callName>
                  <inf:returned>Conditionally</inf:returned>
                </inf:callInfo>
                <inf:callInfo>
                  <inf:callName>salesOrderRepositoryV1Save</inf:callName>
                  <inf:requiredInput>No</inf:requiredInput>
                </inf:callInfo>
              </xsd:appinfo>
            </xsd:annotation>
          </xsd:element>
          <xsd:element name="productOption" minOccurs="0" maxOccurs="1" type="tns:CatalogDataProductOptionInterface">
            <xsd:annotation>
              <xsd:documentation>Product option</xsd:documentation>
              <xsd:appinfo xmlns:inf="http://soap.upskills.in/soap/default?services=salesOrderRepositoryV1">
                <inf:callInfo>
                  <inf:callName>salesOrderRepositoryV1Get</inf:callName>
                  <inf:callName>salesOrderRepositoryV1Save</inf:callName>
                  <inf:returned>Conditionally</inf:returned>
                </inf:callInfo>
                <inf:callInfo>
                  <inf:callName>salesOrderRepositoryV1Save</inf:callName>
                  <inf:requiredInput>No</inf:requiredInput>
                </inf:callInfo>
              </xsd:appinfo>
            </xsd:annotation>
          </xsd:element>
          <xsd:element name="extensionAttributes" minOccurs="0" maxOccurs="1" type="tns:SalesDataOrderItemExtensionInterface">
            <xsd:annotation>
              <xsd:documentation>Existing extension attributes object or create a new one.</xsd:documentation>
              <xsd:appinfo xmlns:inf="http://soap.upskills.in/soap/default?services=salesOrderRepositoryV1">
                <inf:callInfo>
                  <inf:callName>salesOrderRepositoryV1Get</inf:callName>
                  <inf:callName>salesOrderRepositoryV1Save</inf:callName>
                  <inf:returned>Conditionally</inf:returned>
                </inf:callInfo>
                <inf:callInfo>
                  <inf:callName>salesOrderRepositoryV1Save</inf:callName>
                  <inf:requiredInput>No</inf:requiredInput>
                </inf:callInfo>
              </xsd:appinfo>
            </xsd:annotation>
          </xsd:element>
        </xsd:sequence>
      </xsd:complexType>
      <xsd:complexType name="ArrayOfSalesDataOrderItemInterface">
        <xsd:annotation>
          <xsd:documentation>An array of SalesDataOrderItemInterface items.</xsd:documentation>
          <xsd:appinfo xmlns:inf="http://soap.upskills.in/soap/default?services=salesOrderRepositoryV1"/>
        </xsd:annotation>
        <xsd:sequence>
          <xsd:element name="item" minOccurs="0" maxOccurs="unbounded" type="tns:SalesDataOrderItemInterface">
            <xsd:annotation>
              <xsd:documentation>An item of ArrayOfSalesDataOrderItemInterface.</xsd:documentation>
              <xsd:appinfo xmlns:inf="http://soap.upskills.in/soap/default?services=salesOrderRepositoryV1">
                <inf:callInfo>
                  <inf:callName>salesOrderRepositoryV1Get</inf:callName>
                  <inf:callName>salesOrderRepositoryV1Save</inf:callName>
                  <inf:returned>Conditionally</inf:returned>
                </inf:callInfo>
                <inf:callInfo>
                  <inf:callName>salesOrderRepositoryV1Save</inf:callName>
                  <inf:requiredInput>No</inf:requiredInput>
                </inf:callInfo>
              </xsd:appinfo>
            </xsd:annotation>
          </xsd:element>
        </xsd:sequence>
      </xsd:complexType>
      <xsd:complexType name="SalesDataOrderAddressExtensionInterface">
        <xsd:annotation>
          <xsd:documentation>ExtensionInterface class for @see \Magento\Sales\Api\Data\OrderAddressInterface</xsd:documentation>
          <xsd:appinfo xmlns:inf="http://soap.upskills.in/soap/default?services=salesOrderRepositoryV1"/>
        </xsd:annotation>
        <xsd:sequence>
          <xsd:element name="checkoutFields" type="tns:ArrayOfFrameworkAttributeInterface" minOccurs="0">
            <xsd:annotation>
              <xsd:documentation/>
              <xsd:appinfo xmlns:inf="http://soap.upskills.in/soap/default?services=salesOrderRepositoryV1">
                <inf:natureOfType>array</inf:natureOfType>
                <inf:callInfo>
                  <inf:callName>salesOrderRepositoryV1Get</inf:callName>
                  <inf:callName>salesOrderRepositoryV1Save</inf:callName>
                  <inf:returned>Conditionally</inf:returned>
                </inf:callInfo>
                <inf:callInfo>
                  <inf:callName>salesOrderRepositoryV1Save</inf:callName>
                  <inf:requiredInput>No</inf:requiredInput>
                </inf:callInfo>
              </xsd:appinfo>
            </xsd:annotation>
          </xsd:element>
        </xsd:sequence>
      </xsd:complexType>
      <xsd:complexType name="SalesDataOrderAddressInterface">
        <xsd:annotation>
          <xsd:documentation>Order address interface. An order is a document that a web store issues to a customer. Magento generates a sales order that lists the product items, billing and shipping addresses, and shipping and payment methods. A corresponding external document, known as a purchase order, is emailed to the customer.</xsd:documentation>
          <xsd:appinfo xmlns:inf="http://soap.upskills.in/soap/default?services=salesOrderRepositoryV1"/>
        </xsd:annotation>
        <xsd:sequence>
          <xsd:element name="addressType" minOccurs="1" maxOccurs="1" type="xsd:string">
            <xsd:annotation>
              <xsd:documentation>Address type.</xsd:documentation>
              <xsd:appinfo xmlns:inf="http://soap.upskills.in/soap/default?services=salesOrderRepositoryV1">
                <inf:maxLength/>
                <inf:callInfo>
                  <inf:callName>salesOrderRepositoryV1Get</inf:callName>
                  <inf:callName>salesOrderRepositoryV1Save</inf:callName>
                  <inf:returned>Conditionally</inf:returned>
                </inf:callInfo>
                <inf:callInfo>
                  <inf:callName>salesOrderRepositoryV1Save</inf:callName>
                  <inf:requiredInput>No</inf:requiredInput>
                </inf:callInfo>
              </xsd:appinfo>
            </xsd:annotation>
          </xsd:element>
          <xsd:element name="city" minOccurs="1" maxOccurs="1" type="xsd:string">
            <xsd:annotation>
              <xsd:documentation>City.</xsd:documentation>
              <xsd:appinfo xmlns:inf="http://soap.upskills.in/soap/default?services=salesOrderRepositoryV1">
                <inf:maxLength/>
                <inf:callInfo>
                  <inf:callName>salesOrderRepositoryV1Get</inf:callName>
                  <inf:callName>salesOrderRepositoryV1Save</inf:callName>
                  <inf:returned>Conditionally</inf:returned>
                </inf:callInfo>
                <inf:callInfo>
                  <inf:callName>salesOrderRepositoryV1Save</inf:callName>
                  <inf:requiredInput>No</inf:requiredInput>
                </inf:callInfo>
              </xsd:appinfo>
            </xsd:annotation>
          </xsd:element>
          <xsd:element name="company" minOccurs="0" maxOccurs="1" type="xsd:string">
            <xsd:annotation>
              <xsd:documentation>Company.</xsd:documentation>
              <xsd:appinfo xmlns:inf="http://soap.upskills.in/soap/default?services=salesOrderRepositoryV1">
                <inf:maxLength/>
                <inf:callInfo>
                  <inf:callName>salesOrderRepositoryV1Get</inf:callName>
                  <inf:callName>salesOrderRepositoryV1Save</inf:callName>
                  <inf:returned>Conditionally</inf:returned>
                </inf:callInfo>
                <inf:callInfo>
                  <inf:callName>salesOrderRepositoryV1Save</inf:callName>
                  <inf:requiredInput>No</inf:requiredInput>
                </inf:callInfo>
              </xsd:appinfo>
            </xsd:annotation>
          </xsd:element>
          <xsd:element name="countryId" minOccurs="1" maxOccurs="1" type="xsd:string">
            <xsd:annotation>
              <xsd:documentation>Country ID.</xsd:documentation>
              <xsd:appinfo xmlns:inf="http://soap.upskills.in/soap/default?services=salesOrderRepositoryV1">
                <inf:maxLength/>
                <inf:callInfo>
                  <inf:callName>salesOrderRepositoryV1Get</inf:callName>
                  <inf:callName>salesOrderRepositoryV1Save</inf:callName>
                  <inf:returned>Conditionally</inf:returned>
                </inf:callInfo>
                <inf:callInfo>
                  <inf:callName>salesOrderRepositoryV1Save</inf:callName>
                  <inf:requiredInput>No</inf:requiredInput>
                </inf:callInfo>
              </xsd:appinfo>
            </xsd:annotation>
          </xsd:element>
          <xsd:element name="customerAddressId" minOccurs="0" maxOccurs="1" type="xsd:int">
            <xsd:annotation>
              <xsd:documentation>Country address ID.</xsd:documentation>
              <xsd:appinfo xmlns:inf="http://soap.upskills.in/soap/default?services=salesOrderRepositoryV1">
                <inf:min/>
                <inf:max/>
                <inf:callInfo>
                  <inf:callName>salesOrderRepositoryV1Get</inf:callName>
                  <inf:callName>salesOrderRepositoryV1Save</inf:callName>
                  <inf:returned>Conditionally</inf:returned>
                </inf:callInfo>
                <inf:callInfo>
                  <inf:callName>salesOrderRepositoryV1Save</inf:callName>
                  <inf:requiredInput>No</inf:requiredInput>
                </inf:callInfo>
              </xsd:appinfo>
            </xsd:annotation>
          </xsd:element>
          <xsd:element name="customerId" minOccurs="0" maxOccurs="1" type="xsd:int">
            <xsd:annotation>
              <xsd:documentation>Customer ID.</xsd:documentation>
              <xsd:appinfo xmlns:inf="http://soap.upskills.in/soap/default?services=salesOrderRepositoryV1">
                <inf:min/>
                <inf:max/>
                <inf:callInfo>
                  <inf:callName>salesOrderRepositoryV1Get</inf:callName>
                  <inf:callName>salesOrderRepositoryV1Save</inf:callName>
                  <inf:returned>Conditionally</inf:returned>
                </inf:callInfo>
                <inf:callInfo>
                  <inf:callName>salesOrderRepositoryV1Save</inf:callName>
                  <inf:requiredInput>No</inf:requiredInput>
                </inf:callInfo>
              </xsd:appinfo>
            </xsd:annotation>
          </xsd:element>
          <xsd:element name="email" minOccurs="0" maxOccurs="1" type="xsd:string">
            <xsd:annotation>
              <xsd:documentation>Email address.</xsd:documentation>
              <xsd:appinfo xmlns:inf="http://soap.upskills.in/soap/default?services=salesOrderRepositoryV1">
                <inf:maxLength/>
                <inf:callInfo>
                  <inf:callName>salesOrderRepositoryV1Get</inf:callName>
                  <inf:callName>salesOrderRepositoryV1Save</inf:callName>
                  <inf:returned>Conditionally</inf:returned>
                </inf:callInfo>
                <inf:callInfo>
                  <inf:callName>salesOrderRepositoryV1Save</inf:callName>
                  <inf:requiredInput>No</inf:requiredInput>
                </inf:callInfo>
              </xsd:appinfo>
            </xsd:annotation>
          </xsd:element>
          <xsd:element name="entityId" minOccurs="0" maxOccurs="1" type="xsd:int">
            <xsd:annotation>
              <xsd:documentation>Order address ID.</xsd:documentation>
              <xsd:appinfo xmlns:inf="http://soap.upskills.in/soap/default?services=salesOrderRepositoryV1">
                <inf:min/>
                <inf:max/>
                <inf:callInfo>
                  <inf:callName>salesOrderRepositoryV1Get</inf:callName>
                  <inf:callName>salesOrderRepositoryV1Save</inf:callName>
                  <inf:returned>Conditionally</inf:returned>
                </inf:callInfo>
                <inf:callInfo>
                  <inf:callName>salesOrderRepositoryV1Save</inf:callName>
                  <inf:requiredInput>No</inf:requiredInput>
                </inf:callInfo>
              </xsd:appinfo>
            </xsd:annotation>
          </xsd:element>
          <xsd:element name="fax" minOccurs="0" maxOccurs="1" type="xsd:string">
            <xsd:annotation>
              <xsd:documentation>Fax number.</xsd:documentation>
              <xsd:appinfo xmlns:inf="http://soap.upskills.in/soap/default?services=salesOrderRepositoryV1">
                <inf:maxLength/>
                <inf:callInfo>
                  <inf:callName>salesOrderRepositoryV1Get</inf:callName>
                  <inf:callName>salesOrderRepositoryV1Save</inf:callName>
                  <inf:returned>Conditionally</inf:returned>
                </inf:callInfo>
                <inf:callInfo>
                  <inf:callName>salesOrderRepositoryV1Save</inf:callName>
                  <inf:requiredInput>No</inf:requiredInput>
                </inf:callInfo>
              </xsd:appinfo>
            </xsd:annotation>
          </xsd:element>
          <xsd:element name="firstname" minOccurs="1" maxOccurs="1" type="xsd:string">
            <xsd:annotation>
              <xsd:documentation>First name.</xsd:documentation>
              <xsd:appinfo xmlns:inf="http://soap.upskills.in/soap/default?services=salesOrderRepositoryV1">
                <inf:maxLength/>
                <inf:callInfo>
                  <inf:callName>salesOrderRepositoryV1Get</inf:callName>
                  <inf:callName>salesOrderRepositoryV1Save</inf:callName>
                  <inf:returned>Conditionally</inf:returned>
                </inf:callInfo>
                <inf:callInfo>
                  <inf:callName>salesOrderRepositoryV1Save</inf:callName>
                  <inf:requiredInput>No</inf:requiredInput>
                </inf:callInfo>
              </xsd:appinfo>
            </xsd:annotation>
          </xsd:element>
          <xsd:element name="lastname" minOccurs="1" maxOccurs="1" type="xsd:string">
            <xsd:annotation>
              <xsd:documentation>Last name.</xsd:documentation>
              <xsd:appinfo xmlns:inf="http://soap.upskills.in/soap/default?services=salesOrderRepositoryV1">
                <inf:maxLength/>
                <inf:callInfo>
                  <inf:callName>salesOrderRepositoryV1Get</inf:callName>
                  <inf:callName>salesOrderRepositoryV1Save</inf:callName>
                  <inf:returned>Conditionally</inf:returned>
                </inf:callInfo>
                <inf:callInfo>
                  <inf:callName>salesOrderRepositoryV1Save</inf:callName>
                  <inf:requiredInput>No</inf:requiredInput>
                </inf:callInfo>
              </xsd:appinfo>
            </xsd:annotation>
          </xsd:element>
          <xsd:element name="middlename" minOccurs="0" maxOccurs="1" type="xsd:string">
            <xsd:annotation>
              <xsd:documentation>Middle name.</xsd:documentation>
              <xsd:appinfo xmlns:inf="http://soap.upskills.in/soap/default?services=salesOrderRepositoryV1">
                <inf:maxLength/>
                <inf:callInfo>
                  <inf:callName>salesOrderRepositoryV1Get</inf:callName>
                  <inf:callName>salesOrderRepositoryV1Save</inf:callName>
                  <inf:returned>Conditionally</inf:returned>
                </inf:callInfo>
                <inf:callInfo>
                  <inf:callName>salesOrderRepositoryV1Save</inf:callName>
                  <inf:requiredInput>No</inf:requiredInput>
                </inf:callInfo>
              </xsd:appinfo>
            </xsd:annotation>
          </xsd:element>
          <xsd:element name="parentId" minOccurs="0" maxOccurs="1" type="xsd:int">
            <xsd:annotation>
              <xsd:documentation>Parent ID.</xsd:documentation>
              <xsd:appinfo xmlns:inf="http://soap.upskills.in/soap/default?services=salesOrderRepositoryV1">
                <inf:min/>
                <inf:max/>
                <inf:callInfo>
                  <inf:callName>salesOrderRepositoryV1Get</inf:callName>
                  <inf:callName>salesOrderRepositoryV1Save</inf:callName>
                  <inf:returned>Conditionally</inf:returned>
                </inf:callInfo>
                <inf:callInfo>
                  <inf:callName>salesOrderRepositoryV1Save</inf:callName>
                  <inf:requiredInput>No</inf:requiredInput>
                </inf:callInfo>
              </xsd:appinfo>
            </xsd:annotation>
          </xsd:element>
          <xsd:element name="postcode" minOccurs="1" maxOccurs="1" type="xsd:string">
            <xsd:annotation>
              <xsd:documentation>Postal code.</xsd:documentation>
              <xsd:appinfo xmlns:inf="http://soap.upskills.in/soap/default?services=salesOrderRepositoryV1">
                <inf:maxLength/>
                <inf:callInfo>
                  <inf:callName>salesOrderRepositoryV1Get</inf:callName>
                  <inf:callName>salesOrderRepositoryV1Save</inf:callName>
                  <inf:returned>Conditionally</inf:returned>
                </inf:callInfo>
                <inf:callInfo>
                  <inf:callName>salesOrderRepositoryV1Save</inf:callName>
                  <inf:requiredInput>No</inf:requiredInput>
                </inf:callInfo>
              </xsd:appinfo>
            </xsd:annotation>
          </xsd:element>
          <xsd:element name="prefix" minOccurs="0" maxOccurs="1" type="xsd:string">
            <xsd:annotation>
              <xsd:documentation>Prefix.</xsd:documentation>
              <xsd:appinfo xmlns:inf="http://soap.upskills.in/soap/default?services=salesOrderRepositoryV1">
                <inf:maxLength/>
                <inf:callInfo>
                  <inf:callName>salesOrderRepositoryV1Get</inf:callName>
                  <inf:callName>salesOrderRepositoryV1Save</inf:callName>
                  <inf:returned>Conditionally</inf:returned>
                </inf:callInfo>
                <inf:callInfo>
                  <inf:callName>salesOrderRepositoryV1Save</inf:callName>
                  <inf:requiredInput>No</inf:requiredInput>
                </inf:callInfo>
              </xsd:appinfo>
            </xsd:annotation>
          </xsd:element>
          <xsd:element name="region" minOccurs="0" maxOccurs="1" type="xsd:string">
            <xsd:annotation>
              <xsd:documentation>Region.</xsd:documentation>
              <xsd:appinfo xmlns:inf="http://soap.upskills.in/soap/default?services=salesOrderRepositoryV1">
                <inf:maxLength/>
                <inf:callInfo>
                  <inf:callName>salesOrderRepositoryV1Get</inf:callName>
                  <inf:callName>salesOrderRepositoryV1Save</inf:callName>
                  <inf:returned>Conditionally</inf:returned>
                </inf:callInfo>
                <inf:callInfo>
                  <inf:callName>salesOrderRepositoryV1Save</inf:callName>
                  <inf:requiredInput>No</inf:requiredInput>
                </inf:callInfo>
              </xsd:appinfo>
            </xsd:annotation>
          </xsd:element>
          <xsd:element name="regionCode" minOccurs="0" maxOccurs="1" type="xsd:string">
            <xsd:annotation>
              <xsd:documentation>Region code.</xsd:documentation>
              <xsd:appinfo xmlns:inf="http://soap.upskills.in/soap/default?services=salesOrderRepositoryV1">
                <inf:maxLength/>
                <inf:callInfo>
                  <inf:callName>salesOrderRepositoryV1Get</inf:callName>
                  <inf:callName>salesOrderRepositoryV1Save</inf:callName>
                  <inf:returned>Conditionally</inf:returned>
                </inf:callInfo>
                <inf:callInfo>
                  <inf:callName>salesOrderRepositoryV1Save</inf:callName>
                  <inf:requiredInput>No</inf:requiredInput>
                </inf:callInfo>
              </xsd:appinfo>
            </xsd:annotation>
          </xsd:element>
          <xsd:element name="regionId" minOccurs="0" maxOccurs="1" type="xsd:int">
            <xsd:annotation>
              <xsd:documentation>Region ID.</xsd:documentation>
              <xsd:appinfo xmlns:inf="http://soap.upskills.in/soap/default?services=salesOrderRepositoryV1">
                <inf:min/>
                <inf:max/>
                <inf:callInfo>
                  <inf:callName>salesOrderRepositoryV1Get</inf:callName>
                  <inf:callName>salesOrderRepositoryV1Save</inf:callName>
                  <inf:returned>Conditionally</inf:returned>
                </inf:callInfo>
                <inf:callInfo>
                  <inf:callName>salesOrderRepositoryV1Save</inf:callName>
                  <inf:requiredInput>No</inf:requiredInput>
                </inf:callInfo>
              </xsd:appinfo>
            </xsd:annotation>
          </xsd:element>
          <xsd:element name="street" type="tns:ArrayOfString" minOccurs="0">
            <xsd:annotation>
              <xsd:documentation>Array of any street values. Otherwise, null.</xsd:documentation>
              <xsd:appinfo xmlns:inf="http://soap.upskills.in/soap/default?services=salesOrderRepositoryV1">
                <inf:natureOfType>array</inf:natureOfType>
                <inf:callInfo>
                  <inf:callName>salesOrderRepositoryV1Get</inf:callName>
                  <inf:callName>salesOrderRepositoryV1Save</inf:callName>
                  <inf:returned>Conditionally</inf:returned>
                </inf:callInfo>
                <inf:callInfo>
                  <inf:callName>salesOrderRepositoryV1Save</inf:callName>
                  <inf:requiredInput>No</inf:requiredInput>
                </inf:callInfo>
              </xsd:appinfo>
            </xsd:annotation>
          </xsd:element>
          <xsd:element name="suffix" minOccurs="0" maxOccurs="1" type="xsd:string">
            <xsd:annotation>
              <xsd:documentation>Suffix.</xsd:documentation>
              <xsd:appinfo xmlns:inf="http://soap.upskills.in/soap/default?services=salesOrderRepositoryV1">
                <inf:maxLength/>
                <inf:callInfo>
                  <inf:callName>salesOrderRepositoryV1Get</inf:callName>
                  <inf:callName>salesOrderRepositoryV1Save</inf:callName>
                  <inf:returned>Conditionally</inf:returned>
                </inf:callInfo>
                <inf:callInfo>
                  <inf:callName>salesOrderRepositoryV1Save</inf:callName>
                  <inf:requiredInput>No</inf:requiredInput>
                </inf:callInfo>
              </xsd:appinfo>
            </xsd:annotation>
          </xsd:element>
          <xsd:element name="telephone" minOccurs="1" maxOccurs="1" type="xsd:string">
            <xsd:annotation>
              <xsd:documentation>Telephone number.</xsd:documentation>
              <xsd:appinfo xmlns:inf="http://soap.upskills.in/soap/default?services=salesOrderRepositoryV1">
                <inf:maxLength/>
                <inf:callInfo>
                  <inf:callName>salesOrderRepositoryV1Get</inf:callName>
                  <inf:callName>salesOrderRepositoryV1Save</inf:callName>
                  <inf:returned>Conditionally</inf:returned>
                </inf:callInfo>
                <inf:callInfo>
                  <inf:callName>salesOrderRepositoryV1Save</inf:callName>
                  <inf:requiredInput>No</inf:requiredInput>
                </inf:callInfo>
              </xsd:appinfo>
            </xsd:annotation>
          </xsd:element>
          <xsd:element name="vatId" minOccurs="0" maxOccurs="1" type="xsd:string">
            <xsd:annotation>
              <xsd:documentation>VAT ID.</xsd:documentation>
              <xsd:appinfo xmlns:inf="http://soap.upskills.in/soap/default?services=salesOrderRepositoryV1">
                <inf:maxLength/>
                <inf:callInfo>
                  <inf:callName>salesOrderRepositoryV1Get</inf:callName>
                  <inf:callName>salesOrderRepositoryV1Save</inf:callName>
                  <inf:returned>Conditionally</inf:returned>
                </inf:callInfo>
                <inf:callInfo>
                  <inf:callName>salesOrderRepositoryV1Save</inf:callName>
                  <inf:requiredInput>No</inf:requiredInput>
                </inf:callInfo>
              </xsd:appinfo>
            </xsd:annotation>
          </xsd:element>
          <xsd:element name="vatIsValid" minOccurs="0" maxOccurs="1" type="xsd:int">
            <xsd:annotation>
              <xsd:documentation>VAT-is-valid flag value.</xsd:documentation>
              <xsd:appinfo xmlns:inf="http://soap.upskills.in/soap/default?services=salesOrderRepositoryV1">
                <inf:min/>
                <inf:max/>
                <inf:callInfo>
                  <inf:callName>salesOrderRepositoryV1Get</inf:callName>
                  <inf:callName>salesOrderRepositoryV1Save</inf:callName>
                  <inf:returned>Conditionally</inf:returned>
                </inf:callInfo>
                <inf:callInfo>
                  <inf:callName>salesOrderRepositoryV1Save</inf:callName>
                  <inf:requiredInput>No</inf:requiredInput>
                </inf:callInfo>
              </xsd:appinfo>
            </xsd:annotation>
          </xsd:element>
          <xsd:element name="vatRequestDate" minOccurs="0" maxOccurs="1" type="xsd:string">
            <xsd:annotation>
              <xsd:documentation>VAT request date.</xsd:documentation>
              <xsd:appinfo xmlns:inf="http://soap.upskills.in/soap/default?services=salesOrderRepositoryV1">
                <inf:maxLength/>
                <inf:callInfo>
                  <inf:callName>salesOrderRepositoryV1Get</inf:callName>
                  <inf:callName>salesOrderRepositoryV1Save</inf:callName>
                  <inf:returned>Conditionally</inf:returned>
                </inf:callInfo>
                <inf:callInfo>
                  <inf:callName>salesOrderRepositoryV1Save</inf:callName>
                  <inf:requiredInput>No</inf:requiredInput>
                </inf:callInfo>
              </xsd:appinfo>
            </xsd:annotation>
          </xsd:element>
          <xsd:element name="vatRequestId" minOccurs="0" maxOccurs="1" type="xsd:string">
            <xsd:annotation>
              <xsd:documentation>VAT request ID.</xsd:documentation>
              <xsd:appinfo xmlns:inf="http://soap.upskills.in/soap/default?services=salesOrderRepositoryV1">
                <inf:maxLength/>
                <inf:callInfo>
                  <inf:callName>salesOrderRepositoryV1Get</inf:callName>
                  <inf:callName>salesOrderRepositoryV1Save</inf:callName>
                  <inf:returned>Conditionally</inf:returned>
                </inf:callInfo>
                <inf:callInfo>
                  <inf:callName>salesOrderRepositoryV1Save</inf:callName>
                  <inf:requiredInput>No</inf:requiredInput>
                </inf:callInfo>
              </xsd:appinfo>
            </xsd:annotation>
          </xsd:element>
          <xsd:element name="vatRequestSuccess" minOccurs="0" maxOccurs="1" type="xsd:int">
            <xsd:annotation>
              <xsd:documentation>VAT-request-success flag value.</xsd:documentation>
              <xsd:appinfo xmlns:inf="http://soap.upskills.in/soap/default?services=salesOrderRepositoryV1">
                <inf:min/>
                <inf:max/>
                <inf:callInfo>
                  <inf:callName>salesOrderRepositoryV1Get</inf:callName>
                  <inf:callName>salesOrderRepositoryV1Save</inf:callName>
                  <inf:returned>Conditionally</inf:returned>
                </inf:callInfo>
                <inf:callInfo>
                  <inf:callName>salesOrderRepositoryV1Save</inf:callName>
                  <inf:requiredInput>No</inf:requiredInput>
                </inf:callInfo>
              </xsd:appinfo>
            </xsd:annotation>
          </xsd:element>
          <xsd:element name="extensionAttributes" minOccurs="0" maxOccurs="1" type="tns:SalesDataOrderAddressExtensionInterface">
            <xsd:annotation>
              <xsd:documentation>Existing extension attributes object or create a new one.</xsd:documentation>
              <xsd:appinfo xmlns:inf="http://soap.upskills.in/soap/default?services=salesOrderRepositoryV1">
                <inf:callInfo>
                  <inf:callName>salesOrderRepositoryV1Get</inf:callName>
                  <inf:callName>salesOrderRepositoryV1Save</inf:callName>
                  <inf:returned>Conditionally</inf:returned>
                </inf:callInfo>
                <inf:callInfo>
                  <inf:callName>salesOrderRepositoryV1Save</inf:callName>
                  <inf:requiredInput>No</inf:requiredInput>
                </inf:callInfo>
              </xsd:appinfo>
            </xsd:annotation>
          </xsd:element>
        </xsd:sequence>
      </xsd:complexType>
      <xsd:complexType name="VaultDataPaymentTokenInterface">
        <xsd:annotation>
          <xsd:documentation>Gateway vault payment token interface.</xsd:documentation>
          <xsd:appinfo xmlns:inf="http://soap.upskills.in/soap/default?services=salesOrderRepositoryV1"/>
        </xsd:annotation>
        <xsd:sequence>
          <xsd:element name="entityId" minOccurs="0" maxOccurs="1" type="xsd:int">
            <xsd:annotation>
              <xsd:documentation>Entity ID.</xsd:documentation>
              <xsd:appinfo xmlns:inf="http://soap.upskills.in/soap/default?services=salesOrderRepositoryV1">
                <inf:min/>
                <inf:max/>
                <inf:callInfo>
                  <inf:callName>salesOrderRepositoryV1Get</inf:callName>
                  <inf:callName>salesOrderRepositoryV1Save</inf:callName>
                  <inf:returned>Conditionally</inf:returned>
                </inf:callInfo>
                <inf:callInfo>
                  <inf:callName>salesOrderRepositoryV1Save</inf:callName>
                  <inf:requiredInput>No</inf:requiredInput>
                </inf:callInfo>
              </xsd:appinfo>
            </xsd:annotation>
          </xsd:element>
          <xsd:element name="customerId" minOccurs="0" maxOccurs="1" type="xsd:int">
            <xsd:annotation>
              <xsd:documentation>Customer ID.</xsd:documentation>
              <xsd:appinfo xmlns:inf="http://soap.upskills.in/soap/default?services=salesOrderRepositoryV1">
                <inf:min/>
                <inf:max/>
                <inf:callInfo>
                  <inf:callName>salesOrderRepositoryV1Get</inf:callName>
                  <inf:callName>salesOrderRepositoryV1Save</inf:callName>
                  <inf:returned>Conditionally</inf:returned>
                </inf:callInfo>
                <inf:callInfo>
                  <inf:callName>salesOrderRepositoryV1Save</inf:callName>
                  <inf:requiredInput>No</inf:requiredInput>
                </inf:callInfo>
              </xsd:appinfo>
            </xsd:annotation>
          </xsd:element>
          <xsd:element name="publicHash" minOccurs="1" maxOccurs="1" type="xsd:string">
            <xsd:annotation>
              <xsd:documentation>Public hash</xsd:documentation>
              <xsd:appinfo xmlns:inf="http://soap.upskills.in/soap/default?services=salesOrderRepositoryV1">
                <inf:maxLength/>
                <inf:callInfo>
                  <inf:callName>salesOrderRepositoryV1Get</inf:callName>
                  <inf:callName>salesOrderRepositoryV1Save</inf:callName>
                  <inf:returned>Conditionally</inf:returned>
                </inf:callInfo>
                <inf:callInfo>
                  <inf:callName>salesOrderRepositoryV1Save</inf:callName>
                  <inf:requiredInput>No</inf:requiredInput>
                </inf:callInfo>
              </xsd:appinfo>
            </xsd:annotation>
          </xsd:element>
          <xsd:element name="paymentMethodCode" minOccurs="1" maxOccurs="1" type="xsd:string">
            <xsd:annotation>
              <xsd:documentation>Payment method code</xsd:documentation>
              <xsd:appinfo xmlns:inf="http://soap.upskills.in/soap/default?services=salesOrderRepositoryV1">
                <inf:maxLength/>
                <inf:callInfo>
                  <inf:callName>salesOrderRepositoryV1Get</inf:callName>
                  <inf:callName>salesOrderRepositoryV1Save</inf:callName>
                  <inf:returned>Conditionally</inf:returned>
                </inf:callInfo>
                <inf:callInfo>
                  <inf:callName>salesOrderRepositoryV1Save</inf:callName>
                  <inf:requiredInput>No</inf:requiredInput>
                </inf:callInfo>
              </xsd:appinfo>
            </xsd:annotation>
          </xsd:element>
          <xsd:element name="type" minOccurs="1" maxOccurs="1" type="xsd:string">
            <xsd:annotation>
              <xsd:documentation>Type</xsd:documentation>
              <xsd:appinfo xmlns:inf="http://soap.upskills.in/soap/default?services=salesOrderRepositoryV1">
                <inf:maxLength/>
                <inf:callInfo>
                  <inf:callName>salesOrderRepositoryV1Get</inf:callName>
                  <inf:callName>salesOrderRepositoryV1Save</inf:callName>
                  <inf:returned>Conditionally</inf:returned>
                </inf:callInfo>
                <inf:callInfo>
                  <inf:callName>salesOrderRepositoryV1Save</inf:callName>
                  <inf:requiredInput>No</inf:requiredInput>
                </inf:callInfo>
              </xsd:appinfo>
            </xsd:annotation>
          </xsd:element>
          <xsd:element name="createdAt" minOccurs="0" maxOccurs="1" type="xsd:string">
            <xsd:annotation>
              <xsd:documentation>Token creation timestamp</xsd:documentation>
              <xsd:appinfo xmlns:inf="http://soap.upskills.in/soap/default?services=salesOrderRepositoryV1">
                <inf:maxLength/>
                <inf:callInfo>
                  <inf:callName>salesOrderRepositoryV1Get</inf:callName>
                  <inf:callName>salesOrderRepositoryV1Save</inf:callName>
                  <inf:returned>Conditionally</inf:returned>
                </inf:callInfo>
                <inf:callInfo>
                  <inf:callName>salesOrderRepositoryV1Save</inf:callName>
                  <inf:requiredInput>No</inf:requiredInput>
                </inf:callInfo>
              </xsd:appinfo>
            </xsd:annotation>
          </xsd:element>
          <xsd:element name="expiresAt" minOccurs="0" maxOccurs="1" type="xsd:string">
            <xsd:annotation>
              <xsd:documentation>Token expiration timestamp</xsd:documentation>
              <xsd:appinfo xmlns:inf="http://soap.upskills.in/soap/default?services=salesOrderRepositoryV1">
                <inf:maxLength/>
                <inf:callInfo>
                  <inf:callName>salesOrderRepositoryV1Get</inf:callName>
                  <inf:callName>salesOrderRepositoryV1Save</inf:callName>
                  <inf:returned>Conditionally</inf:returned>
                </inf:callInfo>
                <inf:callInfo>
                  <inf:callName>salesOrderRepositoryV1Save</inf:callName>
                  <inf:requiredInput>No</inf:requiredInput>
                </inf:callInfo>
              </xsd:appinfo>
            </xsd:annotation>
          </xsd:element>
          <xsd:element name="gatewayToken" minOccurs="1" maxOccurs="1" type="xsd:string">
            <xsd:annotation>
              <xsd:documentation>Gateway token ID</xsd:documentation>
              <xsd:appinfo xmlns:inf="http://soap.upskills.in/soap/default?services=salesOrderRepositoryV1">
                <inf:maxLength/>
                <inf:callInfo>
                  <inf:callName>salesOrderRepositoryV1Get</inf:callName>
                  <inf:callName>salesOrderRepositoryV1Save</inf:callName>
                  <inf:returned>Conditionally</inf:returned>
                </inf:callInfo>
                <inf:callInfo>
                  <inf:callName>salesOrderRepositoryV1Save</inf:callName>
                  <inf:requiredInput>No</inf:requiredInput>
                </inf:callInfo>
              </xsd:appinfo>
            </xsd:annotation>
          </xsd:element>
          <xsd:element name="tokenDetails" minOccurs="1" maxOccurs="1" type="xsd:string">
            <xsd:annotation>
              <xsd:documentation>Token details</xsd:documentation>
              <xsd:appinfo xmlns:inf="http://soap.upskills.in/soap/default?services=salesOrderRepositoryV1">
                <inf:maxLength/>
                <inf:callInfo>
                  <inf:callName>salesOrderRepositoryV1Get</inf:callName>
                  <inf:callName>salesOrderRepositoryV1Save</inf:callName>
                  <inf:returned>Conditionally</inf:returned>
                </inf:callInfo>
                <inf:callInfo>
                  <inf:callName>salesOrderRepositoryV1Save</inf:callName>
                  <inf:requiredInput>No</inf:requiredInput>
                </inf:callInfo>
              </xsd:appinfo>
            </xsd:annotation>
          </xsd:element>
          <xsd:element name="isActive" minOccurs="1" maxOccurs="1" type="xsd:boolean">
            <xsd:annotation>
              <xsd:documentation>Is active.</xsd:documentation>
              <xsd:appinfo xmlns:inf="http://soap.upskills.in/soap/default?services=salesOrderRepositoryV1">
                <inf:default>false</inf:default>
                <inf:callInfo>
                  <inf:callName>salesOrderRepositoryV1Get</inf:callName>
                  <inf:callName>salesOrderRepositoryV1Save</inf:callName>
                  <inf:returned>Conditionally</inf:returned>
                </inf:callInfo>
                <inf:callInfo>
                  <inf:callName>salesOrderRepositoryV1Save</inf:callName>
                  <inf:requiredInput>No</inf:requiredInput>
                </inf:callInfo>
              </xsd:appinfo>
            </xsd:annotation>
          </xsd:element>
          <xsd:element name="isVisible" minOccurs="1" maxOccurs="1" type="xsd:boolean">
            <xsd:annotation>
              <xsd:documentation>Is visible.</xsd:documentation>
              <xsd:appinfo xmlns:inf="http://soap.upskills.in/soap/default?services=salesOrderRepositoryV1">
                <inf:default>false</inf:default>
                <inf:callInfo>
                  <inf:callName>salesOrderRepositoryV1Get</inf:callName>
                  <inf:callName>salesOrderRepositoryV1Save</inf:callName>
                  <inf:returned>Conditionally</inf:returned>
                </inf:callInfo>
                <inf:callInfo>
                  <inf:callName>salesOrderRepositoryV1Save</inf:callName>
                  <inf:requiredInput>No</inf:requiredInput>
                </inf:callInfo>
              </xsd:appinfo>
            </xsd:annotation>
          </xsd:element>
        </xsd:sequence>
      </xsd:complexType>
      <xsd:complexType name="SalesDataOrderPaymentExtensionInterface">
        <xsd:annotation>
          <xsd:documentation>ExtensionInterface class for @see \Magento\Sales\Api\Data\OrderPaymentInterface</xsd:documentation>
          <xsd:appinfo xmlns:inf="http://soap.upskills.in/soap/default?services=salesOrderRepositoryV1"/>
        </xsd:annotation>
        <xsd:sequence>
          <xsd:element name="vaultPaymentToken" minOccurs="0" maxOccurs="1" type="tns:VaultDataPaymentTokenInterface">
            <xsd:annotation>
              <xsd:documentation/>
              <xsd:appinfo xmlns:inf="http://soap.upskills.in/soap/default?services=salesOrderRepositoryV1">
                <inf:callInfo>
                  <inf:callName>salesOrderRepositoryV1Get</inf:callName>
                  <inf:callName>salesOrderRepositoryV1Save</inf:callName>
                  <inf:returned>Conditionally</inf:returned>
                </inf:callInfo>
                <inf:callInfo>
                  <inf:callName>salesOrderRepositoryV1Save</inf:callName>
                  <inf:requiredInput>No</inf:requiredInput>
                </inf:callInfo>
              </xsd:appinfo>
            </xsd:annotation>
          </xsd:element>
        </xsd:sequence>
      </xsd:complexType>
      <xsd:complexType name="SalesDataOrderPaymentInterface">
        <xsd:annotation>
          <xsd:documentation>Order payment interface. An order is a document that a web store issues to a customer. Magento generates a sales order that lists the product items, billing and shipping addresses, and shipping and payment methods. A corresponding external document, known as a purchase order, is emailed to the customer.</xsd:documentation>
          <xsd:appinfo xmlns:inf="http://soap.upskills.in/soap/default?services=salesOrderRepositoryV1"/>
        </xsd:annotation>
        <xsd:sequence>
          <xsd:element name="accountStatus" minOccurs="1" maxOccurs="1" type="xsd:string">
            <xsd:annotation>
              <xsd:documentation>Account status.</xsd:documentation>
              <xsd:appinfo xmlns:inf="http://soap.upskills.in/soap/default?services=salesOrderRepositoryV1">
                <inf:maxLength/>
                <inf:callInfo>
                  <inf:callName>salesOrderRepositoryV1Get</inf:callName>
                  <inf:callName>salesOrderRepositoryV1Save</inf:callName>
                  <inf:returned>Conditionally</inf:returned>
                </inf:callInfo>
                <inf:callInfo>
                  <inf:callName>salesOrderRepositoryV1Save</inf:callName>
                  <inf:requiredInput>No</inf:requiredInput>
                </inf:callInfo>
              </xsd:appinfo>
            </xsd:annotation>
          </xsd:element>
          <xsd:element name="additionalData" minOccurs="0" maxOccurs="1" type="xsd:string">
            <xsd:annotation>
              <xsd:documentation>Additional data.</xsd:documentation>
              <xsd:appinfo xmlns:inf="http://soap.upskills.in/soap/default?services=salesOrderRepositoryV1">
                <inf:maxLength/>
                <inf:callInfo>
                  <inf:callName>salesOrderRepositoryV1Get</inf:callName>
                  <inf:callName>salesOrderRepositoryV1Save</inf:callName>
                  <inf:returned>Conditionally</inf:returned>
                </inf:callInfo>
                <inf:callInfo>
                  <inf:callName>salesOrderRepositoryV1Save</inf:callName>
                  <inf:requiredInput>No</inf:requiredInput>
                </inf:callInfo>
              </xsd:appinfo>
            </xsd:annotation>
          </xsd:element>
          <xsd:element name="additionalInformation" type="tns:ArrayOfString">
            <xsd:annotation>
              <xsd:documentation>Array of additional information.</xsd:documentation>
              <xsd:appinfo xmlns:inf="http://soap.upskills.in/soap/default?services=salesOrderRepositoryV1">
                <inf:natureOfType>array</inf:natureOfType>
                <inf:callInfo>
                  <inf:callName>salesOrderRepositoryV1Get</inf:callName>
                  <inf:callName>salesOrderRepositoryV1Save</inf:callName>
                  <inf:returned>Conditionally</inf:returned>
                </inf:callInfo>
                <inf:callInfo>
                  <inf:callName>salesOrderRepositoryV1Save</inf:callName>
                  <inf:requiredInput>No</inf:requiredInput>
                </inf:callInfo>
              </xsd:appinfo>
            </xsd:annotation>
          </xsd:element>
          <xsd:element name="addressStatus" minOccurs="0" maxOccurs="1" type="xsd:string">
            <xsd:annotation>
              <xsd:documentation>Address status.</xsd:documentation>
              <xsd:appinfo xmlns:inf="http://soap.upskills.in/soap/default?services=salesOrderRepositoryV1">
                <inf:maxLength/>
                <inf:callInfo>
                  <inf:callName>salesOrderRepositoryV1Get</inf:callName>
                  <inf:callName>salesOrderRepositoryV1Save</inf:callName>
                  <inf:returned>Conditionally</inf:returned>
                </inf:callInfo>
                <inf:callInfo>
                  <inf:callName>salesOrderRepositoryV1Save</inf:callName>
                  <inf:requiredInput>No</inf:requiredInput>
                </inf:callInfo>
              </xsd:appinfo>
            </xsd:annotation>
          </xsd:element>
          <xsd:element name="amountAuthorized" minOccurs="0" maxOccurs="1" type="xsd:float">
            <xsd:annotation>
              <xsd:documentation>Amount authorized.</xsd:documentation>
              <xsd:appinfo xmlns:inf="http://soap.upskills.in/soap/default?services=salesOrderRepositoryV1">
                <inf:callInfo>
                  <inf:callName>salesOrderRepositoryV1Get</inf:callName>
                  <inf:callName>salesOrderRepositoryV1Save</inf:callName>
                  <inf:returned>Conditionally</inf:returned>
                </inf:callInfo>
                <inf:callInfo>
                  <inf:callName>salesOrderRepositoryV1Save</inf:callName>
                  <inf:requiredInput>No</inf:requiredInput>
                </inf:callInfo>
              </xsd:appinfo>
            </xsd:annotation>
          </xsd:element>
          <xsd:element name="amountCanceled" minOccurs="0" maxOccurs="1" type="xsd:float">
            <xsd:annotation>
              <xsd:documentation>Amount canceled.</xsd:documentation>
              <xsd:appinfo xmlns:inf="http://soap.upskills.in/soap/default?services=salesOrderRepositoryV1">
                <inf:callInfo>
                  <inf:callName>salesOrderRepositoryV1Get</inf:callName>
                  <inf:callName>salesOrderRepositoryV1Save</inf:callName>
                  <inf:returned>Conditionally</inf:returned>
                </inf:callInfo>
                <inf:callInfo>
                  <inf:callName>salesOrderRepositoryV1Save</inf:callName>
                  <inf:requiredInput>No</inf:requiredInput>
                </inf:callInfo>
              </xsd:appinfo>
            </xsd:annotation>
          </xsd:element>
          <xsd:element name="amountOrdered" minOccurs="0" maxOccurs="1" type="xsd:float">
            <xsd:annotation>
              <xsd:documentation>Amount ordered.</xsd:documentation>
              <xsd:appinfo xmlns:inf="http://soap.upskills.in/soap/default?services=salesOrderRepositoryV1">
                <inf:callInfo>
                  <inf:callName>salesOrderRepositoryV1Get</inf:callName>
                  <inf:callName>salesOrderRepositoryV1Save</inf:callName>
                  <inf:returned>Conditionally</inf:returned>
                </inf:callInfo>
                <inf:callInfo>
                  <inf:callName>salesOrderRepositoryV1Save</inf:callName>
                  <inf:requiredInput>No</inf:requiredInput>
                </inf:callInfo>
              </xsd:appinfo>
            </xsd:annotation>
          </xsd:element>
          <xsd:element name="amountPaid" minOccurs="0" maxOccurs="1" type="xsd:float">
            <xsd:annotation>
              <xsd:documentation>Amount paid.</xsd:documentation>
              <xsd:appinfo xmlns:inf="http://soap.upskills.in/soap/default?services=salesOrderRepositoryV1">
                <inf:callInfo>
                  <inf:callName>salesOrderRepositoryV1Get</inf:callName>
                  <inf:callName>salesOrderRepositoryV1Save</inf:callName>
                  <inf:returned>Conditionally</inf:returned>
                </inf:callInfo>
                <inf:callInfo>
                  <inf:callName>salesOrderRepositoryV1Save</inf:callName>
                  <inf:requiredInput>No</inf:requiredInput>
                </inf:callInfo>
              </xsd:appinfo>
            </xsd:annotation>
          </xsd:element>
          <xsd:element name="amountRefunded" minOccurs="0" maxOccurs="1" type="xsd:float">
            <xsd:annotation>
              <xsd:documentation>Amount refunded.</xsd:documentation>
              <xsd:appinfo xmlns:inf="http://soap.upskills.in/soap/default?services=salesOrderRepositoryV1">
                <inf:callInfo>
                  <inf:callName>salesOrderRepositoryV1Get</inf:callName>
                  <inf:callName>salesOrderRepositoryV1Save</inf:callName>
                  <inf:returned>Conditionally</inf:returned>
                </inf:callInfo>
                <inf:callInfo>
                  <inf:callName>salesOrderRepositoryV1Save</inf:callName>
                  <inf:requiredInput>No</inf:requiredInput>
                </inf:callInfo>
              </xsd:appinfo>
            </xsd:annotation>
          </xsd:element>
          <xsd:element name="anetTransMethod" minOccurs="0" maxOccurs="1" type="xsd:string">
            <xsd:annotation>
              <xsd:documentation>Anet transaction method.</xsd:documentation>
              <xsd:appinfo xmlns:inf="http://soap.upskills.in/soap/default?services=salesOrderRepositoryV1">
                <inf:maxLength/>
                <inf:callInfo>
                  <inf:callName>salesOrderRepositoryV1Get</inf:callName>
                  <inf:callName>salesOrderRepositoryV1Save</inf:callName>
                  <inf:returned>Conditionally</inf:returned>
                </inf:callInfo>
                <inf:callInfo>
                  <inf:callName>salesOrderRepositoryV1Save</inf:callName>
                  <inf:requiredInput>No</inf:requiredInput>
                </inf:callInfo>
              </xsd:appinfo>
            </xsd:annotation>
          </xsd:element>
          <xsd:element name="baseAmountAuthorized" minOccurs="0" maxOccurs="1" type="xsd:float">
            <xsd:annotation>
              <xsd:documentation>Base amount authorized.</xsd:documentation>
              <xsd:appinfo xmlns:inf="http://soap.upskills.in/soap/default?services=salesOrderRepositoryV1">
                <inf:callInfo>
                  <inf:callName>salesOrderRepositoryV1Get</inf:callName>
                  <inf:callName>salesOrderRepositoryV1Save</inf:callName>
                  <inf:returned>Conditionally</inf:returned>
                </inf:callInfo>
                <inf:callInfo>
                  <inf:callName>salesOrderRepositoryV1Save</inf:callName>
                  <inf:requiredInput>No</inf:requiredInput>
                </inf:callInfo>
              </xsd:appinfo>
            </xsd:annotation>
          </xsd:element>
          <xsd:element name="baseAmountCanceled" minOccurs="0" maxOccurs="1" type="xsd:float">
            <xsd:annotation>
              <xsd:documentation>Base amount canceled.</xsd:documentation>
              <xsd:appinfo xmlns:inf="http://soap.upskills.in/soap/default?services=salesOrderRepositoryV1">
                <inf:callInfo>
                  <inf:callName>salesOrderRepositoryV1Get</inf:callName>
                  <inf:callName>salesOrderRepositoryV1Save</inf:callName>
                  <inf:returned>Conditionally</inf:returned>
                </inf:callInfo>
                <inf:callInfo>
                  <inf:callName>salesOrderRepositoryV1Save</inf:callName>
                  <inf:requiredInput>No</inf:requiredInput>
                </inf:callInfo>
              </xsd:appinfo>
            </xsd:annotation>
          </xsd:element>
          <xsd:element name="baseAmountOrdered" minOccurs="0" maxOccurs="1" type="xsd:float">
            <xsd:annotation>
              <xsd:documentation>Base amount ordered.</xsd:documentation>
              <xsd:appinfo xmlns:inf="http://soap.upskills.in/soap/default?services=salesOrderRepositoryV1">
                <inf:callInfo>
                  <inf:callName>salesOrderRepositoryV1Get</inf:callName>
                  <inf:callName>salesOrderRepositoryV1Save</inf:callName>
                  <inf:returned>Conditionally</inf:returned>
                </inf:callInfo>
                <inf:callInfo>
                  <inf:callName>salesOrderRepositoryV1Save</inf:callName>
                  <inf:requiredInput>No</inf:requiredInput>
                </inf:callInfo>
              </xsd:appinfo>
            </xsd:annotation>
          </xsd:element>
          <xsd:element name="baseAmountPaid" minOccurs="0" maxOccurs="1" type="xsd:float">
            <xsd:annotation>
              <xsd:documentation>Base amount paid.</xsd:documentation>
              <xsd:appinfo xmlns:inf="http://soap.upskills.in/soap/default?services=salesOrderRepositoryV1">
                <inf:callInfo>
                  <inf:callName>salesOrderRepositoryV1Get</inf:callName>
                  <inf:callName>salesOrderRepositoryV1Save</inf:callName>
                  <inf:returned>Conditionally</inf:returned>
                </inf:callInfo>
                <inf:callInfo>
                  <inf:callName>salesOrderRepositoryV1Save</inf:callName>
                  <inf:requiredInput>No</inf:requiredInput>
                </inf:callInfo>
              </xsd:appinfo>
            </xsd:annotation>
          </xsd:element>
          <xsd:element name="baseAmountPaidOnline" minOccurs="0" maxOccurs="1" type="xsd:float">
            <xsd:annotation>
              <xsd:documentation>Base amount paid online.</xsd:documentation>
              <xsd:appinfo xmlns:inf="http://soap.upskills.in/soap/default?services=salesOrderRepositoryV1">
                <inf:callInfo>
                  <inf:callName>salesOrderRepositoryV1Get</inf:callName>
                  <inf:callName>salesOrderRepositoryV1Save</inf:callName>
                  <inf:returned>Conditionally</inf:returned>
                </inf:callInfo>
                <inf:callInfo>
                  <inf:callName>salesOrderRepositoryV1Save</inf:callName>
                  <inf:requiredInput>No</inf:requiredInput>
                </inf:callInfo>
              </xsd:appinfo>
            </xsd:annotation>
          </xsd:element>
          <xsd:element name="baseAmountRefunded" minOccurs="0" maxOccurs="1" type="xsd:float">
            <xsd:annotation>
              <xsd:documentation>Base amount refunded.</xsd:documentation>
              <xsd:appinfo xmlns:inf="http://soap.upskills.in/soap/default?services=salesOrderRepositoryV1">
                <inf:callInfo>
                  <inf:callName>salesOrderRepositoryV1Get</inf:callName>
                  <inf:callName>salesOrderRepositoryV1Save</inf:callName>
                  <inf:returned>Conditionally</inf:returned>
                </inf:callInfo>
                <inf:callInfo>
                  <inf:callName>salesOrderRepositoryV1Save</inf:callName>
                  <inf:requiredInput>No</inf:requiredInput>
                </inf:callInfo>
              </xsd:appinfo>
            </xsd:annotation>
          </xsd:element>
          <xsd:element name="baseAmountRefundedOnline" minOccurs="0" maxOccurs="1" type="xsd:float">
            <xsd:annotation>
              <xsd:documentation>Base amount refunded online.</xsd:documentation>
              <xsd:appinfo xmlns:inf="http://soap.upskills.in/soap/default?services=salesOrderRepositoryV1">
                <inf:callInfo>
                  <inf:callName>salesOrderRepositoryV1Get</inf:callName>
                  <inf:callName>salesOrderRepositoryV1Save</inf:callName>
                  <inf:returned>Conditionally</inf:returned>
                </inf:callInfo>
                <inf:callInfo>
                  <inf:callName>salesOrderRepositoryV1Save</inf:callName>
                  <inf:requiredInput>No</inf:requiredInput>
                </inf:callInfo>
              </xsd:appinfo>
            </xsd:annotation>
          </xsd:element>
          <xsd:element name="baseShippingAmount" minOccurs="0" maxOccurs="1" type="xsd:float">
            <xsd:annotation>
              <xsd:documentation>Base shipping amount.</xsd:documentation>
              <xsd:appinfo xmlns:inf="http://soap.upskills.in/soap/default?services=salesOrderRepositoryV1">
                <inf:callInfo>
                  <inf:callName>salesOrderRepositoryV1Get</inf:callName>
                  <inf:callName>salesOrderRepositoryV1Save</inf:callName>
                  <inf:returned>Conditionally</inf:returned>
                </inf:callInfo>
                <inf:callInfo>
                  <inf:callName>salesOrderRepositoryV1Save</inf:callName>
                  <inf:requiredInput>No</inf:requiredInput>
                </inf:callInfo>
              </xsd:appinfo>
            </xsd:annotation>
          </xsd:element>
          <xsd:element name="baseShippingCaptured" minOccurs="0" maxOccurs="1" type="xsd:float">
            <xsd:annotation>
              <xsd:documentation>Base shipping captured amount.</xsd:documentation>
              <xsd:appinfo xmlns:inf="http://soap.upskills.in/soap/default?services=salesOrderRepositoryV1">
                <inf:callInfo>
                  <inf:callName>salesOrderRepositoryV1Get</inf:callName>
                  <inf:callName>salesOrderRepositoryV1Save</inf:callName>
                  <inf:returned>Conditionally</inf:returned>
                </inf:callInfo>
                <inf:callInfo>
                  <inf:callName>salesOrderRepositoryV1Save</inf:callName>
                  <inf:requiredInput>No</inf:requiredInput>
                </inf:callInfo>
              </xsd:appinfo>
            </xsd:annotation>
          </xsd:element>
          <xsd:element name="baseShippingRefunded" minOccurs="0" maxOccurs="1" type="xsd:float">
            <xsd:annotation>
              <xsd:documentation>Base shipping refunded amount.</xsd:documentation>
              <xsd:appinfo xmlns:inf="http://soap.upskills.in/soap/default?services=salesOrderRepositoryV1">
                <inf:callInfo>
                  <inf:callName>salesOrderRepositoryV1Get</inf:callName>
                  <inf:callName>salesOrderRepositoryV1Save</inf:callName>
                  <inf:returned>Conditionally</inf:returned>
                </inf:callInfo>
                <inf:callInfo>
                  <inf:callName>salesOrderRepositoryV1Save</inf:callName>
                  <inf:requiredInput>No</inf:requiredInput>
                </inf:callInfo>
              </xsd:appinfo>
            </xsd:annotation>
          </xsd:element>
          <xsd:element name="ccApproval" minOccurs="0" maxOccurs="1" type="xsd:string">
            <xsd:annotation>
              <xsd:documentation>Credit card approval.</xsd:documentation>
              <xsd:appinfo xmlns:inf="http://soap.upskills.in/soap/default?services=salesOrderRepositoryV1">
                <inf:maxLength/>
                <inf:callInfo>
                  <inf:callName>salesOrderRepositoryV1Get</inf:callName>
                  <inf:callName>salesOrderRepositoryV1Save</inf:callName>
                  <inf:returned>Conditionally</inf:returned>
                </inf:callInfo>
                <inf:callInfo>
                  <inf:callName>salesOrderRepositoryV1Save</inf:callName>
                  <inf:requiredInput>No</inf:requiredInput>
                </inf:callInfo>
              </xsd:appinfo>
            </xsd:annotation>
          </xsd:element>
          <xsd:element name="ccAvsStatus" minOccurs="0" maxOccurs="1" type="xsd:string">
            <xsd:annotation>
              <xsd:documentation>Credit card avs status.</xsd:documentation>
              <xsd:appinfo xmlns:inf="http://soap.upskills.in/soap/default?services=salesOrderRepositoryV1">
                <inf:maxLength/>
                <inf:callInfo>
                  <inf:callName>salesOrderRepositoryV1Get</inf:callName>
                  <inf:callName>salesOrderRepositoryV1Save</inf:callName>
                  <inf:returned>Conditionally</inf:returned>
                </inf:callInfo>
                <inf:callInfo>
                  <inf:callName>salesOrderRepositoryV1Save</inf:callName>
                  <inf:requiredInput>No</inf:requiredInput>
                </inf:callInfo>
              </xsd:appinfo>
            </xsd:annotation>
          </xsd:element>
          <xsd:element name="ccCidStatus" minOccurs="0" maxOccurs="1" type="xsd:string">
            <xsd:annotation>
              <xsd:documentation>Credit card CID status.</xsd:documentation>
              <xsd:appinfo xmlns:inf="http://soap.upskills.in/soap/default?services=salesOrderRepositoryV1">
                <inf:maxLength/>
                <inf:callInfo>
                  <inf:callName>salesOrderRepositoryV1Get</inf:callName>
                  <inf:callName>salesOrderRepositoryV1Save</inf:callName>
                  <inf:returned>Conditionally</inf:returned>
                </inf:callInfo>
                <inf:callInfo>
                  <inf:callName>salesOrderRepositoryV1Save</inf:callName>
                  <inf:requiredInput>No</inf:requiredInput>
                </inf:callInfo>
              </xsd:appinfo>
            </xsd:annotation>
          </xsd:element>
          <xsd:element name="ccDebugRequestBody" minOccurs="0" maxOccurs="1" type="xsd:string">
            <xsd:annotation>
              <xsd:documentation>Credit card debug request body.</xsd:documentation>
              <xsd:appinfo xmlns:inf="http://soap.upskills.in/soap/default?services=salesOrderRepositoryV1">
                <inf:maxLength/>
                <inf:callInfo>
                  <inf:callName>salesOrderRepositoryV1Get</inf:callName>
                  <inf:callName>salesOrderRepositoryV1Save</inf:callName>
                  <inf:returned>Conditionally</inf:returned>
                </inf:callInfo>
                <inf:callInfo>
                  <inf:callName>salesOrderRepositoryV1Save</inf:callName>
                  <inf:requiredInput>No</inf:requiredInput>
                </inf:callInfo>
              </xsd:appinfo>
            </xsd:annotation>
          </xsd:element>
          <xsd:element name="ccDebugResponseBody" minOccurs="0" maxOccurs="1" type="xsd:string">
            <xsd:annotation>
              <xsd:documentation>Credit card debug response body.</xsd:documentation>
              <xsd:appinfo xmlns:inf="http://soap.upskills.in/soap/default?services=salesOrderRepositoryV1">
                <inf:maxLength/>
                <inf:callInfo>
                  <inf:callName>salesOrderRepositoryV1Get</inf:callName>
                  <inf:callName>salesOrderRepositoryV1Save</inf:callName>
                  <inf:returned>Conditionally</inf:returned>
                </inf:callInfo>
                <inf:callInfo>
                  <inf:callName>salesOrderRepositoryV1Save</inf:callName>
                  <inf:requiredInput>No</inf:requiredInput>
                </inf:callInfo>
              </xsd:appinfo>
            </xsd:annotation>
          </xsd:element>
          <xsd:element name="ccDebugResponseSerialized" minOccurs="0" maxOccurs="1" type="xsd:string">
            <xsd:annotation>
              <xsd:documentation>Credit card debug response serialized.</xsd:documentation>
              <xsd:appinfo xmlns:inf="http://soap.upskills.in/soap/default?services=salesOrderRepositoryV1">
                <inf:maxLength/>
                <inf:callInfo>
                  <inf:callName>salesOrderRepositoryV1Get</inf:callName>
                  <inf:callName>salesOrderRepositoryV1Save</inf:callName>
                  <inf:returned>Conditionally</inf:returned>
                </inf:callInfo>
                <inf:callInfo>
                  <inf:callName>salesOrderRepositoryV1Save</inf:callName>
                  <inf:requiredInput>No</inf:requiredInput>
                </inf:callInfo>
              </xsd:appinfo>
            </xsd:annotation>
          </xsd:element>
          <xsd:element name="ccExpMonth" minOccurs="0" maxOccurs="1" type="xsd:string">
            <xsd:annotation>
              <xsd:documentation>Credit card expiration month.</xsd:documentation>
              <xsd:appinfo xmlns:inf="http://soap.upskills.in/soap/default?services=salesOrderRepositoryV1">
                <inf:maxLength/>
                <inf:callInfo>
                  <inf:callName>salesOrderRepositoryV1Get</inf:callName>
                  <inf:callName>salesOrderRepositoryV1Save</inf:callName>
                  <inf:returned>Conditionally</inf:returned>
                </inf:callInfo>
                <inf:callInfo>
                  <inf:callName>salesOrderRepositoryV1Save</inf:callName>
                  <inf:requiredInput>No</inf:requiredInput>
                </inf:callInfo>
              </xsd:appinfo>
            </xsd:annotation>
          </xsd:element>
          <xsd:element name="ccExpYear" minOccurs="0" maxOccurs="1" type="xsd:string">
            <xsd:annotation>
              <xsd:documentation>Credit card expiration year.</xsd:documentation>
              <xsd:appinfo xmlns:inf="http://soap.upskills.in/soap/default?services=salesOrderRepositoryV1">
                <inf:maxLength/>
                <inf:callInfo>
                  <inf:callName>salesOrderRepositoryV1Get</inf:callName>
                  <inf:callName>salesOrderRepositoryV1Save</inf:callName>
                  <inf:returned>Conditionally</inf:returned>
                </inf:callInfo>
                <inf:callInfo>
                  <inf:callName>salesOrderRepositoryV1Save</inf:callName>
                  <inf:requiredInput>No</inf:requiredInput>
                </inf:callInfo>
              </xsd:appinfo>
            </xsd:annotation>
          </xsd:element>
          <xsd:element name="ccLast4" minOccurs="1" maxOccurs="1" type="xsd:string">
            <xsd:annotation>
              <xsd:documentation>Last four digits of the credit card.</xsd:documentation>
              <xsd:appinfo xmlns:inf="http://soap.upskills.in/soap/default?services=salesOrderRepositoryV1">
                <inf:maxLength/>
                <inf:callInfo>
                  <inf:callName>salesOrderRepositoryV1Get</inf:callName>
                  <inf:callName>salesOrderRepositoryV1Save</inf:callName>
                  <inf:returned>Conditionally</inf:returned>
                </inf:callInfo>
                <inf:callInfo>
                  <inf:callName>salesOrderRepositoryV1Save</inf:callName>
                  <inf:requiredInput>No</inf:requiredInput>
                </inf:callInfo>
              </xsd:appinfo>
            </xsd:annotation>
          </xsd:element>
          <xsd:element name="ccNumberEnc" minOccurs="0" maxOccurs="1" type="xsd:string">
            <xsd:annotation>
              <xsd:documentation>Encrypted credit card number.</xsd:documentation>
              <xsd:appinfo xmlns:inf="http://soap.upskills.in/soap/default?services=salesOrderRepositoryV1">
                <inf:maxLength/>
                <inf:callInfo>
                  <inf:callName>salesOrderRepositoryV1Get</inf:callName>
                  <inf:callName>salesOrderRepositoryV1Save</inf:callName>
                  <inf:returned>Conditionally</inf:returned>
                </inf:callInfo>
                <inf:callInfo>
                  <inf:callName>salesOrderRepositoryV1Save</inf:callName>
                  <inf:requiredInput>No</inf:requiredInput>
                </inf:callInfo>
              </xsd:appinfo>
            </xsd:annotation>
          </xsd:element>
          <xsd:element name="ccOwner" minOccurs="0" maxOccurs="1" type="xsd:string">
            <xsd:annotation>
              <xsd:documentation>Credit card number.</xsd:documentation>
              <xsd:appinfo xmlns:inf="http://soap.upskills.in/soap/default?services=salesOrderRepositoryV1">
                <inf:maxLength/>
                <inf:callInfo>
                  <inf:callName>salesOrderRepositoryV1Get</inf:callName>
                  <inf:callName>salesOrderRepositoryV1Save</inf:callName>
                  <inf:returned>Conditionally</inf:returned>
                </inf:callInfo>
                <inf:callInfo>
                  <inf:callName>salesOrderRepositoryV1Save</inf:callName>
                  <inf:requiredInput>No</inf:requiredInput>
                </inf:callInfo>
              </xsd:appinfo>
            </xsd:annotation>
          </xsd:element>
          <xsd:element name="ccSecureVerify" minOccurs="0" maxOccurs="1" type="xsd:string">
            <xsd:annotation>
              <xsd:documentation>Credit card secure verify.</xsd:documentation>
              <xsd:appinfo xmlns:inf="http://soap.upskills.in/soap/default?services=salesOrderRepositoryV1">
                <inf:maxLength/>
                <inf:callInfo>
                  <inf:callName>salesOrderRepositoryV1Get</inf:callName>
                  <inf:callName>salesOrderRepositoryV1Save</inf:callName>
                  <inf:returned>Conditionally</inf:returned>
                </inf:callInfo>
                <inf:callInfo>
                  <inf:callName>salesOrderRepositoryV1Save</inf:callName>
                  <inf:requiredInput>No</inf:requiredInput>
                </inf:callInfo>
              </xsd:appinfo>
            </xsd:annotation>
          </xsd:element>
          <xsd:element name="ccSsIssue" minOccurs="0" maxOccurs="1" type="xsd:string">
            <xsd:annotation>
              <xsd:documentation>Credit card SS issue.</xsd:documentation>
              <xsd:appinfo xmlns:inf="http://soap.upskills.in/soap/default?services=salesOrderRepositoryV1">
                <inf:maxLength/>
                <inf:callInfo>
                  <inf:callName>salesOrderRepositoryV1Get</inf:callName>
                  <inf:callName>salesOrderRepositoryV1Save</inf:callName>
                  <inf:returned>Conditionally</inf:returned>
                </inf:callInfo>
                <inf:callInfo>
                  <inf:callName>salesOrderRepositoryV1Save</inf:callName>
                  <inf:requiredInput>No</inf:requiredInput>
                </inf:callInfo>
              </xsd:appinfo>
            </xsd:annotation>
          </xsd:element>
          <xsd:element name="ccSsStartMonth" minOccurs="0" maxOccurs="1" type="xsd:string">
            <xsd:annotation>
              <xsd:documentation>Credit card SS start month.</xsd:documentation>
              <xsd:appinfo xmlns:inf="http://soap.upskills.in/soap/default?services=salesOrderRepositoryV1">
                <inf:maxLength/>
                <inf:callInfo>
                  <inf:callName>salesOrderRepositoryV1Get</inf:callName>
                  <inf:callName>salesOrderRepositoryV1Save</inf:callName>
                  <inf:returned>Conditionally</inf:returned>
                </inf:callInfo>
                <inf:callInfo>
                  <inf:callName>salesOrderRepositoryV1Save</inf:callName>
                  <inf:requiredInput>No</inf:requiredInput>
                </inf:callInfo>
              </xsd:appinfo>
            </xsd:annotation>
          </xsd:element>
          <xsd:element name="ccSsStartYear" minOccurs="0" maxOccurs="1" type="xsd:string">
            <xsd:annotation>
              <xsd:documentation>Credit card SS start year.</xsd:documentation>
              <xsd:appinfo xmlns:inf="http://soap.upskills.in/soap/default?services=salesOrderRepositoryV1">
                <inf:maxLength/>
                <inf:callInfo>
                  <inf:callName>salesOrderRepositoryV1Get</inf:callName>
                  <inf:callName>salesOrderRepositoryV1Save</inf:callName>
                  <inf:returned>Conditionally</inf:returned>
                </inf:callInfo>
                <inf:callInfo>
                  <inf:callName>salesOrderRepositoryV1Save</inf:callName>
                  <inf:requiredInput>No</inf:requiredInput>
                </inf:callInfo>
              </xsd:appinfo>
            </xsd:annotation>
          </xsd:element>
          <xsd:element name="ccStatus" minOccurs="0" maxOccurs="1" type="xsd:string">
            <xsd:annotation>
              <xsd:documentation>Credit card status.</xsd:documentation>
              <xsd:appinfo xmlns:inf="http://soap.upskills.in/soap/default?services=salesOrderRepositoryV1">
                <inf:maxLength/>
                <inf:callInfo>
                  <inf:callName>salesOrderRepositoryV1Get</inf:callName>
                  <inf:callName>salesOrderRepositoryV1Save</inf:callName>
                  <inf:returned>Conditionally</inf:returned>
                </inf:callInfo>
                <inf:callInfo>
                  <inf:callName>salesOrderRepositoryV1Save</inf:callName>
                  <inf:requiredInput>No</inf:requiredInput>
                </inf:callInfo>
              </xsd:appinfo>
            </xsd:annotation>
          </xsd:element>
          <xsd:element name="ccStatusDescription" minOccurs="0" maxOccurs="1" type="xsd:string">
            <xsd:annotation>
              <xsd:documentation>Credit card status description.</xsd:documentation>
              <xsd:appinfo xmlns:inf="http://soap.upskills.in/soap/default?services=salesOrderRepositoryV1">
                <inf:maxLength/>
                <inf:callInfo>
                  <inf:callName>salesOrderRepositoryV1Get</inf:callName>
                  <inf:callName>salesOrderRepositoryV1Save</inf:callName>
                  <inf:returned>Conditionally</inf:returned>
                </inf:callInfo>
                <inf:callInfo>
                  <inf:callName>salesOrderRepositoryV1Save</inf:callName>
                  <inf:requiredInput>No</inf:requiredInput>
                </inf:callInfo>
              </xsd:appinfo>
            </xsd:annotation>
          </xsd:element>
          <xsd:element name="ccTransId" minOccurs="0" maxOccurs="1" type="xsd:string">
            <xsd:annotation>
              <xsd:documentation>Credit card transaction ID.</xsd:documentation>
              <xsd:appinfo xmlns:inf="http://soap.upskills.in/soap/default?services=salesOrderRepositoryV1">
                <inf:maxLength/>
                <inf:callInfo>
                  <inf:callName>salesOrderRepositoryV1Get</inf:callName>
                  <inf:callName>salesOrderRepositoryV1Save</inf:callName>
                  <inf:returned>Conditionally</inf:returned>
                </inf:callInfo>
                <inf:callInfo>
                  <inf:callName>salesOrderRepositoryV1Save</inf:callName>
                  <inf:requiredInput>No</inf:requiredInput>
                </inf:callInfo>
              </xsd:appinfo>
            </xsd:annotation>
          </xsd:element>
          <xsd:element name="ccType" minOccurs="0" maxOccurs="1" type="xsd:string">
            <xsd:annotation>
              <xsd:documentation>Credit card type.</xsd:documentation>
              <xsd:appinfo xmlns:inf="http://soap.upskills.in/soap/default?services=salesOrderRepositoryV1">
                <inf:maxLength/>
                <inf:callInfo>
                  <inf:callName>salesOrderRepositoryV1Get</inf:callName>
                  <inf:callName>salesOrderRepositoryV1Save</inf:callName>
                  <inf:returned>Conditionally</inf:returned>
                </inf:callInfo>
                <inf:callInfo>
                  <inf:callName>salesOrderRepositoryV1Save</inf:callName>
                  <inf:requiredInput>No</inf:requiredInput>
                </inf:callInfo>
              </xsd:appinfo>
            </xsd:annotation>
          </xsd:element>
          <xsd:element name="echeckAccountName" minOccurs="0" maxOccurs="1" type="xsd:string">
            <xsd:annotation>
              <xsd:documentation>eCheck account name.</xsd:documentation>
              <xsd:appinfo xmlns:inf="http://soap.upskills.in/soap/default?services=salesOrderRepositoryV1">
                <inf:maxLength/>
                <inf:callInfo>
                  <inf:callName>salesOrderRepositoryV1Get</inf:callName>
                  <inf:callName>salesOrderRepositoryV1Save</inf:callName>
                  <inf:returned>Conditionally</inf:returned>
                </inf:callInfo>
                <inf:callInfo>
                  <inf:callName>salesOrderRepositoryV1Save</inf:callName>
                  <inf:requiredInput>No</inf:requiredInput>
                </inf:callInfo>
              </xsd:appinfo>
            </xsd:annotation>
          </xsd:element>
          <xsd:element name="echeckAccountType" minOccurs="0" maxOccurs="1" type="xsd:string">
            <xsd:annotation>
              <xsd:documentation>eCheck account type.</xsd:documentation>
              <xsd:appinfo xmlns:inf="http://soap.upskills.in/soap/default?services=salesOrderRepositoryV1">
                <inf:maxLength/>
                <inf:callInfo>
                  <inf:callName>salesOrderRepositoryV1Get</inf:callName>
                  <inf:callName>salesOrderRepositoryV1Save</inf:callName>
                  <inf:returned>Conditionally</inf:returned>
                </inf:callInfo>
                <inf:callInfo>
                  <inf:callName>salesOrderRepositoryV1Save</inf:callName>
                  <inf:requiredInput>No</inf:requiredInput>
                </inf:callInfo>
              </xsd:appinfo>
            </xsd:annotation>
          </xsd:element>
          <xsd:element name="echeckBankName" minOccurs="0" maxOccurs="1" type="xsd:string">
            <xsd:annotation>
              <xsd:documentation>eCheck bank name.</xsd:documentation>
              <xsd:appinfo xmlns:inf="http://soap.upskills.in/soap/default?services=salesOrderRepositoryV1">
                <inf:maxLength/>
                <inf:callInfo>
                  <inf:callName>salesOrderRepositoryV1Get</inf:callName>
                  <inf:callName>salesOrderRepositoryV1Save</inf:callName>
                  <inf:returned>Conditionally</inf:returned>
                </inf:callInfo>
                <inf:callInfo>
                  <inf:callName>salesOrderRepositoryV1Save</inf:callName>
                  <inf:requiredInput>No</inf:requiredInput>
                </inf:callInfo>
              </xsd:appinfo>
            </xsd:annotation>
          </xsd:element>
          <xsd:element name="echeckRoutingNumber" minOccurs="0" maxOccurs="1" type="xsd:string">
            <xsd:annotation>
              <xsd:documentation>eCheck routing number.</xsd:documentation>
              <xsd:appinfo xmlns:inf="http://soap.upskills.in/soap/default?services=salesOrderRepositoryV1">
                <inf:maxLength/>
                <inf:callInfo>
                  <inf:callName>salesOrderRepositoryV1Get</inf:callName>
                  <inf:callName>salesOrderRepositoryV1Save</inf:callName>
                  <inf:returned>Conditionally</inf:returned>
                </inf:callInfo>
                <inf:callInfo>
                  <inf:callName>salesOrderRepositoryV1Save</inf:callName>
                  <inf:requiredInput>No</inf:requiredInput>
                </inf:callInfo>
              </xsd:appinfo>
            </xsd:annotation>
          </xsd:element>
          <xsd:element name="echeckType" minOccurs="0" maxOccurs="1" type="xsd:string">
            <xsd:annotation>
              <xsd:documentation>eCheck type.</xsd:documentation>
              <xsd:appinfo xmlns:inf="http://soap.upskills.in/soap/default?services=salesOrderRepositoryV1">
                <inf:maxLength/>
                <inf:callInfo>
                  <inf:callName>salesOrderRepositoryV1Get</inf:callName>
                  <inf:callName>salesOrderRepositoryV1Save</inf:callName>
                  <inf:returned>Conditionally</inf:returned>
                </inf:callInfo>
                <inf:callInfo>
                  <inf:callName>salesOrderRepositoryV1Save</inf:callName>
                  <inf:requiredInput>No</inf:requiredInput>
                </inf:callInfo>
              </xsd:appinfo>
            </xsd:annotation>
          </xsd:element>
          <xsd:element name="entityId" minOccurs="0" maxOccurs="1" type="xsd:int">
            <xsd:annotation>
              <xsd:documentation>Entity ID.</xsd:documentation>
              <xsd:appinfo xmlns:inf="http://soap.upskills.in/soap/default?services=salesOrderRepositoryV1">
                <inf:min/>
                <inf:max/>
                <inf:callInfo>
                  <inf:callName>salesOrderRepositoryV1Get</inf:callName>
                  <inf:callName>salesOrderRepositoryV1Save</inf:callName>
                  <inf:returned>Conditionally</inf:returned>
                </inf:callInfo>
                <inf:callInfo>
                  <inf:callName>salesOrderRepositoryV1Save</inf:callName>
                  <inf:requiredInput>No</inf:requiredInput>
                </inf:callInfo>
              </xsd:appinfo>
            </xsd:annotation>
          </xsd:element>
          <xsd:element name="lastTransId" minOccurs="0" maxOccurs="1" type="xsd:string">
            <xsd:annotation>
              <xsd:documentation>Last transaction ID.</xsd:documentation>
              <xsd:appinfo xmlns:inf="http://soap.upskills.in/soap/default?services=salesOrderRepositoryV1">
                <inf:maxLength/>
                <inf:callInfo>
                  <inf:callName>salesOrderRepositoryV1Get</inf:callName>
                  <inf:callName>salesOrderRepositoryV1Save</inf:callName>
                  <inf:returned>Conditionally</inf:returned>
                </inf:callInfo>
                <inf:callInfo>
                  <inf:callName>salesOrderRepositoryV1Save</inf:callName>
                  <inf:requiredInput>No</inf:requiredInput>
                </inf:callInfo>
              </xsd:appinfo>
            </xsd:annotation>
          </xsd:element>
          <xsd:element name="method" minOccurs="1" maxOccurs="1" type="xsd:string">
            <xsd:annotation>
              <xsd:documentation>Method.</xsd:documentation>
              <xsd:appinfo xmlns:inf="http://soap.upskills.in/soap/default?services=salesOrderRepositoryV1">
                <inf:maxLength/>
                <inf:callInfo>
                  <inf:callName>salesOrderRepositoryV1Get</inf:callName>
                  <inf:callName>salesOrderRepositoryV1Save</inf:callName>
                  <inf:returned>Conditionally</inf:returned>
                </inf:callInfo>
                <inf:callInfo>
                  <inf:callName>salesOrderRepositoryV1Save</inf:callName>
                  <inf:requiredInput>No</inf:requiredInput>
                </inf:callInfo>
              </xsd:appinfo>
            </xsd:annotation>
          </xsd:element>
          <xsd:element name="parentId" minOccurs="0" maxOccurs="1" type="xsd:int">
            <xsd:annotation>
              <xsd:documentation>Parent ID.</xsd:documentation>
              <xsd:appinfo xmlns:inf="http://soap.upskills.in/soap/default?services=salesOrderRepositoryV1">
                <inf:min/>
                <inf:max/>
                <inf:callInfo>
                  <inf:callName>salesOrderRepositoryV1Get</inf:callName>
                  <inf:callName>salesOrderRepositoryV1Save</inf:callName>
                  <inf:returned>Conditionally</inf:returned>
                </inf:callInfo>
                <inf:callInfo>
                  <inf:callName>salesOrderRepositoryV1Save</inf:callName>
                  <inf:requiredInput>No</inf:requiredInput>
                </inf:callInfo>
              </xsd:appinfo>
            </xsd:annotation>
          </xsd:element>
          <xsd:element name="poNumber" minOccurs="0" maxOccurs="1" type="xsd:string">
            <xsd:annotation>
              <xsd:documentation>PO number.</xsd:documentation>
              <xsd:appinfo xmlns:inf="http://soap.upskills.in/soap/default?services=salesOrderRepositoryV1">
                <inf:maxLength/>
                <inf:callInfo>
                  <inf:callName>salesOrderRepositoryV1Get</inf:callName>
                  <inf:callName>salesOrderRepositoryV1Save</inf:callName>
                  <inf:returned>Conditionally</inf:returned>
                </inf:callInfo>
                <inf:callInfo>
                  <inf:callName>salesOrderRepositoryV1Save</inf:callName>
                  <inf:requiredInput>No</inf:requiredInput>
                </inf:callInfo>
              </xsd:appinfo>
            </xsd:annotation>
          </xsd:element>
          <xsd:element name="protectionEligibility" minOccurs="0" maxOccurs="1" type="xsd:string">
            <xsd:annotation>
              <xsd:documentation>Protection eligibility.</xsd:documentation>
              <xsd:appinfo xmlns:inf="http://soap.upskills.in/soap/default?services=salesOrderRepositoryV1">
                <inf:maxLength/>
                <inf:callInfo>
                  <inf:callName>salesOrderRepositoryV1Get</inf:callName>
                  <inf:callName>salesOrderRepositoryV1Save</inf:callName>
                  <inf:returned>Conditionally</inf:returned>
                </inf:callInfo>
                <inf:callInfo>
                  <inf:callName>salesOrderRepositoryV1Save</inf:callName>
                  <inf:requiredInput>No</inf:requiredInput>
                </inf:callInfo>
              </xsd:appinfo>
            </xsd:annotation>
          </xsd:element>
          <xsd:element name="quotePaymentId" minOccurs="0" maxOccurs="1" type="xsd:int">
            <xsd:annotation>
              <xsd:documentation>Quote payment ID.</xsd:documentation>
              <xsd:appinfo xmlns:inf="http://soap.upskills.in/soap/default?services=salesOrderRepositoryV1">
                <inf:min/>
                <inf:max/>
                <inf:callInfo>
                  <inf:callName>salesOrderRepositoryV1Get</inf:callName>
                  <inf:callName>salesOrderRepositoryV1Save</inf:callName>
                  <inf:returned>Conditionally</inf:returned>
                </inf:callInfo>
                <inf:callInfo>
                  <inf:callName>salesOrderRepositoryV1Save</inf:callName>
                  <inf:requiredInput>No</inf:requiredInput>
                </inf:callInfo>
              </xsd:appinfo>
            </xsd:annotation>
          </xsd:element>
          <xsd:element name="shippingAmount" minOccurs="0" maxOccurs="1" type="xsd:float">
            <xsd:annotation>
              <xsd:documentation>Shipping amount.</xsd:documentation>
              <xsd:appinfo xmlns:inf="http://soap.upskills.in/soap/default?services=salesOrderRepositoryV1">
                <inf:callInfo>
                  <inf:callName>salesOrderRepositoryV1Get</inf:callName>
                  <inf:callName>salesOrderRepositoryV1Save</inf:callName>
                  <inf:returned>Conditionally</inf:returned>
                </inf:callInfo>
                <inf:callInfo>
                  <inf:callName>salesOrderRepositoryV1Save</inf:callName>
                  <inf:requiredInput>No</inf:requiredInput>
                </inf:callInfo>
              </xsd:appinfo>
            </xsd:annotation>
          </xsd:element>
          <xsd:element name="shippingCaptured" minOccurs="0" maxOccurs="1" type="xsd:float">
            <xsd:annotation>
              <xsd:documentation>Shipping captured.</xsd:documentation>
              <xsd:appinfo xmlns:inf="http://soap.upskills.in/soap/default?services=salesOrderRepositoryV1">
                <inf:callInfo>
                  <inf:callName>salesOrderRepositoryV1Get</inf:callName>
                  <inf:callName>salesOrderRepositoryV1Save</inf:callName>
                  <inf:returned>Conditionally</inf:returned>
                </inf:callInfo>
                <inf:callInfo>
                  <inf:callName>salesOrderRepositoryV1Save</inf:callName>
                  <inf:requiredInput>No</inf:requiredInput>
                </inf:callInfo>
              </xsd:appinfo>
            </xsd:annotation>
          </xsd:element>
          <xsd:element name="shippingRefunded" minOccurs="0" maxOccurs="1" type="xsd:float">
            <xsd:annotation>
              <xsd:documentation>Shipping refunded.</xsd:documentation>
              <xsd:appinfo xmlns:inf="http://soap.upskills.in/soap/default?services=salesOrderRepositoryV1">
                <inf:callInfo>
                  <inf:callName>salesOrderRepositoryV1Get</inf:callName>
                  <inf:callName>salesOrderRepositoryV1Save</inf:callName>
                  <inf:returned>Conditionally</inf:returned>
                </inf:callInfo>
                <inf:callInfo>
                  <inf:callName>salesOrderRepositoryV1Save</inf:callName>
                  <inf:requiredInput>No</inf:requiredInput>
                </inf:callInfo>
              </xsd:appinfo>
            </xsd:annotation>
          </xsd:element>
          <xsd:element name="extensionAttributes" minOccurs="0" maxOccurs="1" type="tns:SalesDataOrderPaymentExtensionInterface">
            <xsd:annotation>
              <xsd:documentation>Existing extension attributes object or create a new one.</xsd:documentation>
              <xsd:appinfo xmlns:inf="http://soap.upskills.in/soap/default?services=salesOrderRepositoryV1">
                <inf:callInfo>
                  <inf:callName>salesOrderRepositoryV1Get</inf:callName>
                  <inf:callName>salesOrderRepositoryV1Save</inf:callName>
                  <inf:returned>Conditionally</inf:returned>
                </inf:callInfo>
                <inf:callInfo>
                  <inf:callName>salesOrderRepositoryV1Save</inf:callName>
                  <inf:requiredInput>No</inf:requiredInput>
                </inf:callInfo>
              </xsd:appinfo>
            </xsd:annotation>
          </xsd:element>
        </xsd:sequence>
      </xsd:complexType>
      <xsd:complexType name="SalesDataOrderStatusHistoryExtensionInterface">
        <xsd:annotation>
          <xsd:documentation>ExtensionInterface class for @see \Magento\Sales\Api\Data\OrderStatusHistoryInterface</xsd:documentation>
          <xsd:appinfo xmlns:inf="http://soap.upskills.in/soap/default?services=salesOrderRepositoryV1"/>
        </xsd:annotation>
      </xsd:complexType>
      <xsd:complexType name="SalesDataOrderStatusHistoryInterface">
        <xsd:annotation>
          <xsd:documentation>Order status history interface. An order is a document that a web store issues to a customer. Magento generates a sales order that lists the product items, billing and shipping addresses, and shipping and payment methods. A corresponding external document, known as a purchase order, is emailed to the customer.</xsd:documentation>
          <xsd:appinfo xmlns:inf="http://soap.upskills.in/soap/default?services=salesOrderRepositoryV1"/>
        </xsd:annotation>
        <xsd:sequence>
          <xsd:element name="comment" minOccurs="1" maxOccurs="1" type="xsd:string">
            <xsd:annotation>
              <xsd:documentation>Comment.</xsd:documentation>
              <xsd:appinfo xmlns:inf="http://soap.upskills.in/soap/default?services=salesOrderRepositoryV1">
                <inf:maxLength/>
                <inf:callInfo>
                  <inf:callName>salesOrderRepositoryV1Get</inf:callName>
                  <inf:callName>salesOrderRepositoryV1Save</inf:callName>
                  <inf:returned>Conditionally</inf:returned>
                </inf:callInfo>
                <inf:callInfo>
                  <inf:callName>salesOrderRepositoryV1Save</inf:callName>
                  <inf:requiredInput>No</inf:requiredInput>
                </inf:callInfo>
              </xsd:appinfo>
            </xsd:annotation>
          </xsd:element>
          <xsd:element name="createdAt" minOccurs="0" maxOccurs="1" type="xsd:string">
            <xsd:annotation>
              <xsd:documentation>Created-at timestamp.</xsd:documentation>
              <xsd:appinfo xmlns:inf="http://soap.upskills.in/soap/default?services=salesOrderRepositoryV1">
                <inf:maxLength/>
                <inf:callInfo>
                  <inf:callName>salesOrderRepositoryV1Get</inf:callName>
                  <inf:callName>salesOrderRepositoryV1Save</inf:callName>
                  <inf:returned>Conditionally</inf:returned>
                </inf:callInfo>
                <inf:callInfo>
                  <inf:callName>salesOrderRepositoryV1Save</inf:callName>
                  <inf:requiredInput>No</inf:requiredInput>
                </inf:callInfo>
              </xsd:appinfo>
            </xsd:annotation>
          </xsd:element>
          <xsd:element name="entityId" minOccurs="0" maxOccurs="1" type="xsd:int">
            <xsd:annotation>
              <xsd:documentation>Order status history ID.</xsd:documentation>
              <xsd:appinfo xmlns:inf="http://soap.upskills.in/soap/default?services=salesOrderRepositoryV1">
                <inf:min/>
                <inf:max/>
                <inf:callInfo>
                  <inf:callName>salesOrderRepositoryV1Get</inf:callName>
                  <inf:callName>salesOrderRepositoryV1Save</inf:callName>
                  <inf:returned>Conditionally</inf:returned>
                </inf:callInfo>
                <inf:callInfo>
                  <inf:callName>salesOrderRepositoryV1Save</inf:callName>
                  <inf:requiredInput>No</inf:requiredInput>
                </inf:callInfo>
              </xsd:appinfo>
            </xsd:annotation>
          </xsd:element>
          <xsd:element name="entityName" minOccurs="0" maxOccurs="1" type="xsd:string">
            <xsd:annotation>
              <xsd:documentation>Entity name.</xsd:documentation>
              <xsd:appinfo xmlns:inf="http://soap.upskills.in/soap/default?services=salesOrderRepositoryV1">
                <inf:maxLength/>
                <inf:callInfo>
                  <inf:callName>salesOrderRepositoryV1Get</inf:callName>
                  <inf:callName>salesOrderRepositoryV1Save</inf:callName>
                  <inf:returned>Conditionally</inf:returned>
                </inf:callInfo>
                <inf:callInfo>
                  <inf:callName>salesOrderRepositoryV1Save</inf:callName>
                  <inf:requiredInput>No</inf:requiredInput>
                </inf:callInfo>
              </xsd:appinfo>
            </xsd:annotation>
          </xsd:element>
          <xsd:element name="isCustomerNotified" minOccurs="1" maxOccurs="1" type="xsd:int">
            <xsd:annotation>
              <xsd:documentation>Is-customer-notified flag value.</xsd:documentation>
              <xsd:appinfo xmlns:inf="http://soap.upskills.in/soap/default?services=salesOrderRepositoryV1">
                <inf:min/>
                <inf:max/>
                <inf:callInfo>
                  <inf:callName>salesOrderRepositoryV1Get</inf:callName>
                  <inf:callName>salesOrderRepositoryV1Save</inf:callName>
                  <inf:returned>Conditionally</inf:returned>
                </inf:callInfo>
                <inf:callInfo>
                  <inf:callName>salesOrderRepositoryV1Save</inf:callName>
                  <inf:requiredInput>No</inf:requiredInput>
                </inf:callInfo>
              </xsd:appinfo>
            </xsd:annotation>
          </xsd:element>
          <xsd:element name="isVisibleOnFront" minOccurs="1" maxOccurs="1" type="xsd:int">
            <xsd:annotation>
              <xsd:documentation>Is-visible-on-storefront flag value.</xsd:documentation>
              <xsd:appinfo xmlns:inf="http://soap.upskills.in/soap/default?services=salesOrderRepositoryV1">
                <inf:min/>
                <inf:max/>
                <inf:callInfo>
                  <inf:callName>salesOrderRepositoryV1Get</inf:callName>
                  <inf:callName>salesOrderRepositoryV1Save</inf:callName>
                  <inf:returned>Conditionally</inf:returned>
                </inf:callInfo>
                <inf:callInfo>
                  <inf:callName>salesOrderRepositoryV1Save</inf:callName>
                  <inf:requiredInput>No</inf:requiredInput>
                </inf:callInfo>
              </xsd:appinfo>
            </xsd:annotation>
          </xsd:element>
          <xsd:element name="parentId" minOccurs="1" maxOccurs="1" type="xsd:int">
            <xsd:annotation>
              <xsd:documentation>Parent ID.</xsd:documentation>
              <xsd:appinfo xmlns:inf="http://soap.upskills.in/soap/default?services=salesOrderRepositoryV1">
                <inf:min/>
                <inf:max/>
                <inf:callInfo>
                  <inf:callName>salesOrderRepositoryV1Get</inf:callName>
                  <inf:callName>salesOrderRepositoryV1Save</inf:callName>
                  <inf:returned>Conditionally</inf:returned>
                </inf:callInfo>
                <inf:callInfo>
                  <inf:callName>salesOrderRepositoryV1Save</inf:callName>
                  <inf:requiredInput>No</inf:requiredInput>
                </inf:callInfo>
              </xsd:appinfo>
            </xsd:annotation>
          </xsd:element>
          <xsd:element name="status" minOccurs="0" maxOccurs="1" type="xsd:string">
            <xsd:annotation>
              <xsd:documentation>Status.</xsd:documentation>
              <xsd:appinfo xmlns:inf="http://soap.upskills.in/soap/default?services=salesOrderRepositoryV1">
                <inf:maxLength/>
                <inf:callInfo>
                  <inf:callName>salesOrderRepositoryV1Get</inf:callName>
                  <inf:callName>salesOrderRepositoryV1Save</inf:callName>
                  <inf:returned>Conditionally</inf:returned>
                </inf:callInfo>
                <inf:callInfo>
                  <inf:callName>salesOrderRepositoryV1Save</inf:callName>
                  <inf:requiredInput>No</inf:requiredInput>
                </inf:callInfo>
              </xsd:appinfo>
            </xsd:annotation>
          </xsd:element>
          <xsd:element name="extensionAttributes" minOccurs="0" maxOccurs="1" type="tns:SalesDataOrderStatusHistoryExtensionInterface">
            <xsd:annotation>
              <xsd:documentation>Existing extension attributes object or create a new one.</xsd:documentation>
              <xsd:appinfo xmlns:inf="http://soap.upskills.in/soap/default?services=salesOrderRepositoryV1">
                <inf:callInfo>
                  <inf:callName>salesOrderRepositoryV1Get</inf:callName>
                  <inf:callName>salesOrderRepositoryV1Save</inf:callName>
                  <inf:returned>Conditionally</inf:returned>
                </inf:callInfo>
                <inf:callInfo>
                  <inf:callName>salesOrderRepositoryV1Save</inf:callName>
                  <inf:requiredInput>No</inf:requiredInput>
                </inf:callInfo>
              </xsd:appinfo>
            </xsd:annotation>
          </xsd:element>
        </xsd:sequence>
      </xsd:complexType>
      <xsd:complexType name="ArrayOfSalesDataOrderStatusHistoryInterface">
        <xsd:annotation>
          <xsd:documentation>An array of SalesDataOrderStatusHistoryInterface items.</xsd:documentation>
          <xsd:appinfo xmlns:inf="http://soap.upskills.in/soap/default?services=salesOrderRepositoryV1"/>
        </xsd:annotation>
        <xsd:sequence>
          <xsd:element name="item" minOccurs="0" maxOccurs="unbounded" type="tns:SalesDataOrderStatusHistoryInterface">
            <xsd:annotation>
              <xsd:documentation>An item of ArrayOfSalesDataOrderStatusHistoryInterface.</xsd:documentation>
              <xsd:appinfo xmlns:inf="http://soap.upskills.in/soap/default?services=salesOrderRepositoryV1">
                <inf:callInfo>
                  <inf:callName>salesOrderRepositoryV1Get</inf:callName>
                  <inf:callName>salesOrderRepositoryV1Save</inf:callName>
                  <inf:returned>Conditionally</inf:returned>
                </inf:callInfo>
                <inf:callInfo>
                  <inf:callName>salesOrderRepositoryV1Save</inf:callName>
                  <inf:requiredInput>No</inf:requiredInput>
                </inf:callInfo>
              </xsd:appinfo>
            </xsd:annotation>
          </xsd:element>
        </xsd:sequence>
      </xsd:complexType>
      <xsd:complexType name="SalesDataTotalExtensionInterface">
        <xsd:annotation>
          <xsd:documentation>ExtensionInterface class for @see \Magento\Sales\Api\Data\TotalInterface</xsd:documentation>
          <xsd:appinfo xmlns:inf="http://soap.upskills.in/soap/default?services=salesOrderRepositoryV1"/>
        </xsd:annotation>
      </xsd:complexType>
      <xsd:complexType name="SalesDataTotalInterface">
        <xsd:annotation>
          <xsd:documentation>Interface TotalInterface</xsd:documentation>
          <xsd:appinfo xmlns:inf="http://soap.upskills.in/soap/default?services=salesOrderRepositoryV1"/>
        </xsd:annotation>
        <xsd:sequence>
          <xsd:element name="baseShippingAmount" minOccurs="0" maxOccurs="1" type="xsd:float">
            <xsd:annotation>
              <xsd:documentation>Base shipping amount.</xsd:documentation>
              <xsd:appinfo xmlns:inf="http://soap.upskills.in/soap/default?services=salesOrderRepositoryV1">
                <inf:callInfo>
                  <inf:callName>salesOrderRepositoryV1Get</inf:callName>
                  <inf:callName>salesOrderRepositoryV1Save</inf:callName>
                  <inf:returned>Conditionally</inf:returned>
                </inf:callInfo>
                <inf:callInfo>
                  <inf:callName>salesOrderRepositoryV1Save</inf:callName>
                  <inf:requiredInput>No</inf:requiredInput>
                </inf:callInfo>
              </xsd:appinfo>
            </xsd:annotation>
          </xsd:element>
          <xsd:element name="baseShippingCanceled" minOccurs="0" maxOccurs="1" type="xsd:float">
            <xsd:annotation>
              <xsd:documentation>Base shipping canceled.</xsd:documentation>
              <xsd:appinfo xmlns:inf="http://soap.upskills.in/soap/default?services=salesOrderRepositoryV1">
                <inf:callInfo>
                  <inf:callName>salesOrderRepositoryV1Get</inf:callName>
                  <inf:callName>salesOrderRepositoryV1Save</inf:callName>
                  <inf:returned>Conditionally</inf:returned>
                </inf:callInfo>
                <inf:callInfo>
                  <inf:callName>salesOrderRepositoryV1Save</inf:callName>
                  <inf:requiredInput>No</inf:requiredInput>
                </inf:callInfo>
              </xsd:appinfo>
            </xsd:annotation>
          </xsd:element>
          <xsd:element name="baseShippingDiscountAmount" minOccurs="0" maxOccurs="1" type="xsd:float">
            <xsd:annotation>
              <xsd:documentation>Base shipping discount amount.</xsd:documentation>
              <xsd:appinfo xmlns:inf="http://soap.upskills.in/soap/default?services=salesOrderRepositoryV1">
                <inf:callInfo>
                  <inf:callName>salesOrderRepositoryV1Get</inf:callName>
                  <inf:callName>salesOrderRepositoryV1Save</inf:callName>
                  <inf:returned>Conditionally</inf:returned>
                </inf:callInfo>
                <inf:callInfo>
                  <inf:callName>salesOrderRepositoryV1Save</inf:callName>
                  <inf:requiredInput>No</inf:requiredInput>
                </inf:callInfo>
              </xsd:appinfo>
            </xsd:annotation>
          </xsd:element>
          <xsd:element name="baseShippingDiscountTaxCompensationAmnt" minOccurs="0" maxOccurs="1" type="xsd:float">
            <xsd:annotation>
              <xsd:documentation>Base shipping discount tax compensation amount.</xsd:documentation>
              <xsd:appinfo xmlns:inf="http://soap.upskills.in/soap/default?services=salesOrderRepositoryV1">
                <inf:callInfo>
                  <inf:callName>salesOrderRepositoryV1Get</inf:callName>
                  <inf:callName>salesOrderRepositoryV1Save</inf:callName>
                  <inf:returned>Conditionally</inf:returned>
                </inf:callInfo>
                <inf:callInfo>
                  <inf:callName>salesOrderRepositoryV1Save</inf:callName>
                  <inf:requiredInput>No</inf:requiredInput>
                </inf:callInfo>
              </xsd:appinfo>
            </xsd:annotation>
          </xsd:element>
          <xsd:element name="baseShippingInclTax" minOccurs="0" maxOccurs="1" type="xsd:float">
            <xsd:annotation>
              <xsd:documentation>Base shipping including tax.</xsd:documentation>
              <xsd:appinfo xmlns:inf="http://soap.upskills.in/soap/default?services=salesOrderRepositoryV1">
                <inf:callInfo>
                  <inf:callName>salesOrderRepositoryV1Get</inf:callName>
                  <inf:callName>salesOrderRepositoryV1Save</inf:callName>
                  <inf:returned>Conditionally</inf:returned>
                </inf:callInfo>
                <inf:callInfo>
                  <inf:callName>salesOrderRepositoryV1Save</inf:callName>
                  <inf:requiredInput>No</inf:requiredInput>
                </inf:callInfo>
              </xsd:appinfo>
            </xsd:annotation>
          </xsd:element>
          <xsd:element name="baseShippingInvoiced" minOccurs="0" maxOccurs="1" type="xsd:float">
            <xsd:annotation>
              <xsd:documentation>Base shipping invoiced.</xsd:documentation>
              <xsd:appinfo xmlns:inf="http://soap.upskills.in/soap/default?services=salesOrderRepositoryV1">
                <inf:callInfo>
                  <inf:callName>salesOrderRepositoryV1Get</inf:callName>
                  <inf:callName>salesOrderRepositoryV1Save</inf:callName>
                  <inf:returned>Conditionally</inf:returned>
                </inf:callInfo>
                <inf:callInfo>
                  <inf:callName>salesOrderRepositoryV1Save</inf:callName>
                  <inf:requiredInput>No</inf:requiredInput>
                </inf:callInfo>
              </xsd:appinfo>
            </xsd:annotation>
          </xsd:element>
          <xsd:element name="baseShippingRefunded" minOccurs="0" maxOccurs="1" type="xsd:float">
            <xsd:annotation>
              <xsd:documentation>Base shipping refunded.</xsd:documentation>
              <xsd:appinfo xmlns:inf="http://soap.upskills.in/soap/default?services=salesOrderRepositoryV1">
                <inf:callInfo>
                  <inf:callName>salesOrderRepositoryV1Get</inf:callName>
                  <inf:callName>salesOrderRepositoryV1Save</inf:callName>
                  <inf:returned>Conditionally</inf:returned>
                </inf:callInfo>
                <inf:callInfo>
                  <inf:callName>salesOrderRepositoryV1Save</inf:callName>
                  <inf:requiredInput>No</inf:requiredInput>
                </inf:callInfo>
              </xsd:appinfo>
            </xsd:annotation>
          </xsd:element>
          <xsd:element name="baseShippingTaxAmount" minOccurs="0" maxOccurs="1" type="xsd:float">
            <xsd:annotation>
              <xsd:documentation>Base shipping tax amount.</xsd:documentation>
              <xsd:appinfo xmlns:inf="http://soap.upskills.in/soap/default?services=salesOrderRepositoryV1">
                <inf:callInfo>
                  <inf:callName>salesOrderRepositoryV1Get</inf:callName>
                  <inf:callName>salesOrderRepositoryV1Save</inf:callName>
                  <inf:returned>Conditionally</inf:returned>
                </inf:callInfo>
                <inf:callInfo>
                  <inf:callName>salesOrderRepositoryV1Save</inf:callName>
                  <inf:requiredInput>No</inf:requiredInput>
                </inf:callInfo>
              </xsd:appinfo>
            </xsd:annotation>
          </xsd:element>
          <xsd:element name="baseShippingTaxRefunded" minOccurs="0" maxOccurs="1" type="xsd:float">
            <xsd:annotation>
              <xsd:documentation>Base shipping tax refunded.</xsd:documentation>
              <xsd:appinfo xmlns:inf="http://soap.upskills.in/soap/default?services=salesOrderRepositoryV1">
                <inf:callInfo>
                  <inf:callName>salesOrderRepositoryV1Get</inf:callName>
                  <inf:callName>salesOrderRepositoryV1Save</inf:callName>
                  <inf:returned>Conditionally</inf:returned>
                </inf:callInfo>
                <inf:callInfo>
                  <inf:callName>salesOrderRepositoryV1Save</inf:callName>
                  <inf:requiredInput>No</inf:requiredInput>
                </inf:callInfo>
              </xsd:appinfo>
            </xsd:annotation>
          </xsd:element>
          <xsd:element name="shippingAmount" minOccurs="0" maxOccurs="1" type="xsd:float">
            <xsd:annotation>
              <xsd:documentation>Shipping amount.</xsd:documentation>
              <xsd:appinfo xmlns:inf="http://soap.upskills.in/soap/default?services=salesOrderRepositoryV1">
                <inf:callInfo>
                  <inf:callName>salesOrderRepositoryV1Get</inf:callName>
                  <inf:callName>salesOrderRepositoryV1Save</inf:callName>
                  <inf:returned>Conditionally</inf:returned>
                </inf:callInfo>
                <inf:callInfo>
                  <inf:callName>salesOrderRepositoryV1Save</inf:callName>
                  <inf:requiredInput>No</inf:requiredInput>
                </inf:callInfo>
              </xsd:appinfo>
            </xsd:annotation>
          </xsd:element>
          <xsd:element name="shippingCanceled" minOccurs="0" maxOccurs="1" type="xsd:float">
            <xsd:annotation>
              <xsd:documentation>Shipping canceled amount.</xsd:documentation>
              <xsd:appinfo xmlns:inf="http://soap.upskills.in/soap/default?services=salesOrderRepositoryV1">
                <inf:callInfo>
                  <inf:callName>salesOrderRepositoryV1Get</inf:callName>
                  <inf:callName>salesOrderRepositoryV1Save</inf:callName>
                  <inf:returned>Conditionally</inf:returned>
                </inf:callInfo>
                <inf:callInfo>
                  <inf:callName>salesOrderRepositoryV1Save</inf:callName>
                  <inf:requiredInput>No</inf:requiredInput>
                </inf:callInfo>
              </xsd:appinfo>
            </xsd:annotation>
          </xsd:element>
          <xsd:element name="shippingDiscountAmount" minOccurs="0" maxOccurs="1" type="xsd:float">
            <xsd:annotation>
              <xsd:documentation>Shipping discount amount.</xsd:documentation>
              <xsd:appinfo xmlns:inf="http://soap.upskills.in/soap/default?services=salesOrderRepositoryV1">
                <inf:callInfo>
                  <inf:callName>salesOrderRepositoryV1Get</inf:callName>
                  <inf:callName>salesOrderRepositoryV1Save</inf:callName>
                  <inf:returned>Conditionally</inf:returned>
                </inf:callInfo>
                <inf:callInfo>
                  <inf:callName>salesOrderRepositoryV1Save</inf:callName>
                  <inf:requiredInput>No</inf:requiredInput>
                </inf:callInfo>
              </xsd:appinfo>
            </xsd:annotation>
          </xsd:element>
          <xsd:element name="shippingDiscountTaxCompensationAmount" minOccurs="0" maxOccurs="1" type="xsd:float">
            <xsd:annotation>
              <xsd:documentation>Shipping discount tax compensation amount.</xsd:documentation>
              <xsd:appinfo xmlns:inf="http://soap.upskills.in/soap/default?services=salesOrderRepositoryV1">
                <inf:callInfo>
                  <inf:callName>salesOrderRepositoryV1Get</inf:callName>
                  <inf:callName>salesOrderRepositoryV1Save</inf:callName>
                  <inf:returned>Conditionally</inf:returned>
                </inf:callInfo>
                <inf:callInfo>
                  <inf:callName>salesOrderRepositoryV1Save</inf:callName>
                  <inf:requiredInput>No</inf:requiredInput>
                </inf:callInfo>
              </xsd:appinfo>
            </xsd:annotation>
          </xsd:element>
          <xsd:element name="shippingInclTax" minOccurs="0" maxOccurs="1" type="xsd:float">
            <xsd:annotation>
              <xsd:documentation>Shipping including tax amount.</xsd:documentation>
              <xsd:appinfo xmlns:inf="http://soap.upskills.in/soap/default?services=salesOrderRepositoryV1">
                <inf:callInfo>
                  <inf:callName>salesOrderRepositoryV1Get</inf:callName>
                  <inf:callName>salesOrderRepositoryV1Save</inf:callName>
                  <inf:returned>Conditionally</inf:returned>
                </inf:callInfo>
                <inf:callInfo>
                  <inf:callName>salesOrderRepositoryV1Save</inf:callName>
                  <inf:requiredInput>No</inf:requiredInput>
                </inf:callInfo>
              </xsd:appinfo>
            </xsd:annotation>
          </xsd:element>
          <xsd:element name="shippingInvoiced" minOccurs="0" maxOccurs="1" type="xsd:float">
            <xsd:annotation>
              <xsd:documentation>Shipping invoiced amount.</xsd:documentation>
              <xsd:appinfo xmlns:inf="http://soap.upskills.in/soap/default?services=salesOrderRepositoryV1">
                <inf:callInfo>
                  <inf:callName>salesOrderRepositoryV1Get</inf:callName>
                  <inf:callName>salesOrderRepositoryV1Save</inf:callName>
                  <inf:returned>Conditionally</inf:returned>
                </inf:callInfo>
                <inf:callInfo>
                  <inf:callName>salesOrderRepositoryV1Save</inf:callName>
                  <inf:requiredInput>No</inf:requiredInput>
                </inf:callInfo>
              </xsd:appinfo>
            </xsd:annotation>
          </xsd:element>
          <xsd:element name="shippingRefunded" minOccurs="0" maxOccurs="1" type="xsd:float">
            <xsd:annotation>
              <xsd:documentation>Shipping refunded amount.</xsd:documentation>
              <xsd:appinfo xmlns:inf="http://soap.upskills.in/soap/default?services=salesOrderRepositoryV1">
                <inf:callInfo>
                  <inf:callName>salesOrderRepositoryV1Get</inf:callName>
                  <inf:callName>salesOrderRepositoryV1Save</inf:callName>
                  <inf:returned>Conditionally</inf:returned>
                </inf:callInfo>
                <inf:callInfo>
                  <inf:callName>salesOrderRepositoryV1Save</inf:callName>
                  <inf:requiredInput>No</inf:requiredInput>
                </inf:callInfo>
              </xsd:appinfo>
            </xsd:annotation>
          </xsd:element>
          <xsd:element name="shippingTaxAmount" minOccurs="0" maxOccurs="1" type="xsd:float">
            <xsd:annotation>
              <xsd:documentation>Shipping tax amount.</xsd:documentation>
              <xsd:appinfo xmlns:inf="http://soap.upskills.in/soap/default?services=salesOrderRepositoryV1">
                <inf:callInfo>
                  <inf:callName>salesOrderRepositoryV1Get</inf:callName>
                  <inf:callName>salesOrderRepositoryV1Save</inf:callName>
                  <inf:returned>Conditionally</inf:returned>
                </inf:callInfo>
                <inf:callInfo>
                  <inf:callName>salesOrderRepositoryV1Save</inf:callName>
                  <inf:requiredInput>No</inf:requiredInput>
                </inf:callInfo>
              </xsd:appinfo>
            </xsd:annotation>
          </xsd:element>
          <xsd:element name="shippingTaxRefunded" minOccurs="0" maxOccurs="1" type="xsd:float">
            <xsd:annotation>
              <xsd:documentation>Shipping tax refunded amount.</xsd:documentation>
              <xsd:appinfo xmlns:inf="http://soap.upskills.in/soap/default?services=salesOrderRepositoryV1">
                <inf:callInfo>
                  <inf:callName>salesOrderRepositoryV1Get</inf:callName>
                  <inf:callName>salesOrderRepositoryV1Save</inf:callName>
                  <inf:returned>Conditionally</inf:returned>
                </inf:callInfo>
                <inf:callInfo>
                  <inf:callName>salesOrderRepositoryV1Save</inf:callName>
                  <inf:requiredInput>No</inf:requiredInput>
                </inf:callInfo>
              </xsd:appinfo>
            </xsd:annotation>
          </xsd:element>
          <xsd:element name="extensionAttributes" minOccurs="0" maxOccurs="1" type="tns:SalesDataTotalExtensionInterface">
            <xsd:annotation>
              <xsd:documentation>Existing extension attributes object or create a new one.</xsd:documentation>
              <xsd:appinfo xmlns:inf="http://soap.upskills.in/soap/default?services=salesOrderRepositoryV1">
                <inf:callInfo>
                  <inf:callName>salesOrderRepositoryV1Get</inf:callName>
                  <inf:callName>salesOrderRepositoryV1Save</inf:callName>
                  <inf:returned>Conditionally</inf:returned>
                </inf:callInfo>
                <inf:callInfo>
                  <inf:callName>salesOrderRepositoryV1Save</inf:callName>
                  <inf:requiredInput>No</inf:requiredInput>
                </inf:callInfo>
              </xsd:appinfo>
            </xsd:annotation>
          </xsd:element>
        </xsd:sequence>
      </xsd:complexType>
      <xsd:complexType name="TemandoShippingDataOrderShippingExperienceInterface">
        <xsd:annotation>
          <xsd:documentation>Temando Shipping Experience Interface Local representation of a shipping rate in checkout. A set of shipping experiences is the result of creating an order at the Temando platform. (!) Needs to reside in Api namespace because selected shipping experience is exposed to public as a ShippingInterface extension attribute.</xsd:documentation>
          <xsd:appinfo xmlns:inf="http://soap.upskills.in/soap/default?services=salesOrderRepositoryV1"/>
        </xsd:annotation>
        <xsd:sequence>
          <xsd:element name="label" minOccurs="1" maxOccurs="1" type="xsd:string">
            <xsd:annotation>
              <xsd:documentation/>
              <xsd:appinfo xmlns:inf="http://soap.upskills.in/soap/default?services=salesOrderRepositoryV1">
                <inf:maxLength/>
                <inf:callInfo>
                  <inf:callName>salesOrderRepositoryV1Get</inf:callName>
                  <inf:callName>salesOrderRepositoryV1Save</inf:callName>
                  <inf:returned>Conditionally</inf:returned>
                </inf:callInfo>
                <inf:callInfo>
                  <inf:callName>salesOrderRepositoryV1Save</inf:callName>
                  <inf:requiredInput>No</inf:requiredInput>
                </inf:callInfo>
              </xsd:appinfo>
            </xsd:annotation>
          </xsd:element>
          <xsd:element name="code" minOccurs="1" maxOccurs="1" type="xsd:string">
            <xsd:annotation>
              <xsd:documentation/>
              <xsd:appinfo xmlns:inf="http://soap.upskills.in/soap/default?services=salesOrderRepositoryV1">
                <inf:maxLength/>
                <inf:callInfo>
                  <inf:callName>salesOrderRepositoryV1Get</inf:callName>
                  <inf:callName>salesOrderRepositoryV1Save</inf:callName>
                  <inf:returned>Conditionally</inf:returned>
                </inf:callInfo>
                <inf:callInfo>
                  <inf:callName>salesOrderRepositoryV1Save</inf:callName>
                  <inf:requiredInput>No</inf:requiredInput>
                </inf:callInfo>
              </xsd:appinfo>
            </xsd:annotation>
          </xsd:element>
          <xsd:element name="cost" minOccurs="1" maxOccurs="1" type="xsd:float">
            <xsd:annotation>
              <xsd:documentation/>
              <xsd:appinfo xmlns:inf="http://soap.upskills.in/soap/default?services=salesOrderRepositoryV1">
                <inf:callInfo>
                  <inf:callName>salesOrderRepositoryV1Get</inf:callName>
                  <inf:callName>salesOrderRepositoryV1Save</inf:callName>
                  <inf:returned>Conditionally</inf:returned>
                </inf:callInfo>
                <inf:callInfo>
                  <inf:callName>salesOrderRepositoryV1Save</inf:callName>
                  <inf:requiredInput>No</inf:requiredInput>
                </inf:callInfo>
              </xsd:appinfo>
            </xsd:annotation>
          </xsd:element>
        </xsd:sequence>
      </xsd:complexType>
      <xsd:complexType name="TemandoShippingDataDeliveryOrderCollectionPointInterface">
        <xsd:annotation>
          <xsd:documentation>Temando Order Collection Point Interface – Order Details/Fulfillment</xsd:documentation>
          <xsd:appinfo xmlns:inf="http://soap.upskills.in/soap/default?services=salesOrderRepositoryV1"/>
        </xsd:annotation>
        <xsd:sequence>
          <xsd:element name="recipientAddressId" minOccurs="1" maxOccurs="1" type="xsd:int">
            <xsd:annotation>
              <xsd:documentation/>
              <xsd:appinfo xmlns:inf="http://soap.upskills.in/soap/default?services=salesOrderRepositoryV1">
                <inf:min/>
                <inf:max/>
                <inf:callInfo>
                  <inf:callName>salesOrderRepositoryV1Get</inf:callName>
                  <inf:callName>salesOrderRepositoryV1Save</inf:callName>
                  <inf:returned>Conditionally</inf:returned>
                </inf:callInfo>
                <inf:callInfo>
                  <inf:callName>salesOrderRepositoryV1Save</inf:callName>
                  <inf:requiredInput>No</inf:requiredInput>
                </inf:callInfo>
              </xsd:appinfo>
            </xsd:annotation>
          </xsd:element>
          <xsd:element name="collectionPointId" minOccurs="1" maxOccurs="1" type="xsd:string">
            <xsd:annotation>
              <xsd:documentation/>
              <xsd:appinfo xmlns:inf="http://soap.upskills.in/soap/default?services=salesOrderRepositoryV1">
                <inf:maxLength/>
                <inf:callInfo>
                  <inf:callName>salesOrderRepositoryV1Get</inf:callName>
                  <inf:callName>salesOrderRepositoryV1Save</inf:callName>
                  <inf:returned>Conditionally</inf:returned>
                </inf:callInfo>
                <inf:callInfo>
                  <inf:callName>salesOrderRepositoryV1Save</inf:callName>
                  <inf:requiredInput>No</inf:requiredInput>
                </inf:callInfo>
              </xsd:appinfo>
            </xsd:annotation>
          </xsd:element>
          <xsd:element name="name" minOccurs="1" maxOccurs="1" type="xsd:string">
            <xsd:annotation>
              <xsd:documentation/>
              <xsd:appinfo xmlns:inf="http://soap.upskills.in/soap/default?services=salesOrderRepositoryV1">
                <inf:maxLength/>
                <inf:callInfo>
                  <inf:callName>salesOrderRepositoryV1Get</inf:callName>
                  <inf:callName>salesOrderRepositoryV1Save</inf:callName>
                  <inf:returned>Conditionally</inf:returned>
                </inf:callInfo>
                <inf:callInfo>
                  <inf:callName>salesOrderRepositoryV1Save</inf:callName>
                  <inf:requiredInput>No</inf:requiredInput>
                </inf:callInfo>
              </xsd:appinfo>
            </xsd:annotation>
          </xsd:element>
          <xsd:element name="country" minOccurs="1" maxOccurs="1" type="xsd:string">
            <xsd:annotation>
              <xsd:documentation/>
              <xsd:appinfo xmlns:inf="http://soap.upskills.in/soap/default?services=salesOrderRepositoryV1">
                <inf:maxLength/>
                <inf:callInfo>
                  <inf:callName>salesOrderRepositoryV1Get</inf:callName>
                  <inf:callName>salesOrderRepositoryV1Save</inf:callName>
                  <inf:returned>Conditionally</inf:returned>
                </inf:callInfo>
                <inf:callInfo>
                  <inf:callName>salesOrderRepositoryV1Save</inf:callName>
                  <inf:requiredInput>No</inf:requiredInput>
                </inf:callInfo>
              </xsd:appinfo>
            </xsd:annotation>
          </xsd:element>
          <xsd:element name="region" minOccurs="1" maxOccurs="1" type="xsd:string">
            <xsd:annotation>
              <xsd:documentation/>
              <xsd:appinfo xmlns:inf="http://soap.upskills.in/soap/default?services=salesOrderRepositoryV1">
                <inf:maxLength/>
                <inf:callInfo>
                  <inf:callName>salesOrderRepositoryV1Get</inf:callName>
                  <inf:callName>salesOrderRepositoryV1Save</inf:callName>
                  <inf:returned>Conditionally</inf:returned>
                </inf:callInfo>
                <inf:callInfo>
                  <inf:callName>salesOrderRepositoryV1Save</inf:callName>
                  <inf:requiredInput>No</inf:requiredInput>
                </inf:callInfo>
              </xsd:appinfo>
            </xsd:annotation>
          </xsd:element>
          <xsd:element name="postcode" minOccurs="1" maxOccurs="1" type="xsd:string">
            <xsd:annotation>
              <xsd:documentation/>
              <xsd:appinfo xmlns:inf="http://soap.upskills.in/soap/default?services=salesOrderRepositoryV1">
                <inf:maxLength/>
                <inf:callInfo>
                  <inf:callName>salesOrderRepositoryV1Get</inf:callName>
                  <inf:callName>salesOrderRepositoryV1Save</inf:callName>
                  <inf:returned>Conditionally</inf:returned>
                </inf:callInfo>
                <inf:callInfo>
                  <inf:callName>salesOrderRepositoryV1Save</inf:callName>
                  <inf:requiredInput>No</inf:requiredInput>
                </inf:callInfo>
              </xsd:appinfo>
            </xsd:annotation>
          </xsd:element>
          <xsd:element name="city" minOccurs="1" maxOccurs="1" type="xsd:string">
            <xsd:annotation>
              <xsd:documentation/>
              <xsd:appinfo xmlns:inf="http://soap.upskills.in/soap/default?services=salesOrderRepositoryV1">
                <inf:maxLength/>
                <inf:callInfo>
                  <inf:callName>salesOrderRepositoryV1Get</inf:callName>
                  <inf:callName>salesOrderRepositoryV1Save</inf:callName>
                  <inf:returned>Conditionally</inf:returned>
                </inf:callInfo>
                <inf:callInfo>
                  <inf:callName>salesOrderRepositoryV1Save</inf:callName>
                  <inf:requiredInput>No</inf:requiredInput>
                </inf:callInfo>
              </xsd:appinfo>
            </xsd:annotation>
          </xsd:element>
          <xsd:element name="street" type="tns:ArrayOfString">
            <xsd:annotation>
              <xsd:documentation/>
              <xsd:appinfo xmlns:inf="http://soap.upskills.in/soap/default?services=salesOrderRepositoryV1">
                <inf:natureOfType>array</inf:natureOfType>
                <inf:callInfo>
                  <inf:callName>salesOrderRepositoryV1Get</inf:callName>
                  <inf:callName>salesOrderRepositoryV1Save</inf:callName>
                  <inf:returned>Conditionally</inf:returned>
                </inf:callInfo>
                <inf:callInfo>
                  <inf:callName>salesOrderRepositoryV1Save</inf:callName>
                  <inf:requiredInput>No</inf:requiredInput>
                </inf:callInfo>
              </xsd:appinfo>
            </xsd:annotation>
          </xsd:element>
        </xsd:sequence>
      </xsd:complexType>
      <xsd:complexType name="SalesDataShippingExtensionInterface">
        <xsd:annotation>
          <xsd:documentation>ExtensionInterface class for @see \Magento\Sales\Api\Data\ShippingInterface</xsd:documentation>
          <xsd:appinfo xmlns:inf="http://soap.upskills.in/soap/default?services=salesOrderRepositoryV1"/>
        </xsd:annotation>
        <xsd:sequence>
          <xsd:element name="extOrderId" minOccurs="0" maxOccurs="1" type="xsd:string">
            <xsd:annotation>
              <xsd:documentation/>
              <xsd:appinfo xmlns:inf="http://soap.upskills.in/soap/default?services=salesOrderRepositoryV1">
                <inf:maxLength/>
                <inf:callInfo>
                  <inf:callName>salesOrderRepositoryV1Get</inf:callName>
                  <inf:callName>salesOrderRepositoryV1Save</inf:callName>
                  <inf:returned>Conditionally</inf:returned>
                </inf:callInfo>
                <inf:callInfo>
                  <inf:callName>salesOrderRepositoryV1Save</inf:callName>
                  <inf:requiredInput>No</inf:requiredInput>
                </inf:callInfo>
              </xsd:appinfo>
            </xsd:annotation>
          </xsd:element>
          <xsd:element name="shippingExperience" minOccurs="0" maxOccurs="1" type="tns:TemandoShippingDataOrderShippingExperienceInterface">
            <xsd:annotation>
              <xsd:documentation/>
              <xsd:appinfo xmlns:inf="http://soap.upskills.in/soap/default?services=salesOrderRepositoryV1">
                <inf:callInfo>
                  <inf:callName>salesOrderRepositoryV1Get</inf:callName>
                  <inf:callName>salesOrderRepositoryV1Save</inf:callName>
                  <inf:returned>Conditionally</inf:returned>
                </inf:callInfo>
                <inf:callInfo>
                  <inf:callName>salesOrderRepositoryV1Save</inf:callName>
                  <inf:requiredInput>No</inf:requiredInput>
                </inf:callInfo>
              </xsd:appinfo>
            </xsd:annotation>
          </xsd:element>
          <xsd:element name="collectionPoint" minOccurs="0" maxOccurs="1" type="tns:TemandoShippingDataDeliveryOrderCollectionPointInterface">
            <xsd:annotation>
              <xsd:documentation/>
              <xsd:appinfo xmlns:inf="http://soap.upskills.in/soap/default?services=salesOrderRepositoryV1">
                <inf:callInfo>
                  <inf:callName>salesOrderRepositoryV1Get</inf:callName>
                  <inf:callName>salesOrderRepositoryV1Save</inf:callName>
                  <inf:returned>Conditionally</inf:returned>
                </inf:callInfo>
                <inf:callInfo>
                  <inf:callName>salesOrderRepositoryV1Save</inf:callName>
                  <inf:requiredInput>No</inf:requiredInput>
                </inf:callInfo>
              </xsd:appinfo>
            </xsd:annotation>
          </xsd:element>
        </xsd:sequence>
      </xsd:complexType>
      <xsd:complexType name="SalesDataShippingInterface">
        <xsd:annotation>
          <xsd:documentation>Interface ShippingInterface</xsd:documentation>
          <xsd:appinfo xmlns:inf="http://soap.upskills.in/soap/default?services=salesOrderRepositoryV1"/>
        </xsd:annotation>
        <xsd:sequence>
          <xsd:element name="address" minOccurs="0" maxOccurs="1" type="tns:SalesDataOrderAddressInterface">
            <xsd:annotation>
              <xsd:documentation>Shipping address</xsd:documentation>
              <xsd:appinfo xmlns:inf="http://soap.upskills.in/soap/default?services=salesOrderRepositoryV1">
                <inf:callInfo>
                  <inf:callName>salesOrderRepositoryV1Get</inf:callName>
                  <inf:callName>salesOrderRepositoryV1Save</inf:callName>
                  <inf:returned>Conditionally</inf:returned>
                </inf:callInfo>
                <inf:callInfo>
                  <inf:callName>salesOrderRepositoryV1Save</inf:callName>
                  <inf:requiredInput>No</inf:requiredInput>
                </inf:callInfo>
              </xsd:appinfo>
            </xsd:annotation>
          </xsd:element>
          <xsd:element name="method" minOccurs="0" maxOccurs="1" type="xsd:string">
            <xsd:annotation>
              <xsd:documentation>Shipping method</xsd:documentation>
              <xsd:appinfo xmlns:inf="http://soap.upskills.in/soap/default?services=salesOrderRepositoryV1">
                <inf:maxLength/>
                <inf:callInfo>
                  <inf:callName>salesOrderRepositoryV1Get</inf:callName>
                  <inf:callName>salesOrderRepositoryV1Save</inf:callName>
                  <inf:returned>Conditionally</inf:returned>
                </inf:callInfo>
                <inf:callInfo>
                  <inf:callName>salesOrderRepositoryV1Save</inf:callName>
                  <inf:requiredInput>No</inf:requiredInput>
                </inf:callInfo>
              </xsd:appinfo>
            </xsd:annotation>
          </xsd:element>
          <xsd:element name="total" minOccurs="0" maxOccurs="1" type="tns:SalesDataTotalInterface">
            <xsd:annotation>
              <xsd:documentation>Object with shipping totals</xsd:documentation>
              <xsd:appinfo xmlns:inf="http://soap.upskills.in/soap/default?services=salesOrderRepositoryV1">
                <inf:callInfo>
                  <inf:callName>salesOrderRepositoryV1Get</inf:callName>
                  <inf:callName>salesOrderRepositoryV1Save</inf:callName>
                  <inf:returned>Conditionally</inf:returned>
                </inf:callInfo>
                <inf:callInfo>
                  <inf:callName>salesOrderRepositoryV1Save</inf:callName>
                  <inf:requiredInput>No</inf:requiredInput>
                </inf:callInfo>
              </xsd:appinfo>
            </xsd:annotation>
          </xsd:element>
          <xsd:element name="extensionAttributes" minOccurs="0" maxOccurs="1" type="tns:SalesDataShippingExtensionInterface">
            <xsd:annotation>
              <xsd:documentation>Existing extension attributes object or create a new one.</xsd:documentation>
              <xsd:appinfo xmlns:inf="http://soap.upskills.in/soap/default?services=salesOrderRepositoryV1">
                <inf:callInfo>
                  <inf:callName>salesOrderRepositoryV1Get</inf:callName>
                  <inf:callName>salesOrderRepositoryV1Save</inf:callName>
                  <inf:returned>Conditionally</inf:returned>
                </inf:callInfo>
                <inf:callInfo>
                  <inf:callName>salesOrderRepositoryV1Save</inf:callName>
                  <inf:requiredInput>No</inf:requiredInput>
                </inf:callInfo>
              </xsd:appinfo>
            </xsd:annotation>
          </xsd:element>
        </xsd:sequence>
      </xsd:complexType>
      <xsd:complexType name="SalesDataShippingAssignmentExtensionInterface">
        <xsd:annotation>
          <xsd:documentation>ExtensionInterface class for @see \Magento\Sales\Api\Data\ShippingAssignmentInterface</xsd:documentation>
          <xsd:appinfo xmlns:inf="http://soap.upskills.in/soap/default?services=salesOrderRepositoryV1"/>
        </xsd:annotation>
      </xsd:complexType>
      <xsd:complexType name="SalesDataShippingAssignmentInterface">
        <xsd:annotation>
          <xsd:documentation>Interface ShippingAssignmentInterface</xsd:documentation>
          <xsd:appinfo xmlns:inf="http://soap.upskills.in/soap/default?services=salesOrderRepositoryV1"/>
        </xsd:annotation>
        <xsd:sequence>
          <xsd:element name="shipping" minOccurs="1" maxOccurs="1" type="tns:SalesDataShippingInterface">
            <xsd:annotation>
              <xsd:documentation>Shipping object</xsd:documentation>
              <xsd:appinfo xmlns:inf="http://soap.upskills.in/soap/default?services=salesOrderRepositoryV1">
                <inf:callInfo>
                  <inf:callName>salesOrderRepositoryV1Get</inf:callName>
                  <inf:callName>salesOrderRepositoryV1Save</inf:callName>
                  <inf:returned>Conditionally</inf:returned>
                </inf:callInfo>
                <inf:callInfo>
                  <inf:callName>salesOrderRepositoryV1Save</inf:callName>
                  <inf:requiredInput>No</inf:requiredInput>
                </inf:callInfo>
              </xsd:appinfo>
            </xsd:annotation>
          </xsd:element>
          <xsd:element name="items" type="tns:ArrayOfSalesDataOrderItemInterface">
            <xsd:annotation>
              <xsd:documentation>Order items of shipping assignment</xsd:documentation>
              <xsd:appinfo xmlns:inf="http://soap.upskills.in/soap/default?services=salesOrderRepositoryV1">
                <inf:natureOfType>array</inf:natureOfType>
                <inf:callInfo>
                  <inf:callName>salesOrderRepositoryV1Get</inf:callName>
                  <inf:callName>salesOrderRepositoryV1Save</inf:callName>
                  <inf:returned>Conditionally</inf:returned>
                </inf:callInfo>
                <inf:callInfo>
                  <inf:callName>salesOrderRepositoryV1Save</inf:callName>
                  <inf:requiredInput>No</inf:requiredInput>
                </inf:callInfo>
              </xsd:appinfo>
            </xsd:annotation>
          </xsd:element>
          <xsd:element name="stockId" minOccurs="0" maxOccurs="1" type="xsd:int">
            <xsd:annotation>
              <xsd:documentation>Stock id</xsd:documentation>
              <xsd:appinfo xmlns:inf="http://soap.upskills.in/soap/default?services=salesOrderRepositoryV1">
                <inf:min/>
                <inf:max/>
                <inf:callInfo>
                  <inf:callName>salesOrderRepositoryV1Get</inf:callName>
                  <inf:callName>salesOrderRepositoryV1Save</inf:callName>
                  <inf:returned>Conditionally</inf:returned>
                </inf:callInfo>
                <inf:callInfo>
                  <inf:callName>salesOrderRepositoryV1Save</inf:callName>
                  <inf:requiredInput>No</inf:requiredInput>
                </inf:callInfo>
              </xsd:appinfo>
            </xsd:annotation>
          </xsd:element>
          <xsd:element name="extensionAttributes" minOccurs="0" maxOccurs="1" type="tns:SalesDataShippingAssignmentExtensionInterface">
            <xsd:annotation>
              <xsd:documentation>Existing extension attributes object or create a new one.</xsd:documentation>
              <xsd:appinfo xmlns:inf="http://soap.upskills.in/soap/default?services=salesOrderRepositoryV1">
                <inf:callInfo>
                  <inf:callName>salesOrderRepositoryV1Get</inf:callName>
                  <inf:callName>salesOrderRepositoryV1Save</inf:callName>
                  <inf:returned>Conditionally</inf:returned>
                </inf:callInfo>
                <inf:callInfo>
                  <inf:callName>salesOrderRepositoryV1Save</inf:callName>
                  <inf:requiredInput>No</inf:requiredInput>
                </inf:callInfo>
              </xsd:appinfo>
            </xsd:annotation>
          </xsd:element>
        </xsd:sequence>
      </xsd:complexType>
      <xsd:complexType name="ArrayOfSalesDataShippingAssignmentInterface">
        <xsd:annotation>
          <xsd:documentation>An array of SalesDataShippingAssignmentInterface items.</xsd:documentation>
          <xsd:appinfo xmlns:inf="http://soap.upskills.in/soap/default?services=salesOrderRepositoryV1"/>
        </xsd:annotation>
        <xsd:sequence>
          <xsd:element name="item" minOccurs="0" maxOccurs="unbounded" type="tns:SalesDataShippingAssignmentInterface">
            <xsd:annotation>
              <xsd:documentation>An item of ArrayOfSalesDataShippingAssignmentInterface.</xsd:documentation>
              <xsd:appinfo xmlns:inf="http://soap.upskills.in/soap/default?services=salesOrderRepositoryV1">
                <inf:callInfo>
                  <inf:callName>salesOrderRepositoryV1Get</inf:callName>
                  <inf:callName>salesOrderRepositoryV1Save</inf:callName>
                  <inf:returned>Conditionally</inf:returned>
                </inf:callInfo>
                <inf:callInfo>
                  <inf:callName>salesOrderRepositoryV1Save</inf:callName>
                  <inf:requiredInput>No</inf:requiredInput>
                </inf:callInfo>
              </xsd:appinfo>
            </xsd:annotation>
          </xsd:element>
        </xsd:sequence>
      </xsd:complexType>
      <xsd:complexType name="PaymentDataPaymentAdditionalInfoInterface">
        <xsd:annotation>
          <xsd:documentation>Payment additional info interface.</xsd:documentation>
          <xsd:appinfo xmlns:inf="http://soap.upskills.in/soap/default?services=salesOrderRepositoryV1"/>
        </xsd:annotation>
        <xsd:sequence>
          <xsd:element name="key" minOccurs="1" maxOccurs="1" type="xsd:string">
            <xsd:annotation>
              <xsd:documentation>Object key</xsd:documentation>
              <xsd:appinfo xmlns:inf="http://soap.upskills.in/soap/default?services=salesOrderRepositoryV1">
                <inf:maxLength/>
                <inf:callInfo>
                  <inf:callName>salesOrderRepositoryV1Get</inf:callName>
                  <inf:callName>salesOrderRepositoryV1Save</inf:callName>
                  <inf:returned>Conditionally</inf:returned>
                </inf:callInfo>
                <inf:callInfo>
                  <inf:callName>salesOrderRepositoryV1Save</inf:callName>
                  <inf:requiredInput>No</inf:requiredInput>
                </inf:callInfo>
              </xsd:appinfo>
            </xsd:annotation>
          </xsd:element>
          <xsd:element name="value" minOccurs="1" maxOccurs="1" type="xsd:string">
            <xsd:annotation>
              <xsd:documentation>Object value</xsd:documentation>
              <xsd:appinfo xmlns:inf="http://soap.upskills.in/soap/default?services=salesOrderRepositoryV1">
                <inf:maxLength/>
                <inf:callInfo>
                  <inf:callName>salesOrderRepositoryV1Get</inf:callName>
                  <inf:callName>salesOrderRepositoryV1Save</inf:callName>
                  <inf:returned>Conditionally</inf:returned>
                </inf:callInfo>
                <inf:callInfo>
                  <inf:callName>salesOrderRepositoryV1Save</inf:callName>
                  <inf:requiredInput>No</inf:requiredInput>
                </inf:callInfo>
              </xsd:appinfo>
            </xsd:annotation>
          </xsd:element>
        </xsd:sequence>
      </xsd:complexType>
      <xsd:complexType name="ArrayOfPaymentDataPaymentAdditionalInfoInterface">
        <xsd:annotation>
          <xsd:documentation>An array of PaymentDataPaymentAdditionalInfoInterface items.</xsd:documentation>
          <xsd:appinfo xmlns:inf="http://soap.upskills.in/soap/default?services=salesOrderRepositoryV1"/>
        </xsd:annotation>
        <xsd:sequence>
          <xsd:element name="item" minOccurs="0" maxOccurs="unbounded" type="tns:PaymentDataPaymentAdditionalInfoInterface">
            <xsd:annotation>
              <xsd:documentation>An item of ArrayOfPaymentDataPaymentAdditionalInfoInterface.</xsd:documentation>
              <xsd:appinfo xmlns:inf="http://soap.upskills.in/soap/default?services=salesOrderRepositoryV1">
                <inf:callInfo>
                  <inf:callName>salesOrderRepositoryV1Get</inf:callName>
                  <inf:callName>salesOrderRepositoryV1Save</inf:callName>
                  <inf:returned>Conditionally</inf:returned>
                </inf:callInfo>
                <inf:callInfo>
                  <inf:callName>salesOrderRepositoryV1Save</inf:callName>
                  <inf:requiredInput>No</inf:requiredInput>
                </inf:callInfo>
              </xsd:appinfo>
            </xsd:annotation>
          </xsd:element>
        </xsd:sequence>
      </xsd:complexType>
      <xsd:complexType name="TaxDataAppliedTaxRateExtensionInterface">
        <xsd:annotation>
          <xsd:documentation>ExtensionInterface class for @see \Magento\Tax\Api\Data\AppliedTaxRateInterface</xsd:documentation>
          <xsd:appinfo xmlns:inf="http://soap.upskills.in/soap/default?services=salesOrderRepositoryV1"/>
        </xsd:annotation>
      </xsd:complexType>
      <xsd:complexType name="TaxDataAppliedTaxRateInterface">
        <xsd:annotation>
          <xsd:documentation>Applied tax rate interface.</xsd:documentation>
          <xsd:appinfo xmlns:inf="http://soap.upskills.in/soap/default?services=salesOrderRepositoryV1"/>
        </xsd:annotation>
        <xsd:sequence>
          <xsd:element name="code" minOccurs="0" maxOccurs="1" type="xsd:string">
            <xsd:annotation>
              <xsd:documentation>Code</xsd:documentation>
              <xsd:appinfo xmlns:inf="http://soap.upskills.in/soap/default?services=salesOrderRepositoryV1">
                <inf:maxLength/>
                <inf:callInfo>
                  <inf:callName>salesOrderRepositoryV1Get</inf:callName>
                  <inf:callName>salesOrderRepositoryV1Save</inf:callName>
                  <inf:returned>Conditionally</inf:returned>
                </inf:callInfo>
                <inf:callInfo>
                  <inf:callName>salesOrderRepositoryV1Save</inf:callName>
                  <inf:requiredInput>No</inf:requiredInput>
                </inf:callInfo>
              </xsd:appinfo>
            </xsd:annotation>
          </xsd:element>
          <xsd:element name="title" minOccurs="0" maxOccurs="1" type="xsd:string">
            <xsd:annotation>
              <xsd:documentation>Title</xsd:documentation>
              <xsd:appinfo xmlns:inf="http://soap.upskills.in/soap/default?services=salesOrderRepositoryV1">
                <inf:maxLength/>
                <inf:callInfo>
                  <inf:callName>salesOrderRepositoryV1Get</inf:callName>
                  <inf:callName>salesOrderRepositoryV1Save</inf:callName>
                  <inf:returned>Conditionally</inf:returned>
                </inf:callInfo>
                <inf:callInfo>
                  <inf:callName>salesOrderRepositoryV1Save</inf:callName>
                  <inf:requiredInput>No</inf:requiredInput>
                </inf:callInfo>
              </xsd:appinfo>
            </xsd:annotation>
          </xsd:element>
          <xsd:element name="percent" minOccurs="0" maxOccurs="1" type="xsd:float">
            <xsd:annotation>
              <xsd:documentation>Tax Percent</xsd:documentation>
              <xsd:appinfo xmlns:inf="http://soap.upskills.in/soap/default?services=salesOrderRepositoryV1">
                <inf:callInfo>
                  <inf:callName>salesOrderRepositoryV1Get</inf:callName>
                  <inf:callName>salesOrderRepositoryV1Save</inf:callName>
                  <inf:returned>Conditionally</inf:returned>
                </inf:callInfo>
                <inf:callInfo>
                  <inf:callName>salesOrderRepositoryV1Save</inf:callName>
                  <inf:requiredInput>No</inf:requiredInput>
                </inf:callInfo>
              </xsd:appinfo>
            </xsd:annotation>
          </xsd:element>
          <xsd:element name="extensionAttributes" minOccurs="0" maxOccurs="1" type="tns:TaxDataAppliedTaxRateExtensionInterface">
            <xsd:annotation>
              <xsd:documentation>Existing extension attributes object or create a new one.</xsd:documentation>
              <xsd:appinfo xmlns:inf="http://soap.upskills.in/soap/default?services=salesOrderRepositoryV1">
                <inf:callInfo>
                  <inf:callName>salesOrderRepositoryV1Get</inf:callName>
                  <inf:callName>salesOrderRepositoryV1Save</inf:callName>
                  <inf:returned>Conditionally</inf:returned>
                </inf:callInfo>
                <inf:callInfo>
                  <inf:callName>salesOrderRepositoryV1Save</inf:callName>
                  <inf:requiredInput>No</inf:requiredInput>
                </inf:callInfo>
              </xsd:appinfo>
            </xsd:annotation>
          </xsd:element>
        </xsd:sequence>
      </xsd:complexType>
      <xsd:complexType name="ArrayOfTaxDataAppliedTaxRateInterface">
        <xsd:annotation>
          <xsd:documentation>An array of TaxDataAppliedTaxRateInterface items.</xsd:documentation>
          <xsd:appinfo xmlns:inf="http://soap.upskills.in/soap/default?services=salesOrderRepositoryV1"/>
        </xsd:annotation>
        <xsd:sequence>
          <xsd:element name="item" minOccurs="0" maxOccurs="unbounded" type="tns:TaxDataAppliedTaxRateInterface">
            <xsd:annotation>
              <xsd:documentation>An item of ArrayOfTaxDataAppliedTaxRateInterface.</xsd:documentation>
              <xsd:appinfo xmlns:inf="http://soap.upskills.in/soap/default?services=salesOrderRepositoryV1">
                <inf:callInfo>
                  <inf:callName>salesOrderRepositoryV1Get</inf:callName>
                  <inf:callName>salesOrderRepositoryV1Save</inf:callName>
                  <inf:returned>Conditionally</inf:returned>
                </inf:callInfo>
                <inf:callInfo>
                  <inf:callName>salesOrderRepositoryV1Save</inf:callName>
                  <inf:requiredInput>No</inf:requiredInput>
                </inf:callInfo>
              </xsd:appinfo>
            </xsd:annotation>
          </xsd:element>
        </xsd:sequence>
      </xsd:complexType>
      <xsd:complexType name="TaxDataOrderTaxDetailsAppliedTaxExtensionInterface">
        <xsd:annotation>
          <xsd:documentation>ExtensionInterface class for @see \Magento\Tax\Api\Data\OrderTaxDetailsAppliedTaxInterface</xsd:documentation>
          <xsd:appinfo xmlns:inf="http://soap.upskills.in/soap/default?services=salesOrderRepositoryV1"/>
        </xsd:annotation>
        <xsd:sequence>
          <xsd:element name="rates" type="tns:ArrayOfTaxDataAppliedTaxRateInterface" minOccurs="0">
            <xsd:annotation>
              <xsd:documentation/>
              <xsd:appinfo xmlns:inf="http://soap.upskills.in/soap/default?services=salesOrderRepositoryV1">
                <inf:natureOfType>array</inf:natureOfType>
                <inf:callInfo>
                  <inf:callName>salesOrderRepositoryV1Get</inf:callName>
                  <inf:callName>salesOrderRepositoryV1Save</inf:callName>
                  <inf:returned>Conditionally</inf:returned>
                </inf:callInfo>
                <inf:callInfo>
                  <inf:callName>salesOrderRepositoryV1Save</inf:callName>
                  <inf:requiredInput>No</inf:requiredInput>
                </inf:callInfo>
              </xsd:appinfo>
            </xsd:annotation>
          </xsd:element>
        </xsd:sequence>
      </xsd:complexType>
      <xsd:complexType name="TaxDataOrderTaxDetailsAppliedTaxInterface">
        <xsd:annotation>
          <xsd:documentation>Interface OrderTaxDetailsAppliedTaxInterface</xsd:documentation>
          <xsd:appinfo xmlns:inf="http://soap.upskills.in/soap/default?services=salesOrderRepositoryV1"/>
        </xsd:annotation>
        <xsd:sequence>
          <xsd:element name="code" minOccurs="0" maxOccurs="1" type="xsd:string">
            <xsd:annotation>
              <xsd:documentation>Code</xsd:documentation>
              <xsd:appinfo xmlns:inf="http://soap.upskills.in/soap/default?services=salesOrderRepositoryV1">
                <inf:maxLength/>
                <inf:callInfo>
                  <inf:callName>salesOrderRepositoryV1Get</inf:callName>
                  <inf:callName>salesOrderRepositoryV1Save</inf:callName>
                  <inf:returned>Conditionally</inf:returned>
                </inf:callInfo>
                <inf:callInfo>
                  <inf:callName>salesOrderRepositoryV1Save</inf:callName>
                  <inf:requiredInput>No</inf:requiredInput>
                </inf:callInfo>
              </xsd:appinfo>
            </xsd:annotation>
          </xsd:element>
          <xsd:element name="title" minOccurs="0" maxOccurs="1" type="xsd:string">
            <xsd:annotation>
              <xsd:documentation>Title</xsd:documentation>
              <xsd:appinfo xmlns:inf="http://soap.upskills.in/soap/default?services=salesOrderRepositoryV1">
                <inf:maxLength/>
                <inf:callInfo>
                  <inf:callName>salesOrderRepositoryV1Get</inf:callName>
                  <inf:callName>salesOrderRepositoryV1Save</inf:callName>
                  <inf:returned>Conditionally</inf:returned>
                </inf:callInfo>
                <inf:callInfo>
                  <inf:callName>salesOrderRepositoryV1Save</inf:callName>
                  <inf:requiredInput>No</inf:requiredInput>
                </inf:callInfo>
              </xsd:appinfo>
            </xsd:annotation>
          </xsd:element>
          <xsd:element name="percent" minOccurs="0" maxOccurs="1" type="xsd:float">
            <xsd:annotation>
              <xsd:documentation>Tax Percent</xsd:documentation>
              <xsd:appinfo xmlns:inf="http://soap.upskills.in/soap/default?services=salesOrderRepositoryV1">
                <inf:callInfo>
                  <inf:callName>salesOrderRepositoryV1Get</inf:callName>
                  <inf:callName>salesOrderRepositoryV1Save</inf:callName>
                  <inf:returned>Conditionally</inf:returned>
                </inf:callInfo>
                <inf:callInfo>
                  <inf:callName>salesOrderRepositoryV1Save</inf:callName>
                  <inf:requiredInput>No</inf:requiredInput>
                </inf:callInfo>
              </xsd:appinfo>
            </xsd:annotation>
          </xsd:element>
          <xsd:element name="amount" minOccurs="1" maxOccurs="1" type="xsd:float">
            <xsd:annotation>
              <xsd:documentation>Tax amount</xsd:documentation>
              <xsd:appinfo xmlns:inf="http://soap.upskills.in/soap/default?services=salesOrderRepositoryV1">
                <inf:callInfo>
                  <inf:callName>salesOrderRepositoryV1Get</inf:callName>
                  <inf:callName>salesOrderRepositoryV1Save</inf:callName>
                  <inf:returned>Conditionally</inf:returned>
                </inf:callInfo>
                <inf:callInfo>
                  <inf:callName>salesOrderRepositoryV1Save</inf:callName>
                  <inf:requiredInput>No</inf:requiredInput>
                </inf:callInfo>
              </xsd:appinfo>
            </xsd:annotation>
          </xsd:element>
          <xsd:element name="baseAmount" minOccurs="1" maxOccurs="1" type="xsd:float">
            <xsd:annotation>
              <xsd:documentation>Tax amount in base currency</xsd:documentation>
              <xsd:appinfo xmlns:inf="http://soap.upskills.in/soap/default?services=salesOrderRepositoryV1">
                <inf:callInfo>
                  <inf:callName>salesOrderRepositoryV1Get</inf:callName>
                  <inf:callName>salesOrderRepositoryV1Save</inf:callName>
                  <inf:returned>Conditionally</inf:returned>
                </inf:callInfo>
                <inf:callInfo>
                  <inf:callName>salesOrderRepositoryV1Save</inf:callName>
                  <inf:requiredInput>No</inf:requiredInput>
                </inf:callInfo>
              </xsd:appinfo>
            </xsd:annotation>
          </xsd:element>
          <xsd:element name="extensionAttributes" minOccurs="0" maxOccurs="1" type="tns:TaxDataOrderTaxDetailsAppliedTaxExtensionInterface">
            <xsd:annotation>
              <xsd:documentation>Existing extension attributes object or create a new one.</xsd:documentation>
              <xsd:appinfo xmlns:inf="http://soap.upskills.in/soap/default?services=salesOrderRepositoryV1">
                <inf:callInfo>
                  <inf:callName>salesOrderRepositoryV1Get</inf:callName>
                  <inf:callName>salesOrderRepositoryV1Save</inf:callName>
                  <inf:returned>Conditionally</inf:returned>
                </inf:callInfo>
                <inf:callInfo>
                  <inf:callName>salesOrderRepositoryV1Save</inf:callName>
                  <inf:requiredInput>No</inf:requiredInput>
                </inf:callInfo>
              </xsd:appinfo>
            </xsd:annotation>
          </xsd:element>
        </xsd:sequence>
      </xsd:complexType>
      <xsd:complexType name="ArrayOfTaxDataOrderTaxDetailsAppliedTaxInterface">
        <xsd:annotation>
          <xsd:documentation>An array of TaxDataOrderTaxDetailsAppliedTaxInterface items.</xsd:documentation>
          <xsd:appinfo xmlns:inf="http://soap.upskills.in/soap/default?services=salesOrderRepositoryV1"/>
        </xsd:annotation>
        <xsd:sequence>
          <xsd:element name="item" minOccurs="0" maxOccurs="unbounded" type="tns:TaxDataOrderTaxDetailsAppliedTaxInterface">
            <xsd:annotation>
              <xsd:documentation>An item of ArrayOfTaxDataOrderTaxDetailsAppliedTaxInterface.</xsd:documentation>
              <xsd:appinfo xmlns:inf="http://soap.upskills.in/soap/default?services=salesOrderRepositoryV1">
                <inf:callInfo>
                  <inf:callName>salesOrderRepositoryV1Get</inf:callName>
                  <inf:callName>salesOrderRepositoryV1Save</inf:callName>
                  <inf:returned>Conditionally</inf:returned>
                </inf:callInfo>
                <inf:callInfo>
                  <inf:callName>salesOrderRepositoryV1Save</inf:callName>
                  <inf:requiredInput>No</inf:requiredInput>
                </inf:callInfo>
              </xsd:appinfo>
            </xsd:annotation>
          </xsd:element>
        </xsd:sequence>
      </xsd:complexType>
      <xsd:complexType name="TaxDataOrderTaxDetailsItemExtensionInterface">
        <xsd:annotation>
          <xsd:documentation>ExtensionInterface class for @see \Magento\Tax\Api\Data\OrderTaxDetailsItemInterface</xsd:documentation>
          <xsd:appinfo xmlns:inf="http://soap.upskills.in/soap/default?services=salesOrderRepositoryV1"/>
        </xsd:annotation>
      </xsd:complexType>
      <xsd:complexType name="TaxDataOrderTaxDetailsItemInterface">
        <xsd:annotation>
          <xsd:documentation>Interface OrderTaxDetailsItemInterface</xsd:documentation>
          <xsd:appinfo xmlns:inf="http://soap.upskills.in/soap/default?services=salesOrderRepositoryV1"/>
        </xsd:annotation>
        <xsd:sequence>
          <xsd:element name="type" minOccurs="0" maxOccurs="1" type="xsd:string">
            <xsd:annotation>
              <xsd:documentation>Type (shipping, product, weee, gift wrapping, etc)</xsd:documentation>
              <xsd:appinfo xmlns:inf="http://soap.upskills.in/soap/default?services=salesOrderRepositoryV1">
                <inf:maxLength/>
                <inf:callInfo>
                  <inf:callName>salesOrderRepositoryV1Get</inf:callName>
                  <inf:callName>salesOrderRepositoryV1Save</inf:callName>
                  <inf:returned>Conditionally</inf:returned>
                </inf:callInfo>
                <inf:callInfo>
                  <inf:callName>salesOrderRepositoryV1Save</inf:callName>
                  <inf:requiredInput>No</inf:requiredInput>
                </inf:callInfo>
              </xsd:appinfo>
            </xsd:annotation>
          </xsd:element>
          <xsd:element name="itemId" minOccurs="0" maxOccurs="1" type="xsd:int">
            <xsd:annotation>
              <xsd:documentation>Item id if this item is a product</xsd:documentation>
              <xsd:appinfo xmlns:inf="http://soap.upskills.in/soap/default?services=salesOrderRepositoryV1">
                <inf:min/>
                <inf:max/>
                <inf:callInfo>
                  <inf:callName>salesOrderRepositoryV1Get</inf:callName>
                  <inf:callName>salesOrderRepositoryV1Save</inf:callName>
                  <inf:returned>Conditionally</inf:returned>
                </inf:callInfo>
                <inf:callInfo>
                  <inf:callName>salesOrderRepositoryV1Save</inf:callName>
                  <inf:requiredInput>No</inf:requiredInput>
                </inf:callInfo>
              </xsd:appinfo>
            </xsd:annotation>
          </xsd:element>
          <xsd:element name="associatedItemId" minOccurs="0" maxOccurs="1" type="xsd:int">
            <xsd:annotation>
              <xsd:documentation>Associated item id if this item is associated with another item, null otherwise</xsd:documentation>
              <xsd:appinfo xmlns:inf="http://soap.upskills.in/soap/default?services=salesOrderRepositoryV1">
                <inf:min/>
                <inf:max/>
                <inf:callInfo>
                  <inf:callName>salesOrderRepositoryV1Get</inf:callName>
                  <inf:callName>salesOrderRepositoryV1Save</inf:callName>
                  <inf:returned>Conditionally</inf:returned>
                </inf:callInfo>
                <inf:callInfo>
                  <inf:callName>salesOrderRepositoryV1Save</inf:callName>
                  <inf:requiredInput>No</inf:requiredInput>
                </inf:callInfo>
              </xsd:appinfo>
            </xsd:annotation>
          </xsd:element>
          <xsd:element name="appliedTaxes" type="tns:ArrayOfTaxDataOrderTaxDetailsAppliedTaxInterface" minOccurs="0">
            <xsd:annotation>
              <xsd:documentation>Applied taxes</xsd:documentation>
              <xsd:appinfo xmlns:inf="http://soap.upskills.in/soap/default?services=salesOrderRepositoryV1">
                <inf:natureOfType>array</inf:natureOfType>
                <inf:callInfo>
                  <inf:callName>salesOrderRepositoryV1Get</inf:callName>
                  <inf:callName>salesOrderRepositoryV1Save</inf:callName>
                  <inf:returned>Conditionally</inf:returned>
                </inf:callInfo>
                <inf:callInfo>
                  <inf:callName>salesOrderRepositoryV1Save</inf:callName>
                  <inf:requiredInput>No</inf:requiredInput>
                </inf:callInfo>
              </xsd:appinfo>
            </xsd:annotation>
          </xsd:element>
          <xsd:element name="extensionAttributes" minOccurs="0" maxOccurs="1" type="tns:TaxDataOrderTaxDetailsItemExtensionInterface">
            <xsd:annotation>
              <xsd:documentation>Existing extension attributes object or create a new one.</xsd:documentation>
              <xsd:appinfo xmlns:inf="http://soap.upskills.in/soap/default?services=salesOrderRepositoryV1">
                <inf:callInfo>
                  <inf:callName>salesOrderRepositoryV1Get</inf:callName>
                  <inf:callName>salesOrderRepositoryV1Save</inf:callName>
                  <inf:returned>Conditionally</inf:returned>
                </inf:callInfo>
                <inf:callInfo>
                  <inf:callName>salesOrderRepositoryV1Save</inf:callName>
                  <inf:requiredInput>No</inf:requiredInput>
                </inf:callInfo>
              </xsd:appinfo>
            </xsd:annotation>
          </xsd:element>
        </xsd:sequence>
      </xsd:complexType>
      <xsd:complexType name="ArrayOfTaxDataOrderTaxDetailsItemInterface">
        <xsd:annotation>
          <xsd:documentation>An array of TaxDataOrderTaxDetailsItemInterface items.</xsd:documentation>
          <xsd:appinfo xmlns:inf="http://soap.upskills.in/soap/default?services=salesOrderRepositoryV1"/>
        </xsd:annotation>
        <xsd:sequence>
          <xsd:element name="item" minOccurs="0" maxOccurs="unbounded" type="tns:TaxDataOrderTaxDetailsItemInterface">
            <xsd:annotation>
              <xsd:documentation>An item of ArrayOfTaxDataOrderTaxDetailsItemInterface.</xsd:documentation>
              <xsd:appinfo xmlns:inf="http://soap.upskills.in/soap/default?services=salesOrderRepositoryV1">
                <inf:callInfo>
                  <inf:callName>salesOrderRepositoryV1Get</inf:callName>
                  <inf:callName>salesOrderRepositoryV1Save</inf:callName>
                  <inf:returned>Conditionally</inf:returned>
                </inf:callInfo>
                <inf:callInfo>
                  <inf:callName>salesOrderRepositoryV1Save</inf:callName>
                  <inf:requiredInput>No</inf:requiredInput>
                </inf:callInfo>
              </xsd:appinfo>
            </xsd:annotation>
          </xsd:element>
        </xsd:sequence>
      </xsd:complexType>
      <xsd:complexType name="AmazonPaymentDataOrderLinkInterface">
        <xsd:annotation>
          <xsd:documentation/>
          <xsd:appinfo xmlns:inf="http://soap.upskills.in/soap/default?services=salesOrderRepositoryV1"/>
        </xsd:annotation>
        <xsd:sequence>
          <xsd:element name="amazonOrderReferenceId" minOccurs="1" maxOccurs="1" type="xsd:string">
            <xsd:annotation>
              <xsd:documentation>Amazon order reference id</xsd:documentation>
              <xsd:appinfo xmlns:inf="http://soap.upskills.in/soap/default?services=salesOrderRepositoryV1">
                <inf:maxLength/>
                <inf:callInfo>
                  <inf:callName>salesOrderRepositoryV1Get</inf:callName>
                  <inf:callName>salesOrderRepositoryV1Save</inf:callName>
                  <inf:returned>Conditionally</inf:returned>
                </inf:callInfo>
                <inf:callInfo>
                  <inf:callName>salesOrderRepositoryV1Save</inf:callName>
                  <inf:requiredInput>No</inf:requiredInput>
                </inf:callInfo>
              </xsd:appinfo>
            </xsd:annotation>
          </xsd:element>
          <xsd:element name="orderId" minOccurs="1" maxOccurs="1" type="xsd:int">
            <xsd:annotation>
              <xsd:documentation>Order id</xsd:documentation>
              <xsd:appinfo xmlns:inf="http://soap.upskills.in/soap/default?services=salesOrderRepositoryV1">
                <inf:min/>
                <inf:max/>
                <inf:callInfo>
                  <inf:callName>salesOrderRepositoryV1Get</inf:callName>
                  <inf:callName>salesOrderRepositoryV1Save</inf:callName>
                  <inf:returned>Conditionally</inf:returned>
                </inf:callInfo>
                <inf:callInfo>
                  <inf:callName>salesOrderRepositoryV1Save</inf:callName>
                  <inf:requiredInput>No</inf:requiredInput>
                </inf:callInfo>
              </xsd:appinfo>
            </xsd:annotation>
          </xsd:element>
        </xsd:sequence>
      </xsd:complexType>
      <xsd:complexType name="SalesDataOrderExtensionInterface">
        <xsd:annotation>
          <xsd:documentation>ExtensionInterface class for @see \Magento\Sales\Api\Data\OrderInterface</xsd:documentation>
          <xsd:appinfo xmlns:inf="http://soap.upskills.in/soap/default?services=salesOrderRepositoryV1"/>
        </xsd:annotation>
        <xsd:sequence>
          <xsd:element name="shippingAssignments" type="tns:ArrayOfSalesDataShippingAssignmentInterface" minOccurs="0">
            <xsd:annotation>
              <xsd:documentation/>
              <xsd:appinfo xmlns:inf="http://soap.upskills.in/soap/default?services=salesOrderRepositoryV1">
                <inf:natureOfType>array</inf:natureOfType>
                <inf:callInfo>
                  <inf:callName>salesOrderRepositoryV1Get</inf:callName>
                  <inf:callName>salesOrderRepositoryV1Save</inf:callName>
                  <inf:returned>Conditionally</inf:returned>
                </inf:callInfo>
                <inf:callInfo>
                  <inf:callName>salesOrderRepositoryV1Save</inf:callName>
                  <inf:requiredInput>No</inf:requiredInput>
                </inf:callInfo>
              </xsd:appinfo>
            </xsd:annotation>
          </xsd:element>
          <xsd:element name="paymentAdditionalInfo" type="tns:ArrayOfPaymentDataPaymentAdditionalInfoInterface" minOccurs="0">
            <xsd:annotation>
              <xsd:documentation/>
              <xsd:appinfo xmlns:inf="http://soap.upskills.in/soap/default?services=salesOrderRepositoryV1">
                <inf:natureOfType>array</inf:natureOfType>
                <inf:callInfo>
                  <inf:callName>salesOrderRepositoryV1Get</inf:callName>
                  <inf:callName>salesOrderRepositoryV1Save</inf:callName>
                  <inf:returned>Conditionally</inf:returned>
                </inf:callInfo>
                <inf:callInfo>
                  <inf:callName>salesOrderRepositoryV1Save</inf:callName>
                  <inf:requiredInput>No</inf:requiredInput>
                </inf:callInfo>
              </xsd:appinfo>
            </xsd:annotation>
          </xsd:element>
          <xsd:element name="giftMessage" minOccurs="0" maxOccurs="1" type="tns:GiftMessageDataMessageInterface">
            <xsd:annotation>
              <xsd:documentation/>
              <xsd:appinfo xmlns:inf="http://soap.upskills.in/soap/default?services=salesOrderRepositoryV1">
                <inf:callInfo>
                  <inf:callName>salesOrderRepositoryV1Get</inf:callName>
                  <inf:callName>salesOrderRepositoryV1Save</inf:callName>
                  <inf:returned>Conditionally</inf:returned>
                </inf:callInfo>
                <inf:callInfo>
                  <inf:callName>salesOrderRepositoryV1Save</inf:callName>
                  <inf:requiredInput>No</inf:requiredInput>
                </inf:callInfo>
              </xsd:appinfo>
            </xsd:annotation>
          </xsd:element>
          <xsd:element name="appliedTaxes" type="tns:ArrayOfTaxDataOrderTaxDetailsAppliedTaxInterface" minOccurs="0">
            <xsd:annotation>
              <xsd:documentation/>
              <xsd:appinfo xmlns:inf="http://soap.upskills.in/soap/default?services=salesOrderRepositoryV1">
                <inf:natureOfType>array</inf:natureOfType>
                <inf:callInfo>
                  <inf:callName>salesOrderRepositoryV1Get</inf:callName>
                  <inf:callName>salesOrderRepositoryV1Save</inf:callName>
                  <inf:returned>Conditionally</inf:returned>
                </inf:callInfo>
                <inf:callInfo>
                  <inf:callName>salesOrderRepositoryV1Save</inf:callName>
                  <inf:requiredInput>No</inf:requiredInput>
                </inf:callInfo>
              </xsd:appinfo>
            </xsd:annotation>
          </xsd:element>
          <xsd:element name="itemAppliedTaxes" type="tns:ArrayOfTaxDataOrderTaxDetailsItemInterface" minOccurs="0">
            <xsd:annotation>
              <xsd:documentation/>
              <xsd:appinfo xmlns:inf="http://soap.upskills.in/soap/default?services=salesOrderRepositoryV1">
                <inf:natureOfType>array</inf:natureOfType>
                <inf:callInfo>
                  <inf:callName>salesOrderRepositoryV1Get</inf:callName>
                  <inf:callName>salesOrderRepositoryV1Save</inf:callName>
                  <inf:returned>Conditionally</inf:returned>
                </inf:callInfo>
                <inf:callInfo>
                  <inf:callName>salesOrderRepositoryV1Save</inf:callName>
                  <inf:requiredInput>No</inf:requiredInput>
                </inf:callInfo>
              </xsd:appinfo>
            </xsd:annotation>
          </xsd:element>
          <xsd:element name="convertingFromQuote" minOccurs="0" maxOccurs="1" type="xsd:boolean">
            <xsd:annotation>
              <xsd:documentation/>
              <xsd:appinfo xmlns:inf="http://soap.upskills.in/soap/default?services=salesOrderRepositoryV1">
                <inf:default>false</inf:default>
                <inf:callInfo>
                  <inf:callName>salesOrderRepositoryV1Get</inf:callName>
                  <inf:callName>salesOrderRepositoryV1Save</inf:callName>
                  <inf:returned>Conditionally</inf:returned>
                </inf:callInfo>
                <inf:callInfo>
                  <inf:callName>salesOrderRepositoryV1Save</inf:callName>
                  <inf:requiredInput>No</inf:requiredInput>
                </inf:callInfo>
              </xsd:appinfo>
            </xsd:annotation>
          </xsd:element>
          <xsd:element name="amazonOrderReferenceId" minOccurs="0" maxOccurs="1" type="tns:AmazonPaymentDataOrderLinkInterface">
            <xsd:annotation>
              <xsd:documentation/>
              <xsd:appinfo xmlns:inf="http://soap.upskills.in/soap/default?services=salesOrderRepositoryV1">
                <inf:callInfo>
                  <inf:callName>salesOrderRepositoryV1Get</inf:callName>
                  <inf:callName>salesOrderRepositoryV1Save</inf:callName>
                  <inf:returned>Conditionally</inf:returned>
                </inf:callInfo>
                <inf:callInfo>
                  <inf:callName>salesOrderRepositoryV1Save</inf:callName>
                  <inf:requiredInput>No</inf:requiredInput>
                </inf:callInfo>
              </xsd:appinfo>
            </xsd:annotation>
          </xsd:element>
        </xsd:sequence>
      </xsd:complexType>
      <xsd:complexType name="SalesDataOrderInterface">
        <xsd:annotation>
          <xsd:documentation>Order interface. An order is a document that a web store issues to a customer. Magento generates a sales order that lists the product items, billing and shipping addresses, and shipping and payment methods. A corresponding external document, known as a purchase order, is emailed to the customer.</xsd:documentation>
          <xsd:appinfo xmlns:inf="http://soap.upskills.in/soap/default?services=salesOrderRepositoryV1"/>
        </xsd:annotation>
        <xsd:sequence>
          <xsd:element name="adjustmentNegative" minOccurs="0" maxOccurs="1" type="xsd:float">
            <xsd:annotation>
              <xsd:documentation>Negative adjustment value.</xsd:documentation>
              <xsd:appinfo xmlns:inf="http://soap.upskills.in/soap/default?services=salesOrderRepositoryV1">
                <inf:callInfo>
                  <inf:callName>salesOrderRepositoryV1Get</inf:callName>
                  <inf:callName>salesOrderRepositoryV1Save</inf:callName>
                  <inf:returned>Conditionally</inf:returned>
                </inf:callInfo>
                <inf:callInfo>
                  <inf:callName>salesOrderRepositoryV1Save</inf:callName>
                  <inf:requiredInput>No</inf:requiredInput>
                </inf:callInfo>
              </xsd:appinfo>
            </xsd:annotation>
          </xsd:element>
          <xsd:element name="adjustmentPositive" minOccurs="0" maxOccurs="1" type="xsd:float">
            <xsd:annotation>
              <xsd:documentation>Positive adjustment value.</xsd:documentation>
              <xsd:appinfo xmlns:inf="http://soap.upskills.in/soap/default?services=salesOrderRepositoryV1">
                <inf:callInfo>
                  <inf:callName>salesOrderRepositoryV1Get</inf:callName>
                  <inf:callName>salesOrderRepositoryV1Save</inf:callName>
                  <inf:returned>Conditionally</inf:returned>
                </inf:callInfo>
                <inf:callInfo>
                  <inf:callName>salesOrderRepositoryV1Save</inf:callName>
                  <inf:requiredInput>No</inf:requiredInput>
                </inf:callInfo>
              </xsd:appinfo>
            </xsd:annotation>
          </xsd:element>
          <xsd:element name="appliedRuleIds" minOccurs="0" maxOccurs="1" type="xsd:string">
            <xsd:annotation>
              <xsd:documentation>Applied rule IDs.</xsd:documentation>
              <xsd:appinfo xmlns:inf="http://soap.upskills.in/soap/default?services=salesOrderRepositoryV1">
                <inf:maxLength/>
                <inf:callInfo>
                  <inf:callName>salesOrderRepositoryV1Get</inf:callName>
                  <inf:callName>salesOrderRepositoryV1Save</inf:callName>
                  <inf:returned>Conditionally</inf:returned>
                </inf:callInfo>
                <inf:callInfo>
                  <inf:callName>salesOrderRepositoryV1Save</inf:callName>
                  <inf:requiredInput>No</inf:requiredInput>
                </inf:callInfo>
              </xsd:appinfo>
            </xsd:annotation>
          </xsd:element>
          <xsd:element name="baseAdjustmentNegative" minOccurs="0" maxOccurs="1" type="xsd:float">
            <xsd:annotation>
              <xsd:documentation>Base negative adjustment value.</xsd:documentation>
              <xsd:appinfo xmlns:inf="http://soap.upskills.in/soap/default?services=salesOrderRepositoryV1">
                <inf:callInfo>
                  <inf:callName>salesOrderRepositoryV1Get</inf:callName>
                  <inf:callName>salesOrderRepositoryV1Save</inf:callName>
                  <inf:returned>Conditionally</inf:returned>
                </inf:callInfo>
                <inf:callInfo>
                  <inf:callName>salesOrderRepositoryV1Save</inf:callName>
                  <inf:requiredInput>No</inf:requiredInput>
                </inf:callInfo>
              </xsd:appinfo>
            </xsd:annotation>
          </xsd:element>
          <xsd:element name="baseAdjustmentPositive" minOccurs="0" maxOccurs="1" type="xsd:float">
            <xsd:annotation>
              <xsd:documentation>Base positive adjustment value.</xsd:documentation>
              <xsd:appinfo xmlns:inf="http://soap.upskills.in/soap/default?services=salesOrderRepositoryV1">
                <inf:callInfo>
                  <inf:callName>salesOrderRepositoryV1Get</inf:callName>
                  <inf:callName>salesOrderRepositoryV1Save</inf:callName>
                  <inf:returned>Conditionally</inf:returned>
                </inf:callInfo>
                <inf:callInfo>
                  <inf:callName>salesOrderRepositoryV1Save</inf:callName>
                  <inf:requiredInput>No</inf:requiredInput>
                </inf:callInfo>
              </xsd:appinfo>
            </xsd:annotation>
          </xsd:element>
          <xsd:element name="baseCurrencyCode" minOccurs="0" maxOccurs="1" type="xsd:string">
            <xsd:annotation>
              <xsd:documentation>Base currency code.</xsd:documentation>
              <xsd:appinfo xmlns:inf="http://soap.upskills.in/soap/default?services=salesOrderRepositoryV1">
                <inf:maxLength/>
                <inf:callInfo>
                  <inf:callName>salesOrderRepositoryV1Get</inf:callName>
                  <inf:callName>salesOrderRepositoryV1Save</inf:callName>
                  <inf:returned>Conditionally</inf:returned>
                </inf:callInfo>
                <inf:callInfo>
                  <inf:callName>salesOrderRepositoryV1Save</inf:callName>
                  <inf:requiredInput>No</inf:requiredInput>
                </inf:callInfo>
              </xsd:appinfo>
            </xsd:annotation>
          </xsd:element>
          <xsd:element name="baseDiscountAmount" minOccurs="0" maxOccurs="1" type="xsd:float">
            <xsd:annotation>
              <xsd:documentation>Base discount amount.</xsd:documentation>
              <xsd:appinfo xmlns:inf="http://soap.upskills.in/soap/default?services=salesOrderRepositoryV1">
                <inf:callInfo>
                  <inf:callName>salesOrderRepositoryV1Get</inf:callName>
                  <inf:callName>salesOrderRepositoryV1Save</inf:callName>
                  <inf:returned>Conditionally</inf:returned>
                </inf:callInfo>
                <inf:callInfo>
                  <inf:callName>salesOrderRepositoryV1Save</inf:callName>
                  <inf:requiredInput>No</inf:requiredInput>
                </inf:callInfo>
              </xsd:appinfo>
            </xsd:annotation>
          </xsd:element>
          <xsd:element name="baseDiscountCanceled" minOccurs="0" maxOccurs="1" type="xsd:float">
            <xsd:annotation>
              <xsd:documentation>Base discount canceled.</xsd:documentation>
              <xsd:appinfo xmlns:inf="http://soap.upskills.in/soap/default?services=salesOrderRepositoryV1">
                <inf:callInfo>
                  <inf:callName>salesOrderRepositoryV1Get</inf:callName>
                  <inf:callName>salesOrderRepositoryV1Save</inf:callName>
                  <inf:returned>Conditionally</inf:returned>
                </inf:callInfo>
                <inf:callInfo>
                  <inf:callName>salesOrderRepositoryV1Save</inf:callName>
                  <inf:requiredInput>No</inf:requiredInput>
                </inf:callInfo>
              </xsd:appinfo>
            </xsd:annotation>
          </xsd:element>
          <xsd:element name="baseDiscountInvoiced" minOccurs="0" maxOccurs="1" type="xsd:float">
            <xsd:annotation>
              <xsd:documentation>Base discount invoiced.</xsd:documentation>
              <xsd:appinfo xmlns:inf="http://soap.upskills.in/soap/default?services=salesOrderRepositoryV1">
                <inf:callInfo>
                  <inf:callName>salesOrderRepositoryV1Get</inf:callName>
                  <inf:callName>salesOrderRepositoryV1Save</inf:callName>
                  <inf:returned>Conditionally</inf:returned>
                </inf:callInfo>
                <inf:callInfo>
                  <inf:callName>salesOrderRepositoryV1Save</inf:callName>
                  <inf:requiredInput>No</inf:requiredInput>
                </inf:callInfo>
              </xsd:appinfo>
            </xsd:annotation>
          </xsd:element>
          <xsd:element name="baseDiscountRefunded" minOccurs="0" maxOccurs="1" type="xsd:float">
            <xsd:annotation>
              <xsd:documentation>Base discount refunded.</xsd:documentation>
              <xsd:appinfo xmlns:inf="http://soap.upskills.in/soap/default?services=salesOrderRepositoryV1">
                <inf:callInfo>
                  <inf:callName>salesOrderRepositoryV1Get</inf:callName>
                  <inf:callName>salesOrderRepositoryV1Save</inf:callName>
                  <inf:returned>Conditionally</inf:returned>
                </inf:callInfo>
                <inf:callInfo>
                  <inf:callName>salesOrderRepositoryV1Save</inf:callName>
                  <inf:requiredInput>No</inf:requiredInput>
                </inf:callInfo>
              </xsd:appinfo>
            </xsd:annotation>
          </xsd:element>
          <xsd:element name="baseGrandTotal" minOccurs="1" maxOccurs="1" type="xsd:float">
            <xsd:annotation>
              <xsd:documentation>Base grand total.</xsd:documentation>
              <xsd:appinfo xmlns:inf="http://soap.upskills.in/soap/default?services=salesOrderRepositoryV1">
                <inf:callInfo>
                  <inf:callName>salesOrderRepositoryV1Get</inf:callName>
                  <inf:callName>salesOrderRepositoryV1Save</inf:callName>
                  <inf:returned>Conditionally</inf:returned>
                </inf:callInfo>
                <inf:callInfo>
                  <inf:callName>salesOrderRepositoryV1Save</inf:callName>
                  <inf:requiredInput>No</inf:requiredInput>
                </inf:callInfo>
              </xsd:appinfo>
            </xsd:annotation>
          </xsd:element>
          <xsd:element name="baseDiscountTaxCompensationAmount" minOccurs="0" maxOccurs="1" type="xsd:float">
            <xsd:annotation>
              <xsd:documentation>Base discount tax compensation amount.</xsd:documentation>
              <xsd:appinfo xmlns:inf="http://soap.upskills.in/soap/default?services=salesOrderRepositoryV1">
                <inf:callInfo>
                  <inf:callName>salesOrderRepositoryV1Get</inf:callName>
                  <inf:callName>salesOrderRepositoryV1Save</inf:callName>
                  <inf:returned>Conditionally</inf:returned>
                </inf:callInfo>
                <inf:callInfo>
                  <inf:callName>salesOrderRepositoryV1Save</inf:callName>
                  <inf:requiredInput>No</inf:requiredInput>
                </inf:callInfo>
              </xsd:appinfo>
            </xsd:annotation>
          </xsd:element>
          <xsd:element name="baseDiscountTaxCompensationInvoiced" minOccurs="0" maxOccurs="1" type="xsd:float">
            <xsd:annotation>
              <xsd:documentation>Base discount tax compensation invoiced.</xsd:documentation>
              <xsd:appinfo xmlns:inf="http://soap.upskills.in/soap/default?services=salesOrderRepositoryV1">
                <inf:callInfo>
                  <inf:callName>salesOrderRepositoryV1Get</inf:callName>
                  <inf:callName>salesOrderRepositoryV1Save</inf:callName>
                  <inf:returned>Conditionally</inf:returned>
                </inf:callInfo>
                <inf:callInfo>
                  <inf:callName>salesOrderRepositoryV1Save</inf:callName>
                  <inf:requiredInput>No</inf:requiredInput>
                </inf:callInfo>
              </xsd:appinfo>
            </xsd:annotation>
          </xsd:element>
          <xsd:element name="baseDiscountTaxCompensationRefunded" minOccurs="0" maxOccurs="1" type="xsd:float">
            <xsd:annotation>
              <xsd:documentation>Base discount tax compensation refunded.</xsd:documentation>
              <xsd:appinfo xmlns:inf="http://soap.upskills.in/soap/default?services=salesOrderRepositoryV1">
                <inf:callInfo>
                  <inf:callName>salesOrderRepositoryV1Get</inf:callName>
                  <inf:callName>salesOrderRepositoryV1Save</inf:callName>
                  <inf:returned>Conditionally</inf:returned>
                </inf:callInfo>
                <inf:callInfo>
                  <inf:callName>salesOrderRepositoryV1Save</inf:callName>
                  <inf:requiredInput>No</inf:requiredInput>
                </inf:callInfo>
              </xsd:appinfo>
            </xsd:annotation>
          </xsd:element>
          <xsd:element name="baseShippingAmount" minOccurs="0" maxOccurs="1" type="xsd:float">
            <xsd:annotation>
              <xsd:documentation>Base shipping amount.</xsd:documentation>
              <xsd:appinfo xmlns:inf="http://soap.upskills.in/soap/default?services=salesOrderRepositoryV1">
                <inf:callInfo>
                  <inf:callName>salesOrderRepositoryV1Get</inf:callName>
                  <inf:callName>salesOrderRepositoryV1Save</inf:callName>
                  <inf:returned>Conditionally</inf:returned>
                </inf:callInfo>
                <inf:callInfo>
                  <inf:callName>salesOrderRepositoryV1Save</inf:callName>
                  <inf:requiredInput>No</inf:requiredInput>
                </inf:callInfo>
              </xsd:appinfo>
            </xsd:annotation>
          </xsd:element>
          <xsd:element name="baseShippingCanceled" minOccurs="0" maxOccurs="1" type="xsd:float">
            <xsd:annotation>
              <xsd:documentation>Base shipping canceled.</xsd:documentation>
              <xsd:appinfo xmlns:inf="http://soap.upskills.in/soap/default?services=salesOrderRepositoryV1">
                <inf:callInfo>
                  <inf:callName>salesOrderRepositoryV1Get</inf:callName>
                  <inf:callName>salesOrderRepositoryV1Save</inf:callName>
                  <inf:returned>Conditionally</inf:returned>
                </inf:callInfo>
                <inf:callInfo>
                  <inf:callName>salesOrderRepositoryV1Save</inf:callName>
                  <inf:requiredInput>No</inf:requiredInput>
                </inf:callInfo>
              </xsd:appinfo>
            </xsd:annotation>
          </xsd:element>
          <xsd:element name="baseShippingDiscountAmount" minOccurs="0" maxOccurs="1" type="xsd:float">
            <xsd:annotation>
              <xsd:documentation>Base shipping discount amount.</xsd:documentation>
              <xsd:appinfo xmlns:inf="http://soap.upskills.in/soap/default?services=salesOrderRepositoryV1">
                <inf:callInfo>
                  <inf:callName>salesOrderRepositoryV1Get</inf:callName>
                  <inf:callName>salesOrderRepositoryV1Save</inf:callName>
                  <inf:returned>Conditionally</inf:returned>
                </inf:callInfo>
                <inf:callInfo>
                  <inf:callName>salesOrderRepositoryV1Save</inf:callName>
                  <inf:requiredInput>No</inf:requiredInput>
                </inf:callInfo>
              </xsd:appinfo>
            </xsd:annotation>
          </xsd:element>
          <xsd:element name="baseShippingDiscountTaxCompensationAmnt" minOccurs="0" maxOccurs="1" type="xsd:float">
            <xsd:annotation>
              <xsd:documentation>Base shipping discount tax compensation amount.</xsd:documentation>
              <xsd:appinfo xmlns:inf="http://soap.upskills.in/soap/default?services=salesOrderRepositoryV1">
                <inf:callInfo>
                  <inf:callName>salesOrderRepositoryV1Get</inf:callName>
                  <inf:callName>salesOrderRepositoryV1Save</inf:callName>
                  <inf:returned>Conditionally</inf:returned>
                </inf:callInfo>
                <inf:callInfo>
                  <inf:callName>salesOrderRepositoryV1Save</inf:callName>
                  <inf:requiredInput>No</inf:requiredInput>
                </inf:callInfo>
              </xsd:appinfo>
            </xsd:annotation>
          </xsd:element>
          <xsd:element name="baseShippingInclTax" minOccurs="0" maxOccurs="1" type="xsd:float">
            <xsd:annotation>
              <xsd:documentation>Base shipping including tax.</xsd:documentation>
              <xsd:appinfo xmlns:inf="http://soap.upskills.in/soap/default?services=salesOrderRepositoryV1">
                <inf:callInfo>
                  <inf:callName>salesOrderRepositoryV1Get</inf:callName>
                  <inf:callName>salesOrderRepositoryV1Save</inf:callName>
                  <inf:returned>Conditionally</inf:returned>
                </inf:callInfo>
                <inf:callInfo>
                  <inf:callName>salesOrderRepositoryV1Save</inf:callName>
                  <inf:requiredInput>No</inf:requiredInput>
                </inf:callInfo>
              </xsd:appinfo>
            </xsd:annotation>
          </xsd:element>
          <xsd:element name="baseShippingInvoiced" minOccurs="0" maxOccurs="1" type="xsd:float">
            <xsd:annotation>
              <xsd:documentation>Base shipping invoiced.</xsd:documentation>
              <xsd:appinfo xmlns:inf="http://soap.upskills.in/soap/default?services=salesOrderRepositoryV1">
                <inf:callInfo>
                  <inf:callName>salesOrderRepositoryV1Get</inf:callName>
                  <inf:callName>salesOrderRepositoryV1Save</inf:callName>
                  <inf:returned>Conditionally</inf:returned>
                </inf:callInfo>
                <inf:callInfo>
                  <inf:callName>salesOrderRepositoryV1Save</inf:callName>
                  <inf:requiredInput>No</inf:requiredInput>
                </inf:callInfo>
              </xsd:appinfo>
            </xsd:annotation>
          </xsd:element>
          <xsd:element name="baseShippingRefunded" minOccurs="0" maxOccurs="1" type="xsd:float">
            <xsd:annotation>
              <xsd:documentation>Base shipping refunded.</xsd:documentation>
              <xsd:appinfo xmlns:inf="http://soap.upskills.in/soap/default?services=salesOrderRepositoryV1">
                <inf:callInfo>
                  <inf:callName>salesOrderRepositoryV1Get</inf:callName>
                  <inf:callName>salesOrderRepositoryV1Save</inf:callName>
                  <inf:returned>Conditionally</inf:returned>
                </inf:callInfo>
                <inf:callInfo>
                  <inf:callName>salesOrderRepositoryV1Save</inf:callName>
                  <inf:requiredInput>No</inf:requiredInput>
                </inf:callInfo>
              </xsd:appinfo>
            </xsd:annotation>
          </xsd:element>
          <xsd:element name="baseShippingTaxAmount" minOccurs="0" maxOccurs="1" type="xsd:float">
            <xsd:annotation>
              <xsd:documentation>Base shipping tax amount.</xsd:documentation>
              <xsd:appinfo xmlns:inf="http://soap.upskills.in/soap/default?services=salesOrderRepositoryV1">
                <inf:callInfo>
                  <inf:callName>salesOrderRepositoryV1Get</inf:callName>
                  <inf:callName>salesOrderRepositoryV1Save</inf:callName>
                  <inf:returned>Conditionally</inf:returned>
                </inf:callInfo>
                <inf:callInfo>
                  <inf:callName>salesOrderRepositoryV1Save</inf:callName>
                  <inf:requiredInput>No</inf:requiredInput>
                </inf:callInfo>
              </xsd:appinfo>
            </xsd:annotation>
          </xsd:element>
          <xsd:element name="baseShippingTaxRefunded" minOccurs="0" maxOccurs="1" type="xsd:float">
            <xsd:annotation>
              <xsd:documentation>Base shipping tax refunded.</xsd:documentation>
              <xsd:appinfo xmlns:inf="http://soap.upskills.in/soap/default?services=salesOrderRepositoryV1">
                <inf:callInfo>
                  <inf:callName>salesOrderRepositoryV1Get</inf:callName>
                  <inf:callName>salesOrderRepositoryV1Save</inf:callName>
                  <inf:returned>Conditionally</inf:returned>
                </inf:callInfo>
                <inf:callInfo>
                  <inf:callName>salesOrderRepositoryV1Save</inf:callName>
                  <inf:requiredInput>No</inf:requiredInput>
                </inf:callInfo>
              </xsd:appinfo>
            </xsd:annotation>
          </xsd:element>
          <xsd:element name="baseSubtotal" minOccurs="0" maxOccurs="1" type="xsd:float">
            <xsd:annotation>
              <xsd:documentation>Base subtotal.</xsd:documentation>
              <xsd:appinfo xmlns:inf="http://soap.upskills.in/soap/default?services=salesOrderRepositoryV1">
                <inf:callInfo>
                  <inf:callName>salesOrderRepositoryV1Get</inf:callName>
                  <inf:callName>salesOrderRepositoryV1Save</inf:callName>
                  <inf:returned>Conditionally</inf:returned>
                </inf:callInfo>
                <inf:callInfo>
                  <inf:callName>salesOrderRepositoryV1Save</inf:callName>
                  <inf:requiredInput>No</inf:requiredInput>
                </inf:callInfo>
              </xsd:appinfo>
            </xsd:annotation>
          </xsd:element>
          <xsd:element name="baseSubtotalCanceled" minOccurs="0" maxOccurs="1" type="xsd:float">
            <xsd:annotation>
              <xsd:documentation>Base subtotal canceled.</xsd:documentation>
              <xsd:appinfo xmlns:inf="http://soap.upskills.in/soap/default?services=salesOrderRepositoryV1">
                <inf:callInfo>
                  <inf:callName>salesOrderRepositoryV1Get</inf:callName>
                  <inf:callName>salesOrderRepositoryV1Save</inf:callName>
                  <inf:returned>Conditionally</inf:returned>
                </inf:callInfo>
                <inf:callInfo>
                  <inf:callName>salesOrderRepositoryV1Save</inf:callName>
                  <inf:requiredInput>No</inf:requiredInput>
                </inf:callInfo>
              </xsd:appinfo>
            </xsd:annotation>
          </xsd:element>
          <xsd:element name="baseSubtotalInclTax" minOccurs="0" maxOccurs="1" type="xsd:float">
            <xsd:annotation>
              <xsd:documentation>Base subtotal including tax.</xsd:documentation>
              <xsd:appinfo xmlns:inf="http://soap.upskills.in/soap/default?services=salesOrderRepositoryV1">
                <inf:callInfo>
                  <inf:callName>salesOrderRepositoryV1Get</inf:callName>
                  <inf:callName>salesOrderRepositoryV1Save</inf:callName>
                  <inf:returned>Conditionally</inf:returned>
                </inf:callInfo>
                <inf:callInfo>
                  <inf:callName>salesOrderRepositoryV1Save</inf:callName>
                  <inf:requiredInput>No</inf:requiredInput>
                </inf:callInfo>
              </xsd:appinfo>
            </xsd:annotation>
          </xsd:element>
          <xsd:element name="baseSubtotalInvoiced" minOccurs="0" maxOccurs="1" type="xsd:float">
            <xsd:annotation>
              <xsd:documentation>Base subtotal invoiced.</xsd:documentation>
              <xsd:appinfo xmlns:inf="http://soap.upskills.in/soap/default?services=salesOrderRepositoryV1">
                <inf:callInfo>
                  <inf:callName>salesOrderRepositoryV1Get</inf:callName>
                  <inf:callName>salesOrderRepositoryV1Save</inf:callName>
                  <inf:returned>Conditionally</inf:returned>
                </inf:callInfo>
                <inf:callInfo>
                  <inf:callName>salesOrderRepositoryV1Save</inf:callName>
                  <inf:requiredInput>No</inf:requiredInput>
                </inf:callInfo>
              </xsd:appinfo>
            </xsd:annotation>
          </xsd:element>
          <xsd:element name="baseSubtotalRefunded" minOccurs="0" maxOccurs="1" type="xsd:float">
            <xsd:annotation>
              <xsd:documentation>Base subtotal refunded.</xsd:documentation>
              <xsd:appinfo xmlns:inf="http://soap.upskills.in/soap/default?services=salesOrderRepositoryV1">
                <inf:callInfo>
                  <inf:callName>salesOrderRepositoryV1Get</inf:callName>
                  <inf:callName>salesOrderRepositoryV1Save</inf:callName>
                  <inf:returned>Conditionally</inf:returned>
                </inf:callInfo>
                <inf:callInfo>
                  <inf:callName>salesOrderRepositoryV1Save</inf:callName>
                  <inf:requiredInput>No</inf:requiredInput>
                </inf:callInfo>
              </xsd:appinfo>
            </xsd:annotation>
          </xsd:element>
          <xsd:element name="baseTaxAmount" minOccurs="0" maxOccurs="1" type="xsd:float">
            <xsd:annotation>
              <xsd:documentation>Base tax amount.</xsd:documentation>
              <xsd:appinfo xmlns:inf="http://soap.upskills.in/soap/default?services=salesOrderRepositoryV1">
                <inf:callInfo>
                  <inf:callName>salesOrderRepositoryV1Get</inf:callName>
                  <inf:callName>salesOrderRepositoryV1Save</inf:callName>
                  <inf:returned>Conditionally</inf:returned>
                </inf:callInfo>
                <inf:callInfo>
                  <inf:callName>salesOrderRepositoryV1Save</inf:callName>
                  <inf:requiredInput>No</inf:requiredInput>
                </inf:callInfo>
              </xsd:appinfo>
            </xsd:annotation>
          </xsd:element>
          <xsd:element name="baseTaxCanceled" minOccurs="0" maxOccurs="1" type="xsd:float">
            <xsd:annotation>
              <xsd:documentation>Base tax canceled.</xsd:documentation>
              <xsd:appinfo xmlns:inf="http://soap.upskills.in/soap/default?services=salesOrderRepositoryV1">
                <inf:callInfo>
                  <inf:callName>salesOrderRepositoryV1Get</inf:callName>
                  <inf:callName>salesOrderRepositoryV1Save</inf:callName>
                  <inf:returned>Conditionally</inf:returned>
                </inf:callInfo>
                <inf:callInfo>
                  <inf:callName>salesOrderRepositoryV1Save</inf:callName>
                  <inf:requiredInput>No</inf:requiredInput>
                </inf:callInfo>
              </xsd:appinfo>
            </xsd:annotation>
          </xsd:element>
          <xsd:element name="baseTaxInvoiced" minOccurs="0" maxOccurs="1" type="xsd:float">
            <xsd:annotation>
              <xsd:documentation>Base tax invoiced.</xsd:documentation>
              <xsd:appinfo xmlns:inf="http://soap.upskills.in/soap/default?services=salesOrderRepositoryV1">
                <inf:callInfo>
                  <inf:callName>salesOrderRepositoryV1Get</inf:callName>
                  <inf:callName>salesOrderRepositoryV1Save</inf:callName>
                  <inf:returned>Conditionally</inf:returned>
                </inf:callInfo>
                <inf:callInfo>
                  <inf:callName>salesOrderRepositoryV1Save</inf:callName>
                  <inf:requiredInput>No</inf:requiredInput>
                </inf:callInfo>
              </xsd:appinfo>
            </xsd:annotation>
          </xsd:element>
          <xsd:element name="baseTaxRefunded" minOccurs="0" maxOccurs="1" type="xsd:float">
            <xsd:annotation>
              <xsd:documentation>Base tax refunded.</xsd:documentation>
              <xsd:appinfo xmlns:inf="http://soap.upskills.in/soap/default?services=salesOrderRepositoryV1">
                <inf:callInfo>
                  <inf:callName>salesOrderRepositoryV1Get</inf:callName>
                  <inf:callName>salesOrderRepositoryV1Save</inf:callName>
                  <inf:returned>Conditionally</inf:returned>
                </inf:callInfo>
                <inf:callInfo>
                  <inf:callName>salesOrderRepositoryV1Save</inf:callName>
                  <inf:requiredInput>No</inf:requiredInput>
                </inf:callInfo>
              </xsd:appinfo>
            </xsd:annotation>
          </xsd:element>
          <xsd:element name="baseTotalCanceled" minOccurs="0" maxOccurs="1" type="xsd:float">
            <xsd:annotation>
              <xsd:documentation>Base total canceled.</xsd:documentation>
              <xsd:appinfo xmlns:inf="http://soap.upskills.in/soap/default?services=salesOrderRepositoryV1">
                <inf:callInfo>
                  <inf:callName>salesOrderRepositoryV1Get</inf:callName>
                  <inf:callName>salesOrderRepositoryV1Save</inf:callName>
                  <inf:returned>Conditionally</inf:returned>
                </inf:callInfo>
                <inf:callInfo>
                  <inf:callName>salesOrderRepositoryV1Save</inf:callName>
                  <inf:requiredInput>No</inf:requiredInput>
                </inf:callInfo>
              </xsd:appinfo>
            </xsd:annotation>
          </xsd:element>
          <xsd:element name="baseTotalDue" minOccurs="0" maxOccurs="1" type="xsd:float">
            <xsd:annotation>
              <xsd:documentation>Base total due.</xsd:documentation>
              <xsd:appinfo xmlns:inf="http://soap.upskills.in/soap/default?services=salesOrderRepositoryV1">
                <inf:callInfo>
                  <inf:callName>salesOrderRepositoryV1Get</inf:callName>
                  <inf:callName>salesOrderRepositoryV1Save</inf:callName>
                  <inf:returned>Conditionally</inf:returned>
                </inf:callInfo>
                <inf:callInfo>
                  <inf:callName>salesOrderRepositoryV1Save</inf:callName>
                  <inf:requiredInput>No</inf:requiredInput>
                </inf:callInfo>
              </xsd:appinfo>
            </xsd:annotation>
          </xsd:element>
          <xsd:element name="baseTotalInvoiced" minOccurs="0" maxOccurs="1" type="xsd:float">
            <xsd:annotation>
              <xsd:documentation>Base total invoiced.</xsd:documentation>
              <xsd:appinfo xmlns:inf="http://soap.upskills.in/soap/default?services=salesOrderRepositoryV1">
                <inf:callInfo>
                  <inf:callName>salesOrderRepositoryV1Get</inf:callName>
                  <inf:callName>salesOrderRepositoryV1Save</inf:callName>
                  <inf:returned>Conditionally</inf:returned>
                </inf:callInfo>
                <inf:callInfo>
                  <inf:callName>salesOrderRepositoryV1Save</inf:callName>
                  <inf:requiredInput>No</inf:requiredInput>
                </inf:callInfo>
              </xsd:appinfo>
            </xsd:annotation>
          </xsd:element>
          <xsd:element name="baseTotalInvoicedCost" minOccurs="0" maxOccurs="1" type="xsd:float">
            <xsd:annotation>
              <xsd:documentation>Base total invoiced cost.</xsd:documentation>
              <xsd:appinfo xmlns:inf="http://soap.upskills.in/soap/default?services=salesOrderRepositoryV1">
                <inf:callInfo>
                  <inf:callName>salesOrderRepositoryV1Get</inf:callName>
                  <inf:callName>salesOrderRepositoryV1Save</inf:callName>
                  <inf:returned>Conditionally</inf:returned>
                </inf:callInfo>
                <inf:callInfo>
                  <inf:callName>salesOrderRepositoryV1Save</inf:callName>
                  <inf:requiredInput>No</inf:requiredInput>
                </inf:callInfo>
              </xsd:appinfo>
            </xsd:annotation>
          </xsd:element>
          <xsd:element name="baseTotalOfflineRefunded" minOccurs="0" maxOccurs="1" type="xsd:float">
            <xsd:annotation>
              <xsd:documentation>Base total offline refunded.</xsd:documentation>
              <xsd:appinfo xmlns:inf="http://soap.upskills.in/soap/default?services=salesOrderRepositoryV1">
                <inf:callInfo>
                  <inf:callName>salesOrderRepositoryV1Get</inf:callName>
                  <inf:callName>salesOrderRepositoryV1Save</inf:callName>
                  <inf:returned>Conditionally</inf:returned>
                </inf:callInfo>
                <inf:callInfo>
                  <inf:callName>salesOrderRepositoryV1Save</inf:callName>
                  <inf:requiredInput>No</inf:requiredInput>
                </inf:callInfo>
              </xsd:appinfo>
            </xsd:annotation>
          </xsd:element>
          <xsd:element name="baseTotalOnlineRefunded" minOccurs="0" maxOccurs="1" type="xsd:float">
            <xsd:annotation>
              <xsd:documentation>Base total online refunded.</xsd:documentation>
              <xsd:appinfo xmlns:inf="http://soap.upskills.in/soap/default?services=salesOrderRepositoryV1">
                <inf:callInfo>
                  <inf:callName>salesOrderRepositoryV1Get</inf:callName>
                  <inf:callName>salesOrderRepositoryV1Save</inf:callName>
                  <inf:returned>Conditionally</inf:returned>
                </inf:callInfo>
                <inf:callInfo>
                  <inf:callName>salesOrderRepositoryV1Save</inf:callName>
                  <inf:requiredInput>No</inf:requiredInput>
                </inf:callInfo>
              </xsd:appinfo>
            </xsd:annotation>
          </xsd:element>
          <xsd:element name="baseTotalPaid" minOccurs="0" maxOccurs="1" type="xsd:float">
            <xsd:annotation>
              <xsd:documentation>Base total paid.</xsd:documentation>
              <xsd:appinfo xmlns:inf="http://soap.upskills.in/soap/default?services=salesOrderRepositoryV1">
                <inf:callInfo>
                  <inf:callName>salesOrderRepositoryV1Get</inf:callName>
                  <inf:callName>salesOrderRepositoryV1Save</inf:callName>
                  <inf:returned>Conditionally</inf:returned>
                </inf:callInfo>
                <inf:callInfo>
                  <inf:callName>salesOrderRepositoryV1Save</inf:callName>
                  <inf:requiredInput>No</inf:requiredInput>
                </inf:callInfo>
              </xsd:appinfo>
            </xsd:annotation>
          </xsd:element>
          <xsd:element name="baseTotalQtyOrdered" minOccurs="0" maxOccurs="1" type="xsd:float">
            <xsd:annotation>
              <xsd:documentation>Base total quantity ordered.</xsd:documentation>
              <xsd:appinfo xmlns:inf="http://soap.upskills.in/soap/default?services=salesOrderRepositoryV1">
                <inf:callInfo>
                  <inf:callName>salesOrderRepositoryV1Get</inf:callName>
                  <inf:callName>salesOrderRepositoryV1Save</inf:callName>
                  <inf:returned>Conditionally</inf:returned>
                </inf:callInfo>
                <inf:callInfo>
                  <inf:callName>salesOrderRepositoryV1Save</inf:callName>
                  <inf:requiredInput>No</inf:requiredInput>
                </inf:callInfo>
              </xsd:appinfo>
            </xsd:annotation>
          </xsd:element>
          <xsd:element name="baseTotalRefunded" minOccurs="0" maxOccurs="1" type="xsd:float">
            <xsd:annotation>
              <xsd:documentation>Base total refunded.</xsd:documentation>
              <xsd:appinfo xmlns:inf="http://soap.upskills.in/soap/default?services=salesOrderRepositoryV1">
                <inf:callInfo>
                  <inf:callName>salesOrderRepositoryV1Get</inf:callName>
                  <inf:callName>salesOrderRepositoryV1Save</inf:callName>
                  <inf:returned>Conditionally</inf:returned>
                </inf:callInfo>
                <inf:callInfo>
                  <inf:callName>salesOrderRepositoryV1Save</inf:callName>
                  <inf:requiredInput>No</inf:requiredInput>
                </inf:callInfo>
              </xsd:appinfo>
            </xsd:annotation>
          </xsd:element>
          <xsd:element name="baseToGlobalRate" minOccurs="0" maxOccurs="1" type="xsd:float">
            <xsd:annotation>
              <xsd:documentation>Base-to-global rate.</xsd:documentation>
              <xsd:appinfo xmlns:inf="http://soap.upskills.in/soap/default?services=salesOrderRepositoryV1">
                <inf:callInfo>
                  <inf:callName>salesOrderRepositoryV1Get</inf:callName>
                  <inf:callName>salesOrderRepositoryV1Save</inf:callName>
                  <inf:returned>Conditionally</inf:returned>
                </inf:callInfo>
                <inf:callInfo>
                  <inf:callName>salesOrderRepositoryV1Save</inf:callName>
                  <inf:requiredInput>No</inf:requiredInput>
                </inf:callInfo>
              </xsd:appinfo>
            </xsd:annotation>
          </xsd:element>
          <xsd:element name="baseToOrderRate" minOccurs="0" maxOccurs="1" type="xsd:float">
            <xsd:annotation>
              <xsd:documentation>Base-to-order rate.</xsd:documentation>
              <xsd:appinfo xmlns:inf="http://soap.upskills.in/soap/default?services=salesOrderRepositoryV1">
                <inf:callInfo>
                  <inf:callName>salesOrderRepositoryV1Get</inf:callName>
                  <inf:callName>salesOrderRepositoryV1Save</inf:callName>
                  <inf:returned>Conditionally</inf:returned>
                </inf:callInfo>
                <inf:callInfo>
                  <inf:callName>salesOrderRepositoryV1Save</inf:callName>
                  <inf:requiredInput>No</inf:requiredInput>
                </inf:callInfo>
              </xsd:appinfo>
            </xsd:annotation>
          </xsd:element>
          <xsd:element name="billingAddressId" minOccurs="0" maxOccurs="1" type="xsd:int">
            <xsd:annotation>
              <xsd:documentation>Billing address ID.</xsd:documentation>
              <xsd:appinfo xmlns:inf="http://soap.upskills.in/soap/default?services=salesOrderRepositoryV1">
                <inf:min/>
                <inf:max/>
                <inf:callInfo>
                  <inf:callName>salesOrderRepositoryV1Get</inf:callName>
                  <inf:callName>salesOrderRepositoryV1Save</inf:callName>
                  <inf:returned>Conditionally</inf:returned>
                </inf:callInfo>
                <inf:callInfo>
                  <inf:callName>salesOrderRepositoryV1Save</inf:callName>
                  <inf:requiredInput>No</inf:requiredInput>
                </inf:callInfo>
              </xsd:appinfo>
            </xsd:annotation>
          </xsd:element>
          <xsd:element name="canShipPartially" minOccurs="0" maxOccurs="1" type="xsd:int">
            <xsd:annotation>
              <xsd:documentation>Can-ship-partially flag value.</xsd:documentation>
              <xsd:appinfo xmlns:inf="http://soap.upskills.in/soap/default?services=salesOrderRepositoryV1">
                <inf:min/>
                <inf:max/>
                <inf:callInfo>
                  <inf:callName>salesOrderRepositoryV1Get</inf:callName>
                  <inf:callName>salesOrderRepositoryV1Save</inf:callName>
                  <inf:returned>Conditionally</inf:returned>
                </inf:callInfo>
                <inf:callInfo>
                  <inf:callName>salesOrderRepositoryV1Save</inf:callName>
                  <inf:requiredInput>No</inf:requiredInput>
                </inf:callInfo>
              </xsd:appinfo>
            </xsd:annotation>
          </xsd:element>
          <xsd:element name="canShipPartiallyItem" minOccurs="0" maxOccurs="1" type="xsd:int">
            <xsd:annotation>
              <xsd:documentation>Can-ship-partially-item flag value.</xsd:documentation>
              <xsd:appinfo xmlns:inf="http://soap.upskills.in/soap/default?services=salesOrderRepositoryV1">
                <inf:min/>
                <inf:max/>
                <inf:callInfo>
                  <inf:callName>salesOrderRepositoryV1Get</inf:callName>
                  <inf:callName>salesOrderRepositoryV1Save</inf:callName>
                  <inf:returned>Conditionally</inf:returned>
                </inf:callInfo>
                <inf:callInfo>
                  <inf:callName>salesOrderRepositoryV1Save</inf:callName>
                  <inf:requiredInput>No</inf:requiredInput>
                </inf:callInfo>
              </xsd:appinfo>
            </xsd:annotation>
          </xsd:element>
          <xsd:element name="couponCode" minOccurs="0" maxOccurs="1" type="xsd:string">
            <xsd:annotation>
              <xsd:documentation>Coupon code.</xsd:documentation>
              <xsd:appinfo xmlns:inf="http://soap.upskills.in/soap/default?services=salesOrderRepositoryV1">
                <inf:maxLength/>
                <inf:callInfo>
                  <inf:callName>salesOrderRepositoryV1Get</inf:callName>
                  <inf:callName>salesOrderRepositoryV1Save</inf:callName>
                  <inf:returned>Conditionally</inf:returned>
                </inf:callInfo>
                <inf:callInfo>
                  <inf:callName>salesOrderRepositoryV1Save</inf:callName>
                  <inf:requiredInput>No</inf:requiredInput>
                </inf:callInfo>
              </xsd:appinfo>
            </xsd:annotation>
          </xsd:element>
          <xsd:element name="createdAt" minOccurs="0" maxOccurs="1" type="xsd:string">
            <xsd:annotation>
              <xsd:documentation>Created-at timestamp.</xsd:documentation>
              <xsd:appinfo xmlns:inf="http://soap.upskills.in/soap/default?services=salesOrderRepositoryV1">
                <inf:maxLength/>
                <inf:callInfo>
                  <inf:callName>salesOrderRepositoryV1Get</inf:callName>
                  <inf:callName>salesOrderRepositoryV1Save</inf:callName>
                  <inf:returned>Conditionally</inf:returned>
                </inf:callInfo>
                <inf:callInfo>
                  <inf:callName>salesOrderRepositoryV1Save</inf:callName>
                  <inf:requiredInput>No</inf:requiredInput>
                </inf:callInfo>
              </xsd:appinfo>
            </xsd:annotation>
          </xsd:element>
          <xsd:element name="customerDob" minOccurs="0" maxOccurs="1" type="xsd:string">
            <xsd:annotation>
              <xsd:documentation>Customer date-of-birth (DOB).</xsd:documentation>
              <xsd:appinfo xmlns:inf="http://soap.upskills.in/soap/default?services=salesOrderRepositoryV1">
                <inf:maxLength/>
                <inf:callInfo>
                  <inf:callName>salesOrderRepositoryV1Get</inf:callName>
                  <inf:callName>salesOrderRepositoryV1Save</inf:callName>
                  <inf:returned>Conditionally</inf:returned>
                </inf:callInfo>
                <inf:callInfo>
                  <inf:callName>salesOrderRepositoryV1Save</inf:callName>
                  <inf:requiredInput>No</inf:requiredInput>
                </inf:callInfo>
              </xsd:appinfo>
            </xsd:annotation>
          </xsd:element>
          <xsd:element name="customerEmail" minOccurs="1" maxOccurs="1" type="xsd:string">
            <xsd:annotation>
              <xsd:documentation>Customer email address.</xsd:documentation>
              <xsd:appinfo xmlns:inf="http://soap.upskills.in/soap/default?services=salesOrderRepositoryV1">
                <inf:maxLength/>
                <inf:callInfo>
                  <inf:callName>salesOrderRepositoryV1Get</inf:callName>
                  <inf:callName>salesOrderRepositoryV1Save</inf:callName>
                  <inf:returned>Conditionally</inf:returned>
                </inf:callInfo>
                <inf:callInfo>
                  <inf:callName>salesOrderRepositoryV1Save</inf:callName>
                  <inf:requiredInput>No</inf:requiredInput>
                </inf:callInfo>
              </xsd:appinfo>
            </xsd:annotation>
          </xsd:element>
          <xsd:element name="customerFirstname" minOccurs="0" maxOccurs="1" type="xsd:string">
            <xsd:annotation>
              <xsd:documentation>Customer first name.</xsd:documentation>
              <xsd:appinfo xmlns:inf="http://soap.upskills.in/soap/default?services=salesOrderRepositoryV1">
                <inf:maxLength/>
                <inf:callInfo>
                  <inf:callName>salesOrderRepositoryV1Get</inf:callName>
                  <inf:callName>salesOrderRepositoryV1Save</inf:callName>
                  <inf:returned>Conditionally</inf:returned>
                </inf:callInfo>
                <inf:callInfo>
                  <inf:callName>salesOrderRepositoryV1Save</inf:callName>
                  <inf:requiredInput>No</inf:requiredInput>
                </inf:callInfo>
              </xsd:appinfo>
            </xsd:annotation>
          </xsd:element>
          <xsd:element name="customerGender" minOccurs="0" maxOccurs="1" type="xsd:int">
            <xsd:annotation>
              <xsd:documentation>Customer gender.</xsd:documentation>
              <xsd:appinfo xmlns:inf="http://soap.upskills.in/soap/default?services=salesOrderRepositoryV1">
                <inf:min/>
                <inf:max/>
                <inf:callInfo>
                  <inf:callName>salesOrderRepositoryV1Get</inf:callName>
                  <inf:callName>salesOrderRepositoryV1Save</inf:callName>
                  <inf:returned>Conditionally</inf:returned>
                </inf:callInfo>
                <inf:callInfo>
                  <inf:callName>salesOrderRepositoryV1Save</inf:callName>
                  <inf:requiredInput>No</inf:requiredInput>
                </inf:callInfo>
              </xsd:appinfo>
            </xsd:annotation>
          </xsd:element>
          <xsd:element name="customerGroupId" minOccurs="0" maxOccurs="1" type="xsd:int">
            <xsd:annotation>
              <xsd:documentation>Customer group ID.</xsd:documentation>
              <xsd:appinfo xmlns:inf="http://soap.upskills.in/soap/default?services=salesOrderRepositoryV1">
                <inf:min/>
                <inf:max/>
                <inf:callInfo>
                  <inf:callName>salesOrderRepositoryV1Get</inf:callName>
                  <inf:callName>salesOrderRepositoryV1Save</inf:callName>
                  <inf:returned>Conditionally</inf:returned>
                </inf:callInfo>
                <inf:callInfo>
                  <inf:callName>salesOrderRepositoryV1Save</inf:callName>
                  <inf:requiredInput>No</inf:requiredInput>
                </inf:callInfo>
              </xsd:appinfo>
            </xsd:annotation>
          </xsd:element>
          <xsd:element name="customerId" minOccurs="0" maxOccurs="1" type="xsd:int">
            <xsd:annotation>
              <xsd:documentation>Customer ID.</xsd:documentation>
              <xsd:appinfo xmlns:inf="http://soap.upskills.in/soap/default?services=salesOrderRepositoryV1">
                <inf:min/>
                <inf:max/>
                <inf:callInfo>
                  <inf:callName>salesOrderRepositoryV1Get</inf:callName>
                  <inf:callName>salesOrderRepositoryV1Save</inf:callName>
                  <inf:returned>Conditionally</inf:returned>
                </inf:callInfo>
                <inf:callInfo>
                  <inf:callName>salesOrderRepositoryV1Save</inf:callName>
                  <inf:requiredInput>No</inf:requiredInput>
                </inf:callInfo>
              </xsd:appinfo>
            </xsd:annotation>
          </xsd:element>
          <xsd:element name="customerIsGuest" minOccurs="0" maxOccurs="1" type="xsd:int">
            <xsd:annotation>
              <xsd:documentation>Customer-is-guest flag value.</xsd:documentation>
              <xsd:appinfo xmlns:inf="http://soap.upskills.in/soap/default?services=salesOrderRepositoryV1">
                <inf:min/>
                <inf:max/>
                <inf:callInfo>
                  <inf:callName>salesOrderRepositoryV1Get</inf:callName>
                  <inf:callName>salesOrderRepositoryV1Save</inf:callName>
                  <inf:returned>Conditionally</inf:returned>
                </inf:callInfo>
                <inf:callInfo>
                  <inf:callName>salesOrderRepositoryV1Save</inf:callName>
                  <inf:requiredInput>No</inf:requiredInput>
                </inf:callInfo>
              </xsd:appinfo>
            </xsd:annotation>
          </xsd:element>
          <xsd:element name="customerLastname" minOccurs="0" maxOccurs="1" type="xsd:string">
            <xsd:annotation>
              <xsd:documentation>Customer last name.</xsd:documentation>
              <xsd:appinfo xmlns:inf="http://soap.upskills.in/soap/default?services=salesOrderRepositoryV1">
                <inf:maxLength/>
                <inf:callInfo>
                  <inf:callName>salesOrderRepositoryV1Get</inf:callName>
                  <inf:callName>salesOrderRepositoryV1Save</inf:callName>
                  <inf:returned>Conditionally</inf:returned>
                </inf:callInfo>
                <inf:callInfo>
                  <inf:callName>salesOrderRepositoryV1Save</inf:callName>
                  <inf:requiredInput>No</inf:requiredInput>
                </inf:callInfo>
              </xsd:appinfo>
            </xsd:annotation>
          </xsd:element>
          <xsd:element name="customerMiddlename" minOccurs="0" maxOccurs="1" type="xsd:string">
            <xsd:annotation>
              <xsd:documentation>Customer middle name.</xsd:documentation>
              <xsd:appinfo xmlns:inf="http://soap.upskills.in/soap/default?services=salesOrderRepositoryV1">
                <inf:maxLength/>
                <inf:callInfo>
                  <inf:callName>salesOrderRepositoryV1Get</inf:callName>
                  <inf:callName>salesOrderRepositoryV1Save</inf:callName>
                  <inf:returned>Conditionally</inf:returned>
                </inf:callInfo>
                <inf:callInfo>
                  <inf:callName>salesOrderRepositoryV1Save</inf:callName>
                  <inf:requiredInput>No</inf:requiredInput>
                </inf:callInfo>
              </xsd:appinfo>
            </xsd:annotation>
          </xsd:element>
          <xsd:element name="customerNote" minOccurs="0" maxOccurs="1" type="xsd:string">
            <xsd:annotation>
              <xsd:documentation>Customer note.</xsd:documentation>
              <xsd:appinfo xmlns:inf="http://soap.upskills.in/soap/default?services=salesOrderRepositoryV1">
                <inf:maxLength/>
                <inf:callInfo>
                  <inf:callName>salesOrderRepositoryV1Get</inf:callName>
                  <inf:callName>salesOrderRepositoryV1Save</inf:callName>
                  <inf:returned>Conditionally</inf:returned>
                </inf:callInfo>
                <inf:callInfo>
                  <inf:callName>salesOrderRepositoryV1Save</inf:callName>
                  <inf:requiredInput>No</inf:requiredInput>
                </inf:callInfo>
              </xsd:appinfo>
            </xsd:annotation>
          </xsd:element>
          <xsd:element name="customerNoteNotify" minOccurs="0" maxOccurs="1" type="xsd:int">
            <xsd:annotation>
              <xsd:documentation>Customer-note-notify flag value.</xsd:documentation>
              <xsd:appinfo xmlns:inf="http://soap.upskills.in/soap/default?services=salesOrderRepositoryV1">
                <inf:min/>
                <inf:max/>
                <inf:callInfo>
                  <inf:callName>salesOrderRepositoryV1Get</inf:callName>
                  <inf:callName>salesOrderRepositoryV1Save</inf:callName>
                  <inf:returned>Conditionally</inf:returned>
                </inf:callInfo>
                <inf:callInfo>
                  <inf:callName>salesOrderRepositoryV1Save</inf:callName>
                  <inf:requiredInput>No</inf:requiredInput>
                </inf:callInfo>
              </xsd:appinfo>
            </xsd:annotation>
          </xsd:element>
          <xsd:element name="customerPrefix" minOccurs="0" maxOccurs="1" type="xsd:string">
            <xsd:annotation>
              <xsd:documentation>Customer prefix.</xsd:documentation>
              <xsd:appinfo xmlns:inf="http://soap.upskills.in/soap/default?services=salesOrderRepositoryV1">
                <inf:maxLength/>
                <inf:callInfo>
                  <inf:callName>salesOrderRepositoryV1Get</inf:callName>
                  <inf:callName>salesOrderRepositoryV1Save</inf:callName>
                  <inf:returned>Conditionally</inf:returned>
                </inf:callInfo>
                <inf:callInfo>
                  <inf:callName>salesOrderRepositoryV1Save</inf:callName>
                  <inf:requiredInput>No</inf:requiredInput>
                </inf:callInfo>
              </xsd:appinfo>
            </xsd:annotation>
          </xsd:element>
          <xsd:element name="customerSuffix" minOccurs="0" maxOccurs="1" type="xsd:string">
            <xsd:annotation>
              <xsd:documentation>Customer suffix.</xsd:documentation>
              <xsd:appinfo xmlns:inf="http://soap.upskills.in/soap/default?services=salesOrderRepositoryV1">
                <inf:maxLength/>
                <inf:callInfo>
                  <inf:callName>salesOrderRepositoryV1Get</inf:callName>
                  <inf:callName>salesOrderRepositoryV1Save</inf:callName>
                  <inf:returned>Conditionally</inf:returned>
                </inf:callInfo>
                <inf:callInfo>
                  <inf:callName>salesOrderRepositoryV1Save</inf:callName>
                  <inf:requiredInput>No</inf:requiredInput>
                </inf:callInfo>
              </xsd:appinfo>
            </xsd:annotation>
          </xsd:element>
          <xsd:element name="customerTaxvat" minOccurs="0" maxOccurs="1" type="xsd:string">
            <xsd:annotation>
              <xsd:documentation>Customer value-added tax (VAT).</xsd:documentation>
              <xsd:appinfo xmlns:inf="http://soap.upskills.in/soap/default?services=salesOrderRepositoryV1">
                <inf:maxLength/>
                <inf:callInfo>
                  <inf:callName>salesOrderRepositoryV1Get</inf:callName>
                  <inf:callName>salesOrderRepositoryV1Save</inf:callName>
                  <inf:returned>Conditionally</inf:returned>
                </inf:callInfo>
                <inf:callInfo>
                  <inf:callName>salesOrderRepositoryV1Save</inf:callName>
                  <inf:requiredInput>No</inf:requiredInput>
                </inf:callInfo>
              </xsd:appinfo>
            </xsd:annotation>
          </xsd:element>
          <xsd:element name="discountAmount" minOccurs="0" maxOccurs="1" type="xsd:float">
            <xsd:annotation>
              <xsd:documentation>Discount amount.</xsd:documentation>
              <xsd:appinfo xmlns:inf="http://soap.upskills.in/soap/default?services=salesOrderRepositoryV1">
                <inf:callInfo>
                  <inf:callName>salesOrderRepositoryV1Get</inf:callName>
                  <inf:callName>salesOrderRepositoryV1Save</inf:callName>
                  <inf:returned>Conditionally</inf:returned>
                </inf:callInfo>
                <inf:callInfo>
                  <inf:callName>salesOrderRepositoryV1Save</inf:callName>
                  <inf:requiredInput>No</inf:requiredInput>
                </inf:callInfo>
              </xsd:appinfo>
            </xsd:annotation>
          </xsd:element>
          <xsd:element name="discountCanceled" minOccurs="0" maxOccurs="1" type="xsd:float">
            <xsd:annotation>
              <xsd:documentation>Discount canceled.</xsd:documentation>
              <xsd:appinfo xmlns:inf="http://soap.upskills.in/soap/default?services=salesOrderRepositoryV1">
                <inf:callInfo>
                  <inf:callName>salesOrderRepositoryV1Get</inf:callName>
                  <inf:callName>salesOrderRepositoryV1Save</inf:callName>
                  <inf:returned>Conditionally</inf:returned>
                </inf:callInfo>
                <inf:callInfo>
                  <inf:callName>salesOrderRepositoryV1Save</inf:callName>
                  <inf:requiredInput>No</inf:requiredInput>
                </inf:callInfo>
              </xsd:appinfo>
            </xsd:annotation>
          </xsd:element>
          <xsd:element name="discountDescription" minOccurs="0" maxOccurs="1" type="xsd:string">
            <xsd:annotation>
              <xsd:documentation>Discount description.</xsd:documentation>
              <xsd:appinfo xmlns:inf="http://soap.upskills.in/soap/default?services=salesOrderRepositoryV1">
                <inf:maxLength/>
                <inf:callInfo>
                  <inf:callName>salesOrderRepositoryV1Get</inf:callName>
                  <inf:callName>salesOrderRepositoryV1Save</inf:callName>
                  <inf:returned>Conditionally</inf:returned>
                </inf:callInfo>
                <inf:callInfo>
                  <inf:callName>salesOrderRepositoryV1Save</inf:callName>
                  <inf:requiredInput>No</inf:requiredInput>
                </inf:callInfo>
              </xsd:appinfo>
            </xsd:annotation>
          </xsd:element>
          <xsd:element name="discountInvoiced" minOccurs="0" maxOccurs="1" type="xsd:float">
            <xsd:annotation>
              <xsd:documentation>Discount invoiced.</xsd:documentation>
              <xsd:appinfo xmlns:inf="http://soap.upskills.in/soap/default?services=salesOrderRepositoryV1">
                <inf:callInfo>
                  <inf:callName>salesOrderRepositoryV1Get</inf:callName>
                  <inf:callName>salesOrderRepositoryV1Save</inf:callName>
                  <inf:returned>Conditionally</inf:returned>
                </inf:callInfo>
                <inf:callInfo>
                  <inf:callName>salesOrderRepositoryV1Save</inf:callName>
                  <inf:requiredInput>No</inf:requiredInput>
                </inf:callInfo>
              </xsd:appinfo>
            </xsd:annotation>
          </xsd:element>
          <xsd:element name="discountRefunded" minOccurs="0" maxOccurs="1" type="xsd:float">
            <xsd:annotation>
              <xsd:documentation>Discount refunded amount.</xsd:documentation>
              <xsd:appinfo xmlns:inf="http://soap.upskills.in/soap/default?services=salesOrderRepositoryV1">
                <inf:callInfo>
                  <inf:callName>salesOrderRepositoryV1Get</inf:callName>
                  <inf:callName>salesOrderRepositoryV1Save</inf:callName>
                  <inf:returned>Conditionally</inf:returned>
                </inf:callInfo>
                <inf:callInfo>
                  <inf:callName>salesOrderRepositoryV1Save</inf:callName>
                  <inf:requiredInput>No</inf:requiredInput>
                </inf:callInfo>
              </xsd:appinfo>
            </xsd:annotation>
          </xsd:element>
          <xsd:element name="editIncrement" minOccurs="0" maxOccurs="1" type="xsd:int">
            <xsd:annotation>
              <xsd:documentation>Edit increment value.</xsd:documentation>
              <xsd:appinfo xmlns:inf="http://soap.upskills.in/soap/default?services=salesOrderRepositoryV1">
                <inf:min/>
                <inf:max/>
                <inf:callInfo>
                  <inf:callName>salesOrderRepositoryV1Get</inf:callName>
                  <inf:callName>salesOrderRepositoryV1Save</inf:callName>
                  <inf:returned>Conditionally</inf:returned>
                </inf:callInfo>
                <inf:callInfo>
                  <inf:callName>salesOrderRepositoryV1Save</inf:callName>
                  <inf:requiredInput>No</inf:requiredInput>
                </inf:callInfo>
              </xsd:appinfo>
            </xsd:annotation>
          </xsd:element>
          <xsd:element name="emailSent" minOccurs="0" maxOccurs="1" type="xsd:int">
            <xsd:annotation>
              <xsd:documentation>Email-sent flag value.</xsd:documentation>
              <xsd:appinfo xmlns:inf="http://soap.upskills.in/soap/default?services=salesOrderRepositoryV1">
                <inf:min/>
                <inf:max/>
                <inf:callInfo>
                  <inf:callName>salesOrderRepositoryV1Get</inf:callName>
                  <inf:callName>salesOrderRepositoryV1Save</inf:callName>
                  <inf:returned>Conditionally</inf:returned>
                </inf:callInfo>
                <inf:callInfo>
                  <inf:callName>salesOrderRepositoryV1Save</inf:callName>
                  <inf:requiredInput>No</inf:requiredInput>
                </inf:callInfo>
              </xsd:appinfo>
            </xsd:annotation>
          </xsd:element>
          <xsd:element name="entityId" minOccurs="0" maxOccurs="1" type="xsd:int">
            <xsd:annotation>
              <xsd:documentation>Order ID.</xsd:documentation>
              <xsd:appinfo xmlns:inf="http://soap.upskills.in/soap/default?services=salesOrderRepositoryV1">
                <inf:min/>
                <inf:max/>
                <inf:callInfo>
                  <inf:callName>salesOrderRepositoryV1Get</inf:callName>
                  <inf:callName>salesOrderRepositoryV1Save</inf:callName>
                  <inf:returned>Conditionally</inf:returned>
                </inf:callInfo>
                <inf:callInfo>
                  <inf:callName>salesOrderRepositoryV1Save</inf:callName>
                  <inf:requiredInput>No</inf:requiredInput>
                </inf:callInfo>
              </xsd:appinfo>
            </xsd:annotation>
          </xsd:element>
          <xsd:element name="extCustomerId" minOccurs="0" maxOccurs="1" type="xsd:string">
            <xsd:annotation>
              <xsd:documentation>External customer ID.</xsd:documentation>
              <xsd:appinfo xmlns:inf="http://soap.upskills.in/soap/default?services=salesOrderRepositoryV1">
                <inf:maxLength/>
                <inf:callInfo>
                  <inf:callName>salesOrderRepositoryV1Get</inf:callName>
                  <inf:callName>salesOrderRepositoryV1Save</inf:callName>
                  <inf:returned>Conditionally</inf:returned>
                </inf:callInfo>
                <inf:callInfo>
                  <inf:callName>salesOrderRepositoryV1Save</inf:callName>
                  <inf:requiredInput>No</inf:requiredInput>
                </inf:callInfo>
              </xsd:appinfo>
            </xsd:annotation>
          </xsd:element>
          <xsd:element name="extOrderId" minOccurs="0" maxOccurs="1" type="xsd:string">
            <xsd:annotation>
              <xsd:documentation>External order ID.</xsd:documentation>
              <xsd:appinfo xmlns:inf="http://soap.upskills.in/soap/default?services=salesOrderRepositoryV1">
                <inf:maxLength/>
                <inf:callInfo>
                  <inf:callName>salesOrderRepositoryV1Get</inf:callName>
                  <inf:callName>salesOrderRepositoryV1Save</inf:callName>
                  <inf:returned>Conditionally</inf:returned>
                </inf:callInfo>
                <inf:callInfo>
                  <inf:callName>salesOrderRepositoryV1Save</inf:callName>
                  <inf:requiredInput>No</inf:requiredInput>
                </inf:callInfo>
              </xsd:appinfo>
            </xsd:annotation>
          </xsd:element>
          <xsd:element name="forcedShipmentWithInvoice" minOccurs="0" maxOccurs="1" type="xsd:int">
            <xsd:annotation>
              <xsd:documentation>Forced-shipment-with-invoice flag value.</xsd:documentation>
              <xsd:appinfo xmlns:inf="http://soap.upskills.in/soap/default?services=salesOrderRepositoryV1">
                <inf:min/>
                <inf:max/>
                <inf:callInfo>
                  <inf:callName>salesOrderRepositoryV1Get</inf:callName>
                  <inf:callName>salesOrderRepositoryV1Save</inf:callName>
                  <inf:returned>Conditionally</inf:returned>
                </inf:callInfo>
                <inf:callInfo>
                  <inf:callName>salesOrderRepositoryV1Save</inf:callName>
                  <inf:requiredInput>No</inf:requiredInput>
                </inf:callInfo>
              </xsd:appinfo>
            </xsd:annotation>
          </xsd:element>
          <xsd:element name="globalCurrencyCode" minOccurs="0" maxOccurs="1" type="xsd:string">
            <xsd:annotation>
              <xsd:documentation>Global currency code.</xsd:documentation>
              <xsd:appinfo xmlns:inf="http://soap.upskills.in/soap/default?services=salesOrderRepositoryV1">
                <inf:maxLength/>
                <inf:callInfo>
                  <inf:callName>salesOrderRepositoryV1Get</inf:callName>
                  <inf:callName>salesOrderRepositoryV1Save</inf:callName>
                  <inf:returned>Conditionally</inf:returned>
                </inf:callInfo>
                <inf:callInfo>
                  <inf:callName>salesOrderRepositoryV1Save</inf:callName>
                  <inf:requiredInput>No</inf:requiredInput>
                </inf:callInfo>
              </xsd:appinfo>
            </xsd:annotation>
          </xsd:element>
          <xsd:element name="grandTotal" minOccurs="1" maxOccurs="1" type="xsd:float">
            <xsd:annotation>
              <xsd:documentation>Grand total.</xsd:documentation>
              <xsd:appinfo xmlns:inf="http://soap.upskills.in/soap/default?services=salesOrderRepositoryV1">
                <inf:callInfo>
                  <inf:callName>salesOrderRepositoryV1Get</inf:callName>
                  <inf:callName>salesOrderRepositoryV1Save</inf:callName>
                  <inf:returned>Conditionally</inf:returned>
                </inf:callInfo>
                <inf:callInfo>
                  <inf:callName>salesOrderRepositoryV1Save</inf:callName>
                  <inf:requiredInput>No</inf:requiredInput>
                </inf:callInfo>
              </xsd:appinfo>
            </xsd:annotation>
          </xsd:element>
          <xsd:element name="discountTaxCompensationAmount" minOccurs="0" maxOccurs="1" type="xsd:float">
            <xsd:annotation>
              <xsd:documentation>Discount tax compensation amount.</xsd:documentation>
              <xsd:appinfo xmlns:inf="http://soap.upskills.in/soap/default?services=salesOrderRepositoryV1">
                <inf:callInfo>
                  <inf:callName>salesOrderRepositoryV1Get</inf:callName>
                  <inf:callName>salesOrderRepositoryV1Save</inf:callName>
                  <inf:returned>Conditionally</inf:returned>
                </inf:callInfo>
                <inf:callInfo>
                  <inf:callName>salesOrderRepositoryV1Save</inf:callName>
                  <inf:requiredInput>No</inf:requiredInput>
                </inf:callInfo>
              </xsd:appinfo>
            </xsd:annotation>
          </xsd:element>
          <xsd:element name="discountTaxCompensationInvoiced" minOccurs="0" maxOccurs="1" type="xsd:float">
            <xsd:annotation>
              <xsd:documentation>Discount tax compensation invoiced amount.</xsd:documentation>
              <xsd:appinfo xmlns:inf="http://soap.upskills.in/soap/default?services=salesOrderRepositoryV1">
                <inf:callInfo>
                  <inf:callName>salesOrderRepositoryV1Get</inf:callName>
                  <inf:callName>salesOrderRepositoryV1Save</inf:callName>
                  <inf:returned>Conditionally</inf:returned>
                </inf:callInfo>
                <inf:callInfo>
                  <inf:callName>salesOrderRepositoryV1Save</inf:callName>
                  <inf:requiredInput>No</inf:requiredInput>
                </inf:callInfo>
              </xsd:appinfo>
            </xsd:annotation>
          </xsd:element>
          <xsd:element name="discountTaxCompensationRefunded" minOccurs="0" maxOccurs="1" type="xsd:float">
            <xsd:annotation>
              <xsd:documentation>Discount tax compensation refunded amount.</xsd:documentation>
              <xsd:appinfo xmlns:inf="http://soap.upskills.in/soap/default?services=salesOrderRepositoryV1">
                <inf:callInfo>
                  <inf:callName>salesOrderRepositoryV1Get</inf:callName>
                  <inf:callName>salesOrderRepositoryV1Save</inf:callName>
                  <inf:returned>Conditionally</inf:returned>
                </inf:callInfo>
                <inf:callInfo>
                  <inf:callName>salesOrderRepositoryV1Save</inf:callName>
                  <inf:requiredInput>No</inf:requiredInput>
                </inf:callInfo>
              </xsd:appinfo>
            </xsd:annotation>
          </xsd:element>
          <xsd:element name="holdBeforeState" minOccurs="0" maxOccurs="1" type="xsd:string">
            <xsd:annotation>
              <xsd:documentation>Hold before state.</xsd:documentation>
              <xsd:appinfo xmlns:inf="http://soap.upskills.in/soap/default?services=salesOrderRepositoryV1">
                <inf:maxLength/>
                <inf:callInfo>
                  <inf:callName>salesOrderRepositoryV1Get</inf:callName>
                  <inf:callName>salesOrderRepositoryV1Save</inf:callName>
                  <inf:returned>Conditionally</inf:returned>
                </inf:callInfo>
                <inf:callInfo>
                  <inf:callName>salesOrderRepositoryV1Save</inf:callName>
                  <inf:requiredInput>No</inf:requiredInput>
                </inf:callInfo>
              </xsd:appinfo>
            </xsd:annotation>
          </xsd:element>
          <xsd:element name="holdBeforeStatus" minOccurs="0" maxOccurs="1" type="xsd:string">
            <xsd:annotation>
              <xsd:documentation>Hold before status.</xsd:documentation>
              <xsd:appinfo xmlns:inf="http://soap.upskills.in/soap/default?services=salesOrderRepositoryV1">
                <inf:maxLength/>
                <inf:callInfo>
                  <inf:callName>salesOrderRepositoryV1Get</inf:callName>
                  <inf:callName>salesOrderRepositoryV1Save</inf:callName>
                  <inf:returned>Conditionally</inf:returned>
                </inf:callInfo>
                <inf:callInfo>
                  <inf:callName>salesOrderRepositoryV1Save</inf:callName>
                  <inf:requiredInput>No</inf:requiredInput>
                </inf:callInfo>
              </xsd:appinfo>
            </xsd:annotation>
          </xsd:element>
          <xsd:element name="incrementId" minOccurs="0" maxOccurs="1" type="xsd:string">
            <xsd:annotation>
              <xsd:documentation>Increment ID.</xsd:documentation>
              <xsd:appinfo xmlns:inf="http://soap.upskills.in/soap/default?services=salesOrderRepositoryV1">
                <inf:maxLength/>
                <inf:callInfo>
                  <inf:callName>salesOrderRepositoryV1Get</inf:callName>
                  <inf:callName>salesOrderRepositoryV1Save</inf:callName>
                  <inf:returned>Conditionally</inf:returned>
                </inf:callInfo>
                <inf:callInfo>
                  <inf:callName>salesOrderRepositoryV1Save</inf:callName>
                  <inf:requiredInput>No</inf:requiredInput>
                </inf:callInfo>
              </xsd:appinfo>
            </xsd:annotation>
          </xsd:element>
          <xsd:element name="isVirtual" minOccurs="0" maxOccurs="1" type="xsd:int">
            <xsd:annotation>
              <xsd:documentation>Is-virtual flag value.</xsd:documentation>
              <xsd:appinfo xmlns:inf="http://soap.upskills.in/soap/default?services=salesOrderRepositoryV1">
                <inf:min/>
                <inf:max/>
                <inf:callInfo>
                  <inf:callName>salesOrderRepositoryV1Get</inf:callName>
                  <inf:callName>salesOrderRepositoryV1Save</inf:callName>
                  <inf:returned>Conditionally</inf:returned>
                </inf:callInfo>
                <inf:callInfo>
                  <inf:callName>salesOrderRepositoryV1Save</inf:callName>
                  <inf:requiredInput>No</inf:requiredInput>
                </inf:callInfo>
              </xsd:appinfo>
            </xsd:annotation>
          </xsd:element>
          <xsd:element name="orderCurrencyCode" minOccurs="0" maxOccurs="1" type="xsd:string">
            <xsd:annotation>
              <xsd:documentation>Order currency code.</xsd:documentation>
              <xsd:appinfo xmlns:inf="http://soap.upskills.in/soap/default?services=salesOrderRepositoryV1">
                <inf:maxLength/>
                <inf:callInfo>
                  <inf:callName>salesOrderRepositoryV1Get</inf:callName>
                  <inf:callName>salesOrderRepositoryV1Save</inf:callName>
                  <inf:returned>Conditionally</inf:returned>
                </inf:callInfo>
                <inf:callInfo>
                  <inf:callName>salesOrderRepositoryV1Save</inf:callName>
                  <inf:requiredInput>No</inf:requiredInput>
                </inf:callInfo>
              </xsd:appinfo>
            </xsd:annotation>
          </xsd:element>
          <xsd:element name="originalIncrementId" minOccurs="0" maxOccurs="1" type="xsd:string">
            <xsd:annotation>
              <xsd:documentation>Original increment ID.</xsd:documentation>
              <xsd:appinfo xmlns:inf="http://soap.upskills.in/soap/default?services=salesOrderRepositoryV1">
                <inf:maxLength/>
                <inf:callInfo>
                  <inf:callName>salesOrderRepositoryV1Get</inf:callName>
                  <inf:callName>salesOrderRepositoryV1Save</inf:callName>
                  <inf:returned>Conditionally</inf:returned>
                </inf:callInfo>
                <inf:callInfo>
                  <inf:callName>salesOrderRepositoryV1Save</inf:callName>
                  <inf:requiredInput>No</inf:requiredInput>
                </inf:callInfo>
              </xsd:appinfo>
            </xsd:annotation>
          </xsd:element>
          <xsd:element name="paymentAuthorizationAmount" minOccurs="0" maxOccurs="1" type="xsd:float">
            <xsd:annotation>
              <xsd:documentation>Payment authorization amount.</xsd:documentation>
              <xsd:appinfo xmlns:inf="http://soap.upskills.in/soap/default?services=salesOrderRepositoryV1">
                <inf:callInfo>
                  <inf:callName>salesOrderRepositoryV1Get</inf:callName>
                  <inf:callName>salesOrderRepositoryV1Save</inf:callName>
                  <inf:returned>Conditionally</inf:returned>
                </inf:callInfo>
                <inf:callInfo>
                  <inf:callName>salesOrderRepositoryV1Save</inf:callName>
                  <inf:requiredInput>No</inf:requiredInput>
                </inf:callInfo>
              </xsd:appinfo>
            </xsd:annotation>
          </xsd:element>
          <xsd:element name="paymentAuthExpiration" minOccurs="0" maxOccurs="1" type="xsd:int">
            <xsd:annotation>
              <xsd:documentation>Payment authorization expiration date.</xsd:documentation>
              <xsd:appinfo xmlns:inf="http://soap.upskills.in/soap/default?services=salesOrderRepositoryV1">
                <inf:min/>
                <inf:max/>
                <inf:callInfo>
                  <inf:callName>salesOrderRepositoryV1Get</inf:callName>
                  <inf:callName>salesOrderRepositoryV1Save</inf:callName>
                  <inf:returned>Conditionally</inf:returned>
                </inf:callInfo>
                <inf:callInfo>
                  <inf:callName>salesOrderRepositoryV1Save</inf:callName>
                  <inf:requiredInput>No</inf:requiredInput>
                </inf:callInfo>
              </xsd:appinfo>
            </xsd:annotation>
          </xsd:element>
          <xsd:element name="protectCode" minOccurs="0" maxOccurs="1" type="xsd:string">
            <xsd:annotation>
              <xsd:documentation>Protect code.</xsd:documentation>
              <xsd:appinfo xmlns:inf="http://soap.upskills.in/soap/default?services=salesOrderRepositoryV1">
                <inf:maxLength/>
                <inf:callInfo>
                  <inf:callName>salesOrderRepositoryV1Get</inf:callName>
                  <inf:callName>salesOrderRepositoryV1Save</inf:callName>
                  <inf:returned>Conditionally</inf:returned>
                </inf:callInfo>
                <inf:callInfo>
                  <inf:callName>salesOrderRepositoryV1Save</inf:callName>
                  <inf:requiredInput>No</inf:requiredInput>
                </inf:callInfo>
              </xsd:appinfo>
            </xsd:annotation>
          </xsd:element>
          <xsd:element name="quoteAddressId" minOccurs="0" maxOccurs="1" type="xsd:int">
            <xsd:annotation>
              <xsd:documentation>Quote address ID.</xsd:documentation>
              <xsd:appinfo xmlns:inf="http://soap.upskills.in/soap/default?services=salesOrderRepositoryV1">
                <inf:min/>
                <inf:max/>
                <inf:callInfo>
                  <inf:callName>salesOrderRepositoryV1Get</inf:callName>
                  <inf:callName>salesOrderRepositoryV1Save</inf:callName>
                  <inf:returned>Conditionally</inf:returned>
                </inf:callInfo>
                <inf:callInfo>
                  <inf:callName>salesOrderRepositoryV1Save</inf:callName>
                  <inf:requiredInput>No</inf:requiredInput>
                </inf:callInfo>
              </xsd:appinfo>
            </xsd:annotation>
          </xsd:element>
          <xsd:element name="quoteId" minOccurs="0" maxOccurs="1" type="xsd:int">
            <xsd:annotation>
              <xsd:documentation>Quote ID.</xsd:documentation>
              <xsd:appinfo xmlns:inf="http://soap.upskills.in/soap/default?services=salesOrderRepositoryV1">
                <inf:min/>
                <inf:max/>
                <inf:callInfo>
                  <inf:callName>salesOrderRepositoryV1Get</inf:callName>
                  <inf:callName>salesOrderRepositoryV1Save</inf:callName>
                  <inf:returned>Conditionally</inf:returned>
                </inf:callInfo>
                <inf:callInfo>
                  <inf:callName>salesOrderRepositoryV1Save</inf:callName>
                  <inf:requiredInput>No</inf:requiredInput>
                </inf:callInfo>
              </xsd:appinfo>
            </xsd:annotation>
          </xsd:element>
          <xsd:element name="relationChildId" minOccurs="0" maxOccurs="1" type="xsd:string">
            <xsd:annotation>
              <xsd:documentation>Relation child ID.</xsd:documentation>
              <xsd:appinfo xmlns:inf="http://soap.upskills.in/soap/default?services=salesOrderRepositoryV1">
                <inf:maxLength/>
                <inf:callInfo>
                  <inf:callName>salesOrderRepositoryV1Get</inf:callName>
                  <inf:callName>salesOrderRepositoryV1Save</inf:callName>
                  <inf:returned>Conditionally</inf:returned>
                </inf:callInfo>
                <inf:callInfo>
                  <inf:callName>salesOrderRepositoryV1Save</inf:callName>
                  <inf:requiredInput>No</inf:requiredInput>
                </inf:callInfo>
              </xsd:appinfo>
            </xsd:annotation>
          </xsd:element>
          <xsd:element name="relationChildRealId" minOccurs="0" maxOccurs="1" type="xsd:string">
            <xsd:annotation>
              <xsd:documentation>Relation child real ID.</xsd:documentation>
              <xsd:appinfo xmlns:inf="http://soap.upskills.in/soap/default?services=salesOrderRepositoryV1">
                <inf:maxLength/>
                <inf:callInfo>
                  <inf:callName>salesOrderRepositoryV1Get</inf:callName>
                  <inf:callName>salesOrderRepositoryV1Save</inf:callName>
                  <inf:returned>Conditionally</inf:returned>
                </inf:callInfo>
                <inf:callInfo>
                  <inf:callName>salesOrderRepositoryV1Save</inf:callName>
                  <inf:requiredInput>No</inf:requiredInput>
                </inf:callInfo>
              </xsd:appinfo>
            </xsd:annotation>
          </xsd:element>
          <xsd:element name="relationParentId" minOccurs="0" maxOccurs="1" type="xsd:string">
            <xsd:annotation>
              <xsd:documentation>Relation parent ID.</xsd:documentation>
              <xsd:appinfo xmlns:inf="http://soap.upskills.in/soap/default?services=salesOrderRepositoryV1">
                <inf:maxLength/>
                <inf:callInfo>
                  <inf:callName>salesOrderRepositoryV1Get</inf:callName>
                  <inf:callName>salesOrderRepositoryV1Save</inf:callName>
                  <inf:returned>Conditionally</inf:returned>
                </inf:callInfo>
                <inf:callInfo>
                  <inf:callName>salesOrderRepositoryV1Save</inf:callName>
                  <inf:requiredInput>No</inf:requiredInput>
                </inf:callInfo>
              </xsd:appinfo>
            </xsd:annotation>
          </xsd:element>
          <xsd:element name="relationParentRealId" minOccurs="0" maxOccurs="1" type="xsd:string">
            <xsd:annotation>
              <xsd:documentation>Relation parent real ID.</xsd:documentation>
              <xsd:appinfo xmlns:inf="http://soap.upskills.in/soap/default?services=salesOrderRepositoryV1">
                <inf:maxLength/>
                <inf:callInfo>
                  <inf:callName>salesOrderRepositoryV1Get</inf:callName>
                  <inf:callName>salesOrderRepositoryV1Save</inf:callName>
                  <inf:returned>Conditionally</inf:returned>
                </inf:callInfo>
                <inf:callInfo>
                  <inf:callName>salesOrderRepositoryV1Save</inf:callName>
                  <inf:requiredInput>No</inf:requiredInput>
                </inf:callInfo>
              </xsd:appinfo>
            </xsd:annotation>
          </xsd:element>
          <xsd:element name="remoteIp" minOccurs="0" maxOccurs="1" type="xsd:string">
            <xsd:annotation>
              <xsd:documentation>Remote IP address.</xsd:documentation>
              <xsd:appinfo xmlns:inf="http://soap.upskills.in/soap/default?services=salesOrderRepositoryV1">
                <inf:maxLength/>
                <inf:callInfo>
                  <inf:callName>salesOrderRepositoryV1Get</inf:callName>
                  <inf:callName>salesOrderRepositoryV1Save</inf:callName>
                  <inf:returned>Conditionally</inf:returned>
                </inf:callInfo>
                <inf:callInfo>
                  <inf:callName>salesOrderRepositoryV1Save</inf:callName>
                  <inf:requiredInput>No</inf:requiredInput>
                </inf:callInfo>
              </xsd:appinfo>
            </xsd:annotation>
          </xsd:element>
          <xsd:element name="shippingAmount" minOccurs="0" maxOccurs="1" type="xsd:float">
            <xsd:annotation>
              <xsd:documentation>Shipping amount.</xsd:documentation>
              <xsd:appinfo xmlns:inf="http://soap.upskills.in/soap/default?services=salesOrderRepositoryV1">
                <inf:callInfo>
                  <inf:callName>salesOrderRepositoryV1Get</inf:callName>
                  <inf:callName>salesOrderRepositoryV1Save</inf:callName>
                  <inf:returned>Conditionally</inf:returned>
                </inf:callInfo>
                <inf:callInfo>
                  <inf:callName>salesOrderRepositoryV1Save</inf:callName>
                  <inf:requiredInput>No</inf:requiredInput>
                </inf:callInfo>
              </xsd:appinfo>
            </xsd:annotation>
          </xsd:element>
          <xsd:element name="shippingCanceled" minOccurs="0" maxOccurs="1" type="xsd:float">
            <xsd:annotation>
              <xsd:documentation>Shipping canceled amount.</xsd:documentation>
              <xsd:appinfo xmlns:inf="http://soap.upskills.in/soap/default?services=salesOrderRepositoryV1">
                <inf:callInfo>
                  <inf:callName>salesOrderRepositoryV1Get</inf:callName>
                  <inf:callName>salesOrderRepositoryV1Save</inf:callName>
                  <inf:returned>Conditionally</inf:returned>
                </inf:callInfo>
                <inf:callInfo>
                  <inf:callName>salesOrderRepositoryV1Save</inf:callName>
                  <inf:requiredInput>No</inf:requiredInput>
                </inf:callInfo>
              </xsd:appinfo>
            </xsd:annotation>
          </xsd:element>
          <xsd:element name="shippingDescription" minOccurs="0" maxOccurs="1" type="xsd:string">
            <xsd:annotation>
              <xsd:documentation>Shipping description.</xsd:documentation>
              <xsd:appinfo xmlns:inf="http://soap.upskills.in/soap/default?services=salesOrderRepositoryV1">
                <inf:maxLength/>
                <inf:callInfo>
                  <inf:callName>salesOrderRepositoryV1Get</inf:callName>
                  <inf:callName>salesOrderRepositoryV1Save</inf:callName>
                  <inf:returned>Conditionally</inf:returned>
                </inf:callInfo>
                <inf:callInfo>
                  <inf:callName>salesOrderRepositoryV1Save</inf:callName>
                  <inf:requiredInput>No</inf:requiredInput>
                </inf:callInfo>
              </xsd:appinfo>
            </xsd:annotation>
          </xsd:element>
          <xsd:element name="shippingDiscountAmount" minOccurs="0" maxOccurs="1" type="xsd:float">
            <xsd:annotation>
              <xsd:documentation>Shipping discount amount.</xsd:documentation>
              <xsd:appinfo xmlns:inf="http://soap.upskills.in/soap/default?services=salesOrderRepositoryV1">
                <inf:callInfo>
                  <inf:callName>salesOrderRepositoryV1Get</inf:callName>
                  <inf:callName>salesOrderRepositoryV1Save</inf:callName>
                  <inf:returned>Conditionally</inf:returned>
                </inf:callInfo>
                <inf:callInfo>
                  <inf:callName>salesOrderRepositoryV1Save</inf:callName>
                  <inf:requiredInput>No</inf:requiredInput>
                </inf:callInfo>
              </xsd:appinfo>
            </xsd:annotation>
          </xsd:element>
          <xsd:element name="shippingDiscountTaxCompensationAmount" minOccurs="0" maxOccurs="1" type="xsd:float">
            <xsd:annotation>
              <xsd:documentation>Shipping discount tax compensation amount.</xsd:documentation>
              <xsd:appinfo xmlns:inf="http://soap.upskills.in/soap/default?services=salesOrderRepositoryV1">
                <inf:callInfo>
                  <inf:callName>salesOrderRepositoryV1Get</inf:callName>
                  <inf:callName>salesOrderRepositoryV1Save</inf:callName>
                  <inf:returned>Conditionally</inf:returned>
                </inf:callInfo>
                <inf:callInfo>
                  <inf:callName>salesOrderRepositoryV1Save</inf:callName>
                  <inf:requiredInput>No</inf:requiredInput>
                </inf:callInfo>
              </xsd:appinfo>
            </xsd:annotation>
          </xsd:element>
          <xsd:element name="shippingInclTax" minOccurs="0" maxOccurs="1" type="xsd:float">
            <xsd:annotation>
              <xsd:documentation>Shipping including tax amount.</xsd:documentation>
              <xsd:appinfo xmlns:inf="http://soap.upskills.in/soap/default?services=salesOrderRepositoryV1">
                <inf:callInfo>
                  <inf:callName>salesOrderRepositoryV1Get</inf:callName>
                  <inf:callName>salesOrderRepositoryV1Save</inf:callName>
                  <inf:returned>Conditionally</inf:returned>
                </inf:callInfo>
                <inf:callInfo>
                  <inf:callName>salesOrderRepositoryV1Save</inf:callName>
                  <inf:requiredInput>No</inf:requiredInput>
                </inf:callInfo>
              </xsd:appinfo>
            </xsd:annotation>
          </xsd:element>
          <xsd:element name="shippingInvoiced" minOccurs="0" maxOccurs="1" type="xsd:float">
            <xsd:annotation>
              <xsd:documentation>Shipping invoiced amount.</xsd:documentation>
              <xsd:appinfo xmlns:inf="http://soap.upskills.in/soap/default?services=salesOrderRepositoryV1">
                <inf:callInfo>
                  <inf:callName>salesOrderRepositoryV1Get</inf:callName>
                  <inf:callName>salesOrderRepositoryV1Save</inf:callName>
                  <inf:returned>Conditionally</inf:returned>
                </inf:callInfo>
                <inf:callInfo>
                  <inf:callName>salesOrderRepositoryV1Save</inf:callName>
                  <inf:requiredInput>No</inf:requiredInput>
                </inf:callInfo>
              </xsd:appinfo>
            </xsd:annotation>
          </xsd:element>
          <xsd:element name="shippingRefunded" minOccurs="0" maxOccurs="1" type="xsd:float">
            <xsd:annotation>
              <xsd:documentation>Shipping refunded amount.</xsd:documentation>
              <xsd:appinfo xmlns:inf="http://soap.upskills.in/soap/default?services=salesOrderRepositoryV1">
                <inf:callInfo>
                  <inf:callName>salesOrderRepositoryV1Get</inf:callName>
                  <inf:callName>salesOrderRepositoryV1Save</inf:callName>
                  <inf:returned>Conditionally</inf:returned>
                </inf:callInfo>
                <inf:callInfo>
                  <inf:callName>salesOrderRepositoryV1Save</inf:callName>
                  <inf:requiredInput>No</inf:requiredInput>
                </inf:callInfo>
              </xsd:appinfo>
            </xsd:annotation>
          </xsd:element>
          <xsd:element name="shippingTaxAmount" minOccurs="0" maxOccurs="1" type="xsd:float">
            <xsd:annotation>
              <xsd:documentation>Shipping tax amount.</xsd:documentation>
              <xsd:appinfo xmlns:inf="http://soap.upskills.in/soap/default?services=salesOrderRepositoryV1">
                <inf:callInfo>
                  <inf:callName>salesOrderRepositoryV1Get</inf:callName>
                  <inf:callName>salesOrderRepositoryV1Save</inf:callName>
                  <inf:returned>Conditionally</inf:returned>
                </inf:callInfo>
                <inf:callInfo>
                  <inf:callName>salesOrderRepositoryV1Save</inf:callName>
                  <inf:requiredInput>No</inf:requiredInput>
                </inf:callInfo>
              </xsd:appinfo>
            </xsd:annotation>
          </xsd:element>
          <xsd:element name="shippingTaxRefunded" minOccurs="0" maxOccurs="1" type="xsd:float">
            <xsd:annotation>
              <xsd:documentation>Shipping tax refunded amount.</xsd:documentation>
              <xsd:appinfo xmlns:inf="http://soap.upskills.in/soap/default?services=salesOrderRepositoryV1">
                <inf:callInfo>
                  <inf:callName>salesOrderRepositoryV1Get</inf:callName>
                  <inf:callName>salesOrderRepositoryV1Save</inf:callName>
                  <inf:returned>Conditionally</inf:returned>
                </inf:callInfo>
                <inf:callInfo>
                  <inf:callName>salesOrderRepositoryV1Save</inf:callName>
                  <inf:requiredInput>No</inf:requiredInput>
                </inf:callInfo>
              </xsd:appinfo>
            </xsd:annotation>
          </xsd:element>
          <xsd:element name="state" minOccurs="0" maxOccurs="1" type="xsd:string">
            <xsd:annotation>
              <xsd:documentation>State.</xsd:documentation>
              <xsd:appinfo xmlns:inf="http://soap.upskills.in/soap/default?services=salesOrderRepositoryV1">
                <inf:maxLength/>
                <inf:callInfo>
                  <inf:callName>salesOrderRepositoryV1Get</inf:callName>
                  <inf:callName>salesOrderRepositoryV1Save</inf:callName>
                  <inf:returned>Conditionally</inf:returned>
                </inf:callInfo>
                <inf:callInfo>
                  <inf:callName>salesOrderRepositoryV1Save</inf:callName>
                  <inf:requiredInput>No</inf:requiredInput>
                </inf:callInfo>
              </xsd:appinfo>
            </xsd:annotation>
          </xsd:element>
          <xsd:element name="status" minOccurs="0" maxOccurs="1" type="xsd:string">
            <xsd:annotation>
              <xsd:documentation>Status.</xsd:documentation>
              <xsd:appinfo xmlns:inf="http://soap.upskills.in/soap/default?services=salesOrderRepositoryV1">
                <inf:maxLength/>
                <inf:callInfo>
                  <inf:callName>salesOrderRepositoryV1Get</inf:callName>
                  <inf:callName>salesOrderRepositoryV1Save</inf:callName>
                  <inf:returned>Conditionally</inf:returned>
                </inf:callInfo>
                <inf:callInfo>
                  <inf:callName>salesOrderRepositoryV1Save</inf:callName>
                  <inf:requiredInput>No</inf:requiredInput>
                </inf:callInfo>
              </xsd:appinfo>
            </xsd:annotation>
          </xsd:element>
          <xsd:element name="storeCurrencyCode" minOccurs="0" maxOccurs="1" type="xsd:string">
            <xsd:annotation>
              <xsd:documentation>Store currency code.</xsd:documentation>
              <xsd:appinfo xmlns:inf="http://soap.upskills.in/soap/default?services=salesOrderRepositoryV1">
                <inf:maxLength/>
                <inf:callInfo>
                  <inf:callName>salesOrderRepositoryV1Get</inf:callName>
                  <inf:callName>salesOrderRepositoryV1Save</inf:callName>
                  <inf:returned>Conditionally</inf:returned>
                </inf:callInfo>
                <inf:callInfo>
                  <inf:callName>salesOrderRepositoryV1Save</inf:callName>
                  <inf:requiredInput>No</inf:requiredInput>
                </inf:callInfo>
              </xsd:appinfo>
            </xsd:annotation>
          </xsd:element>
          <xsd:element name="storeId" minOccurs="0" maxOccurs="1" type="xsd:int">
            <xsd:annotation>
              <xsd:documentation>Store ID.</xsd:documentation>
              <xsd:appinfo xmlns:inf="http://soap.upskills.in/soap/default?services=salesOrderRepositoryV1">
                <inf:min/>
                <inf:max/>
                <inf:callInfo>
                  <inf:callName>salesOrderRepositoryV1Get</inf:callName>
                  <inf:callName>salesOrderRepositoryV1Save</inf:callName>
                  <inf:returned>Conditionally</inf:returned>
                </inf:callInfo>
                <inf:callInfo>
                  <inf:callName>salesOrderRepositoryV1Save</inf:callName>
                  <inf:requiredInput>No</inf:requiredInput>
                </inf:callInfo>
              </xsd:appinfo>
            </xsd:annotation>
          </xsd:element>
          <xsd:element name="storeName" minOccurs="0" maxOccurs="1" type="xsd:string">
            <xsd:annotation>
              <xsd:documentation>Store name.</xsd:documentation>
              <xsd:appinfo xmlns:inf="http://soap.upskills.in/soap/default?services=salesOrderRepositoryV1">
                <inf:maxLength/>
                <inf:callInfo>
                  <inf:callName>salesOrderRepositoryV1Get</inf:callName>
                  <inf:callName>salesOrderRepositoryV1Save</inf:callName>
                  <inf:returned>Conditionally</inf:returned>
                </inf:callInfo>
                <inf:callInfo>
                  <inf:callName>salesOrderRepositoryV1Save</inf:callName>
                  <inf:requiredInput>No</inf:requiredInput>
                </inf:callInfo>
              </xsd:appinfo>
            </xsd:annotation>
          </xsd:element>
          <xsd:element name="storeToBaseRate" minOccurs="0" maxOccurs="1" type="xsd:float">
            <xsd:annotation>
              <xsd:documentation>Store-to-base rate.</xsd:documentation>
              <xsd:appinfo xmlns:inf="http://soap.upskills.in/soap/default?services=salesOrderRepositoryV1">
                <inf:callInfo>
                  <inf:callName>salesOrderRepositoryV1Get</inf:callName>
                  <inf:callName>salesOrderRepositoryV1Save</inf:callName>
                  <inf:returned>Conditionally</inf:returned>
                </inf:callInfo>
                <inf:callInfo>
                  <inf:callName>salesOrderRepositoryV1Save</inf:callName>
                  <inf:requiredInput>No</inf:requiredInput>
                </inf:callInfo>
              </xsd:appinfo>
            </xsd:annotation>
          </xsd:element>
          <xsd:element name="storeToOrderRate" minOccurs="0" maxOccurs="1" type="xsd:float">
            <xsd:annotation>
              <xsd:documentation>Store-to-order rate.</xsd:documentation>
              <xsd:appinfo xmlns:inf="http://soap.upskills.in/soap/default?services=salesOrderRepositoryV1">
                <inf:callInfo>
                  <inf:callName>salesOrderRepositoryV1Get</inf:callName>
                  <inf:callName>salesOrderRepositoryV1Save</inf:callName>
                  <inf:returned>Conditionally</inf:returned>
                </inf:callInfo>
                <inf:callInfo>
                  <inf:callName>salesOrderRepositoryV1Save</inf:callName>
                  <inf:requiredInput>No</inf:requiredInput>
                </inf:callInfo>
              </xsd:appinfo>
            </xsd:annotation>
          </xsd:element>
          <xsd:element name="subtotal" minOccurs="0" maxOccurs="1" type="xsd:float">
            <xsd:annotation>
              <xsd:documentation>Subtotal.</xsd:documentation>
              <xsd:appinfo xmlns:inf="http://soap.upskills.in/soap/default?services=salesOrderRepositoryV1">
                <inf:callInfo>
                  <inf:callName>salesOrderRepositoryV1Get</inf:callName>
                  <inf:callName>salesOrderRepositoryV1Save</inf:callName>
                  <inf:returned>Conditionally</inf:returned>
                </inf:callInfo>
                <inf:callInfo>
                  <inf:callName>salesOrderRepositoryV1Save</inf:callName>
                  <inf:requiredInput>No</inf:requiredInput>
                </inf:callInfo>
              </xsd:appinfo>
            </xsd:annotation>
          </xsd:element>
          <xsd:element name="subtotalCanceled" minOccurs="0" maxOccurs="1" type="xsd:float">
            <xsd:annotation>
              <xsd:documentation>Subtotal canceled amount.</xsd:documentation>
              <xsd:appinfo xmlns:inf="http://soap.upskills.in/soap/default?services=salesOrderRepositoryV1">
                <inf:callInfo>
                  <inf:callName>salesOrderRepositoryV1Get</inf:callName>
                  <inf:callName>salesOrderRepositoryV1Save</inf:callName>
                  <inf:returned>Conditionally</inf:returned>
                </inf:callInfo>
                <inf:callInfo>
                  <inf:callName>salesOrderRepositoryV1Save</inf:callName>
                  <inf:requiredInput>No</inf:requiredInput>
                </inf:callInfo>
              </xsd:appinfo>
            </xsd:annotation>
          </xsd:element>
          <xsd:element name="subtotalInclTax" minOccurs="0" maxOccurs="1" type="xsd:float">
            <xsd:annotation>
              <xsd:documentation>Subtotal including tax amount.</xsd:documentation>
              <xsd:appinfo xmlns:inf="http://soap.upskills.in/soap/default?services=salesOrderRepositoryV1">
                <inf:callInfo>
                  <inf:callName>salesOrderRepositoryV1Get</inf:callName>
                  <inf:callName>salesOrderRepositoryV1Save</inf:callName>
                  <inf:returned>Conditionally</inf:returned>
                </inf:callInfo>
                <inf:callInfo>
                  <inf:callName>salesOrderRepositoryV1Save</inf:callName>
                  <inf:requiredInput>No</inf:requiredInput>
                </inf:callInfo>
              </xsd:appinfo>
            </xsd:annotation>
          </xsd:element>
          <xsd:element name="subtotalInvoiced" minOccurs="0" maxOccurs="1" type="xsd:float">
            <xsd:annotation>
              <xsd:documentation>Subtotal invoiced amount.</xsd:documentation>
              <xsd:appinfo xmlns:inf="http://soap.upskills.in/soap/default?services=salesOrderRepositoryV1">
                <inf:callInfo>
                  <inf:callName>salesOrderRepositoryV1Get</inf:callName>
                  <inf:callName>salesOrderRepositoryV1Save</inf:callName>
                  <inf:returned>Conditionally</inf:returned>
                </inf:callInfo>
                <inf:callInfo>
                  <inf:callName>salesOrderRepositoryV1Save</inf:callName>
                  <inf:requiredInput>No</inf:requiredInput>
                </inf:callInfo>
              </xsd:appinfo>
            </xsd:annotation>
          </xsd:element>
          <xsd:element name="subtotalRefunded" minOccurs="0" maxOccurs="1" type="xsd:float">
            <xsd:annotation>
              <xsd:documentation>Subtotal refunded amount.</xsd:documentation>
              <xsd:appinfo xmlns:inf="http://soap.upskills.in/soap/default?services=salesOrderRepositoryV1">
                <inf:callInfo>
                  <inf:callName>salesOrderRepositoryV1Get</inf:callName>
                  <inf:callName>salesOrderRepositoryV1Save</inf:callName>
                  <inf:returned>Conditionally</inf:returned>
                </inf:callInfo>
                <inf:callInfo>
                  <inf:callName>salesOrderRepositoryV1Save</inf:callName>
                  <inf:requiredInput>No</inf:requiredInput>
                </inf:callInfo>
              </xsd:appinfo>
            </xsd:annotation>
          </xsd:element>
          <xsd:element name="taxAmount" minOccurs="0" maxOccurs="1" type="xsd:float">
            <xsd:annotation>
              <xsd:documentation>Tax amount.</xsd:documentation>
              <xsd:appinfo xmlns:inf="http://soap.upskills.in/soap/default?services=salesOrderRepositoryV1">
                <inf:callInfo>
                  <inf:callName>salesOrderRepositoryV1Get</inf:callName>
                  <inf:callName>salesOrderRepositoryV1Save</inf:callName>
                  <inf:returned>Conditionally</inf:returned>
                </inf:callInfo>
                <inf:callInfo>
                  <inf:callName>salesOrderRepositoryV1Save</inf:callName>
                  <inf:requiredInput>No</inf:requiredInput>
                </inf:callInfo>
              </xsd:appinfo>
            </xsd:annotation>
          </xsd:element>
          <xsd:element name="taxCanceled" minOccurs="0" maxOccurs="1" type="xsd:float">
            <xsd:annotation>
              <xsd:documentation>Tax canceled amount.</xsd:documentation>
              <xsd:appinfo xmlns:inf="http://soap.upskills.in/soap/default?services=salesOrderRepositoryV1">
                <inf:callInfo>
                  <inf:callName>salesOrderRepositoryV1Get</inf:callName>
                  <inf:callName>salesOrderRepositoryV1Save</inf:callName>
                  <inf:returned>Conditionally</inf:returned>
                </inf:callInfo>
                <inf:callInfo>
                  <inf:callName>salesOrderRepositoryV1Save</inf:callName>
                  <inf:requiredInput>No</inf:requiredInput>
                </inf:callInfo>
              </xsd:appinfo>
            </xsd:annotation>
          </xsd:element>
          <xsd:element name="taxInvoiced" minOccurs="0" maxOccurs="1" type="xsd:float">
            <xsd:annotation>
              <xsd:documentation>Tax invoiced amount.</xsd:documentation>
              <xsd:appinfo xmlns:inf="http://soap.upskills.in/soap/default?services=salesOrderRepositoryV1">
                <inf:callInfo>
                  <inf:callName>salesOrderRepositoryV1Get</inf:callName>
                  <inf:callName>salesOrderRepositoryV1Save</inf:callName>
                  <inf:returned>Conditionally</inf:returned>
                </inf:callInfo>
                <inf:callInfo>
                  <inf:callName>salesOrderRepositoryV1Save</inf:callName>
                  <inf:requiredInput>No</inf:requiredInput>
                </inf:callInfo>
              </xsd:appinfo>
            </xsd:annotation>
          </xsd:element>
          <xsd:element name="taxRefunded" minOccurs="0" maxOccurs="1" type="xsd:float">
            <xsd:annotation>
              <xsd:documentation>Tax refunded amount.</xsd:documentation>
              <xsd:appinfo xmlns:inf="http://soap.upskills.in/soap/default?services=salesOrderRepositoryV1">
                <inf:callInfo>
                  <inf:callName>salesOrderRepositoryV1Get</inf:callName>
                  <inf:callName>salesOrderRepositoryV1Save</inf:callName>
                  <inf:returned>Conditionally</inf:returned>
                </inf:callInfo>
                <inf:callInfo>
                  <inf:callName>salesOrderRepositoryV1Save</inf:callName>
                  <inf:requiredInput>No</inf:requiredInput>
                </inf:callInfo>
              </xsd:appinfo>
            </xsd:annotation>
          </xsd:element>
          <xsd:element name="totalCanceled" minOccurs="0" maxOccurs="1" type="xsd:float">
            <xsd:annotation>
              <xsd:documentation>Total canceled.</xsd:documentation>
              <xsd:appinfo xmlns:inf="http://soap.upskills.in/soap/default?services=salesOrderRepositoryV1">
                <inf:callInfo>
                  <inf:callName>salesOrderRepositoryV1Get</inf:callName>
                  <inf:callName>salesOrderRepositoryV1Save</inf:callName>
                  <inf:returned>Conditionally</inf:returned>
                </inf:callInfo>
                <inf:callInfo>
                  <inf:callName>salesOrderRepositoryV1Save</inf:callName>
                  <inf:requiredInput>No</inf:requiredInput>
                </inf:callInfo>
              </xsd:appinfo>
            </xsd:annotation>
          </xsd:element>
          <xsd:element name="totalDue" minOccurs="0" maxOccurs="1" type="xsd:float">
            <xsd:annotation>
              <xsd:documentation>Total due.</xsd:documentation>
              <xsd:appinfo xmlns:inf="http://soap.upskills.in/soap/default?services=salesOrderRepositoryV1">
                <inf:callInfo>
                  <inf:callName>salesOrderRepositoryV1Get</inf:callName>
                  <inf:callName>salesOrderRepositoryV1Save</inf:callName>
                  <inf:returned>Conditionally</inf:returned>
                </inf:callInfo>
                <inf:callInfo>
                  <inf:callName>salesOrderRepositoryV1Save</inf:callName>
                  <inf:requiredInput>No</inf:requiredInput>
                </inf:callInfo>
              </xsd:appinfo>
            </xsd:annotation>
          </xsd:element>
          <xsd:element name="totalInvoiced" minOccurs="0" maxOccurs="1" type="xsd:float">
            <xsd:annotation>
              <xsd:documentation>Total invoiced amount.</xsd:documentation>
              <xsd:appinfo xmlns:inf="http://soap.upskills.in/soap/default?services=salesOrderRepositoryV1">
                <inf:callInfo>
                  <inf:callName>salesOrderRepositoryV1Get</inf:callName>
                  <inf:callName>salesOrderRepositoryV1Save</inf:callName>
                  <inf:returned>Conditionally</inf:returned>
                </inf:callInfo>
                <inf:callInfo>
                  <inf:callName>salesOrderRepositoryV1Save</inf:callName>
                  <inf:requiredInput>No</inf:requiredInput>
                </inf:callInfo>
              </xsd:appinfo>
            </xsd:annotation>
          </xsd:element>
          <xsd:element name="totalItemCount" minOccurs="0" maxOccurs="1" type="xsd:int">
            <xsd:annotation>
              <xsd:documentation>Total item count.</xsd:documentation>
              <xsd:appinfo xmlns:inf="http://soap.upskills.in/soap/default?services=salesOrderRepositoryV1">
                <inf:min/>
                <inf:max/>
                <inf:callInfo>
                  <inf:callName>salesOrderRepositoryV1Get</inf:callName>
                  <inf:callName>salesOrderRepositoryV1Save</inf:callName>
                  <inf:returned>Conditionally</inf:returned>
                </inf:callInfo>
                <inf:callInfo>
                  <inf:callName>salesOrderRepositoryV1Save</inf:callName>
                  <inf:requiredInput>No</inf:requiredInput>
                </inf:callInfo>
              </xsd:appinfo>
            </xsd:annotation>
          </xsd:element>
          <xsd:element name="totalOfflineRefunded" minOccurs="0" maxOccurs="1" type="xsd:float">
            <xsd:annotation>
              <xsd:documentation>Total offline refunded amount.</xsd:documentation>
              <xsd:appinfo xmlns:inf="http://soap.upskills.in/soap/default?services=salesOrderRepositoryV1">
                <inf:callInfo>
                  <inf:callName>salesOrderRepositoryV1Get</inf:callName>
                  <inf:callName>salesOrderRepositoryV1Save</inf:callName>
                  <inf:returned>Conditionally</inf:returned>
                </inf:callInfo>
                <inf:callInfo>
                  <inf:callName>salesOrderRepositoryV1Save</inf:callName>
                  <inf:requiredInput>No</inf:requiredInput>
                </inf:callInfo>
              </xsd:appinfo>
            </xsd:annotation>
          </xsd:element>
          <xsd:element name="totalOnlineRefunded" minOccurs="0" maxOccurs="1" type="xsd:float">
            <xsd:annotation>
              <xsd:documentation>Total online refunded amount.</xsd:documentation>
              <xsd:appinfo xmlns:inf="http://soap.upskills.in/soap/default?services=salesOrderRepositoryV1">
                <inf:callInfo>
                  <inf:callName>salesOrderRepositoryV1Get</inf:callName>
                  <inf:callName>salesOrderRepositoryV1Save</inf:callName>
                  <inf:returned>Conditionally</inf:returned>
                </inf:callInfo>
                <inf:callInfo>
                  <inf:callName>salesOrderRepositoryV1Save</inf:callName>
                  <inf:requiredInput>No</inf:requiredInput>
                </inf:callInfo>
              </xsd:appinfo>
            </xsd:annotation>
          </xsd:element>
          <xsd:element name="totalPaid" minOccurs="0" maxOccurs="1" type="xsd:float">
            <xsd:annotation>
              <xsd:documentation>Total paid.</xsd:documentation>
              <xsd:appinfo xmlns:inf="http://soap.upskills.in/soap/default?services=salesOrderRepositoryV1">
                <inf:callInfo>
                  <inf:callName>salesOrderRepositoryV1Get</inf:callName>
                  <inf:callName>salesOrderRepositoryV1Save</inf:callName>
                  <inf:returned>Conditionally</inf:returned>
                </inf:callInfo>
                <inf:callInfo>
                  <inf:callName>salesOrderRepositoryV1Save</inf:callName>
                  <inf:requiredInput>No</inf:requiredInput>
                </inf:callInfo>
              </xsd:appinfo>
            </xsd:annotation>
          </xsd:element>
          <xsd:element name="totalQtyOrdered" minOccurs="0" maxOccurs="1" type="xsd:float">
            <xsd:annotation>
              <xsd:documentation>Total quantity ordered.</xsd:documentation>
              <xsd:appinfo xmlns:inf="http://soap.upskills.in/soap/default?services=salesOrderRepositoryV1">
                <inf:callInfo>
                  <inf:callName>salesOrderRepositoryV1Get</inf:callName>
                  <inf:callName>salesOrderRepositoryV1Save</inf:callName>
                  <inf:returned>Conditionally</inf:returned>
                </inf:callInfo>
                <inf:callInfo>
                  <inf:callName>salesOrderRepositoryV1Save</inf:callName>
                  <inf:requiredInput>No</inf:requiredInput>
                </inf:callInfo>
              </xsd:appinfo>
            </xsd:annotation>
          </xsd:element>
          <xsd:element name="totalRefunded" minOccurs="0" maxOccurs="1" type="xsd:float">
            <xsd:annotation>
              <xsd:documentation>Total amount refunded.</xsd:documentation>
              <xsd:appinfo xmlns:inf="http://soap.upskills.in/soap/default?services=salesOrderRepositoryV1">
                <inf:callInfo>
                  <inf:callName>salesOrderRepositoryV1Get</inf:callName>
                  <inf:callName>salesOrderRepositoryV1Save</inf:callName>
                  <inf:returned>Conditionally</inf:returned>
                </inf:callInfo>
                <inf:callInfo>
                  <inf:callName>salesOrderRepositoryV1Save</inf:callName>
                  <inf:requiredInput>No</inf:requiredInput>
                </inf:callInfo>
              </xsd:appinfo>
            </xsd:annotation>
          </xsd:element>
          <xsd:element name="updatedAt" minOccurs="0" maxOccurs="1" type="xsd:string">
            <xsd:annotation>
              <xsd:documentation>Updated-at timestamp.</xsd:documentation>
              <xsd:appinfo xmlns:inf="http://soap.upskills.in/soap/default?services=salesOrderRepositoryV1">
                <inf:maxLength/>
                <inf:callInfo>
                  <inf:callName>salesOrderRepositoryV1Get</inf:callName>
                  <inf:callName>salesOrderRepositoryV1Save</inf:callName>
                  <inf:returned>Conditionally</inf:returned>
                </inf:callInfo>
                <inf:callInfo>
                  <inf:callName>salesOrderRepositoryV1Save</inf:callName>
                  <inf:requiredInput>No</inf:requiredInput>
                </inf:callInfo>
              </xsd:appinfo>
            </xsd:annotation>
          </xsd:element>
          <xsd:element name="weight" minOccurs="0" maxOccurs="1" type="xsd:float">
            <xsd:annotation>
              <xsd:documentation>Weight.</xsd:documentation>
              <xsd:appinfo xmlns:inf="http://soap.upskills.in/soap/default?services=salesOrderRepositoryV1">
                <inf:callInfo>
                  <inf:callName>salesOrderRepositoryV1Get</inf:callName>
                  <inf:callName>salesOrderRepositoryV1Save</inf:callName>
                  <inf:returned>Conditionally</inf:returned>
                </inf:callInfo>
                <inf:callInfo>
                  <inf:callName>salesOrderRepositoryV1Save</inf:callName>
                  <inf:requiredInput>No</inf:requiredInput>
                </inf:callInfo>
              </xsd:appinfo>
            </xsd:annotation>
          </xsd:element>
          <xsd:element name="xForwardedFor" minOccurs="0" maxOccurs="1" type="xsd:string">
            <xsd:annotation>
              <xsd:documentation>X-Forwarded-For field value.</xsd:documentation>
              <xsd:appinfo xmlns:inf="http://soap.upskills.in/soap/default?services=salesOrderRepositoryV1">
                <inf:maxLength/>
                <inf:callInfo>
                  <inf:callName>salesOrderRepositoryV1Get</inf:callName>
                  <inf:callName>salesOrderRepositoryV1Save</inf:callName>
                  <inf:returned>Conditionally</inf:returned>
                </inf:callInfo>
                <inf:callInfo>
                  <inf:callName>salesOrderRepositoryV1Save</inf:callName>
                  <inf:requiredInput>No</inf:requiredInput>
                </inf:callInfo>
              </xsd:appinfo>
            </xsd:annotation>
          </xsd:element>
          <xsd:element name="items" type="tns:ArrayOfSalesDataOrderItemInterface">
            <xsd:annotation>
              <xsd:documentation>Array of items.</xsd:documentation>
              <xsd:appinfo xmlns:inf="http://soap.upskills.in/soap/default?services=salesOrderRepositoryV1">
                <inf:natureOfType>array</inf:natureOfType>
                <inf:callInfo>
                  <inf:callName>salesOrderRepositoryV1Get</inf:callName>
                  <inf:callName>salesOrderRepositoryV1Save</inf:callName>
                  <inf:returned>Conditionally</inf:returned>
                </inf:callInfo>
                <inf:callInfo>
                  <inf:callName>salesOrderRepositoryV1Save</inf:callName>
                  <inf:requiredInput>No</inf:requiredInput>
                </inf:callInfo>
              </xsd:appinfo>
            </xsd:annotation>
          </xsd:element>
          <xsd:element name="billingAddress" minOccurs="0" maxOccurs="1" type="tns:SalesDataOrderAddressInterface">
            <xsd:annotation>
              <xsd:documentation>Billing address. Otherwise, null.</xsd:documentation>
              <xsd:appinfo xmlns:inf="http://soap.upskills.in/soap/default?services=salesOrderRepositoryV1">
                <inf:callInfo>
                  <inf:callName>salesOrderRepositoryV1Get</inf:callName>
                  <inf:callName>salesOrderRepositoryV1Save</inf:callName>
                  <inf:returned>Conditionally</inf:returned>
                </inf:callInfo>
                <inf:callInfo>
                  <inf:callName>salesOrderRepositoryV1Save</inf:callName>
                  <inf:requiredInput>No</inf:requiredInput>
                </inf:callInfo>
              </xsd:appinfo>
            </xsd:annotation>
          </xsd:element>
          <xsd:element name="payment" minOccurs="0" maxOccurs="1" type="tns:SalesDataOrderPaymentInterface">
            <xsd:annotation>
              <xsd:documentation>Order payment</xsd:documentation>
              <xsd:appinfo xmlns:inf="http://soap.upskills.in/soap/default?services=salesOrderRepositoryV1">
                <inf:callInfo>
                  <inf:callName>salesOrderRepositoryV1Get</inf:callName>
                  <inf:callName>salesOrderRepositoryV1Save</inf:callName>
                  <inf:returned>Conditionally</inf:returned>
                </inf:callInfo>
                <inf:callInfo>
                  <inf:callName>salesOrderRepositoryV1Save</inf:callName>
                  <inf:requiredInput>No</inf:requiredInput>
                </inf:callInfo>
              </xsd:appinfo>
            </xsd:annotation>
          </xsd:element>
          <xsd:element name="statusHistories" type="tns:ArrayOfSalesDataOrderStatusHistoryInterface" minOccurs="0">
            <xsd:annotation>
              <xsd:documentation>Array of status histories.</xsd:documentation>
              <xsd:appinfo xmlns:inf="http://soap.upskills.in/soap/default?services=salesOrderRepositoryV1">
                <inf:natureOfType>array</inf:natureOfType>
                <inf:callInfo>
                  <inf:callName>salesOrderRepositoryV1Get</inf:callName>
                  <inf:callName>salesOrderRepositoryV1Save</inf:callName>
                  <inf:returned>Conditionally</inf:returned>
                </inf:callInfo>
                <inf:callInfo>
                  <inf:callName>salesOrderRepositoryV1Save</inf:callName>
                  <inf:requiredInput>No</inf:requiredInput>
                </inf:callInfo>
              </xsd:appinfo>
            </xsd:annotation>
          </xsd:element>
          <xsd:element name="extensionAttributes" minOccurs="0" maxOccurs="1" type="tns:SalesDataOrderExtensionInterface">
            <xsd:annotation>
              <xsd:documentation>Existing extension attributes object or create a new one.</xsd:documentation>
              <xsd:appinfo xmlns:inf="http://soap.upskills.in/soap/default?services=salesOrderRepositoryV1">
                <inf:callInfo>
                  <inf:callName>salesOrderRepositoryV1Get</inf:callName>
                  <inf:callName>salesOrderRepositoryV1Save</inf:callName>
                  <inf:returned>Conditionally</inf:returned>
                </inf:callInfo>
                <inf:callInfo>
                  <inf:callName>salesOrderRepositoryV1Save</inf:callName>
                  <inf:requiredInput>No</inf:requiredInput>
                </inf:callInfo>
              </xsd:appinfo>
            </xsd:annotation>
          </xsd:element>
        </xsd:sequence>
      </xsd:complexType>
      <xsd:complexType name="SalesOrderRepositoryV1GetResponse">
        <xsd:annotation>
          <xsd:documentation>Response container for the salesOrderRepositoryV1Get call.</xsd:documentation>
          <xsd:appinfo xmlns:inf="http://soap.upskills.in/soap/default?services=salesOrderRepositoryV1"/>
        </xsd:annotation>
        <xsd:sequence>
          <xsd:element name="result" minOccurs="1" maxOccurs="1" type="tns:SalesDataOrderInterface">
            <xsd:annotation>
              <xsd:documentation>Order interface.</xsd:documentation>
              <xsd:appinfo xmlns:inf="http://soap.upskills.in/soap/default?services=salesOrderRepositoryV1">
                <inf:callInfo>
                  <inf:callName>salesOrderRepositoryV1Get</inf:callName>
                  <inf:returned>Always</inf:returned>
                </inf:callInfo>
              </xsd:appinfo>
            </xsd:annotation>
          </xsd:element>
        </xsd:sequence>
      </xsd:complexType>
      <xsd:element name="salesOrderRepositoryV1GetListRequest" type="tns:SalesOrderRepositoryV1GetListRequest"/>
      <xsd:complexType name="FrameworkFilter">
        <xsd:annotation>
          <xsd:documentation>Filter which can be used by any methods from service layer.</xsd:documentation>
          <xsd:appinfo xmlns:inf="http://soap.upskills.in/soap/default?services=salesOrderRepositoryV1"/>
        </xsd:annotation>
        <xsd:sequence>
          <xsd:element name="field" minOccurs="1" maxOccurs="1" type="xsd:string">
            <xsd:annotation>
              <xsd:documentation>Field</xsd:documentation>
              <xsd:appinfo xmlns:inf="http://soap.upskills.in/soap/default?services=salesOrderRepositoryV1">
                <inf:maxLength/>
                <inf:callInfo>
                  <inf:callName>salesOrderRepositoryV1GetList</inf:callName>
                  <inf:requiredInput>No</inf:requiredInput>
                </inf:callInfo>
              </xsd:appinfo>
            </xsd:annotation>
          </xsd:element>
          <xsd:element name="value" minOccurs="1" maxOccurs="1" type="xsd:string">
            <xsd:annotation>
              <xsd:documentation>Value</xsd:documentation>
              <xsd:appinfo xmlns:inf="http://soap.upskills.in/soap/default?services=salesOrderRepositoryV1">
                <inf:maxLength/>
                <inf:callInfo>
                  <inf:callName>salesOrderRepositoryV1GetList</inf:callName>
                  <inf:requiredInput>No</inf:requiredInput>
                </inf:callInfo>
              </xsd:appinfo>
            </xsd:annotation>
          </xsd:element>
          <xsd:element name="conditionType" minOccurs="0" maxOccurs="1" type="xsd:string">
            <xsd:annotation>
              <xsd:documentation>Condition type</xsd:documentation>
              <xsd:appinfo xmlns:inf="http://soap.upskills.in/soap/default?services=salesOrderRepositoryV1">
                <inf:maxLength/>
                <inf:callInfo>
                  <inf:callName>salesOrderRepositoryV1GetList</inf:callName>
                  <inf:requiredInput>No</inf:requiredInput>
                </inf:callInfo>
              </xsd:appinfo>
            </xsd:annotation>
          </xsd:element>
        </xsd:sequence>
      </xsd:complexType>
      <xsd:complexType name="ArrayOfFrameworkFilter">
        <xsd:annotation>
          <xsd:documentation>An array of FrameworkFilter items.</xsd:documentation>
          <xsd:appinfo xmlns:inf="http://soap.upskills.in/soap/default?services=salesOrderRepositoryV1"/>
        </xsd:annotation>
        <xsd:sequence>
          <xsd:element name="item" minOccurs="0" maxOccurs="unbounded" type="tns:FrameworkFilter">
            <xsd:annotation>
              <xsd:documentation>An item of ArrayOfFrameworkFilter.</xsd:documentation>
              <xsd:appinfo xmlns:inf="http://soap.upskills.in/soap/default?services=salesOrderRepositoryV1">
                <inf:callInfo>
                  <inf:callName>salesOrderRepositoryV1GetList</inf:callName>
                  <inf:requiredInput>No</inf:requiredInput>
                </inf:callInfo>
              </xsd:appinfo>
            </xsd:annotation>
          </xsd:element>
        </xsd:sequence>
      </xsd:complexType>
      <xsd:complexType name="FrameworkSearchFilterGroup">
        <xsd:annotation>
          <xsd:documentation>Groups two or more filters together using a logical OR</xsd:documentation>
          <xsd:appinfo xmlns:inf="http://soap.upskills.in/soap/default?services=salesOrderRepositoryV1"/>
        </xsd:annotation>
        <xsd:sequence>
          <xsd:element name="filters" type="tns:ArrayOfFrameworkFilter" minOccurs="0">
            <xsd:annotation>
              <xsd:documentation>A list of filters in this group</xsd:documentation>
              <xsd:appinfo xmlns:inf="http://soap.upskills.in/soap/default?services=salesOrderRepositoryV1">
                <inf:natureOfType>array</inf:natureOfType>
                <inf:callInfo>
                  <inf:callName>salesOrderRepositoryV1GetList</inf:callName>
                  <inf:requiredInput>No</inf:requiredInput>
                </inf:callInfo>
              </xsd:appinfo>
            </xsd:annotation>
          </xsd:element>
        </xsd:sequence>
      </xsd:complexType>
      <xsd:complexType name="ArrayOfFrameworkSearchFilterGroup">
        <xsd:annotation>
          <xsd:documentation>An array of FrameworkSearchFilterGroup items.</xsd:documentation>
          <xsd:appinfo xmlns:inf="http://soap.upskills.in/soap/default?services=salesOrderRepositoryV1"/>
        </xsd:annotation>
        <xsd:sequence>
          <xsd:element name="item" minOccurs="0" maxOccurs="unbounded" type="tns:FrameworkSearchFilterGroup">
            <xsd:annotation>
              <xsd:documentation>An item of ArrayOfFrameworkSearchFilterGroup.</xsd:documentation>
              <xsd:appinfo xmlns:inf="http://soap.upskills.in/soap/default?services=salesOrderRepositoryV1">
                <inf:callInfo>
                  <inf:callName>salesOrderRepositoryV1GetList</inf:callName>
                  <inf:requiredInput>No</inf:requiredInput>
                </inf:callInfo>
              </xsd:appinfo>
            </xsd:annotation>
          </xsd:element>
        </xsd:sequence>
      </xsd:complexType>
      <xsd:complexType name="FrameworkSortOrder">
        <xsd:annotation>
          <xsd:documentation>Data object for sort order.</xsd:documentation>
          <xsd:appinfo xmlns:inf="http://soap.upskills.in/soap/default?services=salesOrderRepositoryV1"/>
        </xsd:annotation>
        <xsd:sequence>
          <xsd:element name="field" minOccurs="1" maxOccurs="1" type="xsd:string">
            <xsd:annotation>
              <xsd:documentation>Sorting field.</xsd:documentation>
              <xsd:appinfo xmlns:inf="http://soap.upskills.in/soap/default?services=salesOrderRepositoryV1">
                <inf:maxLength/>
                <inf:callInfo>
                  <inf:callName>salesOrderRepositoryV1GetList</inf:callName>
                  <inf:requiredInput>No</inf:requiredInput>
                </inf:callInfo>
              </xsd:appinfo>
            </xsd:annotation>
          </xsd:element>
          <xsd:element name="direction" minOccurs="1" maxOccurs="1" type="xsd:string">
            <xsd:annotation>
              <xsd:documentation>Sorting direction.</xsd:documentation>
              <xsd:appinfo xmlns:inf="http://soap.upskills.in/soap/default?services=salesOrderRepositoryV1">
                <inf:maxLength/>
                <inf:callInfo>
                  <inf:callName>salesOrderRepositoryV1GetList</inf:callName>
                  <inf:requiredInput>No</inf:requiredInput>
                </inf:callInfo>
              </xsd:appinfo>
            </xsd:annotation>
          </xsd:element>
        </xsd:sequence>
      </xsd:complexType>
      <xsd:complexType name="ArrayOfFrameworkSortOrder">
        <xsd:annotation>
          <xsd:documentation>An array of FrameworkSortOrder items.</xsd:documentation>
          <xsd:appinfo xmlns:inf="http://soap.upskills.in/soap/default?services=salesOrderRepositoryV1"/>
        </xsd:annotation>
        <xsd:sequence>
          <xsd:element name="item" minOccurs="0" maxOccurs="unbounded" type="tns:FrameworkSortOrder">
            <xsd:annotation>
              <xsd:documentation>An item of ArrayOfFrameworkSortOrder.</xsd:documentation>
              <xsd:appinfo xmlns:inf="http://soap.upskills.in/soap/default?services=salesOrderRepositoryV1">
                <inf:callInfo>
                  <inf:callName>salesOrderRepositoryV1GetList</inf:callName>
                  <inf:requiredInput>No</inf:requiredInput>
                </inf:callInfo>
              </xsd:appinfo>
            </xsd:annotation>
          </xsd:element>
        </xsd:sequence>
      </xsd:complexType>
      <xsd:complexType name="FrameworkSearchCriteriaInterface">
        <xsd:annotation>
          <xsd:documentation>Search criteria interface.</xsd:documentation>
          <xsd:appinfo xmlns:inf="http://soap.upskills.in/soap/default?services=salesOrderRepositoryV1"/>
        </xsd:annotation>
        <xsd:sequence>
          <xsd:element name="filterGroups" type="tns:ArrayOfFrameworkSearchFilterGroup">
            <xsd:annotation>
              <xsd:documentation>A list of filter groups.</xsd:documentation>
              <xsd:appinfo xmlns:inf="http://soap.upskills.in/soap/default?services=salesOrderRepositoryV1">
                <inf:natureOfType>array</inf:natureOfType>
                <inf:callInfo>
                  <inf:callName>salesOrderRepositoryV1GetList</inf:callName>
                  <inf:requiredInput>Yes</inf:requiredInput>
                </inf:callInfo>
              </xsd:appinfo>
            </xsd:annotation>
          </xsd:element>
          <xsd:element name="sortOrders" type="tns:ArrayOfFrameworkSortOrder" minOccurs="0">
            <xsd:annotation>
              <xsd:documentation>Sort order.</xsd:documentation>
              <xsd:appinfo xmlns:inf="http://soap.upskills.in/soap/default?services=salesOrderRepositoryV1">
                <inf:natureOfType>array</inf:natureOfType>
                <inf:callInfo>
                  <inf:callName>salesOrderRepositoryV1GetList</inf:callName>
                  <inf:requiredInput>No</inf:requiredInput>
                </inf:callInfo>
              </xsd:appinfo>
            </xsd:annotation>
          </xsd:element>
          <xsd:element name="pageSize" minOccurs="0" maxOccurs="1" type="xsd:int">
            <xsd:annotation>
              <xsd:documentation>Page size.</xsd:documentation>
              <xsd:appinfo xmlns:inf="http://soap.upskills.in/soap/default?services=salesOrderRepositoryV1">
                <inf:min/>
                <inf:max/>
                <inf:callInfo>
                  <inf:callName>salesOrderRepositoryV1GetList</inf:callName>
                  <inf:requiredInput>No</inf:requiredInput>
                </inf:callInfo>
              </xsd:appinfo>
            </xsd:annotation>
          </xsd:element>
          <xsd:element name="currentPage" minOccurs="0" maxOccurs="1" type="xsd:int">
            <xsd:annotation>
              <xsd:documentation>Current page.</xsd:documentation>
              <xsd:appinfo xmlns:inf="http://soap.upskills.in/soap/default?services=salesOrderRepositoryV1">
                <inf:min/>
                <inf:max/>
                <inf:callInfo>
                  <inf:callName>salesOrderRepositoryV1GetList</inf:callName>
                  <inf:requiredInput>No</inf:requiredInput>
                </inf:callInfo>
              </xsd:appinfo>
            </xsd:annotation>
          </xsd:element>
        </xsd:sequence>
      </xsd:complexType>
      <xsd:complexType name="SalesOrderRepositoryV1GetListRequest">
        <xsd:annotation>
          <xsd:documentation>Lists orders that match specified search criteria. This call returns an array of objects, but detailed information about each object’s attributes might not be included. See https://devdocs.magento.com/codelinks/attributes.html#OrderRepositoryInterface to determine which call to use to get detailed information about all attributes for an object.</xsd:documentation>
          <xsd:appinfo xmlns:inf="http://soap.upskills.in/soap/default?services=salesOrderRepositoryV1"/>
        </xsd:annotation>
        <xsd:sequence>
          <xsd:element name="searchCriteria" minOccurs="1" maxOccurs="1" type="tns:FrameworkSearchCriteriaInterface">
            <xsd:annotation>
              <xsd:documentation>The search criteria.</xsd:documentation>
              <xsd:appinfo xmlns:inf="http://soap.upskills.in/soap/default?services=salesOrderRepositoryV1">
                <inf:callInfo>
                  <inf:callName>salesOrderRepositoryV1GetList</inf:callName>
                  <inf:requiredInput>Yes</inf:requiredInput>
                </inf:callInfo>
              </xsd:appinfo>
            </xsd:annotation>
          </xsd:element>
        </xsd:sequence>
      </xsd:complexType>
      <xsd:element name="salesOrderRepositoryV1GetListResponse" type="tns:SalesOrderRepositoryV1GetListResponse"/>
      <xsd:complexType name="ArrayOfSalesDataOrderInterface">
        <xsd:annotation>
          <xsd:documentation>An array of SalesDataOrderInterface items.</xsd:documentation>
          <xsd:appinfo xmlns:inf="http://soap.upskills.in/soap/default?services=salesOrderRepositoryV1"/>
        </xsd:annotation>
        <xsd:sequence>
          <xsd:element name="item" minOccurs="0" maxOccurs="unbounded" type="tns:SalesDataOrderInterface">
            <xsd:annotation>
              <xsd:documentation>An item of ArrayOfSalesDataOrderInterface.</xsd:documentation>
              <xsd:appinfo xmlns:inf="http://soap.upskills.in/soap/default?services=salesOrderRepositoryV1">
                <inf:callInfo>
                  <inf:callName>salesOrderRepositoryV1GetList</inf:callName>
                  <inf:returned>Conditionally</inf:returned>
                </inf:callInfo>
              </xsd:appinfo>
            </xsd:annotation>
          </xsd:element>
        </xsd:sequence>
      </xsd:complexType>
      <xsd:complexType name="SalesDataOrderSearchResultInterface">
        <xsd:annotation>
          <xsd:documentation>Order search result interface. An order is a document that a web store issues to a customer. Magento generates a sales order that lists the product items, billing and shipping addresses, and shipping and payment methods. A corresponding external document, known as a purchase order, is emailed to the customer.</xsd:documentation>
          <xsd:appinfo xmlns:inf="http://soap.upskills.in/soap/default?services=salesOrderRepositoryV1"/>
        </xsd:annotation>
        <xsd:sequence>
          <xsd:element name="items" type="tns:ArrayOfSalesDataOrderInterface">
            <xsd:annotation>
              <xsd:documentation>Array of collection items.</xsd:documentation>
              <xsd:appinfo xmlns:inf="http://soap.upskills.in/soap/default?services=salesOrderRepositoryV1">
                <inf:natureOfType>array</inf:natureOfType>
                <inf:callInfo>
                  <inf:callName>salesOrderRepositoryV1GetList</inf:callName>
                  <inf:returned>Always</inf:returned>
                </inf:callInfo>
              </xsd:appinfo>
            </xsd:annotation>
          </xsd:element>
          <xsd:element name="searchCriteria" minOccurs="1" maxOccurs="1" type="tns:FrameworkSearchCriteriaInterface">
            <xsd:annotation>
              <xsd:documentation>Search criteria.</xsd:documentation>
              <xsd:appinfo xmlns:inf="http://soap.upskills.in/soap/default?services=salesOrderRepositoryV1">
                <inf:callInfo>
                  <inf:callName>salesOrderRepositoryV1GetList</inf:callName>
                  <inf:returned>Always</inf:returned>
                </inf:callInfo>
              </xsd:appinfo>
            </xsd:annotation>
          </xsd:element>
          <xsd:element name="totalCount" minOccurs="1" maxOccurs="1" type="xsd:int">
            <xsd:annotation>
              <xsd:documentation>Total count.</xsd:documentation>
              <xsd:appinfo xmlns:inf="http://soap.upskills.in/soap/default?services=salesOrderRepositoryV1">
                <inf:min/>
                <inf:max/>
                <inf:callInfo>
                  <inf:callName>salesOrderRepositoryV1GetList</inf:callName>
                  <inf:returned>Always</inf:returned>
                </inf:callInfo>
              </xsd:appinfo>
            </xsd:annotation>
          </xsd:element>
        </xsd:sequence>
      </xsd:complexType>
      <xsd:complexType name="SalesOrderRepositoryV1GetListResponse">
        <xsd:annotation>
          <xsd:documentation>Response container for the salesOrderRepositoryV1GetList call.</xsd:documentation>
          <xsd:appinfo xmlns:inf="http://soap.upskills.in/soap/default?services=salesOrderRepositoryV1"/>
        </xsd:annotation>
        <xsd:sequence>
          <xsd:element name="result" minOccurs="1" maxOccurs="1" type="tns:SalesDataOrderSearchResultInterface">
            <xsd:annotation>
              <xsd:documentation>Order search result interface.</xsd:documentation>
              <xsd:appinfo xmlns:inf="http://soap.upskills.in/soap/default?services=salesOrderRepositoryV1">
                <inf:callInfo>
                  <inf:callName>salesOrderRepositoryV1GetList</inf:callName>
                  <inf:returned>Always</inf:returned>
                </inf:callInfo>
              </xsd:appinfo>
            </xsd:annotation>
          </xsd:element>
        </xsd:sequence>
      </xsd:complexType>
      <xsd:element name="salesOrderRepositoryV1SaveRequest" type="tns:SalesOrderRepositoryV1SaveRequest"/>
      <xsd:complexType name="SalesOrderRepositoryV1SaveRequest">
        <xsd:annotation>
          <xsd:documentation>Performs persist operations for a specified order.</xsd:documentation>
          <xsd:appinfo xmlns:inf="http://soap.upskills.in/soap/default?services=salesOrderRepositoryV1"/>
        </xsd:annotation>
        <xsd:sequence>
          <xsd:element name="entity" minOccurs="1" maxOccurs="1" type="tns:SalesDataOrderInterface">
            <xsd:annotation>
              <xsd:documentation>The order ID.</xsd:documentation>
              <xsd:appinfo xmlns:inf="http://soap.upskills.in/soap/default?services=salesOrderRepositoryV1">
                <inf:callInfo>
                  <inf:callName>salesOrderRepositoryV1Save</inf:callName>
                  <inf:requiredInput>Yes</inf:requiredInput>
                </inf:callInfo>
              </xsd:appinfo>
            </xsd:annotation>
          </xsd:element>
        </xsd:sequence>
      </xsd:complexType>
      <xsd:element name="salesOrderRepositoryV1SaveResponse" type="tns:SalesOrderRepositoryV1SaveResponse"/>
      <xsd:complexType name="SalesOrderRepositoryV1SaveResponse">
        <xsd:annotation>
          <xsd:documentation>Response container for the salesOrderRepositoryV1Save call.</xsd:documentation>
          <xsd:appinfo xmlns:inf="http://soap.upskills.in/soap/default?services=salesOrderRepositoryV1"/>
        </xsd:annotation>
        <xsd:sequence>
          <xsd:element name="result" minOccurs="1" maxOccurs="1" type="tns:SalesDataOrderInterface">
            <xsd:annotation>
              <xsd:documentation>Order interface.</xsd:documentation>
              <xsd:appinfo xmlns:inf="http://soap.upskills.in/soap/default?services=salesOrderRepositoryV1">
                <inf:callInfo>
                  <inf:callName>salesOrderRepositoryV1Save</inf:callName>
                  <inf:returned>Always</inf:returned>
                </inf:callInfo>
              </xsd:appinfo>
            </xsd:annotation>
          </xsd:element>
        </xsd:sequence>
      </xsd:complexType>
    </xsd:schema>
  </types>
  <message name="GenericFault">
    <part name="messageParameters" element="tns:GenericFault"/>
  </message>
  <portType name="salesOrderRepositoryV1PortType">
    <operation name="salesOrderRepositoryV1Get">
      <input message="tns:salesOrderRepositoryV1GetRequest"/>
      <output message="tns:salesOrderRepositoryV1GetResponse"/>
      <fault name="GenericFault" message="tns:GenericFault"/>
    </operation>
    <operation name="salesOrderRepositoryV1GetList">
      <input message="tns:salesOrderRepositoryV1GetListRequest"/>
      <output message="tns:salesOrderRepositoryV1GetListResponse"/>
      <fault name="GenericFault" message="tns:GenericFault"/>
    </operation>
    <operation name="salesOrderRepositoryV1Save">
      <input message="tns:salesOrderRepositoryV1SaveRequest"/>
      <output message="tns:salesOrderRepositoryV1SaveResponse"/>
      <fault name="GenericFault" message="tns:GenericFault"/>
    </operation>
  </portType>
  <binding name="salesOrderRepositoryV1Binding" type="tns:salesOrderRepositoryV1PortType">
    <soap12:binding style="document" transport="http://schemas.xmlsoap.org/soap/http"/>
    <operation name="salesOrderRepositoryV1Get">
      <soap12:operation soapAction="salesOrderRepositoryV1Get"/>
      <input>
        <soap12:body use="literal"/>
      </input>
      <output>
        <soap12:body use="literal"/>
      </output>
      <fault name="GenericFault"/>
    </operation>
    <operation name="salesOrderRepositoryV1GetList">
      <soap12:operation soapAction="salesOrderRepositoryV1GetList"/>
      <input>
        <soap12:body use="literal"/>
      </input>
      <output>
        <soap12:body use="literal"/>
      </output>
      <fault name="GenericFault"/>
    </operation>
    <operation name="salesOrderRepositoryV1Save">
      <soap12:operation soapAction="salesOrderRepositoryV1Save"/>
      <input>
        <soap12:body use="literal"/>
      </input>
      <output>
        <soap12:body use="literal"/>
      </output>
      <fault name="GenericFault"/>
    </operation>
  </binding>
  <service name="salesOrderRepositoryV1Service">
    <port name="salesOrderRepositoryV1Port" binding="tns:salesOrderRepositoryV1Binding">
      <soap12:address location="http://soap.upskills.in/soap/default?services=salesOrderRepositoryV1"/>
    </port>
  </service>
  <message name="salesOrderRepositoryV1GetRequest">
    <part name="messageParameters" element="tns:salesOrderRepositoryV1GetRequest"/>
  </message>
  <message name="salesOrderRepositoryV1GetResponse">
    <part name="messageParameters" element="tns:salesOrderRepositoryV1GetResponse"/>
  </message>
  <message name="salesOrderRepositoryV1GetListRequest">
    <part name="messageParameters" element="tns:salesOrderRepositoryV1GetListRequest"/>
  </message>
  <message name="salesOrderRepositoryV1GetListResponse">
    <part name="messageParameters" element="tns:salesOrderRepositoryV1GetListResponse"/>
  </message>
  <message name="salesOrderRepositoryV1SaveRequest">
    <part name="messageParameters" element="tns:salesOrderRepositoryV1SaveRequest"/>
  </message>
  <message name="salesOrderRepositoryV1SaveResponse">
    <part name="messageParameters" element="tns:salesOrderRepositoryV1SaveResponse"/>
  </message>
</definitions>]]></con:content><con:type>http://schemas.xmlsoap.org/wsdl/</con:type></con:part></con:definitionCache><con:endpoints><con:endpoint>http://soap.upskills.in/soap/default?services=salesOrderRepositoryV1</con:endpoint></con:endpoints><con:operation id="3a3cc53d-1611-4821-a646-a15a441b6fd5" isOneWay="false" action="salesOrderRepositoryV1Get" name="salesOrderRepositoryV1Get" bindingOperationName="salesOrderRepositoryV1Get" type="Request-Response" inputName="" receivesAttachments="false" sendsAttachments="false" anonymous="optional"><con:settings/><con:call id="171bc77e-3232-4125-a94c-b158c58dc353" name="Request 1"><con:settings><con:setting id="com.eviware.soapui.impl.wsdl.WsdlRequest@request-headers">&lt;entry key="Authorization" value="bearer f0rf13pxtxp7mftwc23rq6e52yvmi5um" xmlns="http://eviware.com/soapui/config"/></con:setting></con:settings><con:encoding>UTF-8</con:encoding><con:endpoint>http://soap.upskills.in/soap/default?services=salesOrderRepositoryV1</con:endpoint><con:request><![CDATA[<soap:Envelope xmlns:soap="http://www.w3.org/2003/05/soap-envelope" xmlns:def="http://soap.upskills.in/soap/default?services=salesOrderRepositoryV1">
   <soap:Header/>
   <soap:Body>
      <def:salesOrderRepositoryV1GetRequest>
         <id>3</id>
      </def:salesOrderRepositoryV1GetRequest>
   </soap:Body>
</soap:Envelope>]]></con:request><con:credentials><con:authType>No Authorization</con:authType></con:credentials><con:jmsConfig JMSDeliveryMode="PERSISTENT"/><con:jmsPropertyConfig/><con:wsaConfig mustUnderstand="NONE" version="200508" action="http://soap.upskills.in/soap/default?services=salesOrderRepositoryV1/salesOrderRepositoryV1PortType/salesOrderRepositoryV1GetRequest"/><con:wsrmConfig version="1.2"/></con:call></con:operation><con:operation id="fbb6605d-aa44-4adf-b039-59e2679094ec" isOneWay="false" action="salesOrderRepositoryV1GetList" name="salesOrderRepositoryV1GetList" bindingOperationName="salesOrderRepositoryV1GetList" type="Request-Response" inputName="" receivesAttachments="false" sendsAttachments="false" anonymous="optional"><con:settings/><con:call id="ccd1bd3c-0633-49f0-a4ff-2df6b38616e4" name="Request 1"><con:settings><con:setting id="com.eviware.soapui.impl.wsdl.WsdlRequest@request-headers">&lt;entry key="Authorization" value="bearer f0rf13pxtxp7mftwc23rq6e52yvmi5um" xmlns="http://eviware.com/soapui/config"/></con:setting></con:settings><con:encoding>UTF-8</con:encoding><con:endpoint>http://soap.upskills.in/soap/default?services=salesOrderRepositoryV1</con:endpoint><con:request><![CDATA[<soap:Envelope xmlns:soap="http://www.w3.org/2003/05/soap-envelope" xmlns:def="http://soap.upskills.in/soap/default?services=salesOrderRepositoryV1">
   <soap:Header/>
   <soap:Body>
      <def:salesOrderRepositoryV1GetListRequest>
         <searchCriteria>
            <filterGroups>
               <!--Zero or more repetitions:-->
               <item>
                  <!--Optional:-->
                  <filters>
                     <!--Zero or more repetitions:-->
                     <item>
                        <field>?</field>
                        <value>?</value>
                        <!--Optional:-->
                        <conditionType>?</conditionType>
                     </item>
                  </filters>
               </item>
            </filterGroups>
            <!--Optional:-->
            <sortOrders>
               <!--Zero or more repetitions:-->
               <item>
                  <field>?</field>
                  <direction>?</direction>
               </item>
            </sortOrders>
            <!--Optional:-->
            <pageSize>?</pageSize>
            <!--Optional:-->
            <currentPage>?</currentPage>
         </searchCriteria>
      </def:salesOrderRepositoryV1GetListRequest>
   </soap:Body>
</soap:Envelope>]]></con:request><con:credentials><con:authType>No Authorization</con:authType></con:credentials><con:jmsConfig JMSDeliveryMode="PERSISTENT"/><con:jmsPropertyConfig/><con:wsaConfig mustUnderstand="NONE" version="200508" action="http://soap.upskills.in/soap/default?services=salesOrderRepositoryV1/salesOrderRepositoryV1PortType/salesOrderRepositoryV1GetListRequest"/><con:wsrmConfig version="1.2"/></con:call></con:operation><con:operation id="c9a30996-a491-495b-871c-2a23fc61d321" isOneWay="false" action="salesOrderRepositoryV1Save" name="salesOrderRepositoryV1Save" bindingOperationName="salesOrderRepositoryV1Save" type="Request-Response" inputName="" receivesAttachments="false" sendsAttachments="false" anonymous="optional"><con:settings/><con:call id="d00df801-f75b-4eb9-8337-3e7d2357e9be" name="Request 1"><con:settings><con:setting id="com.eviware.soapui.impl.wsdl.WsdlRequest@request-headers">&lt;entry key="Authorization" value="bearer f0rf13pxtxp7mftwc23rq6e52yvmi5um" xmlns="http://eviware.com/soapui/config"/></con:setting></con:settings><con:encoding>UTF-8</con:encoding><con:endpoint>http://soap.upskills.in/soap/default?services=salesOrderRepositoryV1</con:endpoint><con:request><![CDATA[<soap:Envelope xmlns:soap="http://www.w3.org/2003/05/soap-envelope" xmlns:def="http://soap.upskills.in/soap/default?services=salesOrderRepositoryV1">
   <soap:Header/>
   <soap:Body>
      <def:salesOrderRepositoryV1SaveRequest>
         <entity>
            <!--Optional:-->
            <adjustmentNegative>?</adjustmentNegative>
            <!--Optional:-->
            <adjustmentPositive>?</adjustmentPositive>
            <!--Optional:-->
            <appliedRuleIds>?</appliedRuleIds>
            <!--Optional:-->
            <baseAdjustmentNegative>?</baseAdjustmentNegative>
            <!--Optional:-->
            <baseAdjustmentPositive>?</baseAdjustmentPositive>
            <!--Optional:-->
            <baseCurrencyCode>?</baseCurrencyCode>
            <!--Optional:-->
            <baseDiscountAmount>?</baseDiscountAmount>
            <!--Optional:-->
            <baseDiscountCanceled>?</baseDiscountCanceled>
            <!--Optional:-->
            <baseDiscountInvoiced>?</baseDiscountInvoiced>
            <!--Optional:-->
            <baseDiscountRefunded>?</baseDiscountRefunded>
            <baseGrandTotal>?</baseGrandTotal>
            <!--Optional:-->
            <baseDiscountTaxCompensationAmount>?</baseDiscountTaxCompensationAmount>
            <!--Optional:-->
            <baseDiscountTaxCompensationInvoiced>?</baseDiscountTaxCompensationInvoiced>
            <!--Optional:-->
            <baseDiscountTaxCompensationRefunded>?</baseDiscountTaxCompensationRefunded>
            <!--Optional:-->
            <baseShippingAmount>?</baseShippingAmount>
            <!--Optional:-->
            <baseShippingCanceled>?</baseShippingCanceled>
            <!--Optional:-->
            <baseShippingDiscountAmount>?</baseShippingDiscountAmount>
            <!--Optional:-->
            <baseShippingDiscountTaxCompensationAmnt>?</baseShippingDiscountTaxCompensationAmnt>
            <!--Optional:-->
            <baseShippingInclTax>?</baseShippingInclTax>
            <!--Optional:-->
            <baseShippingInvoiced>?</baseShippingInvoiced>
            <!--Optional:-->
            <baseShippingRefunded>?</baseShippingRefunded>
            <!--Optional:-->
            <baseShippingTaxAmount>?</baseShippingTaxAmount>
            <!--Optional:-->
            <baseShippingTaxRefunded>?</baseShippingTaxRefunded>
            <!--Optional:-->
            <baseSubtotal>?</baseSubtotal>
            <!--Optional:-->
            <baseSubtotalCanceled>?</baseSubtotalCanceled>
            <!--Optional:-->
            <baseSubtotalInclTax>?</baseSubtotalInclTax>
            <!--Optional:-->
            <baseSubtotalInvoiced>?</baseSubtotalInvoiced>
            <!--Optional:-->
            <baseSubtotalRefunded>?</baseSubtotalRefunded>
            <!--Optional:-->
            <baseTaxAmount>?</baseTaxAmount>
            <!--Optional:-->
            <baseTaxCanceled>?</baseTaxCanceled>
            <!--Optional:-->
            <baseTaxInvoiced>?</baseTaxInvoiced>
            <!--Optional:-->
            <baseTaxRefunded>?</baseTaxRefunded>
            <!--Optional:-->
            <baseTotalCanceled>?</baseTotalCanceled>
            <!--Optional:-->
            <baseTotalDue>?</baseTotalDue>
            <!--Optional:-->
            <baseTotalInvoiced>?</baseTotalInvoiced>
            <!--Optional:-->
            <baseTotalInvoicedCost>?</baseTotalInvoicedCost>
            <!--Optional:-->
            <baseTotalOfflineRefunded>?</baseTotalOfflineRefunded>
            <!--Optional:-->
            <baseTotalOnlineRefunded>?</baseTotalOnlineRefunded>
            <!--Optional:-->
            <baseTotalPaid>?</baseTotalPaid>
            <!--Optional:-->
            <baseTotalQtyOrdered>?</baseTotalQtyOrdered>
            <!--Optional:-->
            <baseTotalRefunded>?</baseTotalRefunded>
            <!--Optional:-->
            <baseToGlobalRate>?</baseToGlobalRate>
            <!--Optional:-->
            <baseToOrderRate>?</baseToOrderRate>
            <!--Optional:-->
            <billingAddressId>?</billingAddressId>
            <!--Optional:-->
            <canShipPartially>?</canShipPartially>
            <!--Optional:-->
            <canShipPartiallyItem>?</canShipPartiallyItem>
            <!--Optional:-->
            <couponCode>?</couponCode>
            <!--Optional:-->
            <createdAt>?</createdAt>
            <!--Optional:-->
            <customerDob>?</customerDob>
            <customerEmail>?</customerEmail>
            <!--Optional:-->
            <customerFirstname>?</customerFirstname>
            <!--Optional:-->
            <customerGender>?</customerGender>
            <!--Optional:-->
            <customerGroupId>?</customerGroupId>
            <!--Optional:-->
            <customerId>?</customerId>
            <!--Optional:-->
            <customerIsGuest>?</customerIsGuest>
            <!--Optional:-->
            <customerLastname>?</customerLastname>
            <!--Optional:-->
            <customerMiddlename>?</customerMiddlename>
            <!--Optional:-->
            <customerNote>?</customerNote>
            <!--Optional:-->
            <customerNoteNotify>?</customerNoteNotify>
            <!--Optional:-->
            <customerPrefix>?</customerPrefix>
            <!--Optional:-->
            <customerSuffix>?</customerSuffix>
            <!--Optional:-->
            <customerTaxvat>?</customerTaxvat>
            <!--Optional:-->
            <discountAmount>?</discountAmount>
            <!--Optional:-->
            <discountCanceled>?</discountCanceled>
            <!--Optional:-->
            <discountDescription>?</discountDescription>
            <!--Optional:-->
            <discountInvoiced>?</discountInvoiced>
            <!--Optional:-->
            <discountRefunded>?</discountRefunded>
            <!--Optional:-->
            <editIncrement>?</editIncrement>
            <!--Optional:-->
            <emailSent>?</emailSent>
            <!--Optional:-->
            <entityId>?</entityId>
            <!--Optional:-->
            <extCustomerId>?</extCustomerId>
            <!--Optional:-->
            <extOrderId>?</extOrderId>
            <!--Optional:-->
            <forcedShipmentWithInvoice>?</forcedShipmentWithInvoice>
            <!--Optional:-->
            <globalCurrencyCode>?</globalCurrencyCode>
            <grandTotal>?</grandTotal>
            <!--Optional:-->
            <discountTaxCompensationAmount>?</discountTaxCompensationAmount>
            <!--Optional:-->
            <discountTaxCompensationInvoiced>?</discountTaxCompensationInvoiced>
            <!--Optional:-->
            <discountTaxCompensationRefunded>?</discountTaxCompensationRefunded>
            <!--Optional:-->
            <holdBeforeState>?</holdBeforeState>
            <!--Optional:-->
            <holdBeforeStatus>?</holdBeforeStatus>
            <!--Optional:-->
            <incrementId>?</incrementId>
            <!--Optional:-->
            <isVirtual>?</isVirtual>
            <!--Optional:-->
            <orderCurrencyCode>?</orderCurrencyCode>
            <!--Optional:-->
            <originalIncrementId>?</originalIncrementId>
            <!--Optional:-->
            <paymentAuthorizationAmount>?</paymentAuthorizationAmount>
            <!--Optional:-->
            <paymentAuthExpiration>?</paymentAuthExpiration>
            <!--Optional:-->
            <protectCode>?</protectCode>
            <!--Optional:-->
            <quoteAddressId>?</quoteAddressId>
            <!--Optional:-->
            <quoteId>?</quoteId>
            <!--Optional:-->
            <relationChildId>?</relationChildId>
            <!--Optional:-->
            <relationChildRealId>?</relationChildRealId>
            <!--Optional:-->
            <relationParentId>?</relationParentId>
            <!--Optional:-->
            <relationParentRealId>?</relationParentRealId>
            <!--Optional:-->
            <remoteIp>?</remoteIp>
            <!--Optional:-->
            <shippingAmount>?</shippingAmount>
            <!--Optional:-->
            <shippingCanceled>?</shippingCanceled>
            <!--Optional:-->
            <shippingDescription>?</shippingDescription>
            <!--Optional:-->
            <shippingDiscountAmount>?</shippingDiscountAmount>
            <!--Optional:-->
            <shippingDiscountTaxCompensationAmount>?</shippingDiscountTaxCompensationAmount>
            <!--Optional:-->
            <shippingInclTax>?</shippingInclTax>
            <!--Optional:-->
            <shippingInvoiced>?</shippingInvoiced>
            <!--Optional:-->
            <shippingRefunded>?</shippingRefunded>
            <!--Optional:-->
            <shippingTaxAmount>?</shippingTaxAmount>
            <!--Optional:-->
            <shippingTaxRefunded>?</shippingTaxRefunded>
            <!--Optional:-->
            <state>?</state>
            <!--Optional:-->
            <status>?</status>
            <!--Optional:-->
            <storeCurrencyCode>?</storeCurrencyCode>
            <!--Optional:-->
            <storeId>?</storeId>
            <!--Optional:-->
            <storeName>?</storeName>
            <!--Optional:-->
            <storeToBaseRate>?</storeToBaseRate>
            <!--Optional:-->
            <storeToOrderRate>?</storeToOrderRate>
            <!--Optional:-->
            <subtotal>?</subtotal>
            <!--Optional:-->
            <subtotalCanceled>?</subtotalCanceled>
            <!--Optional:-->
            <subtotalInclTax>?</subtotalInclTax>
            <!--Optional:-->
            <subtotalInvoiced>?</subtotalInvoiced>
            <!--Optional:-->
            <subtotalRefunded>?</subtotalRefunded>
            <!--Optional:-->
            <taxAmount>?</taxAmount>
            <!--Optional:-->
            <taxCanceled>?</taxCanceled>
            <!--Optional:-->
            <taxInvoiced>?</taxInvoiced>
            <!--Optional:-->
            <taxRefunded>?</taxRefunded>
            <!--Optional:-->
            <totalCanceled>?</totalCanceled>
            <!--Optional:-->
            <totalDue>?</totalDue>
            <!--Optional:-->
            <totalInvoiced>?</totalInvoiced>
            <!--Optional:-->
            <totalItemCount>?</totalItemCount>
            <!--Optional:-->
            <totalOfflineRefunded>?</totalOfflineRefunded>
            <!--Optional:-->
            <totalOnlineRefunded>?</totalOnlineRefunded>
            <!--Optional:-->
            <totalPaid>?</totalPaid>
            <!--Optional:-->
            <totalQtyOrdered>?</totalQtyOrdered>
            <!--Optional:-->
            <totalRefunded>?</totalRefunded>
            <!--Optional:-->
            <updatedAt>?</updatedAt>
            <!--Optional:-->
            <weight>?</weight>
            <!--Optional:-->
            <xForwardedFor>?</xForwardedFor>
            <items>
               <!--Zero or more repetitions:-->
               <item>
                  <!--Optional:-->
                  <additionalData>?</additionalData>
                  <!--Optional:-->
                  <amountRefunded>?</amountRefunded>
                  <!--Optional:-->
                  <appliedRuleIds>?</appliedRuleIds>
                  <!--Optional:-->
                  <baseAmountRefunded>?</baseAmountRefunded>
                  <!--Optional:-->
                  <baseCost>?</baseCost>
                  <!--Optional:-->
                  <baseDiscountAmount>?</baseDiscountAmount>
                  <!--Optional:-->
                  <baseDiscountInvoiced>?</baseDiscountInvoiced>
                  <!--Optional:-->
                  <baseDiscountRefunded>?</baseDiscountRefunded>
                  <!--Optional:-->
                  <baseDiscountTaxCompensationAmount>?</baseDiscountTaxCompensationAmount>
                  <!--Optional:-->
                  <baseDiscountTaxCompensationInvoiced>?</baseDiscountTaxCompensationInvoiced>
                  <!--Optional:-->
                  <baseDiscountTaxCompensationRefunded>?</baseDiscountTaxCompensationRefunded>
                  <!--Optional:-->
                  <baseOriginalPrice>?</baseOriginalPrice>
                  <!--Optional:-->
                  <basePrice>?</basePrice>
                  <!--Optional:-->
                  <basePriceInclTax>?</basePriceInclTax>
                  <!--Optional:-->
                  <baseRowInvoiced>?</baseRowInvoiced>
                  <!--Optional:-->
                  <baseRowTotal>?</baseRowTotal>
                  <!--Optional:-->
                  <baseRowTotalInclTax>?</baseRowTotalInclTax>
                  <!--Optional:-->
                  <baseTaxAmount>?</baseTaxAmount>
                  <!--Optional:-->
                  <baseTaxBeforeDiscount>?</baseTaxBeforeDiscount>
                  <!--Optional:-->
                  <baseTaxInvoiced>?</baseTaxInvoiced>
                  <!--Optional:-->
                  <baseTaxRefunded>?</baseTaxRefunded>
                  <!--Optional:-->
                  <baseWeeeTaxAppliedAmount>?</baseWeeeTaxAppliedAmount>
                  <!--Optional:-->
                  <baseWeeeTaxAppliedRowAmnt>?</baseWeeeTaxAppliedRowAmnt>
                  <!--Optional:-->
                  <baseWeeeTaxDisposition>?</baseWeeeTaxDisposition>
                  <!--Optional:-->
                  <baseWeeeTaxRowDisposition>?</baseWeeeTaxRowDisposition>
                  <!--Optional:-->
                  <createdAt>?</createdAt>
                  <!--Optional:-->
                  <description>?</description>
                  <!--Optional:-->
                  <discountAmount>?</discountAmount>
                  <!--Optional:-->
                  <discountInvoiced>?</discountInvoiced>
                  <!--Optional:-->
                  <discountPercent>?</discountPercent>
                  <!--Optional:-->
                  <discountRefunded>?</discountRefunded>
                  <!--Optional:-->
                  <eventId>?</eventId>
                  <!--Optional:-->
                  <extOrderItemId>?</extOrderItemId>
                  <!--Optional:-->
                  <freeShipping>?</freeShipping>
                  <!--Optional:-->
                  <gwBasePrice>?</gwBasePrice>
                  <!--Optional:-->
                  <gwBasePriceInvoiced>?</gwBasePriceInvoiced>
                  <!--Optional:-->
                  <gwBasePriceRefunded>?</gwBasePriceRefunded>
                  <!--Optional:-->
                  <gwBaseTaxAmount>?</gwBaseTaxAmount>
                  <!--Optional:-->
                  <gwBaseTaxAmountInvoiced>?</gwBaseTaxAmountInvoiced>
                  <!--Optional:-->
                  <gwBaseTaxAmountRefunded>?</gwBaseTaxAmountRefunded>
                  <!--Optional:-->
                  <gwId>?</gwId>
                  <!--Optional:-->
                  <gwPrice>?</gwPrice>
                  <!--Optional:-->
                  <gwPriceInvoiced>?</gwPriceInvoiced>
                  <!--Optional:-->
                  <gwPriceRefunded>?</gwPriceRefunded>
                  <!--Optional:-->
                  <gwTaxAmount>?</gwTaxAmount>
                  <!--Optional:-->
                  <gwTaxAmountInvoiced>?</gwTaxAmountInvoiced>
                  <!--Optional:-->
                  <gwTaxAmountRefunded>?</gwTaxAmountRefunded>
                  <!--Optional:-->
                  <discountTaxCompensationAmount>?</discountTaxCompensationAmount>
                  <!--Optional:-->
                  <discountTaxCompensationCanceled>?</discountTaxCompensationCanceled>
                  <!--Optional:-->
                  <discountTaxCompensationInvoiced>?</discountTaxCompensationInvoiced>
                  <!--Optional:-->
                  <discountTaxCompensationRefunded>?</discountTaxCompensationRefunded>
                  <!--Optional:-->
                  <isQtyDecimal>?</isQtyDecimal>
                  <!--Optional:-->
                  <isVirtual>?</isVirtual>
                  <!--Optional:-->
                  <itemId>?</itemId>
                  <!--Optional:-->
                  <lockedDoInvoice>?</lockedDoInvoice>
                  <!--Optional:-->
                  <lockedDoShip>?</lockedDoShip>
                  <!--Optional:-->
                  <name>?</name>
                  <!--Optional:-->
                  <noDiscount>?</noDiscount>
                  <!--Optional:-->
                  <orderId>?</orderId>
                  <!--Optional:-->
                  <originalPrice>?</originalPrice>
                  <!--Optional:-->
                  <parentItemId>?</parentItemId>
                  <!--Optional:-->
                  <price>?</price>
                  <!--Optional:-->
                  <priceInclTax>?</priceInclTax>
                  <!--Optional:-->
                  <productId>?</productId>
                  <!--Optional:-->
                  <productType>?</productType>
                  <!--Optional:-->
                  <qtyBackordered>?</qtyBackordered>
                  <!--Optional:-->
                  <qtyCanceled>?</qtyCanceled>
                  <!--Optional:-->
                  <qtyInvoiced>?</qtyInvoiced>
                  <!--Optional:-->
                  <qtyOrdered>?</qtyOrdered>
                  <!--Optional:-->
                  <qtyRefunded>?</qtyRefunded>
                  <!--Optional:-->
                  <qtyReturned>?</qtyReturned>
                  <!--Optional:-->
                  <qtyShipped>?</qtyShipped>
                  <!--Optional:-->
                  <quoteItemId>?</quoteItemId>
                  <!--Optional:-->
                  <rowInvoiced>?</rowInvoiced>
                  <!--Optional:-->
                  <rowTotal>?</rowTotal>
                  <!--Optional:-->
                  <rowTotalInclTax>?</rowTotalInclTax>
                  <!--Optional:-->
                  <rowWeight>?</rowWeight>
                  <sku>?</sku>
                  <!--Optional:-->
                  <storeId>?</storeId>
                  <!--Optional:-->
                  <taxAmount>?</taxAmount>
                  <!--Optional:-->
                  <taxBeforeDiscount>?</taxBeforeDiscount>
                  <!--Optional:-->
                  <taxCanceled>?</taxCanceled>
                  <!--Optional:-->
                  <taxInvoiced>?</taxInvoiced>
                  <!--Optional:-->
                  <taxPercent>?</taxPercent>
                  <!--Optional:-->
                  <taxRefunded>?</taxRefunded>
                  <!--Optional:-->
                  <updatedAt>?</updatedAt>
                  <!--Optional:-->
                  <weeeTaxApplied>?</weeeTaxApplied>
                  <!--Optional:-->
                  <weeeTaxAppliedAmount>?</weeeTaxAppliedAmount>
                  <!--Optional:-->
                  <weeeTaxAppliedRowAmount>?</weeeTaxAppliedRowAmount>
                  <!--Optional:-->
                  <weeeTaxDisposition>?</weeeTaxDisposition>
                  <!--Optional:-->
                  <weeeTaxRowDisposition>?</weeeTaxRowDisposition>
                  <!--Optional:-->
                  <weight>?</weight>
                  <!--Optional:-->
                  <parentItem/>
                  <!--Optional:-->
                  <productOption>
                     <!--Optional:-->
                     <extensionAttributes>
                        <!--Optional:-->
                        <customOptions>
                           <!--Zero or more repetitions:-->
                           <item>
                              <optionId>?</optionId>
                              <optionValue>?</optionValue>
                              <!--Optional:-->
                              <extensionAttributes>
                                 <!--Optional:-->
                                 <fileInfo>
                                    <base64EncodedData>?</base64EncodedData>
                                    <type>?</type>
                                    <name>?</name>
                                 </fileInfo>
                              </extensionAttributes>
                           </item>
                        </customOptions>
                        <!--Optional:-->
                        <configurableItemOptions>
                           <!--Zero or more repetitions:-->
                           <item>
                              <optionId>?</optionId>
                              <!--Optional:-->
                              <optionValue>?</optionValue>
                              <!--Optional:-->
                              <extensionAttributes/>
                           </item>
                        </configurableItemOptions>
                        <!--Optional:-->
                        <downloadableOption>
                           <downloadableLinks>
                              <!--Zero or more repetitions:-->
                              <item>?</item>
                           </downloadableLinks>
                        </downloadableOption>
                        <!--Optional:-->
                        <bundleOptions>
                           <!--Zero or more repetitions:-->
                           <item>
                              <optionId>?</optionId>
                              <optionQty>?</optionQty>
                              <optionSelections>
                                 <!--Zero or more repetitions:-->
                                 <item>?</item>
                              </optionSelections>
                              <!--Optional:-->
                              <extensionAttributes/>
                           </item>
                        </bundleOptions>
                     </extensionAttributes>
                  </productOption>
                  <!--Optional:-->
                  <extensionAttributes>
                     <!--Optional:-->
                     <giftMessage>
                        <!--Optional:-->
                        <giftMessageId>?</giftMessageId>
                        <!--Optional:-->
                        <customerId>?</customerId>
                        <sender>?</sender>
                        <recipient>?</recipient>
                        <message>?</message>
                        <!--Optional:-->
                        <extensionAttributes>
                           <!--Optional:-->
                           <entityId>?</entityId>
                           <!--Optional:-->
                           <entityType>?</entityType>
                        </extensionAttributes>
                     </giftMessage>
                     <!--Optional:-->
                     <vertexTaxCodes>
                        <!--Zero or more repetitions:-->
                        <item>?</item>
                     </vertexTaxCodes>
                     <!--Optional:-->
                     <invoiceTextCodes>
                        <!--Zero or more repetitions:-->
                        <item>?</item>
                     </invoiceTextCodes>
                     <!--Optional:-->
                     <taxCodes>
                        <!--Zero or more repetitions:-->
                        <item>?</item>
                     </taxCodes>
                  </extensionAttributes>
               </item>
            </items>
            <!--Optional:-->
            <billingAddress>
               <addressType>?</addressType>
               <city>?</city>
               <!--Optional:-->
               <company>?</company>
               <countryId>?</countryId>
               <!--Optional:-->
               <customerAddressId>?</customerAddressId>
               <!--Optional:-->
               <customerId>?</customerId>
               <!--Optional:-->
               <email>?</email>
               <!--Optional:-->
               <entityId>?</entityId>
               <!--Optional:-->
               <fax>?</fax>
               <firstname>?</firstname>
               <lastname>?</lastname>
               <!--Optional:-->
               <middlename>?</middlename>
               <!--Optional:-->
               <parentId>?</parentId>
               <postcode>?</postcode>
               <!--Optional:-->
               <prefix>?</prefix>
               <!--Optional:-->
               <region>?</region>
               <!--Optional:-->
               <regionCode>?</regionCode>
               <!--Optional:-->
               <regionId>?</regionId>
               <!--Optional:-->
               <street>
                  <!--Zero or more repetitions:-->
                  <item>?</item>
               </street>
               <!--Optional:-->
               <suffix>?</suffix>
               <telephone>?</telephone>
               <!--Optional:-->
               <vatId>?</vatId>
               <!--Optional:-->
               <vatIsValid>?</vatIsValid>
               <!--Optional:-->
               <vatRequestDate>?</vatRequestDate>
               <!--Optional:-->
               <vatRequestId>?</vatRequestId>
               <!--Optional:-->
               <vatRequestSuccess>?</vatRequestSuccess>
               <!--Optional:-->
               <extensionAttributes>
                  <!--Optional:-->
                  <checkoutFields>
                     <!--Zero or more repetitions:-->
                     <item>
                        <attributeCode>?</attributeCode>
                        <value>?</value>
                     </item>
                  </checkoutFields>
               </extensionAttributes>
            </billingAddress>
            <!--Optional:-->
            <payment>
               <accountStatus>?</accountStatus>
               <!--Optional:-->
               <additionalData>?</additionalData>
               <additionalInformation>
                  <!--Zero or more repetitions:-->
                  <item>?</item>
               </additionalInformation>
               <!--Optional:-->
               <addressStatus>?</addressStatus>
               <!--Optional:-->
               <amountAuthorized>?</amountAuthorized>
               <!--Optional:-->
               <amountCanceled>?</amountCanceled>
               <!--Optional:-->
               <amountOrdered>?</amountOrdered>
               <!--Optional:-->
               <amountPaid>?</amountPaid>
               <!--Optional:-->
               <amountRefunded>?</amountRefunded>
               <!--Optional:-->
               <anetTransMethod>?</anetTransMethod>
               <!--Optional:-->
               <baseAmountAuthorized>?</baseAmountAuthorized>
               <!--Optional:-->
               <baseAmountCanceled>?</baseAmountCanceled>
               <!--Optional:-->
               <baseAmountOrdered>?</baseAmountOrdered>
               <!--Optional:-->
               <baseAmountPaid>?</baseAmountPaid>
               <!--Optional:-->
               <baseAmountPaidOnline>?</baseAmountPaidOnline>
               <!--Optional:-->
               <baseAmountRefunded>?</baseAmountRefunded>
               <!--Optional:-->
               <baseAmountRefundedOnline>?</baseAmountRefundedOnline>
               <!--Optional:-->
               <baseShippingAmount>?</baseShippingAmount>
               <!--Optional:-->
               <baseShippingCaptured>?</baseShippingCaptured>
               <!--Optional:-->
               <baseShippingRefunded>?</baseShippingRefunded>
               <!--Optional:-->
               <ccApproval>?</ccApproval>
               <!--Optional:-->
               <ccAvsStatus>?</ccAvsStatus>
               <!--Optional:-->
               <ccCidStatus>?</ccCidStatus>
               <!--Optional:-->
               <ccDebugRequestBody>?</ccDebugRequestBody>
               <!--Optional:-->
               <ccDebugResponseBody>?</ccDebugResponseBody>
               <!--Optional:-->
               <ccDebugResponseSerialized>?</ccDebugResponseSerialized>
               <!--Optional:-->
               <ccExpMonth>?</ccExpMonth>
               <!--Optional:-->
               <ccExpYear>?</ccExpYear>
               <ccLast4>?</ccLast4>
               <!--Optional:-->
               <ccNumberEnc>?</ccNumberEnc>
               <!--Optional:-->
               <ccOwner>?</ccOwner>
               <!--Optional:-->
               <ccSecureVerify>?</ccSecureVerify>
               <!--Optional:-->
               <ccSsIssue>?</ccSsIssue>
               <!--Optional:-->
               <ccSsStartMonth>?</ccSsStartMonth>
               <!--Optional:-->
               <ccSsStartYear>?</ccSsStartYear>
               <!--Optional:-->
               <ccStatus>?</ccStatus>
               <!--Optional:-->
               <ccStatusDescription>?</ccStatusDescription>
               <!--Optional:-->
               <ccTransId>?</ccTransId>
               <!--Optional:-->
               <ccType>?</ccType>
               <!--Optional:-->
               <echeckAccountName>?</echeckAccountName>
               <!--Optional:-->
               <echeckAccountType>?</echeckAccountType>
               <!--Optional:-->
               <echeckBankName>?</echeckBankName>
               <!--Optional:-->
               <echeckRoutingNumber>?</echeckRoutingNumber>
               <!--Optional:-->
               <echeckType>?</echeckType>
               <!--Optional:-->
               <entityId>?</entityId>
               <!--Optional:-->
               <lastTransId>?</lastTransId>
               <method>?</method>
               <!--Optional:-->
               <parentId>?</parentId>
               <!--Optional:-->
               <poNumber>?</poNumber>
               <!--Optional:-->
               <protectionEligibility>?</protectionEligibility>
               <!--Optional:-->
               <quotePaymentId>?</quotePaymentId>
               <!--Optional:-->
               <shippingAmount>?</shippingAmount>
               <!--Optional:-->
               <shippingCaptured>?</shippingCaptured>
               <!--Optional:-->
               <shippingRefunded>?</shippingRefunded>
               <!--Optional:-->
               <extensionAttributes>
                  <!--Optional:-->
                  <vaultPaymentToken>
                     <!--Optional:-->
                     <entityId>?</entityId>
                     <!--Optional:-->
                     <customerId>?</customerId>
                     <publicHash>?</publicHash>
                     <paymentMethodCode>?</paymentMethodCode>
                     <type>?</type>
                     <!--Optional:-->
                     <createdAt>?</createdAt>
                     <!--Optional:-->
                     <expiresAt>?</expiresAt>
                     <gatewayToken>?</gatewayToken>
                     <tokenDetails>?</tokenDetails>
                     <isActive>?</isActive>
                     <isVisible>?</isVisible>
                  </vaultPaymentToken>
               </extensionAttributes>
            </payment>
            <!--Optional:-->
            <statusHistories>
               <!--Zero or more repetitions:-->
               <item>
                  <comment>?</comment>
                  <!--Optional:-->
                  <createdAt>?</createdAt>
                  <!--Optional:-->
                  <entityId>?</entityId>
                  <!--Optional:-->
                  <entityName>?</entityName>
                  <isCustomerNotified>?</isCustomerNotified>
                  <isVisibleOnFront>?</isVisibleOnFront>
                  <parentId>?</parentId>
                  <!--Optional:-->
                  <status>?</status>
                  <!--Optional:-->
                  <extensionAttributes/>
               </item>
            </statusHistories>
            <!--Optional:-->
            <extensionAttributes>
               <!--Optional:-->
               <shippingAssignments>
                  <!--Zero or more repetitions:-->
                  <item>
                     <shipping>
                        <!--Optional:-->
                        <address>
                           <addressType>?</addressType>
                           <city>?</city>
                           <!--Optional:-->
                           <company>?</company>
                           <countryId>?</countryId>
                           <!--Optional:-->
                           <customerAddressId>?</customerAddressId>
                           <!--Optional:-->
                           <customerId>?</customerId>
                           <!--Optional:-->
                           <email>?</email>
                           <!--Optional:-->
                           <entityId>?</entityId>
                           <!--Optional:-->
                           <fax>?</fax>
                           <firstname>?</firstname>
                           <lastname>?</lastname>
                           <!--Optional:-->
                           <middlename>?</middlename>
                           <!--Optional:-->
                           <parentId>?</parentId>
                           <postcode>?</postcode>
                           <!--Optional:-->
                           <prefix>?</prefix>
                           <!--Optional:-->
                           <region>?</region>
                           <!--Optional:-->
                           <regionCode>?</regionCode>
                           <!--Optional:-->
                           <regionId>?</regionId>
                           <!--Optional:-->
                           <street>
                              <!--Zero or more repetitions:-->
                              <item>?</item>
                           </street>
                           <!--Optional:-->
                           <suffix>?</suffix>
                           <telephone>?</telephone>
                           <!--Optional:-->
                           <vatId>?</vatId>
                           <!--Optional:-->
                           <vatIsValid>?</vatIsValid>
                           <!--Optional:-->
                           <vatRequestDate>?</vatRequestDate>
                           <!--Optional:-->
                           <vatRequestId>?</vatRequestId>
                           <!--Optional:-->
                           <vatRequestSuccess>?</vatRequestSuccess>
                           <!--Optional:-->
                           <extensionAttributes>
                              <!--Optional:-->
                              <checkoutFields>
                                 <!--Zero or more repetitions:-->
                                 <item>
                                    <attributeCode>?</attributeCode>
                                    <value>?</value>
                                 </item>
                              </checkoutFields>
                           </extensionAttributes>
                        </address>
                        <!--Optional:-->
                        <method>?</method>
                        <!--Optional:-->
                        <total>
                           <!--Optional:-->
                           <baseShippingAmount>?</baseShippingAmount>
                           <!--Optional:-->
                           <baseShippingCanceled>?</baseShippingCanceled>
                           <!--Optional:-->
                           <baseShippingDiscountAmount>?</baseShippingDiscountAmount>
                           <!--Optional:-->
                           <baseShippingDiscountTaxCompensationAmnt>?</baseShippingDiscountTaxCompensationAmnt>
                           <!--Optional:-->
                           <baseShippingInclTax>?</baseShippingInclTax>
                           <!--Optional:-->
                           <baseShippingInvoiced>?</baseShippingInvoiced>
                           <!--Optional:-->
                           <baseShippingRefunded>?</baseShippingRefunded>
                           <!--Optional:-->
                           <baseShippingTaxAmount>?</baseShippingTaxAmount>
                           <!--Optional:-->
                           <baseShippingTaxRefunded>?</baseShippingTaxRefunded>
                           <!--Optional:-->
                           <shippingAmount>?</shippingAmount>
                           <!--Optional:-->
                           <shippingCanceled>?</shippingCanceled>
                           <!--Optional:-->
                           <shippingDiscountAmount>?</shippingDiscountAmount>
                           <!--Optional:-->
                           <shippingDiscountTaxCompensationAmount>?</shippingDiscountTaxCompensationAmount>
                           <!--Optional:-->
                           <shippingInclTax>?</shippingInclTax>
                           <!--Optional:-->
                           <shippingInvoiced>?</shippingInvoiced>
                           <!--Optional:-->
                           <shippingRefunded>?</shippingRefunded>
                           <!--Optional:-->
                           <shippingTaxAmount>?</shippingTaxAmount>
                           <!--Optional:-->
                           <shippingTaxRefunded>?</shippingTaxRefunded>
                           <!--Optional:-->
                           <extensionAttributes/>
                        </total>
                        <!--Optional:-->
                        <extensionAttributes>
                           <!--Optional:-->
                           <extOrderId>?</extOrderId>
                           <!--Optional:-->
                           <shippingExperience>
                              <label>?</label>
                              <code>?</code>
                              <cost>?</cost>
                           </shippingExperience>
                           <!--Optional:-->
                           <collectionPoint>
                              <recipientAddressId>?</recipientAddressId>
                              <collectionPointId>?</collectionPointId>
                              <name>?</name>
                              <country>?</country>
                              <region>?</region>
                              <postcode>?</postcode>
                              <city>?</city>
                              <street>
                                 <!--Zero or more repetitions:-->
                                 <item>?</item>
                              </street>
                           </collectionPoint>
                        </extensionAttributes>
                     </shipping>
                     <items>
                        <!--Zero or more repetitions:-->
                        <item>
                           <!--Optional:-->
                           <additionalData>?</additionalData>
                           <!--Optional:-->
                           <amountRefunded>?</amountRefunded>
                           <!--Optional:-->
                           <appliedRuleIds>?</appliedRuleIds>
                           <!--Optional:-->
                           <baseAmountRefunded>?</baseAmountRefunded>
                           <!--Optional:-->
                           <baseCost>?</baseCost>
                           <!--Optional:-->
                           <baseDiscountAmount>?</baseDiscountAmount>
                           <!--Optional:-->
                           <baseDiscountInvoiced>?</baseDiscountInvoiced>
                           <!--Optional:-->
                           <baseDiscountRefunded>?</baseDiscountRefunded>
                           <!--Optional:-->
                           <baseDiscountTaxCompensationAmount>?</baseDiscountTaxCompensationAmount>
                           <!--Optional:-->
                           <baseDiscountTaxCompensationInvoiced>?</baseDiscountTaxCompensationInvoiced>
                           <!--Optional:-->
                           <baseDiscountTaxCompensationRefunded>?</baseDiscountTaxCompensationRefunded>
                           <!--Optional:-->
                           <baseOriginalPrice>?</baseOriginalPrice>
                           <!--Optional:-->
                           <basePrice>?</basePrice>
                           <!--Optional:-->
                           <basePriceInclTax>?</basePriceInclTax>
                           <!--Optional:-->
                           <baseRowInvoiced>?</baseRowInvoiced>
                           <!--Optional:-->
                           <baseRowTotal>?</baseRowTotal>
                           <!--Optional:-->
                           <baseRowTotalInclTax>?</baseRowTotalInclTax>
                           <!--Optional:-->
                           <baseTaxAmount>?</baseTaxAmount>
                           <!--Optional:-->
                           <baseTaxBeforeDiscount>?</baseTaxBeforeDiscount>
                           <!--Optional:-->
                           <baseTaxInvoiced>?</baseTaxInvoiced>
                           <!--Optional:-->
                           <baseTaxRefunded>?</baseTaxRefunded>
                           <!--Optional:-->
                           <baseWeeeTaxAppliedAmount>?</baseWeeeTaxAppliedAmount>
                           <!--Optional:-->
                           <baseWeeeTaxAppliedRowAmnt>?</baseWeeeTaxAppliedRowAmnt>
                           <!--Optional:-->
                           <baseWeeeTaxDisposition>?</baseWeeeTaxDisposition>
                           <!--Optional:-->
                           <baseWeeeTaxRowDisposition>?</baseWeeeTaxRowDisposition>
                           <!--Optional:-->
                           <createdAt>?</createdAt>
                           <!--Optional:-->
                           <description>?</description>
                           <!--Optional:-->
                           <discountAmount>?</discountAmount>
                           <!--Optional:-->
                           <discountInvoiced>?</discountInvoiced>
                           <!--Optional:-->
                           <discountPercent>?</discountPercent>
                           <!--Optional:-->
                           <discountRefunded>?</discountRefunded>
                           <!--Optional:-->
                           <eventId>?</eventId>
                           <!--Optional:-->
                           <extOrderItemId>?</extOrderItemId>
                           <!--Optional:-->
                           <freeShipping>?</freeShipping>
                           <!--Optional:-->
                           <gwBasePrice>?</gwBasePrice>
                           <!--Optional:-->
                           <gwBasePriceInvoiced>?</gwBasePriceInvoiced>
                           <!--Optional:-->
                           <gwBasePriceRefunded>?</gwBasePriceRefunded>
                           <!--Optional:-->
                           <gwBaseTaxAmount>?</gwBaseTaxAmount>
                           <!--Optional:-->
                           <gwBaseTaxAmountInvoiced>?</gwBaseTaxAmountInvoiced>
                           <!--Optional:-->
                           <gwBaseTaxAmountRefunded>?</gwBaseTaxAmountRefunded>
                           <!--Optional:-->
                           <gwId>?</gwId>
                           <!--Optional:-->
                           <gwPrice>?</gwPrice>
                           <!--Optional:-->
                           <gwPriceInvoiced>?</gwPriceInvoiced>
                           <!--Optional:-->
                           <gwPriceRefunded>?</gwPriceRefunded>
                           <!--Optional:-->
                           <gwTaxAmount>?</gwTaxAmount>
                           <!--Optional:-->
                           <gwTaxAmountInvoiced>?</gwTaxAmountInvoiced>
                           <!--Optional:-->
                           <gwTaxAmountRefunded>?</gwTaxAmountRefunded>
                           <!--Optional:-->
                           <discountTaxCompensationAmount>?</discountTaxCompensationAmount>
                           <!--Optional:-->
                           <discountTaxCompensationCanceled>?</discountTaxCompensationCanceled>
                           <!--Optional:-->
                           <discountTaxCompensationInvoiced>?</discountTaxCompensationInvoiced>
                           <!--Optional:-->
                           <discountTaxCompensationRefunded>?</discountTaxCompensationRefunded>
                           <!--Optional:-->
                           <isQtyDecimal>?</isQtyDecimal>
                           <!--Optional:-->
                           <isVirtual>?</isVirtual>
                           <!--Optional:-->
                           <itemId>?</itemId>
                           <!--Optional:-->
                           <lockedDoInvoice>?</lockedDoInvoice>
                           <!--Optional:-->
                           <lockedDoShip>?</lockedDoShip>
                           <!--Optional:-->
                           <name>?</name>
                           <!--Optional:-->
                           <noDiscount>?</noDiscount>
                           <!--Optional:-->
                           <orderId>?</orderId>
                           <!--Optional:-->
                           <originalPrice>?</originalPrice>
                           <!--Optional:-->
                           <parentItemId>?</parentItemId>
                           <!--Optional:-->
                           <price>?</price>
                           <!--Optional:-->
                           <priceInclTax>?</priceInclTax>
                           <!--Optional:-->
                           <productId>?</productId>
                           <!--Optional:-->
                           <productType>?</productType>
                           <!--Optional:-->
                           <qtyBackordered>?</qtyBackordered>
                           <!--Optional:-->
                           <qtyCanceled>?</qtyCanceled>
                           <!--Optional:-->
                           <qtyInvoiced>?</qtyInvoiced>
                           <!--Optional:-->
                           <qtyOrdered>?</qtyOrdered>
                           <!--Optional:-->
                           <qtyRefunded>?</qtyRefunded>
                           <!--Optional:-->
                           <qtyReturned>?</qtyReturned>
                           <!--Optional:-->
                           <qtyShipped>?</qtyShipped>
                           <!--Optional:-->
                           <quoteItemId>?</quoteItemId>
                           <!--Optional:-->
                           <rowInvoiced>?</rowInvoiced>
                           <!--Optional:-->
                           <rowTotal>?</rowTotal>
                           <!--Optional:-->
                           <rowTotalInclTax>?</rowTotalInclTax>
                           <!--Optional:-->
                           <rowWeight>?</rowWeight>
                           <sku>?</sku>
                           <!--Optional:-->
                           <storeId>?</storeId>
                           <!--Optional:-->
                           <taxAmount>?</taxAmount>
                           <!--Optional:-->
                           <taxBeforeDiscount>?</taxBeforeDiscount>
                           <!--Optional:-->
                           <taxCanceled>?</taxCanceled>
                           <!--Optional:-->
                           <taxInvoiced>?</taxInvoiced>
                           <!--Optional:-->
                           <taxPercent>?</taxPercent>
                           <!--Optional:-->
                           <taxRefunded>?</taxRefunded>
                           <!--Optional:-->
                           <updatedAt>?</updatedAt>
                           <!--Optional:-->
                           <weeeTaxApplied>?</weeeTaxApplied>
                           <!--Optional:-->
                           <weeeTaxAppliedAmount>?</weeeTaxAppliedAmount>
                           <!--Optional:-->
                           <weeeTaxAppliedRowAmount>?</weeeTaxAppliedRowAmount>
                           <!--Optional:-->
                           <weeeTaxDisposition>?</weeeTaxDisposition>
                           <!--Optional:-->
                           <weeeTaxRowDisposition>?</weeeTaxRowDisposition>
                           <!--Optional:-->
                           <weight>?</weight>
                           <!--Optional:-->
                           <parentItem/>
                           <!--Optional:-->
                           <productOption>
                              <!--Optional:-->
                              <extensionAttributes>
                                 <!--Optional:-->
                                 <customOptions>
                                    <!--Zero or more repetitions:-->
                                    <item>
                                       <optionId>?</optionId>
                                       <optionValue>?</optionValue>
                                       <!--Optional:-->
                                       <extensionAttributes>
                                          <!--Optional:-->
                                          <fileInfo>
                                             <base64EncodedData>?</base64EncodedData>
                                             <type>?</type>
                                             <name>?</name>
                                          </fileInfo>
                                       </extensionAttributes>
                                    </item>
                                 </customOptions>
                                 <!--Optional:-->
                                 <configurableItemOptions>
                                    <!--Zero or more repetitions:-->
                                    <item>
                                       <optionId>?</optionId>
                                       <!--Optional:-->
                                       <optionValue>?</optionValue>
                                       <!--Optional:-->
                                       <extensionAttributes/>
                                    </item>
                                 </configurableItemOptions>
                                 <!--Optional:-->
                                 <downloadableOption>
                                    <downloadableLinks>
                                       <!--Zero or more repetitions:-->
                                       <item>?</item>
                                    </downloadableLinks>
                                 </downloadableOption>
                                 <!--Optional:-->
                                 <bundleOptions>
                                    <!--Zero or more repetitions:-->
                                    <item>
                                       <optionId>?</optionId>
                                       <optionQty>?</optionQty>
                                       <optionSelections>
                                          <!--Zero or more repetitions:-->
                                          <item>?</item>
                                       </optionSelections>
                                       <!--Optional:-->
                                       <extensionAttributes/>
                                    </item>
                                 </bundleOptions>
                              </extensionAttributes>
                           </productOption>
                           <!--Optional:-->
                           <extensionAttributes>
                              <!--Optional:-->
                              <giftMessage>
                                 <!--Optional:-->
                                 <giftMessageId>?</giftMessageId>
                                 <!--Optional:-->
                                 <customerId>?</customerId>
                                 <sender>?</sender>
                                 <recipient>?</recipient>
                                 <message>?</message>
                                 <!--Optional:-->
                                 <extensionAttributes>
                                    <!--Optional:-->
                                    <entityId>?</entityId>
                                    <!--Optional:-->
                                    <entityType>?</entityType>
                                 </extensionAttributes>
                              </giftMessage>
                              <!--Optional:-->
                              <vertexTaxCodes>
                                 <!--Zero or more repetitions:-->
                                 <item>?</item>
                              </vertexTaxCodes>
                              <!--Optional:-->
                              <invoiceTextCodes>
                                 <!--Zero or more repetitions:-->
                                 <item>?</item>
                              </invoiceTextCodes>
                              <!--Optional:-->
                              <taxCodes>
                                 <!--Zero or more repetitions:-->
                                 <item>?</item>
                              </taxCodes>
                           </extensionAttributes>
                        </item>
                     </items>
                     <!--Optional:-->
                     <stockId>?</stockId>
                     <!--Optional:-->
                     <extensionAttributes/>
                  </item>
               </shippingAssignments>
               <!--Optional:-->
               <paymentAdditionalInfo>
                  <!--Zero or more repetitions:-->
                  <item>
                     <key>?</key>
                     <value>?</value>
                  </item>
               </paymentAdditionalInfo>
               <!--Optional:-->
               <giftMessage>
                  <!--Optional:-->
                  <giftMessageId>?</giftMessageId>
                  <!--Optional:-->
                  <customerId>?</customerId>
                  <sender>?</sender>
                  <recipient>?</recipient>
                  <message>?</message>
                  <!--Optional:-->
                  <extensionAttributes>
                     <!--Optional:-->
                     <entityId>?</entityId>
                     <!--Optional:-->
                     <entityType>?</entityType>
                  </extensionAttributes>
               </giftMessage>
               <!--Optional:-->
               <appliedTaxes>
                  <!--Zero or more repetitions:-->
                  <item>
                     <!--Optional:-->
                     <code>?</code>
                     <!--Optional:-->
                     <title>?</title>
                     <!--Optional:-->
                     <percent>?</percent>
                     <amount>?</amount>
                     <baseAmount>?</baseAmount>
                     <!--Optional:-->
                     <extensionAttributes>
                        <!--Optional:-->
                        <rates>
                           <!--Zero or more repetitions:-->
                           <item>
                              <!--Optional:-->
                              <code>?</code>
                              <!--Optional:-->
                              <title>?</title>
                              <!--Optional:-->
                              <percent>?</percent>
                              <!--Optional:-->
                              <extensionAttributes/>
                           </item>
                        </rates>
                     </extensionAttributes>
                  </item>
               </appliedTaxes>
               <!--Optional:-->
               <itemAppliedTaxes>
                  <!--Zero or more repetitions:-->
                  <item>
                     <!--Optional:-->
                     <type>?</type>
                     <!--Optional:-->
                     <itemId>?</itemId>
                     <!--Optional:-->
                     <associatedItemId>?</associatedItemId>
                     <!--Optional:-->
                     <appliedTaxes>
                        <!--Zero or more repetitions:-->
                        <item>
                           <!--Optional:-->
                           <code>?</code>
                           <!--Optional:-->
                           <title>?</title>
                           <!--Optional:-->
                           <percent>?</percent>
                           <amount>?</amount>
                           <baseAmount>?</baseAmount>
                           <!--Optional:-->
                           <extensionAttributes>
                              <!--Optional:-->
                              <rates>
                                 <!--Zero or more repetitions:-->
                                 <item>
                                    <!--Optional:-->
                                    <code>?</code>
                                    <!--Optional:-->
                                    <title>?</title>
                                    <!--Optional:-->
                                    <percent>?</percent>
                                    <!--Optional:-->
                                    <extensionAttributes/>
                                 </item>
                              </rates>
                           </extensionAttributes>
                        </item>
                     </appliedTaxes>
                     <!--Optional:-->
                     <extensionAttributes/>
                  </item>
               </itemAppliedTaxes>
               <!--Optional:-->
               <convertingFromQuote>?</convertingFromQuote>
               <!--Optional:-->
               <amazonOrderReferenceId>
                  <amazonOrderReferenceId>?</amazonOrderReferenceId>
                  <orderId>?</orderId>
               </amazonOrderReferenceId>
            </extensionAttributes>
         </entity>
      </def:salesOrderRepositoryV1SaveRequest>
   </soap:Body>
</soap:Envelope>]]></con:request><con:credentials><con:authType>No Authorization</con:authType></con:credentials><con:jmsConfig JMSDeliveryMode="PERSISTENT"/><con:jmsPropertyConfig/><con:wsaConfig mustUnderstand="NONE" version="200508" action="http://soap.upskills.in/soap/default?services=salesOrderRepositoryV1/salesOrderRepositoryV1PortType/salesOrderRepositoryV1SaveRequest"/><con:wsrmConfig version="1.2"/></con:call></con:operation></con:interface><con:testSuite id="5d816f8d-acf2-4477-b357-22ac18ff481b" name="TestSuite - TC_012"><con:settings/><con:runType>SEQUENTIAL</con:runType><con:testCase id="ef68d7cc-b4db-4f6d-9fb8-1adc9922504c" failOnError="true" failTestCaseOnErrors="true" keepSession="false" maxResults="0" name="TestCase - PropertyTransfer" searchProperties="true"><con:settings/><con:testStep type="properties" name="Properties" id="777f8e36-51bb-47ea-adb2-2499a60e8b7c"><con:settings/><con:config xsi:type="con:PropertiesStep" saveFirst="true" xmlns:xsi="http://www.w3.org/2001/XMLSchema-instance"><con:properties><con:property><con:name>EmailID</con:name><con:value>arunprakash1@gmail.com</con:value></con:property><con:property><con:name>Quantity</con:name><con:value>33</con:value></con:property><con:property><con:name>Price</con:name><con:value>300</con:value></con:property><con:property><con:name>Method</con:name><con:value>checkmo</con:value></con:property><con:property><con:name>SKU</con:name><con:value>SKU00001</con:value></con:property></con:properties></con:config></con:testStep><con:testStep type="transfer" name="Property Transfer - CreateOrder" id="1f88c397-3efd-4c48-9857-3370f312d02c"><con:settings/><con:config xsi:type="con:PropertyTransfersStep" xmlns:xsi="http://www.w3.org/2001/XMLSchema-instance"><con:transfers setNullOnMissingSource="true" transferTextContent="true" failOnError="true" ignoreEmpty="false" transferToAll="false" entitize="false" transferChildNodes="false"><con:name>EmailID</con:name><con:sourceType>EmailID</con:sourceType><con:sourceStep>Properties</con:sourceStep><con:sourcePath>
</con:sourcePath><con:targetType>Request</con:targetType><con:targetStep>CreateOrder</con:targetStep><con:targetPath>declare namespace soap='http://www.w3.org/2003/05/soap-envelope';
declare namespace ns1='http://soap.upskills.in/soap/default?services=salesOrderRepositoryV1';
//entity/customerEmail</con:targetPath><con:upgraded>true</con:upgraded></con:transfers><con:transfers setNullOnMissingSource="true" transferTextContent="true" failOnError="true" ignoreEmpty="false" transferToAll="false" entitize="false" transferChildNodes="false"><con:name>Quantity</con:name><con:sourceType>Quantity</con:sourceType><con:sourceStep>Properties</con:sourceStep><con:sourcePath>
</con:sourcePath><con:targetType>Request</con:targetType><con:targetStep>CreateOrder</con:targetStep><con:targetPath>declare namespace soap='http://www.w3.org/2003/05/soap-envelope';
declare namespace ns1='http://soap.upskills.in/soap/default?services=salesOrderRepositoryV1';
//entity/items/item/qtyOrdered</con:targetPath><con:upgraded>true</con:upgraded></con:transfers><con:transfers setNullOnMissingSource="true" transferTextContent="true" failOnError="true" ignoreEmpty="false" transferToAll="false" entitize="false" transferChildNodes="false"><con:name>Price</con:name><con:sourceType>Price</con:sourceType><con:sourceStep>Properties</con:sourceStep><con:sourcePath>
</con:sourcePath><con:targetType>Request</con:targetType><con:targetStep>CreateOrder</con:targetStep><con:targetPath>declare namespace soap='http://www.w3.org/2003/05/soap-envelope';
declare namespace ns1='http://soap.upskills.in/soap/default?services=salesOrderRepositoryV1';
//entity/items/item/price</con:targetPath><con:upgraded>true</con:upgraded></con:transfers><con:transfers setNullOnMissingSource="true" transferTextContent="true" failOnError="true" ignoreEmpty="false" transferToAll="false" entitize="false" transferChildNodes="false"><con:name>Method</con:name><con:sourceType>Method</con:sourceType><con:sourceStep>Properties</con:sourceStep><con:sourcePath/><con:targetType>Request</con:targetType><con:targetStep>CreateOrder</con:targetStep><con:targetPath>declare namespace soap='http://www.w3.org/2003/05/soap-envelope';
declare namespace ns1='http://soap.upskills.in/soap/default?services=salesOrderRepositoryV1';
//entity/payment/method</con:targetPath><con:upgraded>true</con:upgraded></con:transfers><con:transfers setNullOnMissingSource="true" transferTextContent="true" failOnError="true" ignoreEmpty="false" transferToAll="false" entitize="false" transferChildNodes="false"><con:name>SKU</con:name><con:sourceType>SKU</con:sourceType><con:sourceStep>Properties</con:sourceStep><con:sourcePath/><con:targetType>Request</con:targetType><con:targetStep>CreateOrder</con:targetStep><con:targetPath>declare namespace soap='http://www.w3.org/2003/05/soap-envelope';
declare namespace ns1='http://soap.upskills.in/soap/default?services=salesOrderRepositoryV1';
//entity/items/item/sku</con:targetPath><con:upgraded>true</con:upgraded></con:transfers></con:config></con:testStep><con:testStep type="request" name="CreateOrder" id="46bdb9e1-6327-4729-ae80-6ba18442ad62"><con:settings/><con:config xsi:type="con:RequestStep" xmlns:xsi="http://www.w3.org/2001/XMLSchema-instance"><con:interface>salesOrderRepositoryV1Binding</con:interface><con:operation>salesOrderRepositoryV1Save</con:operation><con:request name="CreateOrder" id="9fff83cd-bbc3-4270-8326-e910011dea94"><con:settings><con:setting id="com.eviware.soapui.impl.wsdl.WsdlRequest@request-headers">&lt;entry key="Authorization" value="bearer f0rf13pxtxp7mftwc23rq6e52yvmi5um" xmlns="http://eviware.com/soapui/config"/></con:setting></con:settings><con:encoding>UTF-8</con:encoding><con:endpoint>http://soap.upskills.in/soap/default?services=salesOrderRepositoryV1</con:endpoint><con:request><![CDATA[<soap:Envelope xmlns:soap="http://www.w3.org/2003/05/soap-envelope" xmlns:def="http://soap.upskills.in/soap/default?services=salesOrderRepositoryV1">
   <soap:Header/>
   <soap:Body>
      <def:salesOrderRepositoryV1SaveRequest>
         <entity>
            <!--enter valid customer email-->			
			<customerEmail>arunprakash1@gmail.com</customerEmail>
			<items>
				<item>
				    <!--enter valid product SKU-->
					<sku>SKU00001</sku>
					<qtyOrdered>33</qtyOrdered>
					<price>300</price>
				</item>
			</items>
			<payment>
			    <!--default value checkmo-->
				<method>checkmo</method>
			</payment>
         </entity>
      </def:salesOrderRepositoryV1SaveRequest>
   </soap:Body>
</soap:Envelope>]]></con:request><con:assertion type="SOAP Response" id="f8252dc2-d2d3-43ab-8e22-f34f45f65e27"/><con:credentials><con:authType>No Authorization</con:authType></con:credentials><con:jmsConfig JMSDeliveryMode="PERSISTENT"/><con:jmsPropertyConfig/><con:wsaConfig mustUnderstand="NONE" version="200508"/><con:wsrmConfig version="1.2"/></con:request></con:config></con:testStep><con:properties/></con:testCase><con:testCase id="1f4e00ec-159e-49f6-be9a-a15364ee92ee" failOnError="true" failTestCaseOnErrors="true" keepSession="false" maxResults="0" name="TestCase - PropertyExpansion" searchProperties="true"><con:settings/><con:testStep type="properties" name="Properties" id="279b1adc-b7a5-44e4-8e56-fc1ac51d2872"><con:settings/><con:config xsi:type="con:PropertiesStep" saveFirst="true" xmlns:xsi="http://www.w3.org/2001/XMLSchema-instance"><con:properties><con:property><con:name>EmailID</con:name><con:value>arunprakash1@gmail.com</con:value></con:property><con:property><con:name>Quantity</con:name><con:value>33</con:value></con:property><con:property><con:name>Price</con:name><con:value>300</con:value></con:property><con:property><con:name>Method</con:name><con:value>checkmo</con:value></con:property><con:property><con:name>SKU</con:name><con:value>SKU00001</con:value></con:property></con:properties></con:config></con:testStep><con:testStep type="request" name="CreateOrder" id="08277154-1eb2-41d5-85da-746020b83c7e"><con:settings/><con:config xsi:type="con:RequestStep" xmlns:xsi="http://www.w3.org/2001/XMLSchema-instance"><con:interface>salesOrderRepositoryV1Binding</con:interface><con:operation>salesOrderRepositoryV1Save</con:operation><con:request name="CreateOrder" id="9fff83cd-bbc3-4270-8326-e910011dea94"><con:settings><con:setting id="com.eviware.soapui.impl.wsdl.WsdlRequest@request-headers">&lt;entry key="Authorization" value="bearer f0rf13pxtxp7mftwc23rq6e52yvmi5um" xmlns="http://eviware.com/soapui/config"/></con:setting></con:settings><con:encoding>UTF-8</con:encoding><con:endpoint>http://soap.upskills.in/soap/default?services=salesOrderRepositoryV1</con:endpoint><con:request><![CDATA[<soap:Envelope xmlns:soap="http://www.w3.org/2003/05/soap-envelope" xmlns:def="http://soap.upskills.in/soap/default?services=salesOrderRepositoryV1">
   <soap:Header/>
   <soap:Body>
      <def:salesOrderRepositoryV1SaveRequest>
         <entity>
            <!--enter valid customer email-->			
			<customerEmail>${Properties#EMailID}</customerEmail>
			<items>
				<item>
				    <!--enter valid product SKU-->
					<sku>${Properties#SKU}</sku>
					<qtyOrdered>${Properties#Quantity}</qtyOrdered>
					<price>${Properties#Price}</price>
				</item>
			</items>
			<payment>
			    <!--default value checkmo-->
				<method>${Properties#Method}</method>
			</payment>
         </entity>
      </def:salesOrderRepositoryV1SaveRequest>
   </soap:Body>
</soap:Envelope>]]></con:request><con:assertion type="SOAP Response" id="f8252dc2-d2d3-43ab-8e22-f34f45f65e27"/><con:credentials><con:authType>No Authorization</con:authType></con:credentials><con:jmsConfig JMSDeliveryMode="PERSISTENT"/><con:jmsPropertyConfig/><con:wsaConfig mustUnderstand="NONE" version="200508"/><con:wsrmConfig version="1.2"/></con:request></con:config></con:testStep><con:properties/></con:testCase><con:testCase id="f7e0bdda-c627-41d0-8fb8-114e8c7dc321" failOnError="true" failTestCaseOnErrors="true" keepSession="false" maxResults="0" name="TestCase - Property&amp;Groovy" searchProperties="true"><con:settings/><con:testStep type="groovy" name="Groovy Script - Transfer" id="092ea7a0-4a82-4c7b-8402-5adc66ebb71e"><con:settings/><con:config><script>//import com.eviware.soapui.support.XmlHolder

//def response = testRunner.testCase.getTestStepByName("Add").getPropertyValue("response")
//log.info response

//def holder = new XmlHolder(response)

//def placeID = holder.getNodeValue("//place_id")
//log.info placeID

testRunner.testCase.getTestStepByName("Properties").setPropertyValue("EmailID","arunprakash1@gmail.com")
testRunner.testCase.getTestStepByName("Properties").setPropertyValue("Quantity","44")
testRunner.testCase.getTestStepByName("Properties").setPropertyValue("Price","400")
testRunner.testCase.getTestStepByName("Properties").setPropertyValue("Method","checkmo")
testRunner.testCase.getTestStepByName("Properties").setPropertyValue("SKU","SKU00001")</script></con:config></con:testStep><con:testStep type="properties" name="Properties" id="06a0dcde-3e8c-44f4-86df-1c5cbb1b292d"><con:settings/><con:config xsi:type="con:PropertiesStep" saveFirst="true" xmlns:xsi="http://www.w3.org/2001/XMLSchema-instance"><con:properties><con:property><con:name>EmailID</con:name><con:value>arunprakash1@gmail.com</con:value></con:property><con:property><con:name>Quantity</con:name><con:value>44</con:value></con:property><con:property><con:name>Price</con:name><con:value>400</con:value></con:property><con:property><con:name>Method</con:name><con:value>checkmo</con:value></con:property><con:property><con:name>SKU</con:name><con:value>SKU00001</con:value></con:property></con:properties></con:config></con:testStep><con:testStep type="request" name="CreateOrder" id="641c6023-c7a3-492a-9d8b-894985405962"><con:settings/><con:config xsi:type="con:RequestStep" xmlns:xsi="http://www.w3.org/2001/XMLSchema-instance"><con:interface>salesOrderRepositoryV1Binding</con:interface><con:operation>salesOrderRepositoryV1Save</con:operation><con:request name="CreateOrder" id="9fff83cd-bbc3-4270-8326-e910011dea94"><con:settings><con:setting id="com.eviware.soapui.impl.wsdl.WsdlRequest@request-headers">&lt;entry key="Authorization" value="bearer f0rf13pxtxp7mftwc23rq6e52yvmi5um" xmlns="http://eviware.com/soapui/config"/></con:setting></con:settings><con:encoding>UTF-8</con:encoding><con:endpoint>http://soap.upskills.in/soap/default?services=salesOrderRepositoryV1</con:endpoint><con:request><![CDATA[<soap:Envelope xmlns:soap="http://www.w3.org/2003/05/soap-envelope" xmlns:def="http://soap.upskills.in/soap/default?services=salesOrderRepositoryV1">
   <soap:Header/>
   <soap:Body>
      <def:salesOrderRepositoryV1SaveRequest>
         <entity>
            <!--enter valid customer email-->			
			<customerEmail>${#EMailID}</customerEmail>
			<items>
				<item>
				    <!--enter valid product SKU-->
					<sku>${Properties#SKU}</sku>
					<qtyOrdered>${Properties#Quantity}</qtyOrdered>
					<price>${Properties#Price}</price>
				</item>
			</items>
			<payment>
			    <!--default value checkmo-->
				<method>${Properties#Method}</method>
			</payment>
         </entity>
      </def:salesOrderRepositoryV1SaveRequest>
   </soap:Body>
</soap:Envelope>]]></con:request><con:assertion type="SOAP Response" id="f8252dc2-d2d3-43ab-8e22-f34f45f65e27"/><con:credentials><con:authType>No Authorization</con:authType></con:credentials><con:jmsConfig JMSDeliveryMode="PERSISTENT"/><con:jmsPropertyConfig/><con:wsaConfig mustUnderstand="NONE" version="200508"/><con:wsrmConfig version="1.2"/></con:request></con:config></con:testStep><con:properties/></con:testCase><con:properties/></con:testSuite><con:testSuite id="df12aef4-4b80-4dad-941c-cced1ebde7fb" name="TestSuite - TC_014"><con:settings/><con:runType>SEQUENTIAL</con:runType><con:testCase id="73dde44e-6123-4676-9274-e8f94b2145d3" failOnError="true" failTestCaseOnErrors="true" keepSession="false" maxResults="0" name="TestCase - PropertyTransfer" searchProperties="true"><con:settings/><con:testStep type="properties" name="Properties" id="151c9d6f-7ef9-4f6d-82bb-ce8f35bc767c"><con:settings/><con:config xsi:type="con:PropertiesStep" saveFirst="true" xmlns:xsi="http://www.w3.org/2001/XMLSchema-instance"><con:properties><con:property><con:name>ID</con:name><con:value>1</con:value></con:property></con:properties></con:config></con:testStep><con:testStep type="transfer" name="Property Transfer - GetDetailsByID" id="8c8595aa-4400-4765-bb2f-77032e4b3860"><con:settings/><con:config xsi:type="con:PropertyTransfersStep" xmlns:xsi="http://www.w3.org/2001/XMLSchema-instance"><con:transfers setNullOnMissingSource="true" transferTextContent="true" failOnError="true" ignoreEmpty="false" transferToAll="false" entitize="false" transferChildNodes="false"><con:name>ID</con:name><con:sourceType>ID</con:sourceType><con:sourceStep>Properties</con:sourceStep><con:targetType>Request</con:targetType><con:targetStep>GetDetailsByID</con:targetStep><con:targetPath>declare namespace soap='http://www.w3.org/2003/05/soap-envelope';
declare namespace ns1='http://soap.upskills.in/soap/default?services=salesOrderRepositoryV1';
//id</con:targetPath><con:upgraded>true</con:upgraded></con:transfers></con:config></con:testStep><con:testStep type="request" name="GetDetailsByID" id="838e9acf-39c4-496f-9888-51914f832812"><con:settings/><con:config xsi:type="con:RequestStep" xmlns:xsi="http://www.w3.org/2001/XMLSchema-instance"><con:interface>salesOrderRepositoryV1Binding</con:interface><con:operation>salesOrderRepositoryV1Get</con:operation><con:request name="GetDetailsByID" id="5e1f8fab-b774-4b71-9d6a-8565d3209e18"><con:settings><con:setting id="com.eviware.soapui.impl.wsdl.WsdlRequest@request-headers">&lt;entry key="Authorization" value="bearer f0rf13pxtxp7mftwc23rq6e52yvmi5um" xmlns="http://eviware.com/soapui/config"/></con:setting></con:settings><con:encoding>UTF-8</con:encoding><con:endpoint>http://soap.upskills.in/soap/default?services=salesOrderRepositoryV1</con:endpoint><con:request><![CDATA[<soap:Envelope xmlns:soap="http://www.w3.org/2003/05/soap-envelope" xmlns:def="http://soap.upskills.in/soap/default?services=salesOrderRepositoryV1">
   <soap:Header/>
   <soap:Body>
      <def:salesOrderRepositoryV1GetRequest>
         <id>1</id>
      </def:salesOrderRepositoryV1GetRequest>
   </soap:Body>
</soap:Envelope>]]></con:request><con:assertion type="SOAP Response" id="6ea4f5d5-2c85-4137-879d-fb600f551255"/><con:credentials><con:authType>No Authorization</con:authType></con:credentials><con:jmsConfig JMSDeliveryMode="PERSISTENT"/><con:jmsPropertyConfig/><con:wsaConfig mustUnderstand="NONE" version="200508"/><con:wsrmConfig version="1.2"/></con:request></con:config></con:testStep><con:testStep type="transfer" name="Property Transfer - GetDetailsByOrderID" id="110f0448-03d6-4747-82ca-2e37e137fa89"><con:settings/><con:config xsi:type="con:PropertyTransfersStep" xmlns:xsi="http://www.w3.org/2001/XMLSchema-instance"><con:transfers setNullOnMissingSource="true" transferTextContent="true" failOnError="true" ignoreEmpty="false" transferToAll="false" entitize="false" transferChildNodes="false"><con:name>OrderID</con:name><con:sourceType>Response</con:sourceType><con:sourceStep>GetDetailsByID</con:sourceStep><con:sourcePath>declare namespace soap='http://www.w3.org/2003/05/soap-envelope';
declare namespace ns1='http://soap.upskills.in/soap/default?services=salesOrderRepositoryV1';
//ns1:salesOrderRepositoryV1GetResponse/result/items/item/orderId</con:sourcePath><con:targetType>Request</con:targetType><con:targetStep>GetDetailsByOrderID</con:targetStep><con:targetPath>declare namespace soap='http://www.w3.org/2003/05/soap-envelope';
declare namespace ns1='http://soap.upskills.in/soap/default?services=salesOrderRepositoryV1';
//id</con:targetPath><con:upgraded>true</con:upgraded></con:transfers></con:config></con:testStep><con:testStep type="request" name="GetDetailsByOrderID" id="a42e1442-faa1-407a-b1e3-69e4adee83d7"><con:settings/><con:config xsi:type="con:RequestStep" xmlns:xsi="http://www.w3.org/2001/XMLSchema-instance"><con:interface>salesOrderRepositoryV1Binding</con:interface><con:operation>salesOrderRepositoryV1Get</con:operation><con:request name="GetDetailsByOrderID" id="12ac3014-cfd8-41ec-87f0-cac2e0a87b60"><con:settings><con:setting id="com.eviware.soapui.impl.wsdl.WsdlRequest@request-headers">&lt;entry key="Authorization" value="bearer f0rf13pxtxp7mftwc23rq6e52yvmi5um" xmlns="http://eviware.com/soapui/config"/></con:setting></con:settings><con:encoding>UTF-8</con:encoding><con:endpoint>http://soap.upskills.in/soap/default?services=salesOrderRepositoryV1</con:endpoint><con:request><![CDATA[<soap:Envelope xmlns:soap="http://www.w3.org/2003/05/soap-envelope" xmlns:def="http://soap.upskills.in/soap/default?services=salesOrderRepositoryV1">
   <soap:Header/>
   <soap:Body>
      <def:salesOrderRepositoryV1GetRequest>
         <id>1</id>
      </def:salesOrderRepositoryV1GetRequest>
   </soap:Body>
</soap:Envelope>]]></con:request><con:assertion type="SOAP Response" id="8ee0b9ac-5e5a-429a-ab5d-3b071bccf253"/><con:credentials><con:authType>No Authorization</con:authType></con:credentials><con:jmsConfig JMSDeliveryMode="PERSISTENT"/><con:jmsPropertyConfig/><con:wsaConfig mustUnderstand="NONE" version="200508"/><con:wsrmConfig version="1.2"/></con:request></con:config></con:testStep><con:properties/></con:testCase><con:testCase id="c46e2d56-3813-4389-940e-725a0714de07" failOnError="true" failTestCaseOnErrors="true" keepSession="false" maxResults="0" name="TestCase - PropertyExpansion" searchProperties="true"><con:settings/><con:testStep type="properties" name="Properties" id="6ca81394-1982-4275-ae54-14385557abe4"><con:settings/><con:config xsi:type="con:PropertiesStep" saveFirst="true" xmlns:xsi="http://www.w3.org/2001/XMLSchema-instance"><con:properties><con:property><con:name>ID</con:name><con:value>1</con:value></con:property></con:properties></con:config></con:testStep><con:testStep type="request" name="GetDetailsByID" id="aad697ff-674c-432f-aa9d-e9b9e403a797"><con:settings/><con:config xsi:type="con:RequestStep" xmlns:xsi="http://www.w3.org/2001/XMLSchema-instance"><con:interface>salesOrderRepositoryV1Binding</con:interface><con:operation>salesOrderRepositoryV1Get</con:operation><con:request name="GetDetailsByID" id="5e1f8fab-b774-4b71-9d6a-8565d3209e18"><con:settings><con:setting id="com.eviware.soapui.impl.wsdl.WsdlRequest@request-headers">&lt;entry key="Authorization" value="bearer f0rf13pxtxp7mftwc23rq6e52yvmi5um" xmlns="http://eviware.com/soapui/config"/></con:setting></con:settings><con:encoding>UTF-8</con:encoding><con:endpoint>http://soap.upskills.in/soap/default?services=salesOrderRepositoryV1</con:endpoint><con:request><![CDATA[<soap:Envelope xmlns:soap="http://www.w3.org/2003/05/soap-envelope" xmlns:def="http://soap.upskills.in/soap/default?services=salesOrderRepositoryV1">
   <soap:Header/>
   <soap:Body>
      <def:salesOrderRepositoryV1GetRequest>
         <id>${Properties#ID}</id>
      </def:salesOrderRepositoryV1GetRequest>
   </soap:Body>
</soap:Envelope>]]></con:request><con:assertion type="SOAP Response" id="6ea4f5d5-2c85-4137-879d-fb600f551255"/><con:credentials><con:authType>No Authorization</con:authType></con:credentials><con:jmsConfig JMSDeliveryMode="PERSISTENT"/><con:jmsPropertyConfig/><con:wsaConfig mustUnderstand="NONE" version="200508"/><con:wsrmConfig version="1.2"/></con:request></con:config></con:testStep><con:testStep type="request" name="GetDetailsByOrderID" id="dda4b077-f092-4c85-ac05-c9cbc52841e3"><con:settings/><con:config xsi:type="con:RequestStep" xmlns:xsi="http://www.w3.org/2001/XMLSchema-instance"><con:interface>salesOrderRepositoryV1Binding</con:interface><con:operation>salesOrderRepositoryV1Get</con:operation><con:request name="GetDetailsByOrderID" id="12ac3014-cfd8-41ec-87f0-cac2e0a87b60"><con:settings><con:setting id="com.eviware.soapui.impl.wsdl.WsdlRequest@request-headers">&lt;entry key="Authorization" value="bearer f0rf13pxtxp7mftwc23rq6e52yvmi5um" xmlns="http://eviware.com/soapui/config"/></con:setting></con:settings><con:encoding>UTF-8</con:encoding><con:endpoint>http://soap.upskills.in/soap/default?services=salesOrderRepositoryV1</con:endpoint><con:request><![CDATA[<soap:Envelope xmlns:soap="http://www.w3.org/2003/05/soap-envelope" xmlns:def="http://soap.upskills.in/soap/default?services=salesOrderRepositoryV1">
   <soap:Header/>
   <soap:Body>
      <def:salesOrderRepositoryV1GetRequest>
         <id>${GetDetailsByID#Response#//ns1:salesOrderRepositoryV1GetResponse/result/items/item/orderId}</id>
      </def:salesOrderRepositoryV1GetRequest>
   </soap:Body>
</soap:Envelope>]]></con:request><con:assertion type="SOAP Response" id="8ee0b9ac-5e5a-429a-ab5d-3b071bccf253"/><con:credentials><con:authType>No Authorization</con:authType></con:credentials><con:jmsConfig JMSDeliveryMode="PERSISTENT"/><con:jmsPropertyConfig/><con:wsaConfig mustUnderstand="NONE" version="200508"/><con:wsrmConfig version="1.2"/></con:request></con:config></con:testStep><con:properties/></con:testCase><con:testCase id="63fef454-593c-41f1-9faa-93bcea16c04d" failOnError="true" failTestCaseOnErrors="true" keepSession="false" maxResults="0" name="TestCase - Property&amp;Groovy" searchProperties="true"><con:settings/><con:testStep type="groovy" name="Groovy Script - TransferProperty" id="f55d70f8-f90b-45ea-bc9b-cda5a88a6f21"><con:settings/><con:config><script>testRunner.testCase.getTestStepByName("Properties").setPropertyValue("ID","1")</script></con:config></con:testStep><con:testStep type="properties" name="Properties" id="05f6f8f8-0bee-449c-9457-83642550ea4e"><con:settings/><con:config xsi:type="con:PropertiesStep" saveFirst="true" xmlns:xsi="http://www.w3.org/2001/XMLSchema-instance"><con:properties><con:property><con:name>ID</con:name><con:value>1</con:value></con:property><con:property><con:name>OrderID</con:name><con:value>1</con:value></con:property></con:properties></con:config></con:testStep><con:testStep type="request" name="GetDetailsByID" id="42679a79-e8ea-496c-887b-e249acec5a35"><con:settings/><con:config xsi:type="con:RequestStep" xmlns:xsi="http://www.w3.org/2001/XMLSchema-instance"><con:interface>salesOrderRepositoryV1Binding</con:interface><con:operation>salesOrderRepositoryV1Get</con:operation><con:request name="GetDetailsByID" id="5e1f8fab-b774-4b71-9d6a-8565d3209e18"><con:settings><con:setting id="com.eviware.soapui.impl.wsdl.WsdlRequest@request-headers">&lt;entry key="Authorization" value="bearer f0rf13pxtxp7mftwc23rq6e52yvmi5um" xmlns="http://eviware.com/soapui/config"/></con:setting></con:settings><con:encoding>UTF-8</con:encoding><con:endpoint>http://soap.upskills.in/soap/default?services=salesOrderRepositoryV1</con:endpoint><con:request><![CDATA[<soap:Envelope xmlns:soap="http://www.w3.org/2003/05/soap-envelope" xmlns:def="http://soap.upskills.in/soap/default?services=salesOrderRepositoryV1">
   <soap:Header/>
   <soap:Body>
      <def:salesOrderRepositoryV1GetRequest>
         <id>${Properties#ID}</id>
      </def:salesOrderRepositoryV1GetRequest>
   </soap:Body>
</soap:Envelope>]]></con:request><con:assertion type="SOAP Response" id="6ea4f5d5-2c85-4137-879d-fb600f551255"/><con:credentials><con:authType>No Authorization</con:authType></con:credentials><con:jmsConfig JMSDeliveryMode="PERSISTENT"/><con:jmsPropertyConfig/><con:wsaConfig mustUnderstand="NONE" version="200508"/><con:wsrmConfig version="1.2"/></con:request></con:config></con:testStep><con:testStep type="groovy" name="Groovy Script - TransferGetDetailsByOrderID" id="871b7b2d-0dcb-4f59-95cf-1b7384954edd"><con:settings/><con:config><script>import com.eviware.soapui.support.XmlHolder

def response = testRunner.testCase.getTestStepByName("GetDetailsByID").getPropertyValue("response")
log.info response

def holder = new XmlHolder(response)

def Orderid = holder.getNodeValue("//ns1:salesOrderRepositoryV1GetResponse/result/items/item/orderId")
log.info Orderid

testRunner.testCase.getTestStepByName("Properties").setPropertyValue("OrderID",Orderid)</script></con:config></con:testStep><con:testStep type="request" name="GetDetailsByOrderID" id="8df00152-0ef6-4b67-b100-e643f3ca94a2"><con:settings/><con:config xsi:type="con:RequestStep" xmlns:xsi="http://www.w3.org/2001/XMLSchema-instance"><con:interface>salesOrderRepositoryV1Binding</con:interface><con:operation>salesOrderRepositoryV1Get</con:operation><con:request name="GetDetailsByOrderID" id="12ac3014-cfd8-41ec-87f0-cac2e0a87b60"><con:settings><con:setting id="com.eviware.soapui.impl.wsdl.WsdlRequest@request-headers">&lt;entry key="Authorization" value="bearer f0rf13pxtxp7mftwc23rq6e52yvmi5um" xmlns="http://eviware.com/soapui/config"/></con:setting></con:settings><con:encoding>UTF-8</con:encoding><con:endpoint>http://soap.upskills.in/soap/default?services=salesOrderRepositoryV1</con:endpoint><con:request><![CDATA[<soap:Envelope xmlns:soap="http://www.w3.org/2003/05/soap-envelope" xmlns:def="http://soap.upskills.in/soap/default?services=salesOrderRepositoryV1">
   <soap:Header/>
   <soap:Body>
      <def:salesOrderRepositoryV1GetRequest>
         <id>${Properties#OrderID}</id>
      </def:salesOrderRepositoryV1GetRequest>
   </soap:Body>
</soap:Envelope>]]></con:request><con:assertion type="SOAP Response" id="8ee0b9ac-5e5a-429a-ab5d-3b071bccf253"/><con:credentials><con:authType>No Authorization</con:authType></con:credentials><con:jmsConfig JMSDeliveryMode="PERSISTENT"/><con:jmsPropertyConfig/><con:wsaConfig mustUnderstand="NONE" version="200508"/><con:wsrmConfig version="1.2"/></con:request></con:config></con:testStep><con:properties/></con:testCase><con:properties/></con:testSuite><con:testSuite id="402f8ab9-ea0e-4510-9cab-0acb9dad6e9e" name="TestSuite - TC_015"><con:settings/><con:runType>SEQUENTIAL</con:runType><con:testCase id="963078f1-e4dd-413e-8ac4-fc97a3fa0ac7" failOnError="true" failTestCaseOnErrors="true" keepSession="false" maxResults="0" name="TestCase - PropertyTransfer" searchProperties="true"><con:settings/><con:testStep type="properties" name="Properties" id="938ebea3-db69-47c0-bdf4-4f5ded34819c"><con:settings/><con:config xsi:type="con:PropertiesStep" saveFirst="true" xmlns:xsi="http://www.w3.org/2001/XMLSchema-instance"><con:properties><con:property><con:name>ID</con:name><con:value>1</con:value></con:property></con:properties></con:config></con:testStep><con:testStep type="transfer" name="Property Transfer - GetDetailsByID" id="48159c3c-5812-4cf2-948d-637368ecf0e7"><con:settings/><con:config xsi:type="con:PropertyTransfersStep" xmlns:xsi="http://www.w3.org/2001/XMLSchema-instance"><con:transfers setNullOnMissingSource="true" transferTextContent="true" failOnError="true" ignoreEmpty="false" transferToAll="false" entitize="false" transferChildNodes="false"><con:name>ID</con:name><con:sourceType>ID</con:sourceType><con:sourceStep>Properties</con:sourceStep><con:targetType>Request</con:targetType><con:targetStep>GetDetailsByID</con:targetStep><con:targetPath>declare namespace soap='http://www.w3.org/2003/05/soap-envelope';
declare namespace ns1='http://soap.upskills.in/soap/default?services=salesOrderRepositoryV1';
//id</con:targetPath><con:upgraded>true</con:upgraded></con:transfers></con:config></con:testStep><con:testStep type="request" name="GetDetailsByID" id="56ceed21-a4ab-44bc-a151-0bd60bcb948d"><con:settings/><con:config xsi:type="con:RequestStep" xmlns:xsi="http://www.w3.org/2001/XMLSchema-instance"><con:interface>salesOrderRepositoryV1Binding</con:interface><con:operation>salesOrderRepositoryV1Get</con:operation><con:request name="GetDetailsByID" id="5ec8e032-9b81-4286-9b14-accdaf779439"><con:settings><con:setting id="com.eviware.soapui.impl.wsdl.WsdlRequest@request-headers">&lt;entry key="Authorization" value="bearer f0rf13pxtxp7mftwc23rq6e52yvmi5um" xmlns="http://eviware.com/soapui/config"/></con:setting></con:settings><con:encoding>UTF-8</con:encoding><con:endpoint>http://soap.upskills.in/soap/default?services=salesOrderRepositoryV1</con:endpoint><con:request><![CDATA[<soap:Envelope xmlns:soap="http://www.w3.org/2003/05/soap-envelope" xmlns:def="http://soap.upskills.in/soap/default?services=salesOrderRepositoryV1">
   <soap:Header/>
   <soap:Body>
      <def:salesOrderRepositoryV1GetRequest>
         <id>1</id>
      </def:salesOrderRepositoryV1GetRequest>
   </soap:Body>
</soap:Envelope>]]></con:request><con:assertion type="SOAP Response" id="d5763482-e4e2-4995-bf7a-c499a5719aff"/><con:credentials><con:authType>No Authorization</con:authType></con:credentials><con:jmsConfig JMSDeliveryMode="PERSISTENT"/><con:jmsPropertyConfig/><con:wsaConfig mustUnderstand="NONE" version="200508"/><con:wsrmConfig version="1.2"/></con:request></con:config></con:testStep><con:testStep type="transfer" name="Property Transfer - GetOrderStatus" id="aa937c5e-d624-4ff8-b21c-66994489b192"><con:settings/><con:config xsi:type="con:PropertyTransfersStep" xmlns:xsi="http://www.w3.org/2001/XMLSchema-instance"><con:transfers setNullOnMissingSource="true" transferTextContent="true" failOnError="true" ignoreEmpty="false" transferToAll="false" entitize="false" transferChildNodes="false"><con:name>ID</con:name><con:sourceType>Response</con:sourceType><con:sourceStep>GetDetailsByID</con:sourceStep><con:sourcePath>declare namespace soap='http://www.w3.org/2003/05/soap-envelope';
declare namespace ns1='http://soap.upskills.in/soap/default?services=salesOrderRepositoryV1';
//ns1:salesOrderRepositoryV1GetResponse/result/items/item/orderId</con:sourcePath><con:targetType>Request</con:targetType><con:targetStep>GetOrderStatus</con:targetStep><con:targetPath>declare namespace soap='http://www.w3.org/2003/05/soap-envelope';
declare namespace ns1='http://soap.upskills.in/soap/default?services=salesOrderManagementV1';
//id</con:targetPath><con:upgraded>true</con:upgraded></con:transfers></con:config></con:testStep><con:testStep type="request" name="GetOrderStatus" id="4df79656-c555-4c7c-b6ae-b0ce0a1e7d38"><con:settings/><con:config xsi:type="con:RequestStep" xmlns:xsi="http://www.w3.org/2001/XMLSchema-instance"><con:interface>salesOrderManagementV1Binding</con:interface><con:operation>salesOrderManagementV1GetStatus</con:operation><con:request name="GetOrderStatus" id="02375f33-7b01-4a6c-8c31-19c27d6bb56b"><con:settings><con:setting id="com.eviware.soapui.impl.wsdl.WsdlRequest@request-headers">&lt;entry key="Authorization" value="bearer f0rf13pxtxp7mftwc23rq6e52yvmi5um" xmlns="http://eviware.com/soapui/config"/></con:setting></con:settings><con:encoding>UTF-8</con:encoding><con:endpoint>http://soap.upskills.in/soap/default?services=salesOrderManagementV1</con:endpoint><con:request><![CDATA[<soap:Envelope xmlns:soap="http://www.w3.org/2003/05/soap-envelope" xmlns:def="http://soap.upskills.in/soap/default?services=salesOrderManagementV1">
   <soap:Header/>
   <soap:Body>
      <def:salesOrderManagementV1GetStatusRequest>
         <id>1</id>
      </def:salesOrderManagementV1GetStatusRequest>
   </soap:Body>
</soap:Envelope>]]></con:request><con:assertion type="SOAP Response" id="2cd8b4ec-ee5e-45af-a9b1-c8be0fa54022"/><con:credentials><con:authType>No Authorization</con:authType></con:credentials><con:jmsConfig JMSDeliveryMode="PERSISTENT"/><con:jmsPropertyConfig/><con:wsaConfig mustUnderstand="NONE" version="200508"/><con:wsrmConfig version="1.2"/></con:request></con:config></con:testStep><con:properties/></con:testCase><con:testCase id="91dc4dfd-f5d6-4a05-98ea-6fde2df41f87" failOnError="true" failTestCaseOnErrors="true" keepSession="false" maxResults="0" name="TestCase - PropertyExpansion" searchProperties="true"><con:settings/><con:testStep type="properties" name="Properties" id="92f3ead2-f394-4ead-b101-6224b3c1c041"><con:settings/><con:config xsi:type="con:PropertiesStep" saveFirst="true" xmlns:xsi="http://www.w3.org/2001/XMLSchema-instance"><con:properties><con:property><con:name>ID</con:name><con:value>1</con:value></con:property></con:properties></con:config></con:testStep><con:testStep type="request" name="GetDetailsByID" id="c5d78c96-17e4-4325-803a-44778d220a17"><con:settings/><con:config xsi:type="con:RequestStep" xmlns:xsi="http://www.w3.org/2001/XMLSchema-instance"><con:interface>salesOrderRepositoryV1Binding</con:interface><con:operation>salesOrderRepositoryV1Get</con:operation><con:request name="GetDetailsByID" id="5ec8e032-9b81-4286-9b14-accdaf779439"><con:settings><con:setting id="com.eviware.soapui.impl.wsdl.WsdlRequest@request-headers">&lt;entry key="Authorization" value="bearer f0rf13pxtxp7mftwc23rq6e52yvmi5um" xmlns="http://eviware.com/soapui/config"/></con:setting></con:settings><con:encoding>UTF-8</con:encoding><con:endpoint>http://soap.upskills.in/soap/default?services=salesOrderRepositoryV1</con:endpoint><con:request><![CDATA[<soap:Envelope xmlns:soap="http://www.w3.org/2003/05/soap-envelope" xmlns:def="http://soap.upskills.in/soap/default?services=salesOrderRepositoryV1">
   <soap:Header/>
   <soap:Body>
      <def:salesOrderRepositoryV1GetRequest>
         <id>${Properties#ID}</id>
      </def:salesOrderRepositoryV1GetRequest>
   </soap:Body>
</soap:Envelope>]]></con:request><con:assertion type="SOAP Response" id="d5763482-e4e2-4995-bf7a-c499a5719aff"/><con:credentials><con:authType>No Authorization</con:authType></con:credentials><con:jmsConfig JMSDeliveryMode="PERSISTENT"/><con:jmsPropertyConfig/><con:wsaConfig mustUnderstand="NONE" version="200508"/><con:wsrmConfig version="1.2"/></con:request></con:config></con:testStep><con:testStep type="request" name="GetOrderStatus" id="ab26f320-266c-4da4-875a-11c1c4d9eafb"><con:settings/><con:config xsi:type="con:RequestStep" xmlns:xsi="http://www.w3.org/2001/XMLSchema-instance"><con:interface>salesOrderManagementV1Binding</con:interface><con:operation>salesOrderManagementV1GetStatus</con:operation><con:request name="GetOrderStatus" id="02375f33-7b01-4a6c-8c31-19c27d6bb56b"><con:settings><con:setting id="com.eviware.soapui.impl.wsdl.WsdlRequest@request-headers">&lt;entry key="Authorization" value="bearer f0rf13pxtxp7mftwc23rq6e52yvmi5um" xmlns="http://eviware.com/soapui/config"/></con:setting></con:settings><con:encoding>UTF-8</con:encoding><con:endpoint>http://soap.upskills.in/soap/default?services=salesOrderManagementV1</con:endpoint><con:request><![CDATA[<soap:Envelope xmlns:soap="http://www.w3.org/2003/05/soap-envelope" xmlns:def="http://soap.upskills.in/soap/default?services=salesOrderManagementV1">
   <soap:Header/>
   <soap:Body>
      <def:salesOrderManagementV1GetStatusRequest>
         <id>${GetDetailsByID#Response#//ns1:salesOrderRepositoryV1GetResponse/result/items/item/orderId}</id>
      </def:salesOrderManagementV1GetStatusRequest>
   </soap:Body>
</soap:Envelope>]]></con:request><con:assertion type="SOAP Response" id="2cd8b4ec-ee5e-45af-a9b1-c8be0fa54022"/><con:credentials><con:authType>No Authorization</con:authType></con:credentials><con:jmsConfig JMSDeliveryMode="PERSISTENT"/><con:jmsPropertyConfig/><con:wsaConfig mustUnderstand="NONE" version="200508"/><con:wsrmConfig version="1.2"/></con:request></con:config></con:testStep><con:properties/></con:testCase><con:testCase id="6767911e-3fbf-41c4-ac8c-3a60f18c2957" failOnError="true" failTestCaseOnErrors="true" keepSession="false" maxResults="0" name="TestCase - Property&amp;Groovy" searchProperties="true"><con:settings/><con:testStep type="groovy" name="Groovy Script - Transfer" id="30250912-71d9-41a0-aa0c-b33809ff60d8"><con:settings/><con:config><script>testRunner.testCase.getTestStepByName("Properties").setPropertyValue("ID","1")</script></con:config></con:testStep><con:testStep type="properties" name="Properties" id="6a0367ae-c7f7-45b1-80cf-03152f2e0b2c"><con:settings/><con:config xsi:type="con:PropertiesStep" saveFirst="true" xmlns:xsi="http://www.w3.org/2001/XMLSchema-instance"><con:properties><con:property><con:name>ID</con:name><con:value>1</con:value></con:property><con:property><con:name>OrderID</con:name><con:value>1</con:value></con:property></con:properties></con:config></con:testStep><con:testStep type="request" name="GetDetailsByID" id="396c2e7a-5416-4505-a0fa-325fbe4e9d36"><con:settings/><con:config xsi:type="con:RequestStep" xmlns:xsi="http://www.w3.org/2001/XMLSchema-instance"><con:interface>salesOrderRepositoryV1Binding</con:interface><con:operation>salesOrderRepositoryV1Get</con:operation><con:request name="GetDetailsByID" id="5ec8e032-9b81-4286-9b14-accdaf779439"><con:settings><con:setting id="com.eviware.soapui.impl.wsdl.WsdlRequest@request-headers">&lt;entry key="Authorization" value="bearer f0rf13pxtxp7mftwc23rq6e52yvmi5um" xmlns="http://eviware.com/soapui/config"/></con:setting></con:settings><con:encoding>UTF-8</con:encoding><con:endpoint>http://soap.upskills.in/soap/default?services=salesOrderRepositoryV1</con:endpoint><con:request><![CDATA[<soap:Envelope xmlns:soap="http://www.w3.org/2003/05/soap-envelope" xmlns:def="http://soap.upskills.in/soap/default?services=salesOrderRepositoryV1">
   <soap:Header/>
   <soap:Body>
      <def:salesOrderRepositoryV1GetRequest>
         <id>${Properties#ID}</id>
      </def:salesOrderRepositoryV1GetRequest>
   </soap:Body>
</soap:Envelope>]]></con:request><con:assertion type="SOAP Response" id="d5763482-e4e2-4995-bf7a-c499a5719aff"/><con:credentials><con:authType>No Authorization</con:authType></con:credentials><con:jmsConfig JMSDeliveryMode="PERSISTENT"/><con:jmsPropertyConfig/><con:wsaConfig mustUnderstand="NONE" version="200508"/><con:wsrmConfig version="1.2"/></con:request></con:config></con:testStep><con:testStep type="groovy" name="Groovy Script - TransferGetOrderStatus" id="ea49fbf0-9603-4f87-ac5f-007663e745bd"><con:settings/><con:config><script>import com.eviware.soapui.support.XmlHolder

def response = testRunner.testCase.getTestStepByName("GetDetailsByID").getPropertyValue("response")
log.info response

def holder = new XmlHolder(response)

def Orderid = holder.getNodeValue("//ns1:salesOrderRepositoryV1GetResponse/result/items/item/orderId")
log.info Orderid

testRunner.testCase.getTestStepByName("Properties").setPropertyValue("OrderID",Orderid)</script></con:config></con:testStep><con:testStep type="request" name="GetOrderStatus" id="220e493c-535c-489a-9ac7-55466ce92dc6"><con:settings/><con:config xsi:type="con:RequestStep" xmlns:xsi="http://www.w3.org/2001/XMLSchema-instance"><con:interface>salesOrderManagementV1Binding</con:interface><con:operation>salesOrderManagementV1GetStatus</con:operation><con:request name="GetOrderStatus" id="02375f33-7b01-4a6c-8c31-19c27d6bb56b"><con:settings><con:setting id="com.eviware.soapui.impl.wsdl.WsdlRequest@request-headers">&lt;entry key="Authorization" value="bearer f0rf13pxtxp7mftwc23rq6e52yvmi5um" xmlns="http://eviware.com/soapui/config"/></con:setting></con:settings><con:encoding>UTF-8</con:encoding><con:endpoint>http://soap.upskills.in/soap/default?services=salesOrderManagementV1</con:endpoint><con:request><![CDATA[<soap:Envelope xmlns:soap="http://www.w3.org/2003/05/soap-envelope" xmlns:def="http://soap.upskills.in/soap/default?services=salesOrderManagementV1">
   <soap:Header/>
   <soap:Body>
      <def:salesOrderManagementV1GetStatusRequest>
         <id>${Properties#OrderID}</id>
      </def:salesOrderManagementV1GetStatusRequest>
   </soap:Body>
</soap:Envelope>]]></con:request><con:assertion type="SOAP Response" id="2cd8b4ec-ee5e-45af-a9b1-c8be0fa54022"/><con:credentials><con:authType>No Authorization</con:authType></con:credentials><con:jmsConfig JMSDeliveryMode="PERSISTENT"/><con:jmsPropertyConfig/><con:wsaConfig mustUnderstand="NONE" version="200508"/><con:wsrmConfig version="1.2"/></con:request></con:config></con:testStep><con:properties/></con:testCase><con:properties/></con:testSuite><con:testSuite id="28023e16-a654-45ce-ae8c-e7d657f959af" name="TestSuite - TC_016"><con:settings/><con:runType>SEQUENTIAL</con:runType><con:testCase id="6ca263dd-5353-41ca-b702-30392e13dcf5" failOnError="true" failTestCaseOnErrors="true" keepSession="false" maxResults="0" name="TestCase  - PropertyTransfer" searchProperties="true"><con:settings/><con:testStep type="properties" name="Properties" id="66ba60e1-daa8-43e8-a18b-a838e183fbe2"><con:settings/><con:config xsi:type="con:PropertiesStep" saveFirst="true" xmlns:xsi="http://www.w3.org/2001/XMLSchema-instance"><con:properties><con:property><con:name>ID</con:name><con:value>1</con:value></con:property></con:properties></con:config></con:testStep><con:testStep type="transfer" name="Property Transfer - CancelOrderByID" id="a1208533-8a65-4761-9ac6-3bcb30d04f2e"><con:settings/><con:config xsi:type="con:PropertyTransfersStep" xmlns:xsi="http://www.w3.org/2001/XMLSchema-instance"><con:transfers setNullOnMissingSource="true" transferTextContent="true" failOnError="true" ignoreEmpty="false" transferToAll="false" entitize="false" transferChildNodes="false"><con:name>ID</con:name><con:sourceType>ID</con:sourceType><con:sourceStep>Properties</con:sourceStep><con:targetType>Request</con:targetType><con:targetStep>CancelOrderByID</con:targetStep><con:targetPath>declare namespace soap='http://www.w3.org/2003/05/soap-envelope';
declare namespace ns1='http://soap.upskills.in/soap/default?services=salesOrderManagementV1';
//id</con:targetPath><con:upgraded>true</con:upgraded></con:transfers></con:config></con:testStep><con:testStep type="request" name="CancelOrderByID" id="87a671af-64d8-4f78-873d-42dd5caa065a"><con:settings/><con:config xsi:type="con:RequestStep" xmlns:xsi="http://www.w3.org/2001/XMLSchema-instance"><con:interface>salesOrderManagementV1Binding</con:interface><con:operation>salesOrderManagementV1Cancel</con:operation><con:request name="CancelOrderByID" id="d666d283-d9a4-4d75-8e2c-3de73cd20344"><con:settings><con:setting id="com.eviware.soapui.impl.wsdl.WsdlRequest@request-headers">&lt;entry key="Authorization" value="bearer f0rf13pxtxp7mftwc23rq6e52yvmi5um" xmlns="http://eviware.com/soapui/config"/></con:setting></con:settings><con:encoding>UTF-8</con:encoding><con:endpoint>http://soap.upskills.in/soap/default?services=salesOrderManagementV1</con:endpoint><con:request><![CDATA[<soap:Envelope xmlns:soap="http://www.w3.org/2003/05/soap-envelope" xmlns:def="http://soap.upskills.in/soap/default?services=salesOrderManagementV1">
   <soap:Header/>
   <soap:Body>
      <def:salesOrderManagementV1CancelRequest>
         <id>1</id>
      </def:salesOrderManagementV1CancelRequest>
   </soap:Body>
</soap:Envelope>]]></con:request><con:assertion type="SOAP Response" id="efadd462-1430-4686-8359-8ea7dd529e0c"/><con:credentials><con:authType>No Authorization</con:authType></con:credentials><con:jmsConfig JMSDeliveryMode="PERSISTENT"/><con:jmsPropertyConfig/><con:wsaConfig mustUnderstand="NONE" version="200508"/><con:wsrmConfig version="1.2"/></con:request></con:config></con:testStep><con:properties/></con:testCase><con:testCase id="38584e11-233b-4820-af50-6bd0d14cfe1a" failOnError="true" failTestCaseOnErrors="true" keepSession="false" maxResults="0" name="TestCase  - PropertyExpansion" searchProperties="true"><con:settings/><con:testStep type="properties" name="Properties" id="56e608b0-d235-45e7-ab63-66fc4d6c69be"><con:settings/><con:config xsi:type="con:PropertiesStep" saveFirst="true" xmlns:xsi="http://www.w3.org/2001/XMLSchema-instance"><con:properties><con:property><con:name>ID</con:name><con:value>1</con:value></con:property></con:properties></con:config></con:testStep><con:testStep type="request" name="CancelOrderByID" id="b03b75ac-3ea6-4fbb-a4c0-aa2384492162"><con:settings/><con:config xsi:type="con:RequestStep" xmlns:xsi="http://www.w3.org/2001/XMLSchema-instance"><con:interface>salesOrderManagementV1Binding</con:interface><con:operation>salesOrderManagementV1Cancel</con:operation><con:request name="CancelOrderByID" id="d666d283-d9a4-4d75-8e2c-3de73cd20344"><con:settings><con:setting id="com.eviware.soapui.impl.wsdl.WsdlRequest@request-headers">&lt;entry key="Authorization" value="bearer f0rf13pxtxp7mftwc23rq6e52yvmi5um" xmlns="http://eviware.com/soapui/config"/></con:setting></con:settings><con:encoding>UTF-8</con:encoding><con:endpoint>http://soap.upskills.in/soap/default?services=salesOrderManagementV1</con:endpoint><con:request><![CDATA[<soap:Envelope xmlns:soap="http://www.w3.org/2003/05/soap-envelope" xmlns:def="http://soap.upskills.in/soap/default?services=salesOrderManagementV1">
   <soap:Header/>
   <soap:Body>
      <def:salesOrderManagementV1CancelRequest>
         <id>${Properties#ID}</id>
      </def:salesOrderManagementV1CancelRequest>
   </soap:Body>
</soap:Envelope>]]></con:request><con:assertion type="SOAP Response" id="efadd462-1430-4686-8359-8ea7dd529e0c"/><con:credentials><con:authType>No Authorization</con:authType></con:credentials><con:jmsConfig JMSDeliveryMode="PERSISTENT"/><con:jmsPropertyConfig/><con:wsaConfig mustUnderstand="NONE" version="200508"/><con:wsrmConfig version="1.2"/></con:request></con:config></con:testStep><con:properties/></con:testCase><con:testCase id="c667ec16-cc25-4ba1-bbdd-519ff84b518a" failOnError="true" failTestCaseOnErrors="true" keepSession="false" maxResults="0" name="TestCase  - Property&amp;Groovy" searchProperties="true"><con:settings/><con:testStep type="groovy" name="Groovy Script - Transfer" id="457998ea-c62b-4733-b939-38bad1f8f25a"><con:settings/><con:config><script>testRunner.testCase.getTestStepByName("Properties").setPropertyValue("ID","1")</script></con:config></con:testStep><con:testStep type="properties" name="Properties" id="59b69044-595e-4469-a36c-767af57f276b"><con:settings/><con:config xsi:type="con:PropertiesStep" saveFirst="true" xmlns:xsi="http://www.w3.org/2001/XMLSchema-instance"><con:properties><con:property><con:name>ID</con:name><con:value>1</con:value></con:property></con:properties></con:config></con:testStep><con:testStep type="request" name="CancelOrderByID" id="64a6bc7d-2b36-467f-b0f5-b5e56c1b9842"><con:settings/><con:config xsi:type="con:RequestStep" xmlns:xsi="http://www.w3.org/2001/XMLSchema-instance"><con:interface>salesOrderManagementV1Binding</con:interface><con:operation>salesOrderManagementV1Cancel</con:operation><con:request name="CancelOrderByID" id="d666d283-d9a4-4d75-8e2c-3de73cd20344"><con:settings><con:setting id="com.eviware.soapui.impl.wsdl.WsdlRequest@request-headers">&lt;entry key="Authorization" value="bearer f0rf13pxtxp7mftwc23rq6e52yvmi5um" xmlns="http://eviware.com/soapui/config"/></con:setting></con:settings><con:encoding>UTF-8</con:encoding><con:endpoint>http://soap.upskills.in/soap/default?services=salesOrderManagementV1</con:endpoint><con:request><![CDATA[<soap:Envelope xmlns:soap="http://www.w3.org/2003/05/soap-envelope" xmlns:def="http://soap.upskills.in/soap/default?services=salesOrderManagementV1">
   <soap:Header/>
   <soap:Body>
      <def:salesOrderManagementV1CancelRequest>
         <id>${Properties#ID}</id>
      </def:salesOrderManagementV1CancelRequest>
   </soap:Body>
</soap:Envelope>]]></con:request><con:assertion type="SOAP Response" id="efadd462-1430-4686-8359-8ea7dd529e0c"/><con:credentials><con:authType>No Authorization</con:authType></con:credentials><con:jmsConfig JMSDeliveryMode="PERSISTENT"/><con:jmsPropertyConfig/><con:wsaConfig mustUnderstand="NONE" version="200508"/><con:wsrmConfig version="1.2"/></con:request></con:config></con:testStep><con:properties/></con:testCase><con:properties/></con:testSuite><con:properties/><con:wssContainer/><con:oAuth2ProfileContainer/><con:oAuth1ProfileContainer/><con:sensitiveInformation/></con:soapui-project>