<?xml version="1.0" encoding="UTF-8"?>
<testsuite name="SalesOrderProject.TestSuite - TC_016" tests="3" failures="0" errors="0" time="2.508"><properties><property name="java.runtime.name" value="Java(TM) SE Runtime Environment"/><property name="sun.boot.library.path" value="/Library/Java/JavaVirtualMachines/jdk1.8.0_251.jdk/Contents/Home/jre/lib"/><property name="java.vm.version" value="25.251-b08"/><property name="gopherProxySet" value="false"/><property name="maven.multiModuleProjectDirectory" value="/Users/arunpsajapuram/Documents/Workspace/Manipal API Testing/ManipalSoapProject/SoapUIProject"/><property name="java.vm.vendor" value="Oracle Corporation"/><property name="java.vendor.url" value="http://java.oracle.com/"/><property name="guice.disable.misplaced.annotation.check" value="true"/><property name="path.separator" value=":"/><property name="java.vm.name" value="Java HotSpot(TM) 64-Bit Server VM"/><property name="file.encoding.pkg" value="sun.io"/><property name="user.country" value="IN"/><property name="sun.java.launcher" value="SUN_STANDARD"/><property name="sun.os.patch.level" value="unknown"/><property name="java.vm.specification.name" value="Java Virtual Machine Specification"/><property name="user.dir" value="/Users/arunpsajapuram/Documents/Workspace/Manipal API Testing/ManipalSoapProject/SoapUIProject"/><property name="java.runtime.version" value="1.8.0_251-b08"/><property name="java.awt.graphicsenv" value="sun.awt.CGraphicsEnvironment"/><property name="java.endorsed.dirs" value="/Library/Java/JavaVirtualMachines/jdk1.8.0_251.jdk/Contents/Home/jre/lib/endorsed"/><property name="os.arch" value="x86_64"/><property name="java.io.tmpdir" value="/var/folders/38/g8drfddx435_79t3vjgbqp400000gn/T/"/><property name="line.separator" value="
"/><property name="java.vm.specification.vendor" value="Oracle Corporation"/><property name="os.name" value="Mac OS X"/><property name="classworlds.conf" value="/Users/arunpsajapuram/maven/bin/m2.conf"/><property name="sun.jnu.encoding" value="UTF-8"/><property name="java.library.path" value="/Users/arunpsajapuram/Library/Java/Extensions:/Library/Java/Extensions:/Network/Library/Java/Extensions:/System/Library/Java/Extensions:/usr/lib/java:."/><property name="maven.conf" value="/Users/arunpsajapuram/maven/conf"/><property name="sun.awt.enableExtraMouseButtons" value="true"/><property name="java.specification.name" value="Java Platform API Specification"/><property name="java.class.version" value="52.0"/><property name="sun.management.compiler" value="HotSpot 64-Bit Tiered Compilers"/><property name="os.version" value="10.15.6"/><property name="library.jansi.path" value="/Users/arunpsajapuram/maven/lib/jansi-native"/><property name="user.home" value="/Users/arunpsajapuram"/><property name="user.timezone" value="Asia/Kolkata"/><property name="java.awt.printerjob" value="sun.lwawt.macosx.CPrinterJob"/><property name="file.encoding" value="UTF-8"/><property name="java.specification.version" value="1.8"/><property name="java.class.path" value="/Users/arunpsajapuram/maven/boot/plexus-classworlds-2.6.0.jar"/><property name="user.name" value="arunpsajapuram"/><property name="java.vm.specification.version" value="1.8"/><property name="sun.java.command" value="org.codehaus.plexus.classworlds.launcher.Launcher site"/><property name="java.home" value="/Library/Java/JavaVirtualMachines/jdk1.8.0_251.jdk/Contents/Home/jre"/><property name="sun.arch.data.model" value="64"/><property name="user.language" value="en"/><property name="java.specification.vendor" value="Oracle Corporation"/><property name="awt.toolkit" value="sun.lwawt.macosx.LWCToolkit"/><property name="java.vm.info" value="mixed mode"/><property name="java.version" value="1.8.0_251"/><property name="java.ext.dirs" value="/Users/arunpsajapuram/Library/Java/Extensions:/Library/Java/JavaVirtualMachines/jdk1.8.0_251.jdk/Contents/Home/jre/lib/ext:/Library/Java/Extensions:/Network/Library/Java/Extensions:/System/Library/Java/Extensions:/usr/lib/java"/><property name="sun.boot.class.path" value="/Library/Java/JavaVirtualMachines/jdk1.8.0_251.jdk/Contents/Home/jre/lib/resources.jar:/Library/Java/JavaVirtualMachines/jdk1.8.0_251.jdk/Contents/Home/jre/lib/rt.jar:/Library/Java/JavaVirtualMachines/jdk1.8.0_251.jdk/Contents/Home/jre/lib/sunrsasign.jar:/Library/Java/JavaVirtualMachines/jdk1.8.0_251.jdk/Contents/Home/jre/lib/jsse.jar:/Library/Java/JavaVirtualMachines/jdk1.8.0_251.jdk/Contents/Home/jre/lib/jce.jar:/Library/Java/JavaVirtualMachines/jdk1.8.0_251.jdk/Contents/Home/jre/lib/charsets.jar:/Library/Java/JavaVirtualMachines/jdk1.8.0_251.jdk/Contents/Home/jre/lib/jfr.jar:/Library/Java/JavaVirtualMachines/jdk1.8.0_251.jdk/Contents/Home/jre/classes"/><property name="java.vendor" value="Oracle Corporation"/><property name="maven.home" value="/Users/arunpsajapuram/maven"/><property name="file.separator" value="/"/><property name="java.vendor.url.bug" value="http://bugreport.sun.com/bugreport/"/><property name="sun.font.fontmanager" value="sun.font.CFontManager"/><property name="sun.io.unicode.encoding" value="UnicodeBig"/><property name="sun.cpu.endian" value="little"/><property name="sun.cpu.isalist" value=""/></properties><testcase name="TestCase  - PropertyTransfer" time="0.832"/><testcase name="TestCase  - PropertyExpansion" time="0.9"/><testcase name="TestCase  - Property&amp;Groovy" time="0.776"/></testsuite>